TpTrace Verbose: 0 : 25736, 1, 2022/08/12, 13:19:35.379, 1694490069706, vstest.console.dll, Version: 17.3.0-release-20220708-01 Current process architecture: X64
TpTrace Verbose: 0 : 25736, 1, 2022/08/12, 13:19:35.381, 1694490086610, vstest.console.dll, Runtime location: C:\Program Files\dotnet\shared\Microsoft.NETCore.App\6.0.8
TpTrace Information: 0 : 25736, 1, 2022/08/12, 13:19:35.386, 1694490133916, vstest.console.dll, FilePatternParser: The given file C:\Users\bojid\source\repos\CSharp-OOP\UnitTesting\CarManager.Tests\bin\Debug\netcoreapp3.1\fine-code-coverage\build-output\CarManager.Tests.dll is a full path.
TpTrace Verbose: 0 : 25736, 1, 2022/08/12, 13:19:35.393, 1694490207685, vstest.console.dll, TestPluginCache.DiscoverTestExtensions: finding test extensions in assemblies ends with: RuntimeProvider.dll TPluginInfo: Microsoft.VisualStudio.TestPlatform.Common.ExtensionFramework.Utilities.TestRuntimePluginInformation TExtension: Microsoft.VisualStudio.TestPlatform.ObjectModel.Host.ITestRuntimeProvider
TpTrace Verbose: 0 : 25736, 1, 2022/08/12, 13:19:35.393, 1694490209525, vstest.console.dll, TestPluginCache.GetExtensionPaths: Filtered extension paths: 
TpTrace Verbose: 0 : 25736, 1, 2022/08/12, 13:19:35.393, 1694490210227, vstest.console.dll, TestPluginCache.GetExtensionPaths: Added default extension paths: C:\Program Files\dotnet\sdk\6.0.400\Extensions\Microsoft.Diagnostics.NETCore.Client.dll
C:\Program Files\dotnet\sdk\6.0.400\Extensions\Microsoft.TestPlatform.Extensions.BlameDataCollector.dll
C:\Program Files\dotnet\sdk\6.0.400\Extensions\Microsoft.TestPlatform.Extensions.EventLogCollector.dll
C:\Program Files\dotnet\sdk\6.0.400\Extensions\Microsoft.TestPlatform.TestHostRuntimeProvider.dll
C:\Program Files\dotnet\sdk\6.0.400\Extensions\Microsoft.VisualStudio.TestPlatform.Extensions.Html.TestLogger.dll
C:\Program Files\dotnet\sdk\6.0.400\Extensions\Microsoft.VisualStudio.TestPlatform.Extensions.Trx.TestLogger.dll
TpTrace Verbose: 0 : 25736, 1, 2022/08/12, 13:19:35.393, 1694490210648, vstest.console.dll, TestPluginCache.GetExtensionPaths: Added unfilterableExtensionPaths: 
TpTrace Information: 0 : 25736, 1, 2022/08/12, 13:19:35.394, 1694490215566, vstest.console.dll, AssemblyResolver.ctor: Creating AssemblyResolver with searchDirectories C:\Program Files\dotnet\sdk\6.0.400\Extensions,C:\Program Files\dotnet\sdk\6.0.400
TpTrace Verbose: 0 : 25736, 1, 2022/08/12, 13:19:35.394, 1694490223069, vstest.console.dll, TestPluginCache.DiscoverTestExtensions: Discovering the extensions using extension path.
TpTrace Verbose: 0 : 25736, 1, 2022/08/12, 13:19:35.395, 1694490224065, vstest.console.dll, TestPluginCache.GetExtensionPaths: Filtered extension paths: 
TpTrace Verbose: 0 : 25736, 1, 2022/08/12, 13:19:35.395, 1694490224473, vstest.console.dll, TestPluginCache.GetExtensionPaths: Added default extension paths: C:\Program Files\dotnet\sdk\6.0.400\Extensions\Microsoft.Diagnostics.NETCore.Client.dll
C:\Program Files\dotnet\sdk\6.0.400\Extensions\Microsoft.TestPlatform.Extensions.BlameDataCollector.dll
C:\Program Files\dotnet\sdk\6.0.400\Extensions\Microsoft.TestPlatform.Extensions.EventLogCollector.dll
C:\Program Files\dotnet\sdk\6.0.400\Extensions\Microsoft.TestPlatform.TestHostRuntimeProvider.dll
C:\Program Files\dotnet\sdk\6.0.400\Extensions\Microsoft.VisualStudio.TestPlatform.Extensions.Html.TestLogger.dll
C:\Program Files\dotnet\sdk\6.0.400\Extensions\Microsoft.VisualStudio.TestPlatform.Extensions.Trx.TestLogger.dll
TpTrace Verbose: 0 : 25736, 1, 2022/08/12, 13:19:35.395, 1694490224834, vstest.console.dll, TestPluginCache.GetExtensionPaths: Added unfilterableExtensionPaths: 
TpTrace Verbose: 0 : 25736, 1, 2022/08/12, 13:19:35.395, 1694490225376, vstest.console.dll, TestPluginCache.DiscoverTestExtensions: Discovering the extensions using allExtensionPaths: C:\Program Files\dotnet\sdk\6.0.400\Extensions\Microsoft.Diagnostics.NETCore.Client.dll
C:\Program Files\dotnet\sdk\6.0.400\Extensions\Microsoft.TestPlatform.Extensions.BlameDataCollector.dll
C:\Program Files\dotnet\sdk\6.0.400\Extensions\Microsoft.TestPlatform.Extensions.EventLogCollector.dll
C:\Program Files\dotnet\sdk\6.0.400\Extensions\Microsoft.TestPlatform.TestHostRuntimeProvider.dll
C:\Program Files\dotnet\sdk\6.0.400\Extensions\Microsoft.VisualStudio.TestPlatform.Extensions.Html.TestLogger.dll
C:\Program Files\dotnet\sdk\6.0.400\Extensions\Microsoft.VisualStudio.TestPlatform.Extensions.Trx.TestLogger.dll
TpTrace Information: 0 : 25736, 1, 2022/08/12, 13:19:35.395, 1694490226834, vstest.console.dll, AssemblyResolver.AddSearchDirectories: Adding more searchDirectories C:\Program Files\dotnet\sdk\6.0.400\Extensions,C:\Program Files\dotnet\sdk\6.0.400
TpTrace Information: 0 : 25736, 1, 2022/08/12, 13:19:35.395, 1694490227330, vstest.console.dll, AssemblyResolver.AddSearchDirectories: Adding more searchDirectories C:\Program Files\dotnet\sdk\6.0.400\Extensions,C:\Program Files\dotnet\sdk\6.0.400
TpTrace Information: 0 : 25736, 1, 2022/08/12, 13:19:35.395, 1694490227734, vstest.console.dll, AssemblyResolver.AddSearchDirectories: Adding more searchDirectories C:\Program Files\dotnet\sdk\6.0.400\Extensions,C:\Program Files\dotnet\sdk\6.0.400
TpTrace Information: 0 : 25736, 1, 2022/08/12, 13:19:35.395, 1694490228065, vstest.console.dll, AssemblyResolver.AddSearchDirectories: Adding more searchDirectories C:\Program Files\dotnet\sdk\6.0.400\Extensions,C:\Program Files\dotnet\sdk\6.0.400
TpTrace Information: 0 : 25736, 1, 2022/08/12, 13:19:35.395, 1694490228384, vstest.console.dll, AssemblyResolver.AddSearchDirectories: Adding more searchDirectories C:\Program Files\dotnet\sdk\6.0.400\Extensions,C:\Program Files\dotnet\sdk\6.0.400
TpTrace Information: 0 : 25736, 1, 2022/08/12, 13:19:35.395, 1694490228695, vstest.console.dll, AssemblyResolver.AddSearchDirectories: Adding more searchDirectories C:\Program Files\dotnet\sdk\6.0.400\Extensions,C:\Program Files\dotnet\sdk\6.0.400
TpTrace Information: 0 : 25736, 1, 2022/08/12, 13:19:35.395, 1694490231422, vstest.console.dll, AssemblyResolver.OnResolve: Microsoft.Diagnostics.NETCore.Client: Resolving assembly.
TpTrace Information: 0 : 25736, 1, 2022/08/12, 13:19:35.395, 1694490232046, vstest.console.dll, AssemblyResolver.OnResolve: Microsoft.Diagnostics.NETCore.Client: Searching in: 'C:\Program Files\dotnet\sdk\6.0.400\Extensions'.
TpTrace Information: 0 : 25736, 1, 2022/08/12, 13:19:35.396, 1694490235583, vstest.console.dll, AssemblyResolver.OnResolve: Microsoft.Diagnostics.NETCore.Client: Loading assembly 'C:\Program Files\dotnet\sdk\6.0.400\Extensions\Microsoft.Diagnostics.NETCore.Client.dll'.
TpTrace Information: 0 : 25736, 1, 2022/08/12, 13:19:35.396, 1694490242435, vstest.console.dll, AssemblyResolver.OnResolve: Resolved assembly: Microsoft.Diagnostics.NETCore.Client, from path: C:\Program Files\dotnet\sdk\6.0.400\Extensions\Microsoft.Diagnostics.NETCore.Client.dll
TpTrace Verbose: 0 : 25736, 1, 2022/08/12, 13:19:35.403, 1694490306097, vstest.console.dll, MetadataReaderExtensionsHelper: Discovering extensions inside assembly 'Microsoft.Diagnostics.NETCore.Client, Version=0.2.5.801, Culture=neutral, PublicKeyToken=31bf3856ad364e35' file path 'C:\Program Files\dotnet\sdk\6.0.400\Extensions\Microsoft.Diagnostics.NETCore.Client.dll'
TpTrace Information: 0 : 25736, 1, 2022/08/12, 13:19:35.412, 1694490403251, vstest.console.dll, AssemblyResolver.OnResolve: Microsoft.Bcl.AsyncInterfaces: Resolving assembly.
TpTrace Information: 0 : 25736, 1, 2022/08/12, 13:19:35.413, 1694490404574, vstest.console.dll, AssemblyResolver.OnResolve: Microsoft.Bcl.AsyncInterfaces: Searching in: 'C:\Program Files\dotnet\sdk\6.0.400\Extensions'.
TpTrace Information: 0 : 25736, 1, 2022/08/12, 13:19:35.413, 1694490405718, vstest.console.dll, AssemblyResolver.OnResolve: Microsoft.Bcl.AsyncInterfaces: Assembly path does not exist: 'C:\Program Files\dotnet\sdk\6.0.400\Extensions\Microsoft.Bcl.AsyncInterfaces.dll', returning.
TpTrace Information: 0 : 25736, 1, 2022/08/12, 13:19:35.413, 1694490406479, vstest.console.dll, AssemblyResolver.OnResolve: Microsoft.Bcl.AsyncInterfaces: Assembly path does not exist: 'C:\Program Files\dotnet\sdk\6.0.400\Extensions\Microsoft.Bcl.AsyncInterfaces.exe', returning.
TpTrace Information: 0 : 25736, 1, 2022/08/12, 13:19:35.413, 1694490407406, vstest.console.dll, AssemblyResolver.OnResolve: Microsoft.Bcl.AsyncInterfaces: Searching in: 'C:\Program Files\dotnet\sdk\6.0.400'.
TpTrace Information: 0 : 25736, 1, 2022/08/12, 13:19:35.413, 1694490408178, vstest.console.dll, AssemblyResolver.OnResolve: Microsoft.Bcl.AsyncInterfaces: Assembly path does not exist: 'C:\Program Files\dotnet\sdk\6.0.400\Microsoft.Bcl.AsyncInterfaces.dll', returning.
TpTrace Information: 0 : 25736, 1, 2022/08/12, 13:19:35.413, 1694490408917, vstest.console.dll, AssemblyResolver.OnResolve: Microsoft.Bcl.AsyncInterfaces: Assembly path does not exist: 'C:\Program Files\dotnet\sdk\6.0.400\Microsoft.Bcl.AsyncInterfaces.exe', returning.
TpTrace Information: 0 : 25736, 1, 2022/08/12, 13:19:35.413, 1694490409340, vstest.console.dll, AssemblyResolver.OnResolve: Microsoft.Bcl.AsyncInterfaces: Failed to load assembly.
TpTrace Verbose: 0 : 25736, 1, 2022/08/12, 13:19:35.413, 1694490409857, vstest.console.dll, CurrentDomainAssemblyResolve: Resolving assembly 'Microsoft.Bcl.AsyncInterfaces'.
TpTrace Information: 0 : 25736, 1, 2022/08/12, 13:19:35.413, 1694490410576, vstest.console.dll, AssemblyResolver.OnResolve: Microsoft.Bcl.AsyncInterfaces: Resolving assembly.
TpTrace Information: 0 : 25736, 1, 2022/08/12, 13:19:35.413, 1694490411136, vstest.console.dll, AssemblyResolver.OnResolve: Microsoft.Bcl.AsyncInterfaces: Resolved from cache.
TpTrace Verbose: 0 : 25736, 1, 2022/08/12, 13:19:35.413, 1694490411587, vstest.console.dll, CurrentDomainAssemblyResolve: Resolving assembly 'Microsoft.Bcl.AsyncInterfaces'.
TpTrace Verbose: 0 : 25736, 1, 2022/08/12, 13:19:35.413, 1694490412072, vstest.console.dll, CurrentDomainAssemblyResolve: Failed to resolve assembly 'Microsoft.Bcl.AsyncInterfaces'.
TpTrace Verbose: 0 : 25736, 1, 2022/08/12, 13:19:35.414, 1694490416446, vstest.console.dll, CurrentDomainAssemblyResolve: Failed to resolve assembly 'Microsoft.Bcl.AsyncInterfaces'.
TpTrace Warning: 0 : 25736, 1, 2022/08/12, 13:19:35.422, 1694490501174, vstest.console.dll, TestPluginDiscoverer: Failed to get types from assembly 'Microsoft.Diagnostics.NETCore.Client, Version=0.2.5.801, Culture=neutral, PublicKeyToken=31bf3856ad364e35'. Error: System.Reflection.ReflectionTypeLoadException: Unable to load one or more of the requested types.
Could not load file or assembly 'Microsoft.Bcl.AsyncInterfaces, Version=1.0.0.0, Culture=neutral, PublicKeyToken=cc7b13ffcd2ddd51'. The system cannot find the file specified.
   at System.Reflection.RuntimeModule.GetTypes(RuntimeModule module)
   at System.Reflection.Assembly.GetTypes()
   at Microsoft.VisualStudio.TestPlatform.Common.ExtensionFramework.TestPluginDiscoverer.GetTestExtensionsFromAssembly[TPluginInfo,TExtension](Assembly assembly, Dictionary`2 pluginInfos, String filePath)
System.IO.FileNotFoundException: Could not load file or assembly 'Microsoft.Bcl.AsyncInterfaces, Version=1.0.0.0, Culture=neutral, PublicKeyToken=cc7b13ffcd2ddd51'. The system cannot find the file specified.
File name: 'Microsoft.Bcl.AsyncInterfaces, Version=1.0.0.0, Culture=neutral, PublicKeyToken=cc7b13ffcd2ddd51'
 ---> System.IO.FileNotFoundException: Could not load file or assembly 'Microsoft.Bcl.AsyncInterfaces, Culture=neutral, PublicKeyToken=null'. The system cannot find the file specified.
File name: 'Microsoft.Bcl.AsyncInterfaces, Culture=neutral, PublicKeyToken=null'
   at System.Reflection.RuntimeAssembly.InternalLoad(ObjectHandleOnStack assemblyName, ObjectHandleOnStack requestingAssembly, StackCrawlMarkHandle stackMark, Boolean throwOnFileNotFound, ObjectHandleOnStack assemblyLoadContext, ObjectHandleOnStack retAssembly)
   at System.Reflection.RuntimeAssembly.InternalLoad(AssemblyName assemblyName, RuntimeAssembly requestingAssembly, StackCrawlMark& stackMark, Boolean throwOnFileNotFound, AssemblyLoadContext assemblyLoadContext)
   at System.Reflection.Assembly.Load(AssemblyName assemblyRef)
   at Microsoft.VisualStudio.TestPlatform.Common.ExtensionFramework.TestPluginCache.CurrentDomainAssemblyResolve(Object sender, AssemblyResolveEventArgs args)
   at Microsoft.VisualStudio.TestPlatform.PlatformAbstractions.PlatformAssemblyResolver.AssemblyResolverEvent(Object sender, Object eventArgs)
   at System.Runtime.Loader.AssemblyLoadContext.GetFirstResolvedAssemblyFromResolvingEvent(AssemblyName assemblyName)
   at System.Runtime.Loader.AssemblyLoadContext.ResolveUsingEvent(AssemblyName assemblyName)
   at System.Runtime.Loader.AssemblyLoadContext.ResolveUsingResolvingEvent(IntPtr gchManagedAssemblyLoadContext, AssemblyName assemblyName)
TpTrace Warning: 0 : 25736, 1, 2022/08/12, 13:19:35.423, 1694490504431, vstest.console.dll, LoaderExceptions: System.IO.FileNotFoundException: Could not load file or assembly 'Microsoft.Bcl.AsyncInterfaces, Version=1.0.0.0, Culture=neutral, PublicKeyToken=cc7b13ffcd2ddd51'. The system cannot find the file specified.
File name: 'Microsoft.Bcl.AsyncInterfaces, Version=1.0.0.0, Culture=neutral, PublicKeyToken=cc7b13ffcd2ddd51'
 ---> System.IO.FileNotFoundException: Could not load file or assembly 'Microsoft.Bcl.AsyncInterfaces, Culture=neutral, PublicKeyToken=null'. The system cannot find the file specified.
File name: 'Microsoft.Bcl.AsyncInterfaces, Culture=neutral, PublicKeyToken=null'
   at System.Reflection.RuntimeAssembly.InternalLoad(ObjectHandleOnStack assemblyName, ObjectHandleOnStack requestingAssembly, StackCrawlMarkHandle stackMark, Boolean throwOnFileNotFound, ObjectHandleOnStack assemblyLoadContext, ObjectHandleOnStack retAssembly)
   at System.Reflection.RuntimeAssembly.InternalLoad(AssemblyName assemblyName, RuntimeAssembly requestingAssembly, StackCrawlMark& stackMark, Boolean throwOnFileNotFound, AssemblyLoadContext assemblyLoadContext)
   at System.Reflection.Assembly.Load(AssemblyName assemblyRef)
   at Microsoft.VisualStudio.TestPlatform.Common.ExtensionFramework.TestPluginCache.CurrentDomainAssemblyResolve(Object sender, AssemblyResolveEventArgs args)
   at Microsoft.VisualStudio.TestPlatform.PlatformAbstractions.PlatformAssemblyResolver.AssemblyResolverEvent(Object sender, Object eventArgs)
   at System.Runtime.Loader.AssemblyLoadContext.GetFirstResolvedAssemblyFromResolvingEvent(AssemblyName assemblyName)
   at System.Runtime.Loader.AssemblyLoadContext.ResolveUsingEvent(AssemblyName assemblyName)
   at System.Runtime.Loader.AssemblyLoadContext.ResolveUsingResolvingEvent(IntPtr gchManagedAssemblyLoadContext, AssemblyName assemblyName)
TpTrace Information: 0 : 25736, 1, 2022/08/12, 13:19:35.423, 1694490505866, vstest.console.dll, AssemblyResolver.OnResolve: Microsoft.TestPlatform.Extensions.BlameDataCollector: Resolving assembly.
TpTrace Information: 0 : 25736, 1, 2022/08/12, 13:19:35.423, 1694490506312, vstest.console.dll, AssemblyResolver.OnResolve: Microsoft.TestPlatform.Extensions.BlameDataCollector: Searching in: 'C:\Program Files\dotnet\sdk\6.0.400\Extensions'.
TpTrace Information: 0 : 25736, 1, 2022/08/12, 13:19:35.423, 1694490508844, vstest.console.dll, AssemblyResolver.OnResolve: Microsoft.TestPlatform.Extensions.BlameDataCollector: Loading assembly 'C:\Program Files\dotnet\sdk\6.0.400\Extensions\Microsoft.TestPlatform.Extensions.BlameDataCollector.dll'.
TpTrace Information: 0 : 25736, 1, 2022/08/12, 13:19:35.423, 1694490513416, vstest.console.dll, AssemblyResolver.OnResolve: Resolved assembly: Microsoft.TestPlatform.Extensions.BlameDataCollector, from path: C:\Program Files\dotnet\sdk\6.0.400\Extensions\Microsoft.TestPlatform.Extensions.BlameDataCollector.dll
TpTrace Verbose: 0 : 25736, 1, 2022/08/12, 13:19:35.424, 1694490514090, vstest.console.dll, MetadataReaderExtensionsHelper: Discovering extensions inside assembly 'Microsoft.TestPlatform.Extensions.BlameDataCollector, Version=15.0.0.0, Culture=neutral, PublicKeyToken=b03f5f7f11d50a3a' file path 'C:\Program Files\dotnet\sdk\6.0.400\Extensions\Microsoft.TestPlatform.Extensions.BlameDataCollector.dll'
TpTrace Information: 0 : 25736, 1, 2022/08/12, 13:19:35.424, 1694490523152, vstest.console.dll, AssemblyResolver.OnResolve: Microsoft.TestPlatform.Extensions.EventLogCollector: Resolving assembly.
TpTrace Information: 0 : 25736, 1, 2022/08/12, 13:19:35.425, 1694490524021, vstest.console.dll, AssemblyResolver.OnResolve: Microsoft.TestPlatform.Extensions.EventLogCollector: Searching in: 'C:\Program Files\dotnet\sdk\6.0.400\Extensions'.
TpTrace Information: 0 : 25736, 1, 2022/08/12, 13:19:35.425, 1694490526402, vstest.console.dll, AssemblyResolver.OnResolve: Microsoft.TestPlatform.Extensions.EventLogCollector: Loading assembly 'C:\Program Files\dotnet\sdk\6.0.400\Extensions\Microsoft.TestPlatform.Extensions.EventLogCollector.dll'.
TpTrace Information: 0 : 25736, 1, 2022/08/12, 13:19:35.425, 1694490529850, vstest.console.dll, AssemblyResolver.OnResolve: Resolved assembly: Microsoft.TestPlatform.Extensions.EventLogCollector, from path: C:\Program Files\dotnet\sdk\6.0.400\Extensions\Microsoft.TestPlatform.Extensions.EventLogCollector.dll
TpTrace Verbose: 0 : 25736, 1, 2022/08/12, 13:19:35.425, 1694490530452, vstest.console.dll, MetadataReaderExtensionsHelper: Discovering extensions inside assembly 'Microsoft.TestPlatform.Extensions.EventLogCollector, Version=15.0.0.0, Culture=neutral, PublicKeyToken=b03f5f7f11d50a3a' file path 'C:\Program Files\dotnet\sdk\6.0.400\Extensions\Microsoft.TestPlatform.Extensions.EventLogCollector.dll'
TpTrace Information: 0 : 25736, 1, 2022/08/12, 13:19:35.427, 1694490545301, vstest.console.dll, AssemblyResolver.OnResolve: Microsoft.TestPlatform.TestHostRuntimeProvider: Resolving assembly.
TpTrace Information: 0 : 25736, 1, 2022/08/12, 13:19:35.427, 1694490545965, vstest.console.dll, AssemblyResolver.OnResolve: Microsoft.TestPlatform.TestHostRuntimeProvider: Searching in: 'C:\Program Files\dotnet\sdk\6.0.400\Extensions'.
TpTrace Information: 0 : 25736, 1, 2022/08/12, 13:19:35.427, 1694490548263, vstest.console.dll, AssemblyResolver.OnResolve: Microsoft.TestPlatform.TestHostRuntimeProvider: Loading assembly 'C:\Program Files\dotnet\sdk\6.0.400\Extensions\Microsoft.TestPlatform.TestHostRuntimeProvider.dll'.
TpTrace Information: 0 : 25736, 1, 2022/08/12, 13:19:35.427, 1694490552514, vstest.console.dll, AssemblyResolver.OnResolve: Resolved assembly: Microsoft.TestPlatform.TestHostRuntimeProvider, from path: C:\Program Files\dotnet\sdk\6.0.400\Extensions\Microsoft.TestPlatform.TestHostRuntimeProvider.dll
TpTrace Verbose: 0 : 25736, 1, 2022/08/12, 13:19:35.427, 1694490553175, vstest.console.dll, MetadataReaderExtensionsHelper: Discovering extensions inside assembly 'Microsoft.TestPlatform.TestHostRuntimeProvider, Version=15.0.0.0, Culture=neutral, PublicKeyToken=b03f5f7f11d50a3a' file path 'C:\Program Files\dotnet\sdk\6.0.400\Extensions\Microsoft.TestPlatform.TestHostRuntimeProvider.dll'
TpTrace Information: 0 : 25736, 1, 2022/08/12, 13:19:35.429, 1694490566830, vstest.console.dll, GetTestExtensionFromType: Register extension with identifier data 'HostProvider://DefaultTestHost' and type 'Microsoft.VisualStudio.TestPlatform.CrossPlatEngine.Hosting.DefaultTestHostManager, Microsoft.TestPlatform.TestHostRuntimeProvider, Version=15.0.0.0, Culture=neutral, PublicKeyToken=b03f5f7f11d50a3a' inside file 'C:\Program Files\dotnet\sdk\6.0.400\Extensions\Microsoft.TestPlatform.TestHostRuntimeProvider.dll'
TpTrace Information: 0 : 25736, 1, 2022/08/12, 13:19:35.429, 1694490567669, vstest.console.dll, GetTestExtensionFromType: Register extension with identifier data 'HostProvider://DotnetTestHost' and type 'Microsoft.VisualStudio.TestPlatform.CrossPlatEngine.Hosting.DotnetTestHostManager, Microsoft.TestPlatform.TestHostRuntimeProvider, Version=15.0.0.0, Culture=neutral, PublicKeyToken=b03f5f7f11d50a3a' inside file 'C:\Program Files\dotnet\sdk\6.0.400\Extensions\Microsoft.TestPlatform.TestHostRuntimeProvider.dll'
TpTrace Information: 0 : 25736, 1, 2022/08/12, 13:19:35.429, 1694490568379, vstest.console.dll, AssemblyResolver.OnResolve: Microsoft.VisualStudio.TestPlatform.Extensions.Html.TestLogger: Resolving assembly.
TpTrace Information: 0 : 25736, 1, 2022/08/12, 13:19:35.429, 1694490568760, vstest.console.dll, AssemblyResolver.OnResolve: Microsoft.VisualStudio.TestPlatform.Extensions.Html.TestLogger: Searching in: 'C:\Program Files\dotnet\sdk\6.0.400\Extensions'.
TpTrace Information: 0 : 25736, 1, 2022/08/12, 13:19:35.429, 1694490571412, vstest.console.dll, AssemblyResolver.OnResolve: Microsoft.VisualStudio.TestPlatform.Extensions.Html.TestLogger: Loading assembly 'C:\Program Files\dotnet\sdk\6.0.400\Extensions\Microsoft.VisualStudio.TestPlatform.Extensions.Html.TestLogger.dll'.
TpTrace Information: 0 : 25736, 1, 2022/08/12, 13:19:35.430, 1694490576432, vstest.console.dll, AssemblyResolver.OnResolve: Resolved assembly: Microsoft.VisualStudio.TestPlatform.Extensions.Html.TestLogger, from path: C:\Program Files\dotnet\sdk\6.0.400\Extensions\Microsoft.VisualStudio.TestPlatform.Extensions.Html.TestLogger.dll
TpTrace Verbose: 0 : 25736, 1, 2022/08/12, 13:19:35.430, 1694490577121, vstest.console.dll, MetadataReaderExtensionsHelper: Discovering extensions inside assembly 'Microsoft.VisualStudio.TestPlatform.Extensions.Html.TestLogger, Version=15.0.0.0, Culture=neutral, PublicKeyToken=b03f5f7f11d50a3a' file path 'C:\Program Files\dotnet\sdk\6.0.400\Extensions\Microsoft.VisualStudio.TestPlatform.Extensions.Html.TestLogger.dll'
TpTrace Information: 0 : 25736, 1, 2022/08/12, 13:19:35.430, 1694490582459, vstest.console.dll, AssemblyResolver.OnResolve: Microsoft.VisualStudio.TestPlatform.Extensions.Trx.TestLogger: Resolving assembly.
TpTrace Information: 0 : 25736, 1, 2022/08/12, 13:19:35.430, 1694490582968, vstest.console.dll, AssemblyResolver.OnResolve: Microsoft.VisualStudio.TestPlatform.Extensions.Trx.TestLogger: Searching in: 'C:\Program Files\dotnet\sdk\6.0.400\Extensions'.
TpTrace Information: 0 : 25736, 1, 2022/08/12, 13:19:35.431, 1694490585523, vstest.console.dll, AssemblyResolver.OnResolve: Microsoft.VisualStudio.TestPlatform.Extensions.Trx.TestLogger: Loading assembly 'C:\Program Files\dotnet\sdk\6.0.400\Extensions\Microsoft.VisualStudio.TestPlatform.Extensions.Trx.TestLogger.dll'.
TpTrace Information: 0 : 25736, 1, 2022/08/12, 13:19:35.431, 1694490590224, vstest.console.dll, AssemblyResolver.OnResolve: Resolved assembly: Microsoft.VisualStudio.TestPlatform.Extensions.Trx.TestLogger, from path: C:\Program Files\dotnet\sdk\6.0.400\Extensions\Microsoft.VisualStudio.TestPlatform.Extensions.Trx.TestLogger.dll
TpTrace Verbose: 0 : 25736, 1, 2022/08/12, 13:19:35.431, 1694490590823, vstest.console.dll, MetadataReaderExtensionsHelper: Discovering extensions inside assembly 'Microsoft.VisualStudio.TestPlatform.Extensions.Trx.TestLogger, Version=15.0.0.0, Culture=neutral, PublicKeyToken=b03f5f7f11d50a3a' file path 'C:\Program Files\dotnet\sdk\6.0.400\Extensions\Microsoft.VisualStudio.TestPlatform.Extensions.Trx.TestLogger.dll'
TpTrace Verbose: 0 : 25736, 1, 2022/08/12, 13:19:35.432, 1694490597361, vstest.console.dll, TestPluginCache: Discovered the extensions using extension path ''.
TpTrace Verbose: 0 : 25736, 1, 2022/08/12, 13:19:35.432, 1694490597886, vstest.console.dll, TestPluginCache: Discoverers are ''.
TpTrace Verbose: 0 : 25736, 1, 2022/08/12, 13:19:35.432, 1694490598197, vstest.console.dll, TestPluginCache: Executors are ''.
TpTrace Verbose: 0 : 25736, 1, 2022/08/12, 13:19:35.432, 1694490598522, vstest.console.dll, TestPluginCache: Executors2 are ''.
TpTrace Verbose: 0 : 25736, 1, 2022/08/12, 13:19:35.432, 1694490598795, vstest.console.dll, TestPluginCache: Setting providers are ''.
TpTrace Verbose: 0 : 25736, 1, 2022/08/12, 13:19:35.432, 1694490599065, vstest.console.dll, TestPluginCache: Loggers are ''.
TpTrace Verbose: 0 : 25736, 1, 2022/08/12, 13:19:35.432, 1694490600302, vstest.console.dll, TestPluginCache: TestHosts are 'HostProvider://DefaultTestHost,HostProvider://DotnetTestHost'.
TpTrace Verbose: 0 : 25736, 1, 2022/08/12, 13:19:35.432, 1694490600674, vstest.console.dll, TestPluginCache: DataCollectors are ''.
TpTrace Information: 0 : 25736, 1, 2022/08/12, 13:19:35.440, 1694490682188, vstest.console.dll, RunTestsArgumentProcessor:Execute: Test run is starting.
TpTrace Verbose: 0 : 25736, 1, 2022/08/12, 13:19:35.440, 1694490682971, vstest.console.dll, RunTestsArgumentProcessor:Execute: Queuing Test run.
TpTrace Information: 0 : 25736, 1, 2022/08/12, 13:19:35.441, 1694490684880, vstest.console.dll, TestRequestManager.RunTests: run tests started.
TpTrace Information: 0 : 25736, 1, 2022/08/12, 13:19:35.449, 1694490771969, vstest.console.dll, AssemblyMetadataProvider.GetFrameworkName: Determined framework:'.NETCoreApp,Version=v3.1' for source: 'C:\Users\bojid\source\repos\CSharp-OOP\UnitTesting\CarManager.Tests\bin\Debug\netcoreapp3.1\fine-code-coverage\build-output\CarManager.Tests.dll'
TpTrace Information: 0 : 25736, 1, 2022/08/12, 13:19:35.449, 1694490773600, vstest.console.dll, Determined framework for all sources: .NETCoreApp,Version=v3.1
TpTrace Verbose: 0 : 25736, 1, 2022/08/12, 13:19:35.450, 1694490778073, vstest.console.dll, TestRequestManager.UpdateRunSettingsIfRequired: Default architecture: X64 IsDefaultTargetArchitecture: True, Current process architecture: X64 OperatingSystem: Windows.
TpTrace Information: 0 : 25736, 1, 2022/08/12, 13:19:35.452, 1694490799723, vstest.console.dll, AssemblyMetadataProvider.GetArchitecture: Determined architecture:AnyCPU info for assembly: C:\Users\bojid\source\repos\CSharp-OOP\UnitTesting\CarManager.Tests\bin\Debug\netcoreapp3.1\fine-code-coverage\build-output\CarManager.Tests.dll
TpTrace Information: 0 : 25736, 1, 2022/08/12, 13:19:35.452, 1694490800279, vstest.console.dll, Determined platform for source 'C:\Users\bojid\source\repos\CSharp-OOP\UnitTesting\CarManager.Tests\bin\Debug\netcoreapp3.1\fine-code-coverage\build-output\CarManager.Tests.dll' was AnyCPU and it will use the default plaform X64.
TpTrace Information: 0 : 25736, 1, 2022/08/12, 13:19:35.452, 1694490800664, vstest.console.dll, None of the sources provided any runnable platform, using the default platform: X64
TpTrace Information: 0 : 25736, 1, 2022/08/12, 13:19:35.452, 1694490801367, vstest.console.dll, Platform was updated to 'X64'.
TpTrace Information: 0 : 25736, 1, 2022/08/12, 13:19:35.455, 1694490830998, vstest.console.dll, InferRunSettingsHelper.IsTestSettingsEnabled: Unable to navigate to RunSettings/MSTest. Current node: RunSettings
TpTrace Information: 0 : 25736, 1, 2022/08/12, 13:19:35.456, 1694490836156, vstest.console.dll, AssemblyResolver.OnResolve: Microsoft.VisualStudio.TestPlatform.Fakes: Resolving assembly.
TpTrace Information: 0 : 25736, 1, 2022/08/12, 13:19:35.456, 1694490836704, vstest.console.dll, AssemblyResolver.OnResolve: Microsoft.VisualStudio.TestPlatform.Fakes: Searching in: 'C:\Program Files\dotnet\sdk\6.0.400\Extensions'.
TpTrace Information: 0 : 25736, 1, 2022/08/12, 13:19:35.456, 1694490837466, vstest.console.dll, AssemblyResolver.OnResolve: Microsoft.VisualStudio.TestPlatform.Fakes: Assembly path does not exist: 'C:\Program Files\dotnet\sdk\6.0.400\Extensions\Microsoft.VisualStudio.TestPlatform.Fakes.dll', returning.
TpTrace Information: 0 : 25736, 1, 2022/08/12, 13:19:35.456, 1694490838026, vstest.console.dll, AssemblyResolver.OnResolve: Microsoft.VisualStudio.TestPlatform.Fakes: Assembly path does not exist: 'C:\Program Files\dotnet\sdk\6.0.400\Extensions\Microsoft.VisualStudio.TestPlatform.Fakes.exe', returning.
TpTrace Information: 0 : 25736, 1, 2022/08/12, 13:19:35.456, 1694490838384, vstest.console.dll, AssemblyResolver.OnResolve: Microsoft.VisualStudio.TestPlatform.Fakes: Searching in: 'C:\Program Files\dotnet\sdk\6.0.400'.
TpTrace Information: 0 : 25736, 1, 2022/08/12, 13:19:35.456, 1694490838945, vstest.console.dll, AssemblyResolver.OnResolve: Microsoft.VisualStudio.TestPlatform.Fakes: Assembly path does not exist: 'C:\Program Files\dotnet\sdk\6.0.400\Microsoft.VisualStudio.TestPlatform.Fakes.dll', returning.
TpTrace Information: 0 : 25736, 1, 2022/08/12, 13:19:35.456, 1694490839480, vstest.console.dll, AssemblyResolver.OnResolve: Microsoft.VisualStudio.TestPlatform.Fakes: Assembly path does not exist: 'C:\Program Files\dotnet\sdk\6.0.400\Microsoft.VisualStudio.TestPlatform.Fakes.exe', returning.
TpTrace Information: 0 : 25736, 1, 2022/08/12, 13:19:35.456, 1694490839795, vstest.console.dll, AssemblyResolver.OnResolve: Microsoft.VisualStudio.TestPlatform.Fakes: Failed to load assembly.
TpTrace Information: 0 : 25736, 1, 2022/08/12, 13:19:35.456, 1694490841941, vstest.console.dll, Failed to load assembly Microsoft.VisualStudio.TestPlatform.Fakes, Version=17.0.0.0, Culture=neutral. Reason:System.IO.FileNotFoundException: Could not load file or assembly 'Microsoft.VisualStudio.TestPlatform.Fakes, Version=17.0.0.0, Culture=neutral, PublicKeyToken=null'. The system cannot find the file specified.
File name: 'Microsoft.VisualStudio.TestPlatform.Fakes, Version=17.0.0.0, Culture=neutral, PublicKeyToken=null'
   at System.Reflection.RuntimeAssembly.InternalLoad(ObjectHandleOnStack assemblyName, ObjectHandleOnStack requestingAssembly, StackCrawlMarkHandle stackMark, Boolean throwOnFileNotFound, ObjectHandleOnStack assemblyLoadContext, ObjectHandleOnStack retAssembly)
   at System.Reflection.RuntimeAssembly.InternalLoad(AssemblyName assemblyName, RuntimeAssembly requestingAssembly, StackCrawlMark& stackMark, Boolean throwOnFileNotFound, AssemblyLoadContext assemblyLoadContext)
   at System.Reflection.Assembly.Load(AssemblyName assemblyRef)
   at Microsoft.VisualStudio.TestPlatform.Common.Utilities.FakesUtilities.LoadTestPlatformAssembly()
TpTrace Verbose: 0 : 25736, 1, 2022/08/12, 13:19:35.459, 1694490870002, vstest.console.dll, TestPluginCache.DiscoverTestExtensions: finding test extensions in assemblies ends with: TestLogger.dll TPluginInfo: Microsoft.VisualStudio.TestPlatform.Common.ExtensionFramework.Utilities.TestLoggerPluginInformation TExtension: Microsoft.VisualStudio.TestPlatform.ObjectModel.Client.ITestLogger
TpTrace Verbose: 0 : 25736, 1, 2022/08/12, 13:19:35.459, 1694490870742, vstest.console.dll, TestPluginCache.GetExtensionPaths: Filtered extension paths: 
TpTrace Verbose: 0 : 25736, 1, 2022/08/12, 13:19:35.459, 1694490871111, vstest.console.dll, TestPluginCache.GetExtensionPaths: Added default extension paths: C:\Program Files\dotnet\sdk\6.0.400\Extensions\Microsoft.Diagnostics.NETCore.Client.dll
C:\Program Files\dotnet\sdk\6.0.400\Extensions\Microsoft.TestPlatform.Extensions.BlameDataCollector.dll
C:\Program Files\dotnet\sdk\6.0.400\Extensions\Microsoft.TestPlatform.Extensions.EventLogCollector.dll
C:\Program Files\dotnet\sdk\6.0.400\Extensions\Microsoft.TestPlatform.TestHostRuntimeProvider.dll
C:\Program Files\dotnet\sdk\6.0.400\Extensions\Microsoft.VisualStudio.TestPlatform.Extensions.Html.TestLogger.dll
C:\Program Files\dotnet\sdk\6.0.400\Extensions\Microsoft.VisualStudio.TestPlatform.Extensions.Trx.TestLogger.dll
TpTrace Verbose: 0 : 25736, 1, 2022/08/12, 13:19:35.459, 1694490871477, vstest.console.dll, TestPluginCache.GetExtensionPaths: Added unfilterableExtensionPaths: 
TpTrace Information: 0 : 25736, 1, 2022/08/12, 13:19:35.459, 1694490872411, vstest.console.dll, AssemblyResolver.AddSearchDirectories: Adding more searchDirectories C:\Program Files\dotnet\sdk\6.0.400\Extensions,C:\Program Files\dotnet\sdk\6.0.400
TpTrace Verbose: 0 : 25736, 1, 2022/08/12, 13:19:35.459, 1694490872849, vstest.console.dll, TestPluginCache.DiscoverTestExtensions: Discovering the extensions using extension path.
TpTrace Verbose: 0 : 25736, 1, 2022/08/12, 13:19:35.459, 1694490873277, vstest.console.dll, TestPluginCache.GetExtensionPaths: Filtered extension paths: 
TpTrace Verbose: 0 : 25736, 1, 2022/08/12, 13:19:35.459, 1694490873598, vstest.console.dll, TestPluginCache.GetExtensionPaths: Added default extension paths: C:\Program Files\dotnet\sdk\6.0.400\Extensions\Microsoft.Diagnostics.NETCore.Client.dll
C:\Program Files\dotnet\sdk\6.0.400\Extensions\Microsoft.TestPlatform.Extensions.BlameDataCollector.dll
C:\Program Files\dotnet\sdk\6.0.400\Extensions\Microsoft.TestPlatform.Extensions.EventLogCollector.dll
C:\Program Files\dotnet\sdk\6.0.400\Extensions\Microsoft.TestPlatform.TestHostRuntimeProvider.dll
C:\Program Files\dotnet\sdk\6.0.400\Extensions\Microsoft.VisualStudio.TestPlatform.Extensions.Html.TestLogger.dll
C:\Program Files\dotnet\sdk\6.0.400\Extensions\Microsoft.VisualStudio.TestPlatform.Extensions.Trx.TestLogger.dll
TpTrace Verbose: 0 : 25736, 1, 2022/08/12, 13:19:35.460, 1694490874326, vstest.console.dll, TestPluginCache.GetExtensionPaths: Added unfilterableExtensionPaths: 
TpTrace Verbose: 0 : 25736, 1, 2022/08/12, 13:19:35.460, 1694490874897, vstest.console.dll, TestPluginCache.DiscoverTestExtensions: Discovering the extensions using allExtensionPaths: C:\Program Files\dotnet\sdk\6.0.400\Extensions\Microsoft.Diagnostics.NETCore.Client.dll
C:\Program Files\dotnet\sdk\6.0.400\Extensions\Microsoft.TestPlatform.Extensions.BlameDataCollector.dll
C:\Program Files\dotnet\sdk\6.0.400\Extensions\Microsoft.TestPlatform.Extensions.EventLogCollector.dll
C:\Program Files\dotnet\sdk\6.0.400\Extensions\Microsoft.TestPlatform.TestHostRuntimeProvider.dll
C:\Program Files\dotnet\sdk\6.0.400\Extensions\Microsoft.VisualStudio.TestPlatform.Extensions.Html.TestLogger.dll
C:\Program Files\dotnet\sdk\6.0.400\Extensions\Microsoft.VisualStudio.TestPlatform.Extensions.Trx.TestLogger.dll
TpTrace Information: 0 : 25736, 1, 2022/08/12, 13:19:35.460, 1694490875419, vstest.console.dll, AssemblyResolver.AddSearchDirectories: Adding more searchDirectories C:\Program Files\dotnet\sdk\6.0.400\Extensions,C:\Program Files\dotnet\sdk\6.0.400
TpTrace Information: 0 : 25736, 1, 2022/08/12, 13:19:35.460, 1694490875778, vstest.console.dll, AssemblyResolver.AddSearchDirectories: Adding more searchDirectories C:\Program Files\dotnet\sdk\6.0.400\Extensions,C:\Program Files\dotnet\sdk\6.0.400
TpTrace Information: 0 : 25736, 1, 2022/08/12, 13:19:35.460, 1694490876097, vstest.console.dll, AssemblyResolver.AddSearchDirectories: Adding more searchDirectories C:\Program Files\dotnet\sdk\6.0.400\Extensions,C:\Program Files\dotnet\sdk\6.0.400
TpTrace Information: 0 : 25736, 1, 2022/08/12, 13:19:35.460, 1694490876409, vstest.console.dll, AssemblyResolver.AddSearchDirectories: Adding more searchDirectories C:\Program Files\dotnet\sdk\6.0.400\Extensions,C:\Program Files\dotnet\sdk\6.0.400
TpTrace Information: 0 : 25736, 1, 2022/08/12, 13:19:35.460, 1694490876764, vstest.console.dll, AssemblyResolver.AddSearchDirectories: Adding more searchDirectories C:\Program Files\dotnet\sdk\6.0.400\Extensions,C:\Program Files\dotnet\sdk\6.0.400
TpTrace Information: 0 : 25736, 1, 2022/08/12, 13:19:35.460, 1694490877073, vstest.console.dll, AssemblyResolver.AddSearchDirectories: Adding more searchDirectories C:\Program Files\dotnet\sdk\6.0.400\Extensions,C:\Program Files\dotnet\sdk\6.0.400
TpTrace Verbose: 0 : 25736, 1, 2022/08/12, 13:19:35.460, 1694490878092, vstest.console.dll, MetadataReaderExtensionsHelper: Discovering extensions inside assembly 'Microsoft.Diagnostics.NETCore.Client, Version=0.2.5.801, Culture=neutral, PublicKeyToken=31bf3856ad364e35' file path 'C:\Program Files\dotnet\sdk\6.0.400\Extensions\Microsoft.Diagnostics.NETCore.Client.dll'
TpTrace Information: 0 : 25736, 1, 2022/08/12, 13:19:35.460, 1694490881677, vstest.console.dll, AssemblyResolver.OnResolve: Microsoft.Bcl.AsyncInterfaces: Resolving assembly.
TpTrace Information: 0 : 25736, 1, 2022/08/12, 13:19:35.460, 1694490882103, vstest.console.dll, AssemblyResolver.OnResolve: Microsoft.Bcl.AsyncInterfaces: Resolved from cache.
TpTrace Verbose: 0 : 25736, 1, 2022/08/12, 13:19:35.460, 1694490882483, vstest.console.dll, CurrentDomainAssemblyResolve: Resolving assembly 'Microsoft.Bcl.AsyncInterfaces'.
TpTrace Information: 0 : 25736, 1, 2022/08/12, 13:19:35.460, 1694490882924, vstest.console.dll, AssemblyResolver.OnResolve: Microsoft.Bcl.AsyncInterfaces: Resolving assembly.
TpTrace Information: 0 : 25736, 1, 2022/08/12, 13:19:35.460, 1694490883240, vstest.console.dll, AssemblyResolver.OnResolve: Microsoft.Bcl.AsyncInterfaces: Resolved from cache.
TpTrace Verbose: 0 : 25736, 1, 2022/08/12, 13:19:35.460, 1694490883550, vstest.console.dll, CurrentDomainAssemblyResolve: Resolving assembly 'Microsoft.Bcl.AsyncInterfaces'.
TpTrace Verbose: 0 : 25736, 1, 2022/08/12, 13:19:35.461, 1694490883840, vstest.console.dll, CurrentDomainAssemblyResolve: Failed to resolve assembly 'Microsoft.Bcl.AsyncInterfaces'.
TpTrace Verbose: 0 : 25736, 1, 2022/08/12, 13:19:35.461, 1694490885083, vstest.console.dll, CurrentDomainAssemblyResolve: Failed to resolve assembly 'Microsoft.Bcl.AsyncInterfaces'.
TpTrace Warning: 0 : 25736, 1, 2022/08/12, 13:19:35.461, 1694490887899, vstest.console.dll, TestPluginDiscoverer: Failed to get types from assembly 'Microsoft.Diagnostics.NETCore.Client, Version=0.2.5.801, Culture=neutral, PublicKeyToken=31bf3856ad364e35'. Error: System.Reflection.ReflectionTypeLoadException: Unable to load one or more of the requested types.
Could not load file or assembly 'Microsoft.Bcl.AsyncInterfaces, Version=1.0.0.0, Culture=neutral, PublicKeyToken=cc7b13ffcd2ddd51'. The system cannot find the file specified.
   at System.Reflection.RuntimeModule.GetTypes(RuntimeModule module)
   at System.Reflection.Assembly.GetTypes()
   at Microsoft.VisualStudio.TestPlatform.Common.ExtensionFramework.TestPluginDiscoverer.GetTestExtensionsFromAssembly[TPluginInfo,TExtension](Assembly assembly, Dictionary`2 pluginInfos, String filePath)
System.IO.FileNotFoundException: Could not load file or assembly 'Microsoft.Bcl.AsyncInterfaces, Version=1.0.0.0, Culture=neutral, PublicKeyToken=cc7b13ffcd2ddd51'. The system cannot find the file specified.
File name: 'Microsoft.Bcl.AsyncInterfaces, Version=1.0.0.0, Culture=neutral, PublicKeyToken=cc7b13ffcd2ddd51'
 ---> System.IO.FileNotFoundException: Could not load file or assembly 'Microsoft.Bcl.AsyncInterfaces, Culture=neutral, PublicKeyToken=null'. The system cannot find the file specified.
File name: 'Microsoft.Bcl.AsyncInterfaces, Culture=neutral, PublicKeyToken=null'
   at System.Reflection.RuntimeAssembly.InternalLoad(ObjectHandleOnStack assemblyName, ObjectHandleOnStack requestingAssembly, StackCrawlMarkHandle stackMark, Boolean throwOnFileNotFound, ObjectHandleOnStack assemblyLoadContext, ObjectHandleOnStack retAssembly)
   at System.Reflection.RuntimeAssembly.InternalLoad(AssemblyName assemblyName, RuntimeAssembly requestingAssembly, StackCrawlMark& stackMark, Boolean throwOnFileNotFound, AssemblyLoadContext assemblyLoadContext)
   at System.Reflection.Assembly.Load(AssemblyName assemblyRef)
   at Microsoft.VisualStudio.TestPlatform.Common.ExtensionFramework.TestPluginCache.CurrentDomainAssemblyResolve(Object sender, AssemblyResolveEventArgs args)
   at Microsoft.VisualStudio.TestPlatform.PlatformAbstractions.PlatformAssemblyResolver.AssemblyResolverEvent(Object sender, Object eventArgs)
   at System.Runtime.Loader.AssemblyLoadContext.GetFirstResolvedAssemblyFromResolvingEvent(AssemblyName assemblyName)
   at System.Runtime.Loader.AssemblyLoadContext.ResolveUsingEvent(AssemblyName assemblyName)
   at System.Runtime.Loader.AssemblyLoadContext.ResolveUsingResolvingEvent(IntPtr gchManagedAssemblyLoadContext, AssemblyName assemblyName)
TpTrace Warning: 0 : 25736, 1, 2022/08/12, 13:19:35.461, 1694490889470, vstest.console.dll, LoaderExceptions: System.IO.FileNotFoundException: Could not load file or assembly 'Microsoft.Bcl.AsyncInterfaces, Version=1.0.0.0, Culture=neutral, PublicKeyToken=cc7b13ffcd2ddd51'. The system cannot find the file specified.
File name: 'Microsoft.Bcl.AsyncInterfaces, Version=1.0.0.0, Culture=neutral, PublicKeyToken=cc7b13ffcd2ddd51'
 ---> System.IO.FileNotFoundException: Could not load file or assembly 'Microsoft.Bcl.AsyncInterfaces, Culture=neutral, PublicKeyToken=null'. The system cannot find the file specified.
File name: 'Microsoft.Bcl.AsyncInterfaces, Culture=neutral, PublicKeyToken=null'
   at System.Reflection.RuntimeAssembly.InternalLoad(ObjectHandleOnStack assemblyName, ObjectHandleOnStack requestingAssembly, StackCrawlMarkHandle stackMark, Boolean throwOnFileNotFound, ObjectHandleOnStack assemblyLoadContext, ObjectHandleOnStack retAssembly)
   at System.Reflection.RuntimeAssembly.InternalLoad(AssemblyName assemblyName, RuntimeAssembly requestingAssembly, StackCrawlMark& stackMark, Boolean throwOnFileNotFound, AssemblyLoadContext assemblyLoadContext)
   at System.Reflection.Assembly.Load(AssemblyName assemblyRef)
   at Microsoft.VisualStudio.TestPlatform.Common.ExtensionFramework.TestPluginCache.CurrentDomainAssemblyResolve(Object sender, AssemblyResolveEventArgs args)
   at Microsoft.VisualStudio.TestPlatform.PlatformAbstractions.PlatformAssemblyResolver.AssemblyResolverEvent(Object sender, Object eventArgs)
   at System.Runtime.Loader.AssemblyLoadContext.GetFirstResolvedAssemblyFromResolvingEvent(AssemblyName assemblyName)
   at System.Runtime.Loader.AssemblyLoadContext.ResolveUsingEvent(AssemblyName assemblyName)
   at System.Runtime.Loader.AssemblyLoadContext.ResolveUsingResolvingEvent(IntPtr gchManagedAssemblyLoadContext, AssemblyName assemblyName)
TpTrace Verbose: 0 : 25736, 1, 2022/08/12, 13:19:35.461, 1694490890227, vstest.console.dll, MetadataReaderExtensionsHelper: Discovering extensions inside assembly 'Microsoft.TestPlatform.Extensions.BlameDataCollector, Version=15.0.0.0, Culture=neutral, PublicKeyToken=b03f5f7f11d50a3a' file path 'C:\Program Files\dotnet\sdk\6.0.400\Extensions\Microsoft.TestPlatform.Extensions.BlameDataCollector.dll'
TpTrace Information: 0 : 25736, 1, 2022/08/12, 13:19:35.461, 1694490893588, vstest.console.dll, GetTestExtensionFromType: Register extension with identifier data 'logger://Microsoft/TestPlatform/Extensions/Blame/v1' and type 'Microsoft.TestPlatform.Extensions.BlameDataCollector.BlameLogger, Microsoft.TestPlatform.Extensions.BlameDataCollector, Version=15.0.0.0, Culture=neutral, PublicKeyToken=b03f5f7f11d50a3a' inside file 'C:\Program Files\dotnet\sdk\6.0.400\Extensions\Microsoft.TestPlatform.Extensions.BlameDataCollector.dll'
TpTrace Verbose: 0 : 25736, 1, 2022/08/12, 13:19:35.462, 1694490894168, vstest.console.dll, MetadataReaderExtensionsHelper: Discovering extensions inside assembly 'Microsoft.TestPlatform.Extensions.EventLogCollector, Version=15.0.0.0, Culture=neutral, PublicKeyToken=b03f5f7f11d50a3a' file path 'C:\Program Files\dotnet\sdk\6.0.400\Extensions\Microsoft.TestPlatform.Extensions.EventLogCollector.dll'
TpTrace Verbose: 0 : 25736, 1, 2022/08/12, 13:19:35.462, 1694490896683, vstest.console.dll, MetadataReaderExtensionsHelper: Discovering extensions inside assembly 'Microsoft.TestPlatform.TestHostRuntimeProvider, Version=15.0.0.0, Culture=neutral, PublicKeyToken=b03f5f7f11d50a3a' file path 'C:\Program Files\dotnet\sdk\6.0.400\Extensions\Microsoft.TestPlatform.TestHostRuntimeProvider.dll'
TpTrace Verbose: 0 : 25736, 1, 2022/08/12, 13:19:35.462, 1694490899178, vstest.console.dll, MetadataReaderExtensionsHelper: Discovering extensions inside assembly 'Microsoft.VisualStudio.TestPlatform.Extensions.Html.TestLogger, Version=15.0.0.0, Culture=neutral, PublicKeyToken=b03f5f7f11d50a3a' file path 'C:\Program Files\dotnet\sdk\6.0.400\Extensions\Microsoft.VisualStudio.TestPlatform.Extensions.Html.TestLogger.dll'
TpTrace Information: 0 : 25736, 1, 2022/08/12, 13:19:35.462, 1694490902007, vstest.console.dll, GetTestExtensionFromType: Register extension with identifier data 'logger://Microsoft/TestPlatform/HtmlLogger/v1' and type 'Microsoft.VisualStudio.TestPlatform.Extensions.HtmlLogger.HtmlLogger, Microsoft.VisualStudio.TestPlatform.Extensions.Html.TestLogger, Version=15.0.0.0, Culture=neutral, PublicKeyToken=b03f5f7f11d50a3a' inside file 'C:\Program Files\dotnet\sdk\6.0.400\Extensions\Microsoft.VisualStudio.TestPlatform.Extensions.Html.TestLogger.dll'
TpTrace Verbose: 0 : 25736, 1, 2022/08/12, 13:19:35.462, 1694490902620, vstest.console.dll, MetadataReaderExtensionsHelper: Discovering extensions inside assembly 'Microsoft.VisualStudio.TestPlatform.Extensions.Trx.TestLogger, Version=15.0.0.0, Culture=neutral, PublicKeyToken=b03f5f7f11d50a3a' file path 'C:\Program Files\dotnet\sdk\6.0.400\Extensions\Microsoft.VisualStudio.TestPlatform.Extensions.Trx.TestLogger.dll'
TpTrace Information: 0 : 25736, 1, 2022/08/12, 13:19:35.463, 1694490905554, vstest.console.dll, GetTestExtensionFromType: Register extension with identifier data 'logger://Microsoft/TestPlatform/TrxLogger/v1' and type 'Microsoft.VisualStudio.TestPlatform.Extensions.TrxLogger.TrxLogger, Microsoft.VisualStudio.TestPlatform.Extensions.Trx.TestLogger, Version=15.0.0.0, Culture=neutral, PublicKeyToken=b03f5f7f11d50a3a' inside file 'C:\Program Files\dotnet\sdk\6.0.400\Extensions\Microsoft.VisualStudio.TestPlatform.Extensions.Trx.TestLogger.dll'
TpTrace Verbose: 0 : 25736, 1, 2022/08/12, 13:19:35.463, 1694490906173, vstest.console.dll, TestPluginCache: Discovered the extensions using extension path ''.
TpTrace Verbose: 0 : 25736, 1, 2022/08/12, 13:19:35.463, 1694490906523, vstest.console.dll, TestPluginCache: Discoverers are ''.
TpTrace Verbose: 0 : 25736, 1, 2022/08/12, 13:19:35.463, 1694490906814, vstest.console.dll, TestPluginCache: Executors are ''.
TpTrace Verbose: 0 : 25736, 1, 2022/08/12, 13:19:35.463, 1694490907089, vstest.console.dll, TestPluginCache: Executors2 are ''.
TpTrace Verbose: 0 : 25736, 1, 2022/08/12, 13:19:35.463, 1694490907362, vstest.console.dll, TestPluginCache: Setting providers are ''.
TpTrace Verbose: 0 : 25736, 1, 2022/08/12, 13:19:35.463, 1694490907996, vstest.console.dll, TestPluginCache: Loggers are 'logger://Microsoft/TestPlatform/Extensions/Blame/v1,logger://Microsoft/TestPlatform/HtmlLogger/v1,logger://Microsoft/TestPlatform/TrxLogger/v1'.
TpTrace Verbose: 0 : 25736, 1, 2022/08/12, 13:19:35.463, 1694490908452, vstest.console.dll, TestPluginCache: TestHosts are 'HostProvider://DefaultTestHost,HostProvider://DotnetTestHost'.
TpTrace Verbose: 0 : 25736, 1, 2022/08/12, 13:19:35.463, 1694490908761, vstest.console.dll, TestPluginCache: DataCollectors are ''.
TpTrace Information: 0 : 25736, 1, 2022/08/12, 13:19:35.464, 1694490913670, vstest.console.dll, TestPluginManager.CreateTestExtension: Attempting to load test extension: Microsoft.TestPlatform.Extensions.BlameDataCollector.BlameLogger
TpTrace Verbose: 0 : 25736, 1, 2022/08/12, 13:19:35.467, 1694490952360, vstest.console.dll, TestEngine: Initializing Parallel Execution as MaxCpuCount is set to: 1
TpTrace Information: 0 : 25736, 1, 2022/08/12, 13:19:35.468, 1694490963267, vstest.console.dll, TestPluginManager.CreateTestExtension: Attempting to load test extension: Microsoft.VisualStudio.TestPlatform.CrossPlatEngine.Hosting.DefaultTestHostManager
TpTrace Information: 0 : 25736, 1, 2022/08/12, 13:19:35.469, 1694490970655, vstest.console.dll, TestPluginManager.CreateTestExtension: Attempting to load test extension: Microsoft.VisualStudio.TestPlatform.CrossPlatEngine.Hosting.DotnetTestHostManager
TpTrace Information: 0 : 25736, 1, 2022/08/12, 13:19:35.470, 1694490975005, vstest.console.dll, InferRunSettingsHelper.IsTestSettingsEnabled: Unable to navigate to RunSettings/MSTest. Current node: RunSettings
TpTrace Verbose: 0 : 25736, 1, 2022/08/12, 13:19:35.474, 1694491015224, vstest.console.dll, TestEngine.GetExecutionManager: Chosen execution manager 'Microsoft.VisualStudio.TestPlatform.CrossPlatEngine.Client.Parallel.ParallelProxyExecutionManager, Microsoft.TestPlatform.CrossPlatEngine, Version=15.0.0.0, Culture=neutral, PublicKeyToken=b03f5f7f11d50a3a' ParallelLevel '1'.
TpTrace Verbose: 0 : 25736, 1, 2022/08/12, 13:19:35.474, 1694491016228, vstest.console.dll, TestRunRequest.ExecuteAsync: Creating test run request.
TpTrace Verbose: 0 : 25736, 1, 2022/08/12, 13:19:35.474, 1694491017981, vstest.console.dll, TestRunRequest.ExecuteAsync: Starting.
TpTrace Information: 0 : 25736, 1, 2022/08/12, 13:19:35.474, 1694491020506, vstest.console.dll, TestRunRequest.ExecuteAsync: Starting run with settings:TestRunCriteria:
   KeepAlive=False,FrequencyOfRunStatsChangeEvent=10,RunStatsChangeEventTimeout=00:00:01.5000000,TestCaseFilter=,TestExecutorLauncher=
   Settingsxml=<RunSettings>
  <RunConfiguration>
    <ResultsDirectory>C:\Users\bojid\source\repos\CSharp-OOP\UnitTesting\CarManager.Tests\bin\Debug\netcoreapp3.1\fine-code-coverage\coverage-tool-output</ResultsDirectory>
    <TargetPlatform>X64</TargetPlatform>
    <TargetFrameworkVersion>.NETCoreApp,Version=v3.1</TargetFrameworkVersion>
    <DesignMode>False</DesignMode>
    <CollectSourceInformation>False</CollectSourceInformation>
  </RunConfiguration>
  <LoggerRunSettings>
    <Loggers>
      <Logger friendlyName="blame" enabled="True" />
      <Logger friendlyName="Console" uri="logger://microsoft/TestPlatform/ConsoleLogger/v1" assemblyQualifiedName="Microsoft.VisualStudio.TestPlatform.CommandLine.Internal.ConsoleLogger, vstest.console, Version=15.0.0.0, Culture=neutral, PublicKeyToken=b03f5f7f11d50a3a" codeBase="C:\Program Files\dotnet\sdk\6.0.400\vstest.console.dll" enabled="True" />
    </Loggers>
  </LoggerRunSettings>
  <DataCollectionRunSettings>
    <DataCollectors>
      <DataCollector friendlyName="blame" enabled="True">
        <Configuration>
          <ResultsDirectory>C:\Users\bojid\source\repos\CSharp-OOP\UnitTesting\CarManager.Tests\bin\Debug\netcoreapp3.1\fine-code-coverage\coverage-tool-output</ResultsDirectory>
        </Configuration>
      </DataCollector>
    </DataCollectors>
  </DataCollectionRunSettings>
</RunSettings>

TpTrace Verbose: 0 : 25736, 1, 2022/08/12, 13:19:35.474, 1694491021036, vstest.console.dll, TestRunRequest.ExecuteAsync: Wait for the first run request is over.
TpTrace Verbose: 0 : 25736, 1, 2022/08/12, 13:19:35.474, 1694491023077, vstest.console.dll, MulticastDelegateUtilities.SafeInvoke: TestRun.TestRunStart: Invoking callbacks was skipped because there are no subscribers.
TpTrace Verbose: 0 : 25736, 4, 2022/08/12, 13:19:35.475, 1694491025530, vstest.console.dll, MulticastDelegateUtilities.SafeInvoke: InternalTestLoggerEvents.SendTestRunStart: Invoking callback 1/1 for Microsoft.VisualStudio.TestPlatform.CommandLine.Internal.ConsoleLogger.TestRunStartHandler, took 0 ms.
TpTrace Verbose: 0 : 25736, 1, 2022/08/12, 13:19:35.475, 1694491030909, vstest.console.dll, ParallelProxyExecutionManager: Start execution. Total sources: 1
TpTrace Verbose: 0 : 25736, 1, 2022/08/12, 13:19:35.476, 1694491042350, vstest.console.dll, TestRequestSender is acting as server.
TpTrace Verbose: 0 : 25736, 1, 2022/08/12, 13:19:35.477, 1694491052224, vstest.console.dll, DataCollectionRequestSender.InitializeCommunication : Initialize communication. 
TpTrace Information: 0 : 25736, 1, 2022/08/12, 13:19:35.482, 1694491100287, vstest.console.dll, Listening on Endpoint : 127.0.0.1:56146
TpTrace Verbose: 0 : 25736, 1, 2022/08/12, 13:19:35.488, 1694491157438, vstest.console.dll, DotnetDataCollectionLauncher: Adding  --runtimeconfig "C:\Program Files\dotnet\sdk\6.0.400\datacollector.runtimeconfig.json" in args
TpTrace Verbose: 0 : 25736, 1, 2022/08/12, 13:19:35.488, 1694491158427, vstest.console.dll, DotnetDataCollectionLauncher: Adding  --depsfile "C:\Program Files\dotnet\sdk\6.0.400\datacollector.deps.json" in args
TpTrace Verbose: 0 : 25736, 1, 2022/08/12, 13:19:35.488, 1694491160506, vstest.console.dll, DotnetDataCollectionLauncher: Full path of dotnet.exe is C:\Program Files\dotnet\dotnet.exe
TpTrace Information: 0 : 25736, 1, 2022/08/12, 13:19:35.498, 1694491256333, vstest.console.dll, ProxyDataCollectionManager.Initialize: Launched datacollector processId: 18456 port: 56146
TpTrace Information: 0 : 25736, 1, 2022/08/12, 13:19:35.498, 1694491257562, vstest.console.dll, ProxyDataCollectionManager.Initialize: waiting for connection with timeout: 90 seconds
TpTrace Verbose: 0 : 25736, 1, 2022/08/12, 13:19:35.498, 1694491258174, vstest.console.dll, DataCollectionRequestSender.WaitForRequestHandlerConnection : Waiting for connection with timeout: 90000
TpTrace Information: 0 : 25736, 5, 2022/08/12, 13:19:35.609, 1694492367552, vstest.console.dll, Using the buffer size of 16384 bytes
TpTrace Information: 0 : 25736, 5, 2022/08/12, 13:19:35.609, 1694492368431, vstest.console.dll, Accepted Client request and set the flag
TpTrace Verbose: 0 : 25736, 1, 2022/08/12, 13:19:35.609, 1694492367997, vstest.console.dll, SocketCommunicationManager.WaitForClientConnection took: 110 ms, with 90000 ms timeout, and finished with True.
TpTrace Verbose: 0 : 25736, 1, 2022/08/12, 13:19:35.609, 1694492369938, vstest.console.dll, ProxyDataCollectionManager.InvokeDataCollectionServiceAction: Starting.
TpTrace Information: 0 : 25736, 1, 2022/08/12, 13:19:35.609, 1694492370703, vstest.console.dll, ProxyDataCollectionManager.BeforeTestRunStart: Get environment variable and port for datacollector processId: 18456 port: 56146
TpTrace Verbose: 0 : 25736, 1, 2022/08/12, 13:19:35.609, 1694492371588, vstest.console.dll, DataCollectionRequestSender.SendBeforeTestRunStartAndGetResult: Send BeforeTestRunStart message with settingsXml <RunSettings><RunConfiguration><ResultsDirectory>C:\Users\bojid\source\repos\CSharp-OOP\UnitTesting\CarManager.Tests\bin\Debug\netcoreapp3.1\fine-code-coverage\coverage-tool-output</ResultsDirectory><TargetPlatform>X64</TargetPlatform><TargetFrameworkVersion>.NETCoreApp,Version=v3.1</TargetFrameworkVersion><DesignMode>False</DesignMode><CollectSourceInformation>False</CollectSourceInformation><TestAdaptersPaths>C:\Program Files\dotnet\sdk\6.0.400\Extensions</TestAdaptersPaths></RunConfiguration><LoggerRunSettings><Loggers><Logger friendlyName="blame" enabled="True" /><Logger friendlyName="Console" uri="logger://microsoft/TestPlatform/ConsoleLogger/v1" assemblyQualifiedName="Microsoft.VisualStudio.TestPlatform.CommandLine.Internal.ConsoleLogger, vstest.console, Version=15.0.0.0, Culture=neutral, PublicKeyToken=b03f5f7f11d50a3a" codeBase="C:\Program Files\dotnet\sdk\6.0.400\vstest.console.dll" enabled="True" /></Loggers></LoggerRunSettings><DataCollectionRunSettings><DataCollectors><DataCollector friendlyName="blame" enabled="True"><Configuration><ResultsDirectory>C:\Users\bojid\source\repos\CSharp-OOP\UnitTesting\CarManager.Tests\bin\Debug\netcoreapp3.1\fine-code-coverage\coverage-tool-output</ResultsDirectory></Configuration></DataCollector></DataCollectors></DataCollectionRunSettings></RunSettings> and sources System.Collections.Generic.List`1[System.String]: 
TpTrace Verbose: 0 : 25736, 1, 2022/08/12, 13:19:35.662, 1694492896628, vstest.console.dll, DataCollectionRequestSender.SendBeforeTestRunStartAndGetResult: Received message: (DataCollection.SendMessage) -> {"MessageType":"DataCollection.SendMessage","Payload":{"FriendlyName":null,"Uri":null,"TestCaseId":"00000000-0000-0000-0000-000000000000","Message":"Logging DataCollector Diagnostics in file: C:\\Users\\bojid\\source\\repos\\CSharp-OOP\\UnitTesting\\CarManager.Tests\\bin\\Debug\\netcoreapp3.1\\fine-code-coverage\\coverage-tool-output\\diagnostics.datacollector.22-08-12_13-19-35_48819_1.log","Level":0}}
TpTrace Verbose: 0 : 25736, 1, 2022/08/12, 13:19:35.728, 1694493562399, vstest.console.dll, DataCollectionRequestSender.SendBeforeTestRunStartAndGetResult: Received message: (DataCollection.BeforeTestRunStartResult) -> {"MessageType":"DataCollection.BeforeTestRunStartResult","Payload":{"EnvironmentVariables":{},"DataCollectionEventsPort":56149}}
TpTrace Information: 0 : 25736, 1, 2022/08/12, 13:19:35.733, 1694493605040, vstest.console.dll, ProxyDataCollectionManager.BeforeTestRunStart: SendBeforeTestRunStartAndGetResult successful, env variable from datacollector:   and testhost port: 56149
TpTrace Information: 0 : 25736, 1, 2022/08/12, 13:19:35.733, 1694493605851, vstest.console.dll, ProxyDataCollectionManager.InvokeDataCollectionServiceAction: Completed.
TpTrace Verbose: 0 : 25736, 1, 2022/08/12, 13:19:35.733, 1694493607108, vstest.console.dll, ProxyParallelExecutionManager: No sources available for execution.
TpTrace Verbose: 0 : 25736, 7, 2022/08/12, 13:19:35.733, 1694493607137, vstest.console.dll, ParallelProxyExecutionManager: Execution started. Started clients: 1
TpTrace Information: 0 : 25736, 1, 2022/08/12, 13:19:35.733, 1694493607659, vstest.console.dll, TestRunRequest.ExecuteAsync: Started.
TpTrace Verbose: 0 : 25736, 1, 2022/08/12, 13:19:35.733, 1694493608837, vstest.console.dll, TestRunRequest.WaitForCompletion: Waiting with timeout -1.
TpTrace Verbose: 0 : 25736, 7, 2022/08/12, 13:19:35.733, 1694493609779, vstest.console.dll, TestRunRequest:SendTestRunMessage: Starting.
TpTrace Verbose: 0 : 25736, 7, 2022/08/12, 13:19:35.733, 1694493611017, vstest.console.dll, MulticastDelegateUtilities.SafeInvoke: TestRun.LogMessages: Invoking callback 1/1 for Microsoft.VisualStudio.TestPlatform.CommandLine.TestRunResultAggregator.TestRunMessageHandler, took 0 ms.
TpTrace Verbose: 0 : 25736, 4, 2022/08/12, 13:19:35.733, 1694493611372, vstest.console.dll, MulticastDelegateUtilities.SafeInvoke: InternalTestLoggerEvents.SendTestRunMessage: Invoking callback 1/1 for Microsoft.VisualStudio.TestPlatform.CommandLine.Internal.ConsoleLogger.TestMessageHandler, took 0 ms.
TpTrace Information: 0 : 25736, 7, 2022/08/12, 13:19:35.733, 1694493611480, vstest.console.dll, TestRunRequest:SendTestRunMessage: Completed.
TpTrace Verbose: 0 : 25736, 7, 2022/08/12, 13:19:35.733, 1694493613662, vstest.console.dll, ProxyExecutionManager: Test host is always Lazy initialize.
TpTrace Verbose: 0 : 25736, 7, 2022/08/12, 13:19:35.734, 1694493615372, vstest.console.dll, TestRequestSender.InitializeCommunication: initialize communication. 
TpTrace Information: 0 : 25736, 7, 2022/08/12, 13:19:35.734, 1694493619709, vstest.console.dll, SocketServer.Start: Listening on endpoint : 127.0.0.1:56150
TpTrace Verbose: 0 : 25736, 7, 2022/08/12, 13:19:35.735, 1694493624363, vstest.console.dll, DotnetTestHostmanager.GetTestHostProcessStartInfo: Platform environment 'X64' target architecture 'X64' framework '.NETCoreApp,Version=v3.1' OS 'Windows'
TpTrace Verbose: 0 : 25736, 7, 2022/08/12, 13:19:35.735, 1694493626157, vstest.console.dll, DotnetTestHostmanager: Adding  --runtimeconfig "C:\Users\bojid\source\repos\CSharp-OOP\UnitTesting\CarManager.Tests\bin\Debug\netcoreapp3.1\fine-code-coverage\build-output\CarManager.Tests.runtimeconfig.json" in args
TpTrace Verbose: 0 : 25736, 7, 2022/08/12, 13:19:35.735, 1694493627046, vstest.console.dll, DotnetTestHostmanager: Adding  --depsfile "C:\Users\bojid\source\repos\CSharp-OOP\UnitTesting\CarManager.Tests\bin\Debug\netcoreapp3.1\fine-code-coverage\build-output\CarManager.Tests.deps.json" in args
TpTrace Verbose: 0 : 25736, 7, 2022/08/12, 13:19:35.735, 1694493628356, vstest.console.dll, DotnetTestHostmanager.IsWinOnArm: Current PROCESSOR_ARCHITECTURE from environment variable 'AMD64'
TpTrace Verbose: 0 : 25736, 7, 2022/08/12, 13:19:35.735, 1694493628884, vstest.console.dll, DotnetTestHostmanager.IsWinOnArm: Is Windows on ARM 'False'
TpTrace Verbose: 0 : 25736, 7, 2022/08/12, 13:19:35.735, 1694493629674, vstest.console.dll, DotnetTestHostManager: testhost.exe found at path: C:\Users\bojid\source\repos\CSharp-OOP\UnitTesting\CarManager.Tests\bin\Debug\netcoreapp3.1\fine-code-coverage\build-output\testhost.exe
TpTrace Verbose: 0 : 25736, 7, 2022/08/12, 13:19:35.735, 1694493630144, vstest.console.dll, DotnetTestHostmanager: Full path of host exe is C:\Users\bojid\source\repos\CSharp-OOP\UnitTesting\CarManager.Tests\bin\Debug\netcoreapp3.1\fine-code-coverage\build-output\testhost.exe
TpTrace Verbose: 0 : 25736, 7, 2022/08/12, 13:19:35.735, 1694493631081, vstest.console.dll, DotnetTestHostmanager.LaunchTestHostAsync: Found 'VSTEST_WINAPPHOST_DOTNET_ROOT' in env variables, value 'C:\Program Files\dotnet', forwarding to 'DOTNET_ROOT'
TpTrace Verbose: 0 : 25736, 7, 2022/08/12, 13:19:35.735, 1694493632170, vstest.console.dll, DotnetTestHostManager: Starting process 'C:\Users\bojid\source\repos\CSharp-OOP\UnitTesting\CarManager.Tests\bin\Debug\netcoreapp3.1\fine-code-coverage\build-output\testhost.exe' with command line ' --runtimeconfig "C:\Users\bojid\source\repos\CSharp-OOP\UnitTesting\CarManager.Tests\bin\Debug\netcoreapp3.1\fine-code-coverage\build-output\CarManager.Tests.runtimeconfig.json" --depsfile "C:\Users\bojid\source\repos\CSharp-OOP\UnitTesting\CarManager.Tests\bin\Debug\netcoreapp3.1\fine-code-coverage\build-output\CarManager.Tests.deps.json" --port 56150 --endpoint 127.0.0.1:056150 --role client --parentprocessid 25736 --diag "C:\Users\bojid\source\repos\CSharp-OOP\UnitTesting\CarManager.Tests\bin\Debug\netcoreapp3.1\fine-code-coverage\coverage-tool-output\diagnostics.host.22-08-12_13-19-35_73485_7.log" --tracelevel 4 --datacollectionport 56149 --telemetryoptedin false'
TpTrace Verbose: 0 : 25736, 7, 2022/08/12, 13:19:35.744, 1694493718004, vstest.console.dll, MulticastDelegateUtilities.SafeInvoke: HostProviderEvents.OnHostLaunched: Invoking callback 1/2 for Microsoft.VisualStudio.TestPlatform.CrossPlatEngine.Client.ProxyExecutionManagerWithDataCollection.TestHostLaunchedHandler, took 0 ms.
TpTrace Verbose: 0 : 25736, 7, 2022/08/12, 13:19:35.744, 1694493718946, vstest.console.dll, Test Runtime launched
TpTrace Verbose: 0 : 25736, 7, 2022/08/12, 13:19:35.744, 1694493719417, vstest.console.dll, MulticastDelegateUtilities.SafeInvoke: HostProviderEvents.OnHostLaunched: Invoking callback 2/2 for Microsoft.VisualStudio.TestPlatform.CrossPlatEngine.Client.ProxyOperationManager.TestHostManagerHostLaunched, took 0 ms.
TpTrace Verbose: 0 : 25736, 7, 2022/08/12, 13:19:35.744, 1694493720509, vstest.console.dll, TestRequestSender.WaitForRequestHandlerConnection: waiting for connection with timeout: 90000.
TpTrace Verbose: 0 : 25736, 13, 2022/08/12, 13:19:35.895, 1694495228534, vstest.console.dll, MulticastDelegateUtilities.SafeInvoke: SocketServer: ClientConnected: Invoking callback 1/1 for Microsoft.VisualStudio.TestPlatform.CommunicationUtilities.TestRequestSender.<InitializeCommunication>b__24_0, took 0 ms.
TpTrace Verbose: 0 : 25736, 13, 2022/08/12, 13:19:35.895, 1694495229333, vstest.console.dll, SocketServer.OnClientConnected: Client connected for endPoint: 127.0.0.1:56150, starting MessageLoopAsync:
TpTrace Verbose: 0 : 25736, 7, 2022/08/12, 13:19:35.895, 1694495228762, vstest.console.dll, TestRequestSender.WaitForRequestHandlerConnection: waiting took 150 ms, with timeout 90000 ms, and result 0, which is success.
TpTrace Verbose: 0 : 25736, 13, 2022/08/12, 13:19:35.895, 1694495233161, vstest.console.dll, TcpClientExtensions.MessageLoopAsync: Polling on remoteEndPoint: 127.0.0.1:56151 localEndPoint: 127.0.0.1:56150
TpTrace Verbose: 0 : 25736, 7, 2022/08/12, 13:19:35.896, 1694495236396, vstest.console.dll, TestRequestSender.CheckVersionWithTestHost: Sending check version message: {"MessageType":"ProtocolVersion","Payload":7}
TpTrace Verbose: 0 : 25736, 13, 2022/08/12, 13:19:36.013, 1694496406586, vstest.console.dll, TcpClientExtensions.MessageLoopAsync: NotifyDataAvailable remoteEndPoint: 127.0.0.1:56151 localEndPoint: 127.0.0.1:56150
TpTrace Verbose: 0 : 25736, 13, 2022/08/12, 13:19:36.013, 1694496408518, vstest.console.dll, TestRequestSender.CheckVersionWithTestHost: onMessageReceived received message: (ProtocolVersion) -> {"MessageType":"ProtocolVersion","Payload":5}
TpTrace Verbose: 0 : 25736, 13, 2022/08/12, 13:19:36.014, 1694496414193, vstest.console.dll, MulticastDelegateUtilities.SafeInvoke: LengthPrefixCommunicationChannel: MessageReceived: Invoking callback 1/1 for Microsoft.VisualStudio.TestPlatform.CommunicationUtilities.TestRequestSender+<>c__DisplayClass26_0.<CheckVersionWithTestHost>b__0, took 0 ms.
TpTrace Verbose: 0 : 25736, 13, 2022/08/12, 13:19:36.014, 1694496414955, vstest.console.dll, TcpClientExtensions.MessageLoopAsync: Polling on remoteEndPoint: 127.0.0.1:56151 localEndPoint: 127.0.0.1:56150
TpTrace Verbose: 0 : 25736, 7, 2022/08/12, 13:19:36.014, 1694496415016, vstest.console.dll, TestPluginCache.GetExtensionPaths: Filtered extension paths: 
TpTrace Verbose: 0 : 25736, 7, 2022/08/12, 13:19:36.014, 1694496415708, vstest.console.dll, TestPluginCache.GetExtensionPaths: Added default extension paths: C:\Program Files\dotnet\sdk\6.0.400\Extensions\Microsoft.Diagnostics.NETCore.Client.dll
C:\Program Files\dotnet\sdk\6.0.400\Extensions\Microsoft.TestPlatform.Extensions.BlameDataCollector.dll
C:\Program Files\dotnet\sdk\6.0.400\Extensions\Microsoft.TestPlatform.Extensions.EventLogCollector.dll
C:\Program Files\dotnet\sdk\6.0.400\Extensions\Microsoft.TestPlatform.TestHostRuntimeProvider.dll
C:\Program Files\dotnet\sdk\6.0.400\Extensions\Microsoft.VisualStudio.TestPlatform.Extensions.Html.TestLogger.dll
C:\Program Files\dotnet\sdk\6.0.400\Extensions\Microsoft.VisualStudio.TestPlatform.Extensions.Trx.TestLogger.dll
TpTrace Verbose: 0 : 25736, 7, 2022/08/12, 13:19:36.014, 1694496416338, vstest.console.dll, TestPluginCache.GetExtensionPaths: Added unfilterableExtensionPaths: 
TpTrace Verbose: 0 : 25736, 7, 2022/08/12, 13:19:36.016, 1694496441669, vstest.console.dll, TestRequestSender.InitializeExecution: Sending initialize execution with message: {"Version":5,"MessageType":"TestExecution.Initialize","Payload":["C:\\Users\\bojid\\source\\repos\\CSharp-OOP\\UnitTesting\\CarManager.Tests\\bin\\Debug\\netcoreapp3.1\\fine-code-coverage\\build-output\\NUnit3.TestAdapter.dll"]}
TpTrace Warning: 0 : 25736, 7, 2022/08/12, 13:19:36.017, 1694496445815, vstest.console.dll, InferRunSettingsHelper.MakeRunsettingsCompatible: Removing the following settings: TargetPlatform from RunSettings file. To use those settings please move to latest version of Microsoft.NET.Test.Sdk
TpTrace Verbose: 0 : 25736, 13, 2022/08/12, 13:19:36.022, 1694496503213, vstest.console.dll, TcpClientExtensions.MessageLoopAsync: NotifyDataAvailable remoteEndPoint: 127.0.0.1:56151 localEndPoint: 127.0.0.1:56150
TpTrace Verbose: 0 : 25736, 13, 2022/08/12, 13:19:36.023, 1694496504444, vstest.console.dll, TestRequestSender.OnExecutionMessageReceived: Received message: {"Version":5,"MessageType":"TestSession.Message","Payload":{"MessageLevel":0,"Message":"Logging TestHost Diagnostics in file: C:\\Users\\bojid\\source\\repos\\CSharp-OOP\\UnitTesting\\CarManager.Tests\\bin\\Debug\\netcoreapp3.1\\fine-code-coverage\\coverage-tool-output\\diagnostics.host.22-08-12_13-19-35_73485_7.log"}}
TpTrace Verbose: 0 : 25736, 7, 2022/08/12, 13:19:36.023, 1694496513067, vstest.console.dll, TestRequestSender.StartTestRun: Sending test run with message: {"Version":5,"MessageType":"TestExecution.StartWithSources","Payload":{"AdapterSourceMap":{"_none_":["C:\\Users\\bojid\\source\\repos\\CSharp-OOP\\UnitTesting\\CarManager.Tests\\bin\\Debug\\netcoreapp3.1\\fine-code-coverage\\build-output\\CarManager.Tests.dll"]},"RunSettings":"<RunSettings>\r\n  <RunConfiguration>\r\n    <ResultsDirectory>C:\\Users\\bojid\\source\\repos\\CSharp-OOP\\UnitTesting\\CarManager.Tests\\bin\\Debug\\netcoreapp3.1\\fine-code-coverage\\coverage-tool-output</ResultsDirectory>\r\n    <TargetFrameworkVersion>.NETCoreApp,Version=v3.1</TargetFrameworkVersion>\r\n    <DesignMode>False</DesignMode>\r\n    <CollectSourceInformation>False</CollectSourceInformation>\r\n  </RunConfiguration>\r\n  <LoggerRunSettings>\r\n    <Loggers>\r\n      <Logger friendlyName=\"blame\" enabled=\"True\" />\r\n      <Logger friendlyName=\"Console\" uri=\"logger://microsoft/TestPlatform/ConsoleLogger/v1\" assemblyQualifiedName=\"Microsoft.VisualStudio.TestPlatform.CommandLine.Internal.ConsoleLogger, vstest.console, Version=15.0.0.0, Culture=neutral, PublicKeyToken=b03f5f7f11d50a3a\" codeBase=\"C:\\Program Files\\dotnet\\sdk\\6.0.400\\vstest.console.dll\" enabled=\"True\" />\r\n    </Loggers>\r\n  </LoggerRunSettings>\r\n  <DataCollectionRunSettings>\r\n    <DataCollectors>\r\n      <DataCollector friendlyName=\"blame\" enabled=\"True\">\r\n        <Configuration>\r\n          <ResultsDirectory>C:\\Users\\bojid\\source\\repos\\CSharp-OOP\\UnitTesting\\CarManager.Tests\\bin\\Debug\\netcoreapp3.1\\fine-code-coverage\\coverage-tool-output</ResultsDirectory>\r\n        </Configuration>\r\n      </DataCollector>\r\n    </DataCollectors>\r\n  </DataCollectionRunSettings>\r\n</RunSettings>","TestExecutionContext":{"FrequencyOfRunStatsChangeEvent":10,"RunStatsChangeEventTimeout":"00:00:01.5000000","InIsolation":false,"KeepAlive":false,"AreTestCaseLevelEventsRequired":false,"IsDebug":false,"TestCaseFilter":null,"FilterOptions":null},"Package":null}}
TpTrace Verbose: 0 : 25736, 13, 2022/08/12, 13:19:36.024, 1694496523487, vstest.console.dll, TestRunRequest:SendTestRunMessage: Starting.
TpTrace Verbose: 0 : 25736, 13, 2022/08/12, 13:19:36.025, 1694496524485, vstest.console.dll, MulticastDelegateUtilities.SafeInvoke: TestRun.LogMessages: Invoking callback 1/1 for Microsoft.VisualStudio.TestPlatform.CommandLine.TestRunResultAggregator.TestRunMessageHandler, took 0 ms.
TpTrace Information: 0 : 25736, 13, 2022/08/12, 13:19:36.025, 1694496524841, vstest.console.dll, TestRunRequest:SendTestRunMessage: Completed.
TpTrace Verbose: 0 : 25736, 4, 2022/08/12, 13:19:36.025, 1694496524971, vstest.console.dll, MulticastDelegateUtilities.SafeInvoke: InternalTestLoggerEvents.SendTestRunMessage: Invoking callback 1/1 for Microsoft.VisualStudio.TestPlatform.CommandLine.Internal.ConsoleLogger.TestMessageHandler, took 0 ms.
TpTrace Verbose: 0 : 25736, 13, 2022/08/12, 13:19:36.025, 1694496525272, vstest.console.dll, MulticastDelegateUtilities.SafeInvoke: LengthPrefixCommunicationChannel: MessageReceived: Invoking callback 1/1 for Microsoft.VisualStudio.TestPlatform.CommunicationUtilities.TestRequestSender+<>c__DisplayClass31_0.<StartTestRun>b__1, took 2 ms.
TpTrace Verbose: 0 : 25736, 13, 2022/08/12, 13:19:36.025, 1694496527356, vstest.console.dll, TcpClientExtensions.MessageLoopAsync: Polling on remoteEndPoint: 127.0.0.1:56151 localEndPoint: 127.0.0.1:56150
TpTrace Verbose: 0 : 25736, 13, 2022/08/12, 13:19:36.160, 1694497879938, vstest.console.dll, TcpClientExtensions.MessageLoopAsync: NotifyDataAvailable remoteEndPoint: 127.0.0.1:56151 localEndPoint: 127.0.0.1:56150
TpTrace Verbose: 0 : 25736, 13, 2022/08/12, 13:19:36.161, 1694497890119, vstest.console.dll, TestRequestSender.OnExecutionMessageReceived: Received message: {"Version":5,"MessageType":"TestSession.Message","Payload":{"MessageLevel":0,"Message":"NUnit Adapter 4.2.0.0: Test execution started"}}
TpTrace Verbose: 0 : 25736, 13, 2022/08/12, 13:19:36.161, 1694497891673, vstest.console.dll, TestRunRequest:SendTestRunMessage: Starting.
TpTrace Verbose: 0 : 25736, 13, 2022/08/12, 13:19:36.161, 1694497892325, vstest.console.dll, MulticastDelegateUtilities.SafeInvoke: TestRun.LogMessages: Invoking callback 1/1 for Microsoft.VisualStudio.TestPlatform.CommandLine.TestRunResultAggregator.TestRunMessageHandler, took 0 ms.
TpTrace Information: 0 : 25736, 13, 2022/08/12, 13:19:36.161, 1694497892683, vstest.console.dll, TestRunRequest:SendTestRunMessage: Completed.
TpTrace Verbose: 0 : 25736, 4, 2022/08/12, 13:19:36.161, 1694497892853, vstest.console.dll, MulticastDelegateUtilities.SafeInvoke: InternalTestLoggerEvents.SendTestRunMessage: Invoking callback 1/1 for Microsoft.VisualStudio.TestPlatform.CommandLine.Internal.ConsoleLogger.TestMessageHandler, took 0 ms.
TpTrace Verbose: 0 : 25736, 13, 2022/08/12, 13:19:36.161, 1694497893081, vstest.console.dll, MulticastDelegateUtilities.SafeInvoke: LengthPrefixCommunicationChannel: MessageReceived: Invoking callback 1/1 for Microsoft.VisualStudio.TestPlatform.CommunicationUtilities.TestRequestSender+<>c__DisplayClass31_0.<StartTestRun>b__1, took 0 ms.
TpTrace Verbose: 0 : 25736, 13, 2022/08/12, 13:19:36.162, 1694497894324, vstest.console.dll, TcpClientExtensions.MessageLoopAsync: Polling on remoteEndPoint: 127.0.0.1:56151 localEndPoint: 127.0.0.1:56150
TpTrace Verbose: 0 : 25736, 13, 2022/08/12, 13:19:36.185, 1694498126674, vstest.console.dll, TcpClientExtensions.MessageLoopAsync: NotifyDataAvailable remoteEndPoint: 127.0.0.1:56151 localEndPoint: 127.0.0.1:56150
TpTrace Verbose: 0 : 25736, 13, 2022/08/12, 13:19:36.185, 1694498127980, vstest.console.dll, TestRequestSender.OnExecutionMessageReceived: Received message: {"Version":5,"MessageType":"TestSession.Message","Payload":{"MessageLevel":0,"Message":"Running all tests in C:\\Users\\bojid\\source\\repos\\CSharp-OOP\\UnitTesting\\CarManager.Tests\\bin\\Debug\\netcoreapp3.1\\fine-code-coverage\\build-output\\CarManager.Tests.dll"}}
TpTrace Verbose: 0 : 25736, 13, 2022/08/12, 13:19:36.188, 1694498160178, vstest.console.dll, TestRunRequest:SendTestRunMessage: Starting.
TpTrace Verbose: 0 : 25736, 13, 2022/08/12, 13:19:36.188, 1694498161469, vstest.console.dll, MulticastDelegateUtilities.SafeInvoke: TestRun.LogMessages: Invoking callback 1/1 for Microsoft.VisualStudio.TestPlatform.CommandLine.TestRunResultAggregator.TestRunMessageHandler, took 0 ms.
TpTrace Information: 0 : 25736, 13, 2022/08/12, 13:19:36.188, 1694498161890, vstest.console.dll, TestRunRequest:SendTestRunMessage: Completed.
TpTrace Verbose: 0 : 25736, 4, 2022/08/12, 13:19:36.188, 1694498161906, vstest.console.dll, MulticastDelegateUtilities.SafeInvoke: InternalTestLoggerEvents.SendTestRunMessage: Invoking callback 1/1 for Microsoft.VisualStudio.TestPlatform.CommandLine.Internal.ConsoleLogger.TestMessageHandler, took 0 ms.
TpTrace Verbose: 0 : 25736, 13, 2022/08/12, 13:19:36.188, 1694498162295, vstest.console.dll, MulticastDelegateUtilities.SafeInvoke: LengthPrefixCommunicationChannel: MessageReceived: Invoking callback 1/1 for Microsoft.VisualStudio.TestPlatform.CommunicationUtilities.TestRequestSender+<>c__DisplayClass31_0.<StartTestRun>b__1, took 3 ms.
TpTrace Verbose: 0 : 25736, 13, 2022/08/12, 13:19:36.188, 1694498163614, vstest.console.dll, TcpClientExtensions.MessageLoopAsync: Polling on remoteEndPoint: 127.0.0.1:56151 localEndPoint: 127.0.0.1:56150
TpTrace Verbose: 0 : 25736, 13, 2022/08/12, 13:19:36.564, 1694501920150, vstest.console.dll, TcpClientExtensions.MessageLoopAsync: NotifyDataAvailable remoteEndPoint: 127.0.0.1:56151 localEndPoint: 127.0.0.1:56150
TpTrace Verbose: 0 : 25736, 13, 2022/08/12, 13:19:36.564, 1694501921633, vstest.console.dll, TestRequestSender.OnExecutionMessageReceived: Received message: {"Version":5,"MessageType":"TestSession.Message","Payload":{"MessageLevel":0,"Message":"   NUnit3TestExecutor discovered 18 of 18 NUnit test cases using Current Discovery mode, Non-Explicit run"}}
TpTrace Verbose: 0 : 25736, 13, 2022/08/12, 13:19:36.564, 1694501922697, vstest.console.dll, TestRunRequest:SendTestRunMessage: Starting.
TpTrace Verbose: 0 : 25736, 13, 2022/08/12, 13:19:36.565, 1694501923694, vstest.console.dll, MulticastDelegateUtilities.SafeInvoke: TestRun.LogMessages: Invoking callback 1/1 for Microsoft.VisualStudio.TestPlatform.CommandLine.TestRunResultAggregator.TestRunMessageHandler, took 0 ms.
TpTrace Verbose: 0 : 25736, 4, 2022/08/12, 13:19:36.565, 1694501923907, vstest.console.dll, MulticastDelegateUtilities.SafeInvoke: InternalTestLoggerEvents.SendTestRunMessage: Invoking callback 1/1 for Microsoft.VisualStudio.TestPlatform.CommandLine.Internal.ConsoleLogger.TestMessageHandler, took 0 ms.
TpTrace Information: 0 : 25736, 13, 2022/08/12, 13:19:36.565, 1694501924983, vstest.console.dll, TestRunRequest:SendTestRunMessage: Completed.
TpTrace Verbose: 0 : 25736, 13, 2022/08/12, 13:19:36.565, 1694501925855, vstest.console.dll, MulticastDelegateUtilities.SafeInvoke: LengthPrefixCommunicationChannel: MessageReceived: Invoking callback 1/1 for Microsoft.VisualStudio.TestPlatform.CommunicationUtilities.TestRequestSender+<>c__DisplayClass31_0.<StartTestRun>b__1, took 0 ms.
TpTrace Verbose: 0 : 25736, 13, 2022/08/12, 13:19:36.565, 1694501926256, vstest.console.dll, TcpClientExtensions.MessageLoopAsync: Polling on remoteEndPoint: 127.0.0.1:56151 localEndPoint: 127.0.0.1:56150
TpTrace Verbose: 0 : 25736, 13, 2022/08/12, 13:19:36.957, 1694505847705, vstest.console.dll, TcpClientExtensions.MessageLoopAsync: NotifyDataAvailable remoteEndPoint: 127.0.0.1:56151 localEndPoint: 127.0.0.1:56150
TpTrace Verbose: 0 : 25736, 13, 2022/08/12, 13:19:36.957, 1694505849923, vstest.console.dll, TestRequestSender.OnExecutionMessageReceived: Received message: {"Version":5,"MessageType":"TestExecution.StatsChange","Payload":{"NewTestResults":[{"TestCase":{"Id":"67baab65-bd26-4831-1fbd-7da931a2af91","FullyQualifiedName":"CarManager.Tests.CarManagerTests.Ctor_CreateCar_WhenDataIsValid","DisplayName":"Ctor_CreateCar_WhenDataIsValid","ExecutorUri":"executor://NUnit3TestExecutor","Source":"C:\\Users\\bojid\\source\\repos\\CSharp-OOP\\UnitTesting\\CarManager.Tests\\bin\\Debug\\netcoreapp3.1\\fine-code-coverage\\build-output\\CarManager.Tests.dll","CodeFilePath":null,"LineNumber":0,"Properties":[{"Key":{"Id":"NUnit.Seed","Label":"Seed","Category":"","Description":"","Attributes":0,"ValueType":"System.String"},"Value":"44537683"}]},"Attachments":[],"Outcome":1,"ErrorMessage":null,"ErrorStackTrace":null,"DisplayName":"Ctor_CreateCar_WhenDataIsValid","Messages":[],"ComputerName":"MSI","Duration":"00:00:00.2815390","StartTime":"2022-08-12T10:19:36.5905687+00:00","EndTime":"2022-08-12T10:19:36.8720211+00:00","Properties":[{"Key":{"Id":"NUnit.Seed","Label":"Seed","Category":"","Description":"","Attributes":0,"ValueType":"System.String"},"Value":"44537683"}]},{"TestCase":{"Id":"b1b8c72e-a22e-107d-2ebc-d93fd6405b82","FullyQualifiedName":"CarManager.Tests.CarManagerTests.Ctor_ThrowException_WhenDataIsNotValid(\"\",\"Model\",10,20)","DisplayName":"Ctor_ThrowException_WhenDataIsNotValid(\"\",\"Model\",10,20)","ExecutorUri":"executor://NUnit3TestExecutor","Source":"C:\\Users\\bojid\\source\\repos\\CSharp-OOP\\UnitTesting\\CarManager.Tests\\bin\\Debug\\netcoreapp3.1\\fine-code-coverage\\build-output\\CarManager.Tests.dll","CodeFilePath":null,"LineNumber":0,"Properties":[{"Key":{"Id":"NUnit.Seed","Label":"Seed","Category":"","Description":"","Attributes":0,"ValueType":"System.String"},"Value":"494850712"}]},"Attachments":[],"Outcome":1,"ErrorMessage":null,"ErrorStackTrace":null,"DisplayName":"Ctor_ThrowException_WhenDataIsNotValid(\"\",\"Model\",10,20)","Messages":[],"ComputerName":"MSI","Duration":"00:00:00.0043990","StartTime":"2022-08-12T10:19:36.8736256+00:00","EndTime":"2022-08-12T10:19:36.878023+00:00","Properties":[{"Key":{"Id":"NUnit.Seed","Label":"Seed","Category":"","Description":"","Attributes":0,"ValueType":"System.String"},"Value":"494850712"}]},{"TestCase":{"Id":"e48b2085-8a77-09ee-f82b-b7d459df8124","FullyQualifiedName":"CarManager.Tests.CarManagerTests.Ctor_ThrowException_WhenDataIsNotValid(null,\"Model\",10,20)","DisplayName":"Ctor_ThrowException_WhenDataIsNotValid(null,\"Model\",10,20)","ExecutorUri":"executor://NUnit3TestExecutor","Source":"C:\\Users\\bojid\\source\\repos\\CSharp-OOP\\UnitTesting\\CarManager.Tests\\bin\\Debug\\netcoreapp3.1\\fine-code-coverage\\build-output\\CarManager.Tests.dll","CodeFilePath":null,"LineNumber":0,"Properties":[{"Key":{"Id":"NUnit.Seed","Label":"Seed","Category":"","Description":"","Attributes":0,"ValueType":"System.String"},"Value":"2007219326"}]},"Attachments":[],"Outcome":1,"ErrorMessage":null,"ErrorStackTrace":null,"DisplayName":"Ctor_ThrowException_WhenDataIsNotValid(null,\"Model\",10,20)","Messages":[],"ComputerName":"MSI","Duration":"00:00:00.0001010","StartTime":"2022-08-12T10:19:36.8780527+00:00","EndTime":"2022-08-12T10:19:36.8781537+00:00","Properties":[{"Key":{"Id":"NUnit.Seed","Label":"Seed","Category":"","Description":"","Attributes":0,"ValueType":"System.String"},"Value":"2007219326"}]},{"TestCase":{"Id":"d47f7f51-72a7-8f12-13a0-e0892dc9e1e2","FullyQualifiedName":"CarManager.Tests.CarManagerTests.Ctor_ThrowException_WhenDataIsNotValid(\"Make\",\"\",10,20)","DisplayName":"Ctor_ThrowException_WhenDataIsNotValid(\"Make\",\"\",10,20)","ExecutorUri":"executor://NUnit3TestExecutor","Source":"C:\\Users\\bojid\\source\\repos\\CSharp-OOP\\UnitTesting\\CarManager.Tests\\bin\\Debug\\netcoreapp3.1\\fine-code-coverage\\build-output\\CarManager.Tests.dll","CodeFilePath":null,"LineNumber":0,"Properties":[{"Key":{"Id":"NUnit.Seed","Label":"Seed","Category":"","Description":"","Attributes":0,"ValueType":"System.String"},"Value":"632050759"}]},"Attachments":[],"Outcome":1,"ErrorMessage":null,"ErrorStackTrace":null,"DisplayName":"Ctor_ThrowException_WhenDataIsNotValid(\"Make\",\"\",10,20)","Messages":[],"ComputerName":"MSI","Duration":"00:00:00.0000520","StartTime":"2022-08-12T10:19:36.8781618+00:00","EndTime":"2022-08-12T10:19:36.8782139+00:00","Properties":[{"Key":{"Id":"NUnit.Seed","Label":"Seed","Category":"","Description":"","Attributes":0,"ValueType":"System.String"},"Value":"632050759"}]},{"TestCase":{"Id":"885e8ed6-764a-898b-862b-de785ba73618","FullyQualifiedName":"CarManager.Tests.CarManagerTests.Ctor_ThrowException_WhenDataIsNotValid(\"Make\",null,10,20)","DisplayName":"Ctor_ThrowException_WhenDataIsNotValid(\"Make\",null,10,20)","ExecutorUri":"executor://NUnit3TestExecutor","Source":"C:\\Users\\bojid\\source\\repos\\CSharp-OOP\\UnitTesting\\CarManager.Tests\\bin\\Debug\\netcoreapp3.1\\fine-code-coverage\\build-output\\CarManager.Tests.dll","CodeFilePath":null,"LineNumber":0,"Properties":[{"Key":{"Id":"NUnit.Seed","Label":"Seed","Category":"","Description":"","Attributes":0,"ValueType":"System.String"},"Value":"1924403574"}]},"Attachments":[],"Outcome":1,"ErrorMessage":null,"ErrorStackTrace":null,"DisplayName":"Ctor_ThrowException_WhenDataIsNotValid(\"Make\",null,10,20)","Messages":[],"ComputerName":"MSI","Duration":"00:00:00.0000420","StartTime":"2022-08-12T10:19:36.8782207+00:00","EndTime":"2022-08-12T10:19:36.8782622+00:00","Properties":[{"Key":{"Id":"NUnit.Seed","Label":"Seed","Category":"","Description":"","Attributes":0,"ValueType":"System.String"},"Value":"1924403574"}]},{"TestCase":{"Id":"6c2a3313-1ab8-0261-3261-66815e7ddb21","FullyQualifiedName":"CarManager.Tests.CarManagerTests.Ctor_ThrowException_WhenDataIsNotValid(\"Make\",\"Model\",0,20)","DisplayName":"Ctor_ThrowException_WhenDataIsNotValid(\"Make\",\"Model\",0,20)","ExecutorUri":"executor://NUnit3TestExecutor","Source":"C:\\Users\\bojid\\source\\repos\\CSharp-OOP\\UnitTesting\\CarManager.Tests\\bin\\Debug\\netcoreapp3.1\\fine-code-coverage\\build-output\\CarManager.Tests.dll","CodeFilePath":null,"LineNumber":0,"Properties":[{"Key":{"Id":"NUnit.Seed","Label":"Seed","Category":"","Description":"","Attributes":0,"ValueType":"System.String"},"Value":"749330069"}]},"Attachments":[],"Outcome":1,"ErrorMessage":null,"ErrorStackTrace":null,"DisplayName":"Ctor_ThrowException_WhenDataIsNotValid(\"Make\",\"Model\",0,20)","Messages":[],"ComputerName":"MSI","Duration":"00:00:00.0000390","StartTime":"2022-08-12T10:19:36.8782729+00:00","EndTime":"2022-08-12T10:19:36.8783115+00:00","Properties":[{"Key":{"Id":"NUnit.Seed","Label":"Seed","Category":"","Description":"","Attributes":0,"ValueType":"System.String"},"Value":"749330069"}]},{"TestCase":{"Id":"5e85a4e2-7397-cfb1-e801-75815b1679c3","FullyQualifiedName":"CarManager.Tests.CarManagerTests.Ctor_ThrowException_WhenDataIsNotValid(\"Make\",\"Model\",-10,20)","DisplayName":"Ctor_ThrowException_WhenDataIsNotValid(\"Make\",\"Model\",-10,20)","ExecutorUri":"executor://NUnit3TestExecutor","Source":"C:\\Users\\bojid\\source\\repos\\CSharp-OOP\\UnitTesting\\CarManager.Tests\\bin\\Debug\\netcoreapp3.1\\fine-code-coverage\\build-output\\CarManager.Tests.dll","CodeFilePath":null,"LineNumber":0,"Properties":[{"Key":{"Id":"NUnit.Seed","Label":"Seed","Category":"","Description":"","Attributes":0,"ValueType":"System.String"},"Value":"951314576"}]},"Attachments":[],"Outcome":1,"ErrorMessage":null,"ErrorStackTrace":null,"DisplayName":"Ctor_ThrowException_WhenDataIsNotValid(\"Make\",\"Model\",-10,20)","Messages":[],"ComputerName":"MSI","Duration":"00:00:00.0000420","StartTime":"2022-08-12T10:19:36.8783181+00:00","EndTime":"2022-08-12T10:19:36.8783596+00:00","Properties":[{"Key":{"Id":"NUnit.Seed","Label":"Seed","Category":"","Description":"","Attributes":0,"ValueType":"System.String"},"Value":"951314576"}]},{"TestCase":{"Id":"8b873322-0602-221a-11bb-3657cde5fca8","FullyQualifiedName":"CarManager.Tests.CarManagerTests.Ctor_ThrowException_WhenDataIsNotValid(\"Make\",\"Model\",10,0)","DisplayName":"Ctor_ThrowException_WhenDataIsNotValid(\"Make\",\"Model\",10,0)","ExecutorUri":"executor://NUnit3TestExecutor","Source":"C:\\Users\\bojid\\source\\repos\\CSharp-OOP\\UnitTesting\\CarManager.Tests\\bin\\Debug\\netcoreapp3.1\\fine-code-coverage\\build-output\\CarManager.Tests.dll","CodeFilePath":null,"LineNumber":0,"Properties":[{"Key":{"Id":"NUnit.Seed","Label":"Seed","Category":"","Description":"","Attributes":0,"ValueType":"System.String"},"Value":"1260695575"}]},"Attachments":[],"Outcome":1,"ErrorMessage":null,"ErrorStackTrace":null,"DisplayName":"Ctor_ThrowException_WhenDataIsNotValid(\"Make\",\"Model\",10,0)","Messages":[],"ComputerName":"MSI","Duration":"00:00:00.0000390","StartTime":"2022-08-12T10:19:36.8783662+00:00","EndTime":"2022-08-12T10:19:36.8784052+00:00","Properties":[{"Key":{"Id":"NUnit.Seed","Label":"Seed","Category":"","Description":"","Attributes":0,"ValueType":"System.String"},"Value":"1260695575"}]},{"TestCase":{"Id":"322f57eb-eced-fc43-c733-cbe72f21d5a8","FullyQualifiedName":"CarManager.Tests.CarManagerTests.Ctor_ThrowException_WhenDataIsNotValid(\"Make\",\"Model\",10,-20)","DisplayName":"Ctor_ThrowException_WhenDataIsNotValid(\"Make\",\"Model\",10,-20)","ExecutorUri":"executor://NUnit3TestExecutor","Source":"C:\\Users\\bojid\\source\\repos\\CSharp-OOP\\UnitTesting\\CarManager.Tests\\bin\\Debug\\netcoreapp3.1\\fine-code-coverage\\build-output\\CarManager.Tests.dll","CodeFilePath":null,"LineNumber":0,"Properties":[{"Key":{"Id":"NUnit.Seed","Label":"Seed","Category":"","Description":"","Attributes":0,"ValueType":"System.String"},"Value":"1982555168"}]},"Attachments":[],"Outcome":1,"ErrorMessage":null,"ErrorStackTrace":null,"DisplayName":"Ctor_ThrowException_WhenDataIsNotValid(\"Make\",\"Model\",10,-20)","Messages":[],"ComputerName":"MSI","Duration":"00:00:00.0000410","StartTime":"2022-08-12T10:19:36.8784118+00:00","EndTime":"2022-08-12T10:19:36.8784525+00:00","Properties":[{"Key":{"Id":"NUnit.Seed","Label":"Seed","Category":"","Description":"","Attributes":0,"ValueType":"System.String"},"Value":"1982555168"}]}],"TestRunStatistics":{"ExecutedTests":9,"Stats":{"Passed":9}},"ActiveTests":[{"Id":"f7b92e14-4c49-5db6-0cb0-5151cea5e6ee","FullyQualifiedName":"CarManager.Tests.CarManagerTests.Drive_DecreaseFuel_WhenValidDistance","DisplayName":"Drive_DecreaseFuel_WhenValidDistance","ExecutorUri":"executor://NUnit3TestExecutor","Source":"C:\\Users\\bojid\\source\\repos\\CSharp-OOP\\UnitTesting\\CarManager.Tests\\bin\\Debug\\netcoreapp3.1\\fine-code-coverage\\build-output\\CarManager.Tests.dll","CodeFilePath":null,"LineNumber":0,"Properties":[{"Key":{"Id":"NUnit.Seed","Label":"Seed","Category":"","Description":"","Attributes":0,"ValueType":"System.String"},"Value":"568691892"}]}]}}
TpTrace Verbose: 0 : 25736, 13, 2022/08/12, 13:19:36.981, 1694506092224, vstest.console.dll, TestRunRequest:SendTestRunStatsChange: Starting.
TpTrace Verbose: 0 : 25736, 13, 2022/08/12, 13:19:36.981, 1694506093625, vstest.console.dll, InProgress is Drive_DecreaseFuel_WhenValidDistance
TpTrace Verbose: 0 : 25736, 13, 2022/08/12, 13:19:36.982, 1694506095768, vstest.console.dll, MulticastDelegateUtilities.SafeInvoke: TestRun.RunStatsChanged: Invoking callbacks was skipped because there are no subscribers.
TpTrace Information: 0 : 25736, 13, 2022/08/12, 13:19:36.982, 1694506096237, vstest.console.dll, TestRunRequest:SendTestRunStatsChange: Completed.
TpTrace Verbose: 0 : 25736, 13, 2022/08/12, 13:19:36.982, 1694506096722, vstest.console.dll, MulticastDelegateUtilities.SafeInvoke: LengthPrefixCommunicationChannel: MessageReceived: Invoking callback 1/1 for Microsoft.VisualStudio.TestPlatform.CommunicationUtilities.TestRequestSender+<>c__DisplayClass31_0.<StartTestRun>b__1, took 24 ms.
TpTrace Verbose: 0 : 25736, 13, 2022/08/12, 13:19:36.982, 1694506097075, vstest.console.dll, TcpClientExtensions.MessageLoopAsync: Polling on remoteEndPoint: 127.0.0.1:56151 localEndPoint: 127.0.0.1:56150
TpTrace Verbose: 0 : 25736, 4, 2022/08/12, 13:19:36.985, 1694506130970, vstest.console.dll, MulticastDelegateUtilities.SafeInvoke: InternalTestLoggerEvents.SendTestResult: Invoking callback 1/1 for Microsoft.VisualStudio.TestPlatform.CommandLine.Internal.ConsoleLogger.TestResultHandler, took 3 ms.
TpTrace Verbose: 0 : 25736, 4, 2022/08/12, 13:19:36.985, 1694506132646, vstest.console.dll, MulticastDelegateUtilities.SafeInvoke: InternalTestLoggerEvents.SendTestResult: Invoking callback 1/1 for Microsoft.VisualStudio.TestPlatform.CommandLine.Internal.ConsoleLogger.TestResultHandler, took 0 ms.
TpTrace Verbose: 0 : 25736, 4, 2022/08/12, 13:19:36.986, 1694506133904, vstest.console.dll, MulticastDelegateUtilities.SafeInvoke: InternalTestLoggerEvents.SendTestResult: Invoking callback 1/1 for Microsoft.VisualStudio.TestPlatform.CommandLine.Internal.ConsoleLogger.TestResultHandler, took 0 ms.
TpTrace Verbose: 0 : 25736, 4, 2022/08/12, 13:19:36.986, 1694506134660, vstest.console.dll, MulticastDelegateUtilities.SafeInvoke: InternalTestLoggerEvents.SendTestResult: Invoking callback 1/1 for Microsoft.VisualStudio.TestPlatform.CommandLine.Internal.ConsoleLogger.TestResultHandler, took 0 ms.
TpTrace Verbose: 0 : 25736, 4, 2022/08/12, 13:19:36.986, 1694506135094, vstest.console.dll, MulticastDelegateUtilities.SafeInvoke: InternalTestLoggerEvents.SendTestResult: Invoking callback 1/1 for Microsoft.VisualStudio.TestPlatform.CommandLine.Internal.ConsoleLogger.TestResultHandler, took 0 ms.
TpTrace Verbose: 0 : 25736, 4, 2022/08/12, 13:19:36.986, 1694506135676, vstest.console.dll, MulticastDelegateUtilities.SafeInvoke: InternalTestLoggerEvents.SendTestResult: Invoking callback 1/1 for Microsoft.VisualStudio.TestPlatform.CommandLine.Internal.ConsoleLogger.TestResultHandler, took 0 ms.
TpTrace Verbose: 0 : 25736, 4, 2022/08/12, 13:19:36.986, 1694506136099, vstest.console.dll, MulticastDelegateUtilities.SafeInvoke: InternalTestLoggerEvents.SendTestResult: Invoking callback 1/1 for Microsoft.VisualStudio.TestPlatform.CommandLine.Internal.ConsoleLogger.TestResultHandler, took 0 ms.
TpTrace Verbose: 0 : 25736, 4, 2022/08/12, 13:19:36.986, 1694506136518, vstest.console.dll, MulticastDelegateUtilities.SafeInvoke: InternalTestLoggerEvents.SendTestResult: Invoking callback 1/1 for Microsoft.VisualStudio.TestPlatform.CommandLine.Internal.ConsoleLogger.TestResultHandler, took 0 ms.
TpTrace Verbose: 0 : 25736, 4, 2022/08/12, 13:19:36.986, 1694506137117, vstest.console.dll, MulticastDelegateUtilities.SafeInvoke: InternalTestLoggerEvents.SendTestResult: Invoking callback 1/1 for Microsoft.VisualStudio.TestPlatform.CommandLine.Internal.ConsoleLogger.TestResultHandler, took 0 ms.
TpTrace Verbose: 0 : 25736, 13, 2022/08/12, 13:19:36.989, 1694506164696, vstest.console.dll, TcpClientExtensions.MessageLoopAsync: NotifyDataAvailable remoteEndPoint: 127.0.0.1:56151 localEndPoint: 127.0.0.1:56150
TpTrace Verbose: 0 : 25736, 13, 2022/08/12, 13:19:36.989, 1694506165755, vstest.console.dll, TestRequestSender.OnExecutionMessageReceived: Received message: {"Version":5,"MessageType":"TestSession.Message","Payload":{"MessageLevel":0,"Message":"NUnit Adapter 4.2.0.0: Test execution complete"}}
TpTrace Verbose: 0 : 25736, 13, 2022/08/12, 13:19:36.989, 1694506166695, vstest.console.dll, TestRunRequest:SendTestRunMessage: Starting.
TpTrace Verbose: 0 : 25736, 13, 2022/08/12, 13:19:36.989, 1694506167216, vstest.console.dll, MulticastDelegateUtilities.SafeInvoke: TestRun.LogMessages: Invoking callback 1/1 for Microsoft.VisualStudio.TestPlatform.CommandLine.TestRunResultAggregator.TestRunMessageHandler, took 0 ms.
TpTrace Information: 0 : 25736, 13, 2022/08/12, 13:19:36.989, 1694506167555, vstest.console.dll, TestRunRequest:SendTestRunMessage: Completed.
TpTrace Verbose: 0 : 25736, 4, 2022/08/12, 13:19:36.989, 1694506167774, vstest.console.dll, MulticastDelegateUtilities.SafeInvoke: InternalTestLoggerEvents.SendTestRunMessage: Invoking callback 1/1 for Microsoft.VisualStudio.TestPlatform.CommandLine.Internal.ConsoleLogger.TestMessageHandler, took 0 ms.
TpTrace Verbose: 0 : 25736, 13, 2022/08/12, 13:19:36.989, 1694506167868, vstest.console.dll, MulticastDelegateUtilities.SafeInvoke: LengthPrefixCommunicationChannel: MessageReceived: Invoking callback 1/1 for Microsoft.VisualStudio.TestPlatform.CommunicationUtilities.TestRequestSender+<>c__DisplayClass31_0.<StartTestRun>b__1, took 0 ms.
TpTrace Verbose: 0 : 25736, 13, 2022/08/12, 13:19:36.989, 1694506169045, vstest.console.dll, TcpClientExtensions.MessageLoopAsync: Polling on remoteEndPoint: 127.0.0.1:56151 localEndPoint: 127.0.0.1:56150
TpTrace Verbose: 0 : 25736, 13, 2022/08/12, 13:19:37.004, 1694506313793, vstest.console.dll, TcpClientExtensions.MessageLoopAsync: NotifyDataAvailable remoteEndPoint: 127.0.0.1:56151 localEndPoint: 127.0.0.1:56150
TpTrace Verbose: 0 : 25736, 13, 2022/08/12, 13:19:37.004, 1694506315975, vstest.console.dll, TestRequestSender.OnExecutionMessageReceived: Received message: {"Version":5,"MessageType":"TestExecution.Completed","Payload":{"TestRunCompleteArgs":{"TestRunStatistics":{"ExecutedTests":18,"Stats":{"Passed":18}},"IsCanceled":false,"IsAborted":false,"Error":null,"AttachmentSets":[],"ElapsedTimeInRunningTests":"00:00:00.8493887","Metrics":{}},"LastRunTests":{"NewTestResults":[{"TestCase":{"Id":"f7b92e14-4c49-5db6-0cb0-5151cea5e6ee","FullyQualifiedName":"CarManager.Tests.CarManagerTests.Drive_DecreaseFuel_WhenValidDistance","DisplayName":"Drive_DecreaseFuel_WhenValidDistance","ExecutorUri":"executor://NUnit3TestExecutor","Source":"C:\\Users\\bojid\\source\\repos\\CSharp-OOP\\UnitTesting\\CarManager.Tests\\bin\\Debug\\netcoreapp3.1\\fine-code-coverage\\build-output\\CarManager.Tests.dll","CodeFilePath":null,"LineNumber":0,"Properties":[{"Key":{"Id":"NUnit.Seed","Label":"Seed","Category":"","Description":"","Attributes":0,"ValueType":"System.String"},"Value":"568691892"}]},"Attachments":[],"Outcome":1,"ErrorMessage":null,"ErrorStackTrace":null,"DisplayName":"Drive_DecreaseFuel_WhenValidDistance","Messages":[],"ComputerName":"MSI","Duration":"00:00:00.0003990","StartTime":"2022-08-12T10:19:36.879652+00:00","EndTime":"2022-08-12T10:19:36.8800509+00:00","Properties":[{"Key":{"Id":"NUnit.Seed","Label":"Seed","Category":"","Description":"","Attributes":0,"ValueType":"System.String"},"Value":"568691892"}]},{"TestCase":{"Id":"ad930332-83f2-5671-5543-af136c6887bc","FullyQualifiedName":"CarManager.Tests.CarManagerTests.Drive_DecreaseFuelAmountToZero_WhenRequiredFuelIsEqualToFuelAmount","DisplayName":"Drive_DecreaseFuelAmountToZero_WhenRequiredFuelIsEqualToFuelAmount","ExecutorUri":"executor://NUnit3TestExecutor","Source":"C:\\Users\\bojid\\source\\repos\\CSharp-OOP\\UnitTesting\\CarManager.Tests\\bin\\Debug\\netcoreapp3.1\\fine-code-coverage\\build-output\\CarManager.Tests.dll","CodeFilePath":null,"LineNumber":0,"Properties":[{"Key":{"Id":"NUnit.Seed","Label":"Seed","Category":"","Description":"","Attributes":0,"ValueType":"System.String"},"Value":"1542409944"}]},"Attachments":[],"Outcome":1,"ErrorMessage":null,"ErrorStackTrace":null,"DisplayName":"Drive_DecreaseFuelAmountToZero_WhenRequiredFuelIsEqualToFuelAmount","Messages":[],"ComputerName":"MSI","Duration":"00:00:00.0002509","StartTime":"2022-08-12T10:19:36.8800608+00:00","EndTime":"2022-08-12T10:19:36.8803117+00:00","Properties":[{"Key":{"Id":"NUnit.Seed","Label":"Seed","Category":"","Description":"","Attributes":0,"ValueType":"System.String"},"Value":"1542409944"}]},{"TestCase":{"Id":"c8369258-ac4b-8434-7063-fc99ad009b99","FullyQualifiedName":"CarManager.Tests.CarManagerTests.Drive_ThrowException_WhenFuelIsZero","DisplayName":"Drive_ThrowException_WhenFuelIsZero","ExecutorUri":"executor://NUnit3TestExecutor","Source":"C:\\Users\\bojid\\source\\repos\\CSharp-OOP\\UnitTesting\\CarManager.Tests\\bin\\Debug\\netcoreapp3.1\\fine-code-coverage\\build-output\\CarManager.Tests.dll","CodeFilePath":null,"LineNumber":0,"Properties":[{"Key":{"Id":"NUnit.Seed","Label":"Seed","Category":"","Description":"","Attributes":0,"ValueType":"System.String"},"Value":"256846513"}]},"Attachments":[],"Outcome":1,"ErrorMessage":null,"ErrorStackTrace":null,"DisplayName":"Drive_ThrowException_WhenFuelIsZero","Messages":[],"ComputerName":"MSI","Duration":"00:00:00.0001990","StartTime":"2022-08-12T10:19:36.8803207+00:00","EndTime":"2022-08-12T10:19:36.8805194+00:00","Properties":[{"Key":{"Id":"NUnit.Seed","Label":"Seed","Category":"","Description":"","Attributes":0,"ValueType":"System.String"},"Value":"256846513"}]},{"TestCase":{"Id":"f459bbd3-f003-780e-9bbe-b0e7e3586519","FullyQualifiedName":"CarManager.Tests.CarManagerTests.FuelAmount_ThrowException_WhenNegative","DisplayName":"FuelAmount_ThrowException_WhenNegative","ExecutorUri":"executor://NUnit3TestExecutor","Source":"C:\\Users\\bojid\\source\\repos\\CSharp-OOP\\UnitTesting\\CarManager.Tests\\bin\\Debug\\netcoreapp3.1\\fine-code-coverage\\build-output\\CarManager.Tests.dll","CodeFilePath":null,"LineNumber":0,"Properties":[{"Key":{"Id":"NUnit.Seed","Label":"Seed","Category":"","Description":"","Attributes":0,"ValueType":"System.String"},"Value":"1533297294"}]},"Attachments":[],"Outcome":1,"ErrorMessage":null,"ErrorStackTrace":null,"DisplayName":"FuelAmount_ThrowException_WhenNegative","Messages":[],"ComputerName":"MSI","Duration":"00:00:00.0014380","StartTime":"2022-08-12T10:19:36.8805281+00:00","EndTime":"2022-08-12T10:19:36.8819657+00:00","Properties":[{"Key":{"Id":"NUnit.Seed","Label":"Seed","Category":"","Description":"","Attributes":0,"ValueType":"System.String"},"Value":"1533297294"}]},{"TestCase":{"Id":"1e53158f-70ee-d233-368f-feee452cbd7e","FullyQualifiedName":"CarManager.Tests.CarManagerTests.FuelAmount_ThrowException_WhenNegativeValue","DisplayName":"FuelAmount_ThrowException_WhenNegativeValue","ExecutorUri":"executor://NUnit3TestExecutor","Source":"C:\\Users\\bojid\\source\\repos\\CSharp-OOP\\UnitTesting\\CarManager.Tests\\bin\\Debug\\netcoreapp3.1\\fine-code-coverage\\build-output\\CarManager.Tests.dll","CodeFilePath":null,"LineNumber":0,"Properties":[{"Key":{"Id":"NUnit.Seed","Label":"Seed","Category":"","Description":"","Attributes":0,"ValueType":"System.String"},"Value":"935261146"}]},"Attachments":[],"Outcome":1,"ErrorMessage":null,"ErrorStackTrace":null,"DisplayName":"FuelAmount_ThrowException_WhenNegativeValue","Messages":[],"ComputerName":"MSI","Duration":"00:00:00.0002100","StartTime":"2022-08-12T10:19:36.8819784+00:00","EndTime":"2022-08-12T10:19:36.8821882+00:00","Properties":[{"Key":{"Id":"NUnit.Seed","Label":"Seed","Category":"","Description":"","Attributes":0,"ValueType":"System.String"},"Value":"935261146"}]},{"TestCase":{"Id":"a2d15618-98a0-6da9-5fc6-43c0600075c9","FullyQualifiedName":"CarManager.Tests.CarManagerTests.Refuel_IncreaseFuel_WhenValidAmount","DisplayName":"Refuel_IncreaseFuel_WhenValidAmount","ExecutorUri":"executor://NUnit3TestExecutor","Source":"C:\\Users\\bojid\\source\\repos\\CSharp-OOP\\UnitTesting\\CarManager.Tests\\bin\\Debug\\netcoreapp3.1\\fine-code-coverage\\build-output\\CarManager.Tests.dll","CodeFilePath":null,"LineNumber":0,"Properties":[{"Key":{"Id":"NUnit.Seed","Label":"Seed","Category":"","Description":"","Attributes":0,"ValueType":"System.String"},"Value":"917401166"}]},"Attachments":[],"Outcome":1,"ErrorMessage":null,"ErrorStackTrace":null,"DisplayName":"Refuel_IncreaseFuel_WhenValidAmount","Messages":[],"ComputerName":"MSI","Duration":"00:00:00.0001190","StartTime":"2022-08-12T10:19:36.8821996+00:00","EndTime":"2022-08-12T10:19:36.8823186+00:00","Properties":[{"Key":{"Id":"NUnit.Seed","Label":"Seed","Category":"","Description":"","Attributes":0,"ValueType":"System.String"},"Value":"917401166"}]},{"TestCase":{"Id":"650fe7c4-95f7-ae9d-7022-377c3d93dac4","FullyQualifiedName":"CarManager.Tests.CarManagerTests.Refuel_SetFuelToCapacity_WhenCapacityIsExceeded","DisplayName":"Refuel_SetFuelToCapacity_WhenCapacityIsExceeded","ExecutorUri":"executor://NUnit3TestExecutor","Source":"C:\\Users\\bojid\\source\\repos\\CSharp-OOP\\UnitTesting\\CarManager.Tests\\bin\\Debug\\netcoreapp3.1\\fine-code-coverage\\build-output\\CarManager.Tests.dll","CodeFilePath":null,"LineNumber":0,"Properties":[{"Key":{"Id":"NUnit.Seed","Label":"Seed","Category":"","Description":"","Attributes":0,"ValueType":"System.String"},"Value":"527642879"}]},"Attachments":[],"Outcome":1,"ErrorMessage":null,"ErrorStackTrace":null,"DisplayName":"Refuel_SetFuelToCapacity_WhenCapacityIsExceeded","Messages":[],"ComputerName":"MSI","Duration":"00:00:00.0000970","StartTime":"2022-08-12T10:19:36.8823273+00:00","EndTime":"2022-08-12T10:19:36.8824238+00:00","Properties":[{"Key":{"Id":"NUnit.Seed","Label":"Seed","Category":"","Description":"","Attributes":0,"ValueType":"System.String"},"Value":"527642879"}]},{"TestCase":{"Id":"e05068c0-9005-1c94-bde5-905766514d6d","FullyQualifiedName":"CarManager.Tests.CarManagerTests.Refuel_ThrowException_WhenIsNegativeOrZero(0)","DisplayName":"Refuel_ThrowException_WhenIsNegativeOrZero(0)","ExecutorUri":"executor://NUnit3TestExecutor","Source":"C:\\Users\\bojid\\source\\repos\\CSharp-OOP\\UnitTesting\\CarManager.Tests\\bin\\Debug\\netcoreapp3.1\\fine-code-coverage\\build-output\\CarManager.Tests.dll","CodeFilePath":null,"LineNumber":0,"Properties":[{"Key":{"Id":"NUnit.Seed","Label":"Seed","Category":"","Description":"","Attributes":0,"ValueType":"System.String"},"Value":"95879895"}]},"Attachments":[],"Outcome":1,"ErrorMessage":null,"ErrorStackTrace":null,"DisplayName":"Refuel_ThrowException_WhenIsNegativeOrZero(0)","Messages":[],"ComputerName":"MSI","Duration":"00:00:00.0002140","StartTime":"2022-08-12T10:19:36.8824704+00:00","EndTime":"2022-08-12T10:19:36.8826844+00:00","Properties":[{"Key":{"Id":"NUnit.Seed","Label":"Seed","Category":"","Description":"","Attributes":0,"ValueType":"System.String"},"Value":"95879895"}]},{"TestCase":{"Id":"e4f7f88a-5d37-c942-46c5-6cd29903f23a","FullyQualifiedName":"CarManager.Tests.CarManagerTests.Refuel_ThrowException_WhenIsNegativeOrZero(-20)","DisplayName":"Refuel_ThrowException_WhenIsNegativeOrZero(-20)","ExecutorUri":"executor://NUnit3TestExecutor","Source":"C:\\Users\\bojid\\source\\repos\\CSharp-OOP\\UnitTesting\\CarManager.Tests\\bin\\Debug\\netcoreapp3.1\\fine-code-coverage\\build-output\\CarManager.Tests.dll","CodeFilePath":null,"LineNumber":0,"Properties":[{"Key":{"Id":"NUnit.Seed","Label":"Seed","Category":"","Description":"","Attributes":0,"ValueType":"System.String"},"Value":"2013783735"}]},"Attachments":[],"Outcome":1,"ErrorMessage":null,"ErrorStackTrace":null,"DisplayName":"Refuel_ThrowException_WhenIsNegativeOrZero(-20)","Messages":[],"ComputerName":"MSI","Duration":"00:00:00.0000540","StartTime":"2022-08-12T10:19:36.882693+00:00","EndTime":"2022-08-12T10:19:36.8827465+00:00","Properties":[{"Key":{"Id":"NUnit.Seed","Label":"Seed","Category":"","Description":"","Attributes":0,"ValueType":"System.String"},"Value":"2013783735"}]}],"TestRunStatistics":{"ExecutedTests":18,"Stats":{"Passed":18}},"ActiveTests":[]},"RunAttachments":[],"ExecutorUris":["executor://nunit3testexecutor/"]}}
TpTrace Verbose: 0 : 25736, 13, 2022/08/12, 13:19:37.004, 1694506317459, vstest.console.dll, TestRequestSender.EndSession: Sending end session.
TpTrace Verbose: 0 : 25736, 13, 2022/08/12, 13:19:37.004, 1694506318852, vstest.console.dll, ProxyOperationManager.Close: waiting for test host to exit for 100 ms
TpTrace Warning: 0 : 25736, 12, 2022/08/12, 13:19:37.039, 1694506671076, vstest.console.dll, TestHostManagerCallbacks.ErrorReceivedCallback Test host standard error line: 
TpTrace Verbose: 0 : 25736, 12, 2022/08/12, 13:19:37.050, 1694506783642, vstest.console.dll, TestHostProvider.ExitCallBack: Host exited starting callback.
TpTrace Information: 0 : 25736, 12, 2022/08/12, 13:19:37.051, 1694506787139, vstest.console.dll, TestHostManagerCallbacks.ExitCallBack: Testhost processId: 27492 exited with exitcode: 0 error: ''
TpTrace Verbose: 0 : 25736, 12, 2022/08/12, 13:19:37.051, 1694506787640, vstest.console.dll, DotnetTestHostManager.OnHostExited: invoking OnHostExited callback
TpTrace Verbose: 0 : 25736, 12, 2022/08/12, 13:19:37.051, 1694506788178, vstest.console.dll, CrossPlatEngine.TestHostManagerHostExited: calling on client process exit callback.
TpTrace Information: 0 : 25736, 12, 2022/08/12, 13:19:37.051, 1694506788688, vstest.console.dll, TestRequestSender.OnClientProcessExit: Test host process exited. Standard error: 
TpTrace Information: 0 : 25736, 12, 2022/08/12, 13:19:37.051, 1694506789087, vstest.console.dll, SocketServer.Stop: Stop server endPoint: 127.0.0.1:56150
TpTrace Information: 0 : 25736, 13, 2022/08/12, 13:19:37.051, 1694506789251, vstest.console.dll, SocketServer.Stop: Stop server endPoint: 127.0.0.1:56150
TpTrace Information: 0 : 25736, 13, 2022/08/12, 13:19:37.051, 1694506789878, vstest.console.dll, SocketServer.Stop: Cancellation requested. Stopping message loop.
TpTrace Information: 0 : 25736, 12, 2022/08/12, 13:19:37.051, 1694506789384, vstest.console.dll, SocketServer.Stop: Cancellation requested. Stopping message loop.
TpTrace Information: 0 : 25736, 13, 2022/08/12, 13:19:37.051, 1694506790732, vstest.console.dll, Closing the connection
TpTrace Verbose: 0 : 25736, 12, 2022/08/12, 13:19:37.051, 1694506790889, vstest.console.dll, MulticastDelegateUtilities.SafeInvoke: HostProviderEvents.OnHostExited: Invoking callback 1/1 for Microsoft.VisualStudio.TestPlatform.CrossPlatEngine.Client.ProxyOperationManager.TestHostManagerHostExited, took 0 ms.
TpTrace Verbose: 0 : 25736, 13, 2022/08/12, 13:19:37.051, 1694506792475, vstest.console.dll, ProxyDataCollectionManager.InvokeDataCollectionServiceAction: Starting.
TpTrace Information: 0 : 25736, 13, 2022/08/12, 13:19:37.051, 1694506792920, vstest.console.dll, ProxyDataCollectionManager.AfterTestRunEnd: Get attachment set and invoked data collectors processId: 18456 port: 56146
TpTrace Verbose: 0 : 25736, 13, 2022/08/12, 13:19:37.051, 1694506793404, vstest.console.dll, DataCollectionRequestSender.SendAfterTestRunStartAndGetResult: Send AfterTestRunEnd message with isCancelled: False
TpTrace Verbose: 0 : 25736, 13, 2022/08/12, 13:19:37.057, 1694506846892, vstest.console.dll, DataCollectionRequestSender.SendAfterTestRunStartAndGetResult: Received message: (DataCollection.AfterTestRunEndResult) -> {"MessageType":"DataCollection.AfterTestRunEndResult","Payload":{"AttachmentSets":[],"InvokedDataCollectors":[{"Uri":"datacollector://Microsoft/TestPlatform/Extensions/Blame/v1","FriendlyName":"Blame","AssemblyQualifiedName":"Microsoft.TestPlatform.Extensions.BlameDataCollector.BlameCollector, Microsoft.TestPlatform.Extensions.BlameDataCollector, Version=15.0.0.0, Culture=neutral, PublicKeyToken=b03f5f7f11d50a3a","FilePath":"C:\\Program Files\\dotnet\\sdk\\6.0.400\\Extensions\\Microsoft.TestPlatform.Extensions.BlameDataCollector.dll","HasAttachmentProcessor":false}],"Metrics":{}}}
TpTrace Information: 0 : 25736, 13, 2022/08/12, 13:19:37.061, 1694506887033, vstest.console.dll, ProxyDataCollectionManager.InvokeDataCollectionServiceAction: Completed.
TpTrace Warning: 0 : 25736, 9, 2022/08/12, 13:19:37.062, 1694506900732, vstest.console.dll, DataCollectionLauncher.ErrorReceivedCallback datacollector standard error line: 
TpTrace Information: 0 : 25736, 9, 2022/08/12, 13:19:37.066, 1694506941180, vstest.console.dll, DataCollectionLauncher.ExitCallBack: Data collector exited with exitcode: 0 error: ''
TpTrace Verbose: 0 : 25736, 13, 2022/08/12, 13:19:37.091, 1694507192029, vstest.console.dll, TestRunRequest:SendTestRunStatsChange: Starting.
TpTrace Verbose: 0 : 25736, 13, 2022/08/12, 13:19:37.091, 1694507193349, vstest.console.dll, MulticastDelegateUtilities.SafeInvoke: TestRun.RunStatsChanged: Invoking callbacks was skipped because there are no subscribers.
TpTrace Information: 0 : 25736, 13, 2022/08/12, 13:19:37.092, 1694507193851, vstest.console.dll, TestRunRequest:SendTestRunStatsChange: Completed.
TpTrace Verbose: 0 : 25736, 4, 2022/08/12, 13:19:37.092, 1694507194072, vstest.console.dll, MulticastDelegateUtilities.SafeInvoke: InternalTestLoggerEvents.SendTestResult: Invoking callback 1/1 for Microsoft.VisualStudio.TestPlatform.CommandLine.Internal.ConsoleLogger.TestResultHandler, took 0 ms.
TpTrace Verbose: 0 : 25736, 4, 2022/08/12, 13:19:37.092, 1694507194859, vstest.console.dll, MulticastDelegateUtilities.SafeInvoke: InternalTestLoggerEvents.SendTestResult: Invoking callback 1/1 for Microsoft.VisualStudio.TestPlatform.CommandLine.Internal.ConsoleLogger.TestResultHandler, took 0 ms.
TpTrace Verbose: 0 : 25736, 4, 2022/08/12, 13:19:37.092, 1694507195364, vstest.console.dll, MulticastDelegateUtilities.SafeInvoke: InternalTestLoggerEvents.SendTestResult: Invoking callback 1/1 for Microsoft.VisualStudio.TestPlatform.CommandLine.Internal.ConsoleLogger.TestResultHandler, took 0 ms.
TpTrace Verbose: 0 : 25736, 4, 2022/08/12, 13:19:37.092, 1694507196065, vstest.console.dll, MulticastDelegateUtilities.SafeInvoke: InternalTestLoggerEvents.SendTestResult: Invoking callback 1/1 for Microsoft.VisualStudio.TestPlatform.CommandLine.Internal.ConsoleLogger.TestResultHandler, took 0 ms.
TpTrace Verbose: 0 : 25736, 13, 2022/08/12, 13:19:37.092, 1694507196221, vstest.console.dll, ParallelProxyExecutionManager: HandlePartialRunComplete: Total completed clients = 1, Run complete = True, Run canceled: False.
TpTrace Verbose: 0 : 25736, 4, 2022/08/12, 13:19:37.092, 1694507196560, vstest.console.dll, MulticastDelegateUtilities.SafeInvoke: InternalTestLoggerEvents.SendTestResult: Invoking callback 1/1 for Microsoft.VisualStudio.TestPlatform.CommandLine.Internal.ConsoleLogger.TestResultHandler, took 0 ms.
TpTrace Verbose: 0 : 25736, 4, 2022/08/12, 13:19:37.092, 1694507198028, vstest.console.dll, MulticastDelegateUtilities.SafeInvoke: InternalTestLoggerEvents.SendTestResult: Invoking callback 1/1 for Microsoft.VisualStudio.TestPlatform.CommandLine.Internal.ConsoleLogger.TestResultHandler, took 0 ms.
TpTrace Verbose: 0 : 25736, 4, 2022/08/12, 13:19:37.094, 1694507215264, vstest.console.dll, MulticastDelegateUtilities.SafeInvoke: InternalTestLoggerEvents.SendTestResult: Invoking callback 1/1 for Microsoft.VisualStudio.TestPlatform.CommandLine.Internal.ConsoleLogger.TestResultHandler, took 1 ms.
TpTrace Verbose: 0 : 25736, 4, 2022/08/12, 13:19:37.094, 1694507216492, vstest.console.dll, MulticastDelegateUtilities.SafeInvoke: InternalTestLoggerEvents.SendTestResult: Invoking callback 1/1 for Microsoft.VisualStudio.TestPlatform.CommandLine.Internal.ConsoleLogger.TestResultHandler, took 0 ms.
TpTrace Verbose: 0 : 25736, 4, 2022/08/12, 13:19:37.094, 1694507217035, vstest.console.dll, MulticastDelegateUtilities.SafeInvoke: InternalTestLoggerEvents.SendTestResult: Invoking callback 1/1 for Microsoft.VisualStudio.TestPlatform.CommandLine.Internal.ConsoleLogger.TestResultHandler, took 0 ms.
TpTrace Verbose: 0 : 25736, 4, 2022/08/12, 13:19:37.100, 1694507282409, vstest.console.dll, MulticastDelegateUtilities.SafeInvoke: InternalTestLoggerEvents.SendTestRunComplete: Invoking callback 1/2 for Microsoft.TestPlatform.Extensions.BlameDataCollector.BlameLogger.TestRunCompleteHandler, took 0 ms.
TpTrace Verbose: 0 : 25736, 4, 2022/08/12, 13:19:37.104, 1694507323451, vstest.console.dll, MulticastDelegateUtilities.SafeInvoke: InternalTestLoggerEvents.SendTestRunComplete: Invoking callback 2/2 for Microsoft.VisualStudio.TestPlatform.CommandLine.Internal.ConsoleLogger.TestRunCompleteHandler, took 4 ms.
TpTrace Verbose: 0 : 25736, 13, 2022/08/12, 13:19:37.105, 1694507325766, vstest.console.dll, TestRunRequest:TestRunComplete: Starting. IsAborted:False IsCanceled:False.
TpTrace Verbose: 0 : 25736, 13, 2022/08/12, 13:19:37.106, 1694507334377, vstest.console.dll, TestLoggerManager.HandleTestRunComplete: Ignoring as the object is disposed.
TpTrace Verbose: 0 : 25736, 13, 2022/08/12, 13:19:37.106, 1694507336064, vstest.console.dll, MulticastDelegateUtilities.SafeInvoke: TestRun.TestRunComplete: Invoking callback 1/2 for Microsoft.VisualStudio.TestPlatform.CommandLine.TestRunResultAggregator.TestRunCompletionHandler, took 0 ms.
TpTrace Verbose: 0 : 25736, 13, 2022/08/12, 13:19:37.106, 1694507336762, vstest.console.dll, MulticastDelegateUtilities.SafeInvoke: TestRun.TestRunComplete: Invoking callback 2/2 for Microsoft.VisualStudio.TestPlatform.CommandLine.Processors.RunTestsArgumentExecutor+TestRunRequestEventsRegistrar.TestRunRequest_OnRunCompletion, took 0 ms.
TpTrace Information: 0 : 25736, 13, 2022/08/12, 13:19:37.106, 1694507337565, vstest.console.dll, TestRunRequest:TestRunComplete: Completed.
TpTrace Verbose: 0 : 25736, 13, 2022/08/12, 13:19:37.106, 1694507337970, vstest.console.dll, TestRequestSender.SetOperationComplete: Setting operation complete.
TpTrace Verbose: 0 : 25736, 1, 2022/08/12, 13:19:37.106, 1694507338110, vstest.console.dll, TestRunRequest.Dispose: Starting.
TpTrace Information: 0 : 25736, 1, 2022/08/12, 13:19:37.106, 1694507338997, vstest.console.dll, TestRunRequest.Dispose: Completed.
TpTrace Information: 0 : 25736, 13, 2022/08/12, 13:19:37.106, 1694507338410, vstest.console.dll, SocketServer.Stop: Stop server endPoint: 127.0.0.1:56150
TpTrace Information: 0 : 25736, 13, 2022/08/12, 13:19:37.106, 1694507339891, vstest.console.dll, SocketServer.Stop: Cancellation requested. Stopping message loop.
TpTrace Verbose: 0 : 25736, 13, 2022/08/12, 13:19:37.106, 1694507340289, vstest.console.dll, MulticastDelegateUtilities.SafeInvoke: LengthPrefixCommunicationChannel: MessageReceived: Invoking callback 1/1 for Microsoft.VisualStudio.TestPlatform.CommunicationUtilities.TestRequestSender+<>c__DisplayClass31_0.<StartTestRun>b__1, took 102 ms.
TpTrace Information: 0 : 25736, 1, 2022/08/12, 13:19:37.106, 1694507339468, vstest.console.dll, TestRequestManager.RunTests: run tests completed.
TpTrace Information: 0 : 25736, 13, 2022/08/12, 13:19:37.106, 1694507340763, vstest.console.dll, SocketServer.PrivateStop: Stopping server endPoint: 127.0.0.1:56150 error: 
TpTrace Information: 0 : 25736, 1, 2022/08/12, 13:19:37.106, 1694507341542, vstest.console.dll, RunTestsArgumentProcessor:Execute: Test run is completed.
TpTrace Verbose: 0 : 25736, 1, 2022/08/12, 13:19:37.106, 1694507343090, vstest.console.dll, Executor.Execute: Exiting with exit code of 0
TpTrace Verbose: 0 : 25736, 13, 2022/08/12, 13:19:37.107, 1694507345047, vstest.console.dll, LengthPrefixCommunicationChannel.Dispose: Dispose reader and writer.
TpTrace Information: 0 : 25736, 13, 2022/08/12, 13:19:37.107, 1694507345786, vstest.console.dll, SocketServer.Stop: Raise disconnected event endPoint: 127.0.0.1:56150 error: 
TpTrace Verbose: 0 : 25736, 13, 2022/08/12, 13:19:37.107, 1694507346310, vstest.console.dll, TestRequestSender: OnTestRunAbort: Operation is already complete. Skip error message.
TpTrace Verbose: 0 : 25736, 13, 2022/08/12, 13:19:37.107, 1694507346702, vstest.console.dll, MulticastDelegateUtilities.SafeInvoke: SocketServer: ClientDisconnected: Invoking callback 1/1 for Microsoft.VisualStudio.TestPlatform.CommunicationUtilities.TestRequestSender.<InitializeCommunication>b__24_1, took 0 ms.
