TpTrace Verbose: 0 : 26500, 1, 2022/08/13, 18:48:50.829, 2756085278702, vstest.console.dll, Version: 17.3.0-release-20220708-01 Current process architecture: X64
TpTrace Verbose: 0 : 26500, 1, 2022/08/13, 18:48:50.832, 2756085301782, vstest.console.dll, Runtime location: C:\Program Files\dotnet\shared\Microsoft.NETCore.App\6.0.8
TpTrace Information: 0 : 26500, 1, 2022/08/13, 18:48:50.842, 2756085403311, vstest.console.dll, FilePatternParser: The given file C:\Users\bojid\source\repos\CSharp-OOP\ExamTasks\OnlineShop.Tests\bin\Debug\netcoreapp3.1\fine-code-coverage\build-output\Computers.Tests.dll is a full path.
TpTrace Verbose: 0 : 26500, 1, 2022/08/13, 18:48:50.854, 2756085522327, vstest.console.dll, TestPluginCache.DiscoverTestExtensions: finding test extensions in assemblies ends with: RuntimeProvider.dll TPluginInfo: Microsoft.VisualStudio.TestPlatform.Common.ExtensionFramework.Utilities.TestRuntimePluginInformation TExtension: Microsoft.VisualStudio.TestPlatform.ObjectModel.Host.ITestRuntimeProvider
TpTrace Verbose: 0 : 26500, 1, 2022/08/13, 18:48:50.854, 2756085524413, vstest.console.dll, TestPluginCache.GetExtensionPaths: Filtered extension paths: 
TpTrace Verbose: 0 : 26500, 1, 2022/08/13, 18:48:50.854, 2756085525126, vstest.console.dll, TestPluginCache.GetExtensionPaths: Added default extension paths: C:\Program Files\dotnet\sdk\6.0.400\Extensions\Microsoft.Diagnostics.NETCore.Client.dll
C:\Program Files\dotnet\sdk\6.0.400\Extensions\Microsoft.TestPlatform.Extensions.BlameDataCollector.dll
C:\Program Files\dotnet\sdk\6.0.400\Extensions\Microsoft.TestPlatform.Extensions.EventLogCollector.dll
C:\Program Files\dotnet\sdk\6.0.400\Extensions\Microsoft.TestPlatform.TestHostRuntimeProvider.dll
C:\Program Files\dotnet\sdk\6.0.400\Extensions\Microsoft.VisualStudio.TestPlatform.Extensions.Html.TestLogger.dll
C:\Program Files\dotnet\sdk\6.0.400\Extensions\Microsoft.VisualStudio.TestPlatform.Extensions.Trx.TestLogger.dll
TpTrace Verbose: 0 : 26500, 1, 2022/08/13, 18:48:50.854, 2756085525542, vstest.console.dll, TestPluginCache.GetExtensionPaths: Added unfilterableExtensionPaths: 
TpTrace Information: 0 : 26500, 1, 2022/08/13, 18:48:50.855, 2756085530696, vstest.console.dll, AssemblyResolver.ctor: Creating AssemblyResolver with searchDirectories C:\Program Files\dotnet\sdk\6.0.400\Extensions,C:\Program Files\dotnet\sdk\6.0.400
TpTrace Verbose: 0 : 26500, 1, 2022/08/13, 18:48:50.857, 2756085557061, vstest.console.dll, TestPluginCache.DiscoverTestExtensions: Discovering the extensions using extension path.
TpTrace Verbose: 0 : 26500, 1, 2022/08/13, 18:48:50.857, 2756085558349, vstest.console.dll, TestPluginCache.GetExtensionPaths: Filtered extension paths: 
TpTrace Verbose: 0 : 26500, 1, 2022/08/13, 18:48:50.857, 2756085558804, vstest.console.dll, TestPluginCache.GetExtensionPaths: Added default extension paths: C:\Program Files\dotnet\sdk\6.0.400\Extensions\Microsoft.Diagnostics.NETCore.Client.dll
C:\Program Files\dotnet\sdk\6.0.400\Extensions\Microsoft.TestPlatform.Extensions.BlameDataCollector.dll
C:\Program Files\dotnet\sdk\6.0.400\Extensions\Microsoft.TestPlatform.Extensions.EventLogCollector.dll
C:\Program Files\dotnet\sdk\6.0.400\Extensions\Microsoft.TestPlatform.TestHostRuntimeProvider.dll
C:\Program Files\dotnet\sdk\6.0.400\Extensions\Microsoft.VisualStudio.TestPlatform.Extensions.Html.TestLogger.dll
C:\Program Files\dotnet\sdk\6.0.400\Extensions\Microsoft.VisualStudio.TestPlatform.Extensions.Trx.TestLogger.dll
TpTrace Verbose: 0 : 26500, 1, 2022/08/13, 18:48:50.857, 2756085559194, vstest.console.dll, TestPluginCache.GetExtensionPaths: Added unfilterableExtensionPaths: 
TpTrace Verbose: 0 : 26500, 1, 2022/08/13, 18:48:50.858, 2756085559783, vstest.console.dll, TestPluginCache.DiscoverTestExtensions: Discovering the extensions using allExtensionPaths: C:\Program Files\dotnet\sdk\6.0.400\Extensions\Microsoft.Diagnostics.NETCore.Client.dll
C:\Program Files\dotnet\sdk\6.0.400\Extensions\Microsoft.TestPlatform.Extensions.BlameDataCollector.dll
C:\Program Files\dotnet\sdk\6.0.400\Extensions\Microsoft.TestPlatform.Extensions.EventLogCollector.dll
C:\Program Files\dotnet\sdk\6.0.400\Extensions\Microsoft.TestPlatform.TestHostRuntimeProvider.dll
C:\Program Files\dotnet\sdk\6.0.400\Extensions\Microsoft.VisualStudio.TestPlatform.Extensions.Html.TestLogger.dll
C:\Program Files\dotnet\sdk\6.0.400\Extensions\Microsoft.VisualStudio.TestPlatform.Extensions.Trx.TestLogger.dll
TpTrace Information: 0 : 26500, 1, 2022/08/13, 18:48:50.858, 2756085561272, vstest.console.dll, AssemblyResolver.AddSearchDirectories: Adding more searchDirectories C:\Program Files\dotnet\sdk\6.0.400\Extensions,C:\Program Files\dotnet\sdk\6.0.400
TpTrace Information: 0 : 26500, 1, 2022/08/13, 18:48:50.858, 2756085561792, vstest.console.dll, AssemblyResolver.AddSearchDirectories: Adding more searchDirectories C:\Program Files\dotnet\sdk\6.0.400\Extensions,C:\Program Files\dotnet\sdk\6.0.400
TpTrace Information: 0 : 26500, 1, 2022/08/13, 18:48:50.858, 2756085562186, vstest.console.dll, AssemblyResolver.AddSearchDirectories: Adding more searchDirectories C:\Program Files\dotnet\sdk\6.0.400\Extensions,C:\Program Files\dotnet\sdk\6.0.400
TpTrace Information: 0 : 26500, 1, 2022/08/13, 18:48:50.858, 2756085562520, vstest.console.dll, AssemblyResolver.AddSearchDirectories: Adding more searchDirectories C:\Program Files\dotnet\sdk\6.0.400\Extensions,C:\Program Files\dotnet\sdk\6.0.400
TpTrace Information: 0 : 26500, 1, 2022/08/13, 18:48:50.858, 2756085562842, vstest.console.dll, AssemblyResolver.AddSearchDirectories: Adding more searchDirectories C:\Program Files\dotnet\sdk\6.0.400\Extensions,C:\Program Files\dotnet\sdk\6.0.400
TpTrace Information: 0 : 26500, 1, 2022/08/13, 18:48:50.858, 2756085563155, vstest.console.dll, AssemblyResolver.AddSearchDirectories: Adding more searchDirectories C:\Program Files\dotnet\sdk\6.0.400\Extensions,C:\Program Files\dotnet\sdk\6.0.400
TpTrace Information: 0 : 26500, 1, 2022/08/13, 18:48:50.859, 2756085570292, vstest.console.dll, AssemblyResolver.OnResolve: Microsoft.Diagnostics.NETCore.Client: Resolving assembly.
TpTrace Information: 0 : 26500, 1, 2022/08/13, 18:48:50.859, 2756085570980, vstest.console.dll, AssemblyResolver.OnResolve: Microsoft.Diagnostics.NETCore.Client: Searching in: 'C:\Program Files\dotnet\sdk\6.0.400\Extensions'.
TpTrace Information: 0 : 26500, 1, 2022/08/13, 18:48:50.861, 2756085598954, vstest.console.dll, AssemblyResolver.OnResolve: Microsoft.Diagnostics.NETCore.Client: Loading assembly 'C:\Program Files\dotnet\sdk\6.0.400\Extensions\Microsoft.Diagnostics.NETCore.Client.dll'.
TpTrace Information: 0 : 26500, 1, 2022/08/13, 18:48:50.863, 2756085611711, vstest.console.dll, AssemblyResolver.OnResolve: Resolved assembly: Microsoft.Diagnostics.NETCore.Client, from path: C:\Program Files\dotnet\sdk\6.0.400\Extensions\Microsoft.Diagnostics.NETCore.Client.dll
TpTrace Verbose: 0 : 26500, 1, 2022/08/13, 18:48:50.870, 2756085680874, vstest.console.dll, MetadataReaderExtensionsHelper: Discovering extensions inside assembly 'Microsoft.Diagnostics.NETCore.Client, Version=0.2.5.801, Culture=neutral, PublicKeyToken=31bf3856ad364e35' file path 'C:\Program Files\dotnet\sdk\6.0.400\Extensions\Microsoft.Diagnostics.NETCore.Client.dll'
TpTrace Information: 0 : 26500, 1, 2022/08/13, 18:48:50.887, 2756085850941, vstest.console.dll, AssemblyResolver.OnResolve: Microsoft.Bcl.AsyncInterfaces: Resolving assembly.
TpTrace Information: 0 : 26500, 1, 2022/08/13, 18:48:50.887, 2756085852037, vstest.console.dll, AssemblyResolver.OnResolve: Microsoft.Bcl.AsyncInterfaces: Searching in: 'C:\Program Files\dotnet\sdk\6.0.400\Extensions'.
TpTrace Information: 0 : 26500, 1, 2022/08/13, 18:48:50.887, 2756085852780, vstest.console.dll, AssemblyResolver.OnResolve: Microsoft.Bcl.AsyncInterfaces: Assembly path does not exist: 'C:\Program Files\dotnet\sdk\6.0.400\Extensions\Microsoft.Bcl.AsyncInterfaces.dll', returning.
TpTrace Information: 0 : 26500, 1, 2022/08/13, 18:48:50.887, 2756085853337, vstest.console.dll, AssemblyResolver.OnResolve: Microsoft.Bcl.AsyncInterfaces: Assembly path does not exist: 'C:\Program Files\dotnet\sdk\6.0.400\Extensions\Microsoft.Bcl.AsyncInterfaces.exe', returning.
TpTrace Information: 0 : 26500, 1, 2022/08/13, 18:48:50.887, 2756085854008, vstest.console.dll, AssemblyResolver.OnResolve: Microsoft.Bcl.AsyncInterfaces: Searching in: 'C:\Program Files\dotnet\sdk\6.0.400'.
TpTrace Information: 0 : 26500, 1, 2022/08/13, 18:48:50.887, 2756085854615, vstest.console.dll, AssemblyResolver.OnResolve: Microsoft.Bcl.AsyncInterfaces: Assembly path does not exist: 'C:\Program Files\dotnet\sdk\6.0.400\Microsoft.Bcl.AsyncInterfaces.dll', returning.
TpTrace Information: 0 : 26500, 1, 2022/08/13, 18:48:50.887, 2756085855208, vstest.console.dll, AssemblyResolver.OnResolve: Microsoft.Bcl.AsyncInterfaces: Assembly path does not exist: 'C:\Program Files\dotnet\sdk\6.0.400\Microsoft.Bcl.AsyncInterfaces.exe', returning.
TpTrace Information: 0 : 26500, 1, 2022/08/13, 18:48:50.887, 2756085855536, vstest.console.dll, AssemblyResolver.OnResolve: Microsoft.Bcl.AsyncInterfaces: Failed to load assembly.
TpTrace Verbose: 0 : 26500, 1, 2022/08/13, 18:48:50.887, 2756085855914, vstest.console.dll, CurrentDomainAssemblyResolve: Resolving assembly 'Microsoft.Bcl.AsyncInterfaces'.
TpTrace Information: 0 : 26500, 1, 2022/08/13, 18:48:50.887, 2756085856461, vstest.console.dll, AssemblyResolver.OnResolve: Microsoft.Bcl.AsyncInterfaces: Resolving assembly.
TpTrace Information: 0 : 26500, 1, 2022/08/13, 18:48:50.887, 2756085856852, vstest.console.dll, AssemblyResolver.OnResolve: Microsoft.Bcl.AsyncInterfaces: Resolved from cache.
TpTrace Verbose: 0 : 26500, 1, 2022/08/13, 18:48:50.887, 2756085857234, vstest.console.dll, CurrentDomainAssemblyResolve: Resolving assembly 'Microsoft.Bcl.AsyncInterfaces'.
TpTrace Verbose: 0 : 26500, 1, 2022/08/13, 18:48:50.887, 2756085857597, vstest.console.dll, CurrentDomainAssemblyResolve: Failed to resolve assembly 'Microsoft.Bcl.AsyncInterfaces'.
TpTrace Verbose: 0 : 26500, 1, 2022/08/13, 18:48:50.893, 2756085909955, vstest.console.dll, CurrentDomainAssemblyResolve: Failed to resolve assembly 'Microsoft.Bcl.AsyncInterfaces'.
TpTrace Warning: 0 : 26500, 1, 2022/08/13, 18:48:50.918, 2756086167575, vstest.console.dll, TestPluginDiscoverer: Failed to get types from assembly 'Microsoft.Diagnostics.NETCore.Client, Version=0.2.5.801, Culture=neutral, PublicKeyToken=31bf3856ad364e35'. Error: System.Reflection.ReflectionTypeLoadException: Unable to load one or more of the requested types.
Could not load file or assembly 'Microsoft.Bcl.AsyncInterfaces, Version=1.0.0.0, Culture=neutral, PublicKeyToken=cc7b13ffcd2ddd51'. The system cannot find the file specified.
   at System.Reflection.RuntimeModule.GetTypes(RuntimeModule module)
   at System.Reflection.Assembly.GetTypes()
   at Microsoft.VisualStudio.TestPlatform.Common.ExtensionFramework.TestPluginDiscoverer.GetTestExtensionsFromAssembly[TPluginInfo,TExtension](Assembly assembly, Dictionary`2 pluginInfos, String filePath)
System.IO.FileNotFoundException: Could not load file or assembly 'Microsoft.Bcl.AsyncInterfaces, Version=1.0.0.0, Culture=neutral, PublicKeyToken=cc7b13ffcd2ddd51'. The system cannot find the file specified.
File name: 'Microsoft.Bcl.AsyncInterfaces, Version=1.0.0.0, Culture=neutral, PublicKeyToken=cc7b13ffcd2ddd51'
 ---> System.IO.FileNotFoundException: Could not load file or assembly 'Microsoft.Bcl.AsyncInterfaces, Culture=neutral, PublicKeyToken=null'. The system cannot find the file specified.
File name: 'Microsoft.Bcl.AsyncInterfaces, Culture=neutral, PublicKeyToken=null'
   at System.Reflection.RuntimeAssembly.InternalLoad(ObjectHandleOnStack assemblyName, ObjectHandleOnStack requestingAssembly, StackCrawlMarkHandle stackMark, Boolean throwOnFileNotFound, ObjectHandleOnStack assemblyLoadContext, ObjectHandleOnStack retAssembly)
   at System.Reflection.RuntimeAssembly.InternalLoad(AssemblyName assemblyName, RuntimeAssembly requestingAssembly, StackCrawlMark& stackMark, Boolean throwOnFileNotFound, AssemblyLoadContext assemblyLoadContext)
   at System.Reflection.Assembly.Load(AssemblyName assemblyRef)
   at Microsoft.VisualStudio.TestPlatform.Common.ExtensionFramework.TestPluginCache.CurrentDomainAssemblyResolve(Object sender, AssemblyResolveEventArgs args)
   at Microsoft.VisualStudio.TestPlatform.PlatformAbstractions.PlatformAssemblyResolver.AssemblyResolverEvent(Object sender, Object eventArgs)
   at System.Runtime.Loader.AssemblyLoadContext.GetFirstResolvedAssemblyFromResolvingEvent(AssemblyName assemblyName)
   at System.Runtime.Loader.AssemblyLoadContext.ResolveUsingEvent(AssemblyName assemblyName)
   at System.Runtime.Loader.AssemblyLoadContext.ResolveUsingResolvingEvent(IntPtr gchManagedAssemblyLoadContext, AssemblyName assemblyName)
TpTrace Warning: 0 : 26500, 1, 2022/08/13, 18:48:50.919, 2756086172612, vstest.console.dll, LoaderExceptions: System.IO.FileNotFoundException: Could not load file or assembly 'Microsoft.Bcl.AsyncInterfaces, Version=1.0.0.0, Culture=neutral, PublicKeyToken=cc7b13ffcd2ddd51'. The system cannot find the file specified.
File name: 'Microsoft.Bcl.AsyncInterfaces, Version=1.0.0.0, Culture=neutral, PublicKeyToken=cc7b13ffcd2ddd51'
 ---> System.IO.FileNotFoundException: Could not load file or assembly 'Microsoft.Bcl.AsyncInterfaces, Culture=neutral, PublicKeyToken=null'. The system cannot find the file specified.
File name: 'Microsoft.Bcl.AsyncInterfaces, Culture=neutral, PublicKeyToken=null'
   at System.Reflection.RuntimeAssembly.InternalLoad(ObjectHandleOnStack assemblyName, ObjectHandleOnStack requestingAssembly, StackCrawlMarkHandle stackMark, Boolean throwOnFileNotFound, ObjectHandleOnStack assemblyLoadContext, ObjectHandleOnStack retAssembly)
   at System.Reflection.RuntimeAssembly.InternalLoad(AssemblyName assemblyName, RuntimeAssembly requestingAssembly, StackCrawlMark& stackMark, Boolean throwOnFileNotFound, AssemblyLoadContext assemblyLoadContext)
   at System.Reflection.Assembly.Load(AssemblyName assemblyRef)
   at Microsoft.VisualStudio.TestPlatform.Common.ExtensionFramework.TestPluginCache.CurrentDomainAssemblyResolve(Object sender, AssemblyResolveEventArgs args)
   at Microsoft.VisualStudio.TestPlatform.PlatformAbstractions.PlatformAssemblyResolver.AssemblyResolverEvent(Object sender, Object eventArgs)
   at System.Runtime.Loader.AssemblyLoadContext.GetFirstResolvedAssemblyFromResolvingEvent(AssemblyName assemblyName)
   at System.Runtime.Loader.AssemblyLoadContext.ResolveUsingEvent(AssemblyName assemblyName)
   at System.Runtime.Loader.AssemblyLoadContext.ResolveUsingResolvingEvent(IntPtr gchManagedAssemblyLoadContext, AssemblyName assemblyName)
TpTrace Information: 0 : 26500, 1, 2022/08/13, 18:48:50.919, 2756086173961, vstest.console.dll, AssemblyResolver.OnResolve: Microsoft.TestPlatform.Extensions.BlameDataCollector: Resolving assembly.
TpTrace Information: 0 : 26500, 1, 2022/08/13, 18:48:50.919, 2756086174411, vstest.console.dll, AssemblyResolver.OnResolve: Microsoft.TestPlatform.Extensions.BlameDataCollector: Searching in: 'C:\Program Files\dotnet\sdk\6.0.400\Extensions'.
TpTrace Information: 0 : 26500, 1, 2022/08/13, 18:48:50.921, 2756086194896, vstest.console.dll, AssemblyResolver.OnResolve: Microsoft.TestPlatform.Extensions.BlameDataCollector: Loading assembly 'C:\Program Files\dotnet\sdk\6.0.400\Extensions\Microsoft.TestPlatform.Extensions.BlameDataCollector.dll'.
TpTrace Information: 0 : 26500, 1, 2022/08/13, 18:48:50.922, 2756086200767, vstest.console.dll, AssemblyResolver.OnResolve: Resolved assembly: Microsoft.TestPlatform.Extensions.BlameDataCollector, from path: C:\Program Files\dotnet\sdk\6.0.400\Extensions\Microsoft.TestPlatform.Extensions.BlameDataCollector.dll
TpTrace Verbose: 0 : 26500, 1, 2022/08/13, 18:48:50.922, 2756086201482, vstest.console.dll, MetadataReaderExtensionsHelper: Discovering extensions inside assembly 'Microsoft.TestPlatform.Extensions.BlameDataCollector, Version=15.0.0.0, Culture=neutral, PublicKeyToken=b03f5f7f11d50a3a' file path 'C:\Program Files\dotnet\sdk\6.0.400\Extensions\Microsoft.TestPlatform.Extensions.BlameDataCollector.dll'
TpTrace Information: 0 : 26500, 1, 2022/08/13, 18:48:50.923, 2756086215260, vstest.console.dll, AssemblyResolver.OnResolve: Microsoft.TestPlatform.Extensions.EventLogCollector: Resolving assembly.
TpTrace Information: 0 : 26500, 1, 2022/08/13, 18:48:50.923, 2756086216238, vstest.console.dll, AssemblyResolver.OnResolve: Microsoft.TestPlatform.Extensions.EventLogCollector: Searching in: 'C:\Program Files\dotnet\sdk\6.0.400\Extensions'.
TpTrace Information: 0 : 26500, 1, 2022/08/13, 18:48:50.925, 2756086234916, vstest.console.dll, AssemblyResolver.OnResolve: Microsoft.TestPlatform.Extensions.EventLogCollector: Loading assembly 'C:\Program Files\dotnet\sdk\6.0.400\Extensions\Microsoft.TestPlatform.Extensions.EventLogCollector.dll'.
TpTrace Information: 0 : 26500, 1, 2022/08/13, 18:48:50.925, 2756086239352, vstest.console.dll, AssemblyResolver.OnResolve: Resolved assembly: Microsoft.TestPlatform.Extensions.EventLogCollector, from path: C:\Program Files\dotnet\sdk\6.0.400\Extensions\Microsoft.TestPlatform.Extensions.EventLogCollector.dll
TpTrace Verbose: 0 : 26500, 1, 2022/08/13, 18:48:50.926, 2756086240047, vstest.console.dll, MetadataReaderExtensionsHelper: Discovering extensions inside assembly 'Microsoft.TestPlatform.Extensions.EventLogCollector, Version=15.0.0.0, Culture=neutral, PublicKeyToken=b03f5f7f11d50a3a' file path 'C:\Program Files\dotnet\sdk\6.0.400\Extensions\Microsoft.TestPlatform.Extensions.EventLogCollector.dll'
TpTrace Information: 0 : 26500, 1, 2022/08/13, 18:48:50.929, 2756086278240, vstest.console.dll, AssemblyResolver.OnResolve: Microsoft.TestPlatform.TestHostRuntimeProvider: Resolving assembly.
TpTrace Information: 0 : 26500, 1, 2022/08/13, 18:48:50.929, 2756086278851, vstest.console.dll, AssemblyResolver.OnResolve: Microsoft.TestPlatform.TestHostRuntimeProvider: Searching in: 'C:\Program Files\dotnet\sdk\6.0.400\Extensions'.
TpTrace Information: 0 : 26500, 1, 2022/08/13, 18:48:50.931, 2756086298957, vstest.console.dll, AssemblyResolver.OnResolve: Microsoft.TestPlatform.TestHostRuntimeProvider: Loading assembly 'C:\Program Files\dotnet\sdk\6.0.400\Extensions\Microsoft.TestPlatform.TestHostRuntimeProvider.dll'.
TpTrace Information: 0 : 26500, 1, 2022/08/13, 18:48:50.932, 2756086308506, vstest.console.dll, AssemblyResolver.OnResolve: Resolved assembly: Microsoft.TestPlatform.TestHostRuntimeProvider, from path: C:\Program Files\dotnet\sdk\6.0.400\Extensions\Microsoft.TestPlatform.TestHostRuntimeProvider.dll
TpTrace Verbose: 0 : 26500, 1, 2022/08/13, 18:48:50.932, 2756086309223, vstest.console.dll, MetadataReaderExtensionsHelper: Discovering extensions inside assembly 'Microsoft.TestPlatform.TestHostRuntimeProvider, Version=15.0.0.0, Culture=neutral, PublicKeyToken=b03f5f7f11d50a3a' file path 'C:\Program Files\dotnet\sdk\6.0.400\Extensions\Microsoft.TestPlatform.TestHostRuntimeProvider.dll'
TpTrace Information: 0 : 26500, 1, 2022/08/13, 18:48:50.934, 2756086327175, vstest.console.dll, GetTestExtensionFromType: Register extension with identifier data 'HostProvider://DefaultTestHost' and type 'Microsoft.VisualStudio.TestPlatform.CrossPlatEngine.Hosting.DefaultTestHostManager, Microsoft.TestPlatform.TestHostRuntimeProvider, Version=15.0.0.0, Culture=neutral, PublicKeyToken=b03f5f7f11d50a3a' inside file 'C:\Program Files\dotnet\sdk\6.0.400\Extensions\Microsoft.TestPlatform.TestHostRuntimeProvider.dll'
TpTrace Information: 0 : 26500, 1, 2022/08/13, 18:48:50.934, 2756086328010, vstest.console.dll, GetTestExtensionFromType: Register extension with identifier data 'HostProvider://DotnetTestHost' and type 'Microsoft.VisualStudio.TestPlatform.CrossPlatEngine.Hosting.DotnetTestHostManager, Microsoft.TestPlatform.TestHostRuntimeProvider, Version=15.0.0.0, Culture=neutral, PublicKeyToken=b03f5f7f11d50a3a' inside file 'C:\Program Files\dotnet\sdk\6.0.400\Extensions\Microsoft.TestPlatform.TestHostRuntimeProvider.dll'
TpTrace Information: 0 : 26500, 1, 2022/08/13, 18:48:50.934, 2756086328733, vstest.console.dll, AssemblyResolver.OnResolve: Microsoft.VisualStudio.TestPlatform.Extensions.Html.TestLogger: Resolving assembly.
TpTrace Information: 0 : 26500, 1, 2022/08/13, 18:48:50.934, 2756086329121, vstest.console.dll, AssemblyResolver.OnResolve: Microsoft.VisualStudio.TestPlatform.Extensions.Html.TestLogger: Searching in: 'C:\Program Files\dotnet\sdk\6.0.400\Extensions'.
TpTrace Information: 0 : 26500, 1, 2022/08/13, 18:48:50.936, 2756086349690, vstest.console.dll, AssemblyResolver.OnResolve: Microsoft.VisualStudio.TestPlatform.Extensions.Html.TestLogger: Loading assembly 'C:\Program Files\dotnet\sdk\6.0.400\Extensions\Microsoft.VisualStudio.TestPlatform.Extensions.Html.TestLogger.dll'.
TpTrace Information: 0 : 26500, 1, 2022/08/13, 18:48:50.937, 2756086354789, vstest.console.dll, AssemblyResolver.OnResolve: Resolved assembly: Microsoft.VisualStudio.TestPlatform.Extensions.Html.TestLogger, from path: C:\Program Files\dotnet\sdk\6.0.400\Extensions\Microsoft.VisualStudio.TestPlatform.Extensions.Html.TestLogger.dll
TpTrace Verbose: 0 : 26500, 1, 2022/08/13, 18:48:50.937, 2756086355473, vstest.console.dll, MetadataReaderExtensionsHelper: Discovering extensions inside assembly 'Microsoft.VisualStudio.TestPlatform.Extensions.Html.TestLogger, Version=15.0.0.0, Culture=neutral, PublicKeyToken=b03f5f7f11d50a3a' file path 'C:\Program Files\dotnet\sdk\6.0.400\Extensions\Microsoft.VisualStudio.TestPlatform.Extensions.Html.TestLogger.dll'
TpTrace Information: 0 : 26500, 1, 2022/08/13, 18:48:50.938, 2756086360489, vstest.console.dll, AssemblyResolver.OnResolve: Microsoft.VisualStudio.TestPlatform.Extensions.Trx.TestLogger: Resolving assembly.
TpTrace Information: 0 : 26500, 1, 2022/08/13, 18:48:50.938, 2756086360986, vstest.console.dll, AssemblyResolver.OnResolve: Microsoft.VisualStudio.TestPlatform.Extensions.Trx.TestLogger: Searching in: 'C:\Program Files\dotnet\sdk\6.0.400\Extensions'.
TpTrace Information: 0 : 26500, 1, 2022/08/13, 18:48:50.939, 2756086371197, vstest.console.dll, AssemblyResolver.OnResolve: Microsoft.VisualStudio.TestPlatform.Extensions.Trx.TestLogger: Loading assembly 'C:\Program Files\dotnet\sdk\6.0.400\Extensions\Microsoft.VisualStudio.TestPlatform.Extensions.Trx.TestLogger.dll'.
TpTrace Information: 0 : 26500, 1, 2022/08/13, 18:48:50.940, 2756086380143, vstest.console.dll, AssemblyResolver.OnResolve: Resolved assembly: Microsoft.VisualStudio.TestPlatform.Extensions.Trx.TestLogger, from path: C:\Program Files\dotnet\sdk\6.0.400\Extensions\Microsoft.VisualStudio.TestPlatform.Extensions.Trx.TestLogger.dll
TpTrace Verbose: 0 : 26500, 1, 2022/08/13, 18:48:50.940, 2756086380937, vstest.console.dll, MetadataReaderExtensionsHelper: Discovering extensions inside assembly 'Microsoft.VisualStudio.TestPlatform.Extensions.Trx.TestLogger, Version=15.0.0.0, Culture=neutral, PublicKeyToken=b03f5f7f11d50a3a' file path 'C:\Program Files\dotnet\sdk\6.0.400\Extensions\Microsoft.VisualStudio.TestPlatform.Extensions.Trx.TestLogger.dll'
TpTrace Verbose: 0 : 26500, 1, 2022/08/13, 18:48:50.941, 2756086393373, vstest.console.dll, TestPluginCache: Discovered the extensions using extension path ''.
TpTrace Verbose: 0 : 26500, 1, 2022/08/13, 18:48:50.941, 2756086393978, vstest.console.dll, TestPluginCache: Discoverers are ''.
TpTrace Verbose: 0 : 26500, 1, 2022/08/13, 18:48:50.941, 2756086394310, vstest.console.dll, TestPluginCache: Executors are ''.
TpTrace Verbose: 0 : 26500, 1, 2022/08/13, 18:48:50.941, 2756086394666, vstest.console.dll, TestPluginCache: Executors2 are ''.
TpTrace Verbose: 0 : 26500, 1, 2022/08/13, 18:48:50.941, 2756086394941, vstest.console.dll, TestPluginCache: Setting providers are ''.
TpTrace Verbose: 0 : 26500, 1, 2022/08/13, 18:48:50.941, 2756086395215, vstest.console.dll, TestPluginCache: Loggers are ''.
TpTrace Verbose: 0 : 26500, 1, 2022/08/13, 18:48:50.941, 2756086396476, vstest.console.dll, TestPluginCache: TestHosts are 'HostProvider://DefaultTestHost,HostProvider://DotnetTestHost'.
TpTrace Verbose: 0 : 26500, 1, 2022/08/13, 18:48:50.941, 2756086396854, vstest.console.dll, TestPluginCache: DataCollectors are ''.
TpTrace Information: 0 : 26500, 1, 2022/08/13, 18:48:50.961, 2756086598327, vstest.console.dll, RunTestsArgumentProcessor:Execute: Test run is starting.
TpTrace Verbose: 0 : 26500, 1, 2022/08/13, 18:48:50.961, 2756086599252, vstest.console.dll, RunTestsArgumentProcessor:Execute: Queuing Test run.
TpTrace Information: 0 : 26500, 1, 2022/08/13, 18:48:50.962, 2756086601320, vstest.console.dll, TestRequestManager.RunTests: run tests started.
TpTrace Information: 0 : 26500, 1, 2022/08/13, 18:48:50.970, 2756086682415, vstest.console.dll, AssemblyMetadataProvider.GetFrameworkName: Determined framework:'.NETCoreApp,Version=v3.1' for source: 'C:\Users\bojid\source\repos\CSharp-OOP\ExamTasks\OnlineShop.Tests\bin\Debug\netcoreapp3.1\fine-code-coverage\build-output\Computers.Tests.dll'
TpTrace Information: 0 : 26500, 1, 2022/08/13, 18:48:50.970, 2756086684080, vstest.console.dll, Determined framework for all sources: .NETCoreApp,Version=v3.1
TpTrace Verbose: 0 : 26500, 1, 2022/08/13, 18:48:50.970, 2756086688574, vstest.console.dll, TestRequestManager.UpdateRunSettingsIfRequired: Default architecture: X64 IsDefaultTargetArchitecture: True, Current process architecture: X64 OperatingSystem: Windows.
TpTrace Information: 0 : 26500, 1, 2022/08/13, 18:48:50.973, 2756086710562, vstest.console.dll, AssemblyMetadataProvider.GetArchitecture: Determined architecture:AnyCPU info for assembly: C:\Users\bojid\source\repos\CSharp-OOP\ExamTasks\OnlineShop.Tests\bin\Debug\netcoreapp3.1\fine-code-coverage\build-output\Computers.Tests.dll
TpTrace Information: 0 : 26500, 1, 2022/08/13, 18:48:50.973, 2756086711201, vstest.console.dll, Determined platform for source 'C:\Users\bojid\source\repos\CSharp-OOP\ExamTasks\OnlineShop.Tests\bin\Debug\netcoreapp3.1\fine-code-coverage\build-output\Computers.Tests.dll' was AnyCPU and it will use the default plaform X64.
TpTrace Information: 0 : 26500, 1, 2022/08/13, 18:48:50.973, 2756086711609, vstest.console.dll, None of the sources provided any runnable platform, using the default platform: X64
TpTrace Information: 0 : 26500, 1, 2022/08/13, 18:48:50.973, 2756086712362, vstest.console.dll, Platform was updated to 'X64'.
TpTrace Information: 0 : 26500, 1, 2022/08/13, 18:48:50.977, 2756086758415, vstest.console.dll, InferRunSettingsHelper.IsTestSettingsEnabled: Unable to navigate to RunSettings/MSTest. Current node: RunSettings
TpTrace Information: 0 : 26500, 1, 2022/08/13, 18:48:50.978, 2756086763574, vstest.console.dll, AssemblyResolver.OnResolve: Microsoft.VisualStudio.TestPlatform.Fakes: Resolving assembly.
TpTrace Information: 0 : 26500, 1, 2022/08/13, 18:48:50.978, 2756086764139, vstest.console.dll, AssemblyResolver.OnResolve: Microsoft.VisualStudio.TestPlatform.Fakes: Searching in: 'C:\Program Files\dotnet\sdk\6.0.400\Extensions'.
TpTrace Information: 0 : 26500, 1, 2022/08/13, 18:48:50.978, 2756086764921, vstest.console.dll, AssemblyResolver.OnResolve: Microsoft.VisualStudio.TestPlatform.Fakes: Assembly path does not exist: 'C:\Program Files\dotnet\sdk\6.0.400\Extensions\Microsoft.VisualStudio.TestPlatform.Fakes.dll', returning.
TpTrace Information: 0 : 26500, 1, 2022/08/13, 18:48:50.978, 2756086765495, vstest.console.dll, AssemblyResolver.OnResolve: Microsoft.VisualStudio.TestPlatform.Fakes: Assembly path does not exist: 'C:\Program Files\dotnet\sdk\6.0.400\Extensions\Microsoft.VisualStudio.TestPlatform.Fakes.exe', returning.
TpTrace Information: 0 : 26500, 1, 2022/08/13, 18:48:50.978, 2756086765865, vstest.console.dll, AssemblyResolver.OnResolve: Microsoft.VisualStudio.TestPlatform.Fakes: Searching in: 'C:\Program Files\dotnet\sdk\6.0.400'.
TpTrace Information: 0 : 26500, 1, 2022/08/13, 18:48:50.978, 2756086766432, vstest.console.dll, AssemblyResolver.OnResolve: Microsoft.VisualStudio.TestPlatform.Fakes: Assembly path does not exist: 'C:\Program Files\dotnet\sdk\6.0.400\Microsoft.VisualStudio.TestPlatform.Fakes.dll', returning.
TpTrace Information: 0 : 26500, 1, 2022/08/13, 18:48:50.978, 2756086766982, vstest.console.dll, AssemblyResolver.OnResolve: Microsoft.VisualStudio.TestPlatform.Fakes: Assembly path does not exist: 'C:\Program Files\dotnet\sdk\6.0.400\Microsoft.VisualStudio.TestPlatform.Fakes.exe', returning.
TpTrace Information: 0 : 26500, 1, 2022/08/13, 18:48:50.978, 2756086767306, vstest.console.dll, AssemblyResolver.OnResolve: Microsoft.VisualStudio.TestPlatform.Fakes: Failed to load assembly.
TpTrace Information: 0 : 26500, 1, 2022/08/13, 18:48:50.978, 2756086769443, vstest.console.dll, Failed to load assembly Microsoft.VisualStudio.TestPlatform.Fakes, Version=17.0.0.0, Culture=neutral. Reason:System.IO.FileNotFoundException: Could not load file or assembly 'Microsoft.VisualStudio.TestPlatform.Fakes, Version=17.0.0.0, Culture=neutral, PublicKeyToken=null'. The system cannot find the file specified.
File name: 'Microsoft.VisualStudio.TestPlatform.Fakes, Version=17.0.0.0, Culture=neutral, PublicKeyToken=null'
   at System.Reflection.RuntimeAssembly.InternalLoad(ObjectHandleOnStack assemblyName, ObjectHandleOnStack requestingAssembly, StackCrawlMarkHandle stackMark, Boolean throwOnFileNotFound, ObjectHandleOnStack assemblyLoadContext, ObjectHandleOnStack retAssembly)
   at System.Reflection.RuntimeAssembly.InternalLoad(AssemblyName assemblyName, RuntimeAssembly requestingAssembly, StackCrawlMark& stackMark, Boolean throwOnFileNotFound, AssemblyLoadContext assemblyLoadContext)
   at System.Reflection.Assembly.Load(AssemblyName assemblyRef)
   at Microsoft.VisualStudio.TestPlatform.Common.Utilities.FakesUtilities.LoadTestPlatformAssembly()
TpTrace Verbose: 0 : 26500, 1, 2022/08/13, 18:48:50.982, 2756086802432, vstest.console.dll, TestPluginCache.DiscoverTestExtensions: finding test extensions in assemblies ends with: TestLogger.dll TPluginInfo: Microsoft.VisualStudio.TestPlatform.Common.ExtensionFramework.Utilities.TestLoggerPluginInformation TExtension: Microsoft.VisualStudio.TestPlatform.ObjectModel.Client.ITestLogger
TpTrace Verbose: 0 : 26500, 1, 2022/08/13, 18:48:50.982, 2756086803169, vstest.console.dll, TestPluginCache.GetExtensionPaths: Filtered extension paths: 
TpTrace Verbose: 0 : 26500, 1, 2022/08/13, 18:48:50.982, 2756086803541, vstest.console.dll, TestPluginCache.GetExtensionPaths: Added default extension paths: C:\Program Files\dotnet\sdk\6.0.400\Extensions\Microsoft.Diagnostics.NETCore.Client.dll
C:\Program Files\dotnet\sdk\6.0.400\Extensions\Microsoft.TestPlatform.Extensions.BlameDataCollector.dll
C:\Program Files\dotnet\sdk\6.0.400\Extensions\Microsoft.TestPlatform.Extensions.EventLogCollector.dll
C:\Program Files\dotnet\sdk\6.0.400\Extensions\Microsoft.TestPlatform.TestHostRuntimeProvider.dll
C:\Program Files\dotnet\sdk\6.0.400\Extensions\Microsoft.VisualStudio.TestPlatform.Extensions.Html.TestLogger.dll
C:\Program Files\dotnet\sdk\6.0.400\Extensions\Microsoft.VisualStudio.TestPlatform.Extensions.Trx.TestLogger.dll
TpTrace Verbose: 0 : 26500, 1, 2022/08/13, 18:48:50.982, 2756086803926, vstest.console.dll, TestPluginCache.GetExtensionPaths: Added unfilterableExtensionPaths: 
TpTrace Information: 0 : 26500, 1, 2022/08/13, 18:48:50.982, 2756086804937, vstest.console.dll, AssemblyResolver.AddSearchDirectories: Adding more searchDirectories C:\Program Files\dotnet\sdk\6.0.400\Extensions,C:\Program Files\dotnet\sdk\6.0.400
TpTrace Verbose: 0 : 26500, 1, 2022/08/13, 18:48:50.982, 2756086805382, vstest.console.dll, TestPluginCache.DiscoverTestExtensions: Discovering the extensions using extension path.
TpTrace Verbose: 0 : 26500, 1, 2022/08/13, 18:48:50.982, 2756086805824, vstest.console.dll, TestPluginCache.GetExtensionPaths: Filtered extension paths: 
TpTrace Verbose: 0 : 26500, 1, 2022/08/13, 18:48:50.982, 2756086806138, vstest.console.dll, TestPluginCache.GetExtensionPaths: Added default extension paths: C:\Program Files\dotnet\sdk\6.0.400\Extensions\Microsoft.Diagnostics.NETCore.Client.dll
C:\Program Files\dotnet\sdk\6.0.400\Extensions\Microsoft.TestPlatform.Extensions.BlameDataCollector.dll
C:\Program Files\dotnet\sdk\6.0.400\Extensions\Microsoft.TestPlatform.Extensions.EventLogCollector.dll
C:\Program Files\dotnet\sdk\6.0.400\Extensions\Microsoft.TestPlatform.TestHostRuntimeProvider.dll
C:\Program Files\dotnet\sdk\6.0.400\Extensions\Microsoft.VisualStudio.TestPlatform.Extensions.Html.TestLogger.dll
C:\Program Files\dotnet\sdk\6.0.400\Extensions\Microsoft.VisualStudio.TestPlatform.Extensions.Trx.TestLogger.dll
TpTrace Verbose: 0 : 26500, 1, 2022/08/13, 18:48:50.982, 2756086806848, vstest.console.dll, TestPluginCache.GetExtensionPaths: Added unfilterableExtensionPaths: 
TpTrace Verbose: 0 : 26500, 1, 2022/08/13, 18:48:50.982, 2756086807230, vstest.console.dll, TestPluginCache.DiscoverTestExtensions: Discovering the extensions using allExtensionPaths: C:\Program Files\dotnet\sdk\6.0.400\Extensions\Microsoft.Diagnostics.NETCore.Client.dll
C:\Program Files\dotnet\sdk\6.0.400\Extensions\Microsoft.TestPlatform.Extensions.BlameDataCollector.dll
C:\Program Files\dotnet\sdk\6.0.400\Extensions\Microsoft.TestPlatform.Extensions.EventLogCollector.dll
C:\Program Files\dotnet\sdk\6.0.400\Extensions\Microsoft.TestPlatform.TestHostRuntimeProvider.dll
C:\Program Files\dotnet\sdk\6.0.400\Extensions\Microsoft.VisualStudio.TestPlatform.Extensions.Html.TestLogger.dll
C:\Program Files\dotnet\sdk\6.0.400\Extensions\Microsoft.VisualStudio.TestPlatform.Extensions.Trx.TestLogger.dll
TpTrace Information: 0 : 26500, 1, 2022/08/13, 18:48:50.982, 2756086807727, vstest.console.dll, AssemblyResolver.AddSearchDirectories: Adding more searchDirectories C:\Program Files\dotnet\sdk\6.0.400\Extensions,C:\Program Files\dotnet\sdk\6.0.400
TpTrace Information: 0 : 26500, 1, 2022/08/13, 18:48:50.982, 2756086808083, vstest.console.dll, AssemblyResolver.AddSearchDirectories: Adding more searchDirectories C:\Program Files\dotnet\sdk\6.0.400\Extensions,C:\Program Files\dotnet\sdk\6.0.400
TpTrace Information: 0 : 26500, 1, 2022/08/13, 18:48:50.982, 2756086808403, vstest.console.dll, AssemblyResolver.AddSearchDirectories: Adding more searchDirectories C:\Program Files\dotnet\sdk\6.0.400\Extensions,C:\Program Files\dotnet\sdk\6.0.400
TpTrace Information: 0 : 26500, 1, 2022/08/13, 18:48:50.982, 2756086808755, vstest.console.dll, AssemblyResolver.AddSearchDirectories: Adding more searchDirectories C:\Program Files\dotnet\sdk\6.0.400\Extensions,C:\Program Files\dotnet\sdk\6.0.400
TpTrace Information: 0 : 26500, 1, 2022/08/13, 18:48:50.982, 2756086809075, vstest.console.dll, AssemblyResolver.AddSearchDirectories: Adding more searchDirectories C:\Program Files\dotnet\sdk\6.0.400\Extensions,C:\Program Files\dotnet\sdk\6.0.400
TpTrace Information: 0 : 26500, 1, 2022/08/13, 18:48:50.982, 2756086809386, vstest.console.dll, AssemblyResolver.AddSearchDirectories: Adding more searchDirectories C:\Program Files\dotnet\sdk\6.0.400\Extensions,C:\Program Files\dotnet\sdk\6.0.400
TpTrace Verbose: 0 : 26500, 1, 2022/08/13, 18:48:50.983, 2756086810399, vstest.console.dll, MetadataReaderExtensionsHelper: Discovering extensions inside assembly 'Microsoft.Diagnostics.NETCore.Client, Version=0.2.5.801, Culture=neutral, PublicKeyToken=31bf3856ad364e35' file path 'C:\Program Files\dotnet\sdk\6.0.400\Extensions\Microsoft.Diagnostics.NETCore.Client.dll'
TpTrace Information: 0 : 26500, 1, 2022/08/13, 18:48:50.983, 2756086814073, vstest.console.dll, AssemblyResolver.OnResolve: Microsoft.Bcl.AsyncInterfaces: Resolving assembly.
TpTrace Information: 0 : 26500, 1, 2022/08/13, 18:48:50.983, 2756086814538, vstest.console.dll, AssemblyResolver.OnResolve: Microsoft.Bcl.AsyncInterfaces: Resolved from cache.
TpTrace Verbose: 0 : 26500, 1, 2022/08/13, 18:48:50.983, 2756086814881, vstest.console.dll, CurrentDomainAssemblyResolve: Resolving assembly 'Microsoft.Bcl.AsyncInterfaces'.
TpTrace Information: 0 : 26500, 1, 2022/08/13, 18:48:50.983, 2756086815321, vstest.console.dll, AssemblyResolver.OnResolve: Microsoft.Bcl.AsyncInterfaces: Resolving assembly.
TpTrace Information: 0 : 26500, 1, 2022/08/13, 18:48:50.983, 2756086815639, vstest.console.dll, AssemblyResolver.OnResolve: Microsoft.Bcl.AsyncInterfaces: Resolved from cache.
TpTrace Verbose: 0 : 26500, 1, 2022/08/13, 18:48:50.983, 2756086815948, vstest.console.dll, CurrentDomainAssemblyResolve: Resolving assembly 'Microsoft.Bcl.AsyncInterfaces'.
TpTrace Verbose: 0 : 26500, 1, 2022/08/13, 18:48:50.983, 2756086816237, vstest.console.dll, CurrentDomainAssemblyResolve: Failed to resolve assembly 'Microsoft.Bcl.AsyncInterfaces'.
TpTrace Verbose: 0 : 26500, 1, 2022/08/13, 18:48:50.983, 2756086817739, vstest.console.dll, CurrentDomainAssemblyResolve: Failed to resolve assembly 'Microsoft.Bcl.AsyncInterfaces'.
TpTrace Warning: 0 : 26500, 1, 2022/08/13, 18:48:50.984, 2756086820612, vstest.console.dll, TestPluginDiscoverer: Failed to get types from assembly 'Microsoft.Diagnostics.NETCore.Client, Version=0.2.5.801, Culture=neutral, PublicKeyToken=31bf3856ad364e35'. Error: System.Reflection.ReflectionTypeLoadException: Unable to load one or more of the requested types.
Could not load file or assembly 'Microsoft.Bcl.AsyncInterfaces, Version=1.0.0.0, Culture=neutral, PublicKeyToken=cc7b13ffcd2ddd51'. The system cannot find the file specified.
   at System.Reflection.RuntimeModule.GetTypes(RuntimeModule module)
   at System.Reflection.Assembly.GetTypes()
   at Microsoft.VisualStudio.TestPlatform.Common.ExtensionFramework.TestPluginDiscoverer.GetTestExtensionsFromAssembly[TPluginInfo,TExtension](Assembly assembly, Dictionary`2 pluginInfos, String filePath)
System.IO.FileNotFoundException: Could not load file or assembly 'Microsoft.Bcl.AsyncInterfaces, Version=1.0.0.0, Culture=neutral, PublicKeyToken=cc7b13ffcd2ddd51'. The system cannot find the file specified.
File name: 'Microsoft.Bcl.AsyncInterfaces, Version=1.0.0.0, Culture=neutral, PublicKeyToken=cc7b13ffcd2ddd51'
 ---> System.IO.FileNotFoundException: Could not load file or assembly 'Microsoft.Bcl.AsyncInterfaces, Culture=neutral, PublicKeyToken=null'. The system cannot find the file specified.
File name: 'Microsoft.Bcl.AsyncInterfaces, Culture=neutral, PublicKeyToken=null'
   at System.Reflection.RuntimeAssembly.InternalLoad(ObjectHandleOnStack assemblyName, ObjectHandleOnStack requestingAssembly, StackCrawlMarkHandle stackMark, Boolean throwOnFileNotFound, ObjectHandleOnStack assemblyLoadContext, ObjectHandleOnStack retAssembly)
   at System.Reflection.RuntimeAssembly.InternalLoad(AssemblyName assemblyName, RuntimeAssembly requestingAssembly, StackCrawlMark& stackMark, Boolean throwOnFileNotFound, AssemblyLoadContext assemblyLoadContext)
   at System.Reflection.Assembly.Load(AssemblyName assemblyRef)
   at Microsoft.VisualStudio.TestPlatform.Common.ExtensionFramework.TestPluginCache.CurrentDomainAssemblyResolve(Object sender, AssemblyResolveEventArgs args)
   at Microsoft.VisualStudio.TestPlatform.PlatformAbstractions.PlatformAssemblyResolver.AssemblyResolverEvent(Object sender, Object eventArgs)
   at System.Runtime.Loader.AssemblyLoadContext.GetFirstResolvedAssemblyFromResolvingEvent(AssemblyName assemblyName)
   at System.Runtime.Loader.AssemblyLoadContext.ResolveUsingEvent(AssemblyName assemblyName)
   at System.Runtime.Loader.AssemblyLoadContext.ResolveUsingResolvingEvent(IntPtr gchManagedAssemblyLoadContext, AssemblyName assemblyName)
TpTrace Warning: 0 : 26500, 1, 2022/08/13, 18:48:50.984, 2756086822241, vstest.console.dll, LoaderExceptions: System.IO.FileNotFoundException: Could not load file or assembly 'Microsoft.Bcl.AsyncInterfaces, Version=1.0.0.0, Culture=neutral, PublicKeyToken=cc7b13ffcd2ddd51'. The system cannot find the file specified.
File name: 'Microsoft.Bcl.AsyncInterfaces, Version=1.0.0.0, Culture=neutral, PublicKeyToken=cc7b13ffcd2ddd51'
 ---> System.IO.FileNotFoundException: Could not load file or assembly 'Microsoft.Bcl.AsyncInterfaces, Culture=neutral, PublicKeyToken=null'. The system cannot find the file specified.
File name: 'Microsoft.Bcl.AsyncInterfaces, Culture=neutral, PublicKeyToken=null'
   at System.Reflection.RuntimeAssembly.InternalLoad(ObjectHandleOnStack assemblyName, ObjectHandleOnStack requestingAssembly, StackCrawlMarkHandle stackMark, Boolean throwOnFileNotFound, ObjectHandleOnStack assemblyLoadContext, ObjectHandleOnStack retAssembly)
   at System.Reflection.RuntimeAssembly.InternalLoad(AssemblyName assemblyName, RuntimeAssembly requestingAssembly, StackCrawlMark& stackMark, Boolean throwOnFileNotFound, AssemblyLoadContext assemblyLoadContext)
   at System.Reflection.Assembly.Load(AssemblyName assemblyRef)
   at Microsoft.VisualStudio.TestPlatform.Common.ExtensionFramework.TestPluginCache.CurrentDomainAssemblyResolve(Object sender, AssemblyResolveEventArgs args)
   at Microsoft.VisualStudio.TestPlatform.PlatformAbstractions.PlatformAssemblyResolver.AssemblyResolverEvent(Object sender, Object eventArgs)
   at System.Runtime.Loader.AssemblyLoadContext.GetFirstResolvedAssemblyFromResolvingEvent(AssemblyName assemblyName)
   at System.Runtime.Loader.AssemblyLoadContext.ResolveUsingEvent(AssemblyName assemblyName)
   at System.Runtime.Loader.AssemblyLoadContext.ResolveUsingResolvingEvent(IntPtr gchManagedAssemblyLoadContext, AssemblyName assemblyName)
TpTrace Verbose: 0 : 26500, 1, 2022/08/13, 18:48:50.984, 2756086823403, vstest.console.dll, MetadataReaderExtensionsHelper: Discovering extensions inside assembly 'Microsoft.TestPlatform.Extensions.BlameDataCollector, Version=15.0.0.0, Culture=neutral, PublicKeyToken=b03f5f7f11d50a3a' file path 'C:\Program Files\dotnet\sdk\6.0.400\Extensions\Microsoft.TestPlatform.Extensions.BlameDataCollector.dll'
TpTrace Information: 0 : 26500, 1, 2022/08/13, 18:48:50.984, 2756086826849, vstest.console.dll, GetTestExtensionFromType: Register extension with identifier data 'logger://Microsoft/TestPlatform/Extensions/Blame/v1' and type 'Microsoft.TestPlatform.Extensions.BlameDataCollector.BlameLogger, Microsoft.TestPlatform.Extensions.BlameDataCollector, Version=15.0.0.0, Culture=neutral, PublicKeyToken=b03f5f7f11d50a3a' inside file 'C:\Program Files\dotnet\sdk\6.0.400\Extensions\Microsoft.TestPlatform.Extensions.BlameDataCollector.dll'
TpTrace Verbose: 0 : 26500, 1, 2022/08/13, 18:48:50.984, 2756086827443, vstest.console.dll, MetadataReaderExtensionsHelper: Discovering extensions inside assembly 'Microsoft.TestPlatform.Extensions.EventLogCollector, Version=15.0.0.0, Culture=neutral, PublicKeyToken=b03f5f7f11d50a3a' file path 'C:\Program Files\dotnet\sdk\6.0.400\Extensions\Microsoft.TestPlatform.Extensions.EventLogCollector.dll'
TpTrace Verbose: 0 : 26500, 1, 2022/08/13, 18:48:50.985, 2756086829961, vstest.console.dll, MetadataReaderExtensionsHelper: Discovering extensions inside assembly 'Microsoft.TestPlatform.TestHostRuntimeProvider, Version=15.0.0.0, Culture=neutral, PublicKeyToken=b03f5f7f11d50a3a' file path 'C:\Program Files\dotnet\sdk\6.0.400\Extensions\Microsoft.TestPlatform.TestHostRuntimeProvider.dll'
TpTrace Verbose: 0 : 26500, 1, 2022/08/13, 18:48:50.985, 2756086833379, vstest.console.dll, MetadataReaderExtensionsHelper: Discovering extensions inside assembly 'Microsoft.VisualStudio.TestPlatform.Extensions.Html.TestLogger, Version=15.0.0.0, Culture=neutral, PublicKeyToken=b03f5f7f11d50a3a' file path 'C:\Program Files\dotnet\sdk\6.0.400\Extensions\Microsoft.VisualStudio.TestPlatform.Extensions.Html.TestLogger.dll'
TpTrace Information: 0 : 26500, 1, 2022/08/13, 18:48:50.985, 2756086836542, vstest.console.dll, GetTestExtensionFromType: Register extension with identifier data 'logger://Microsoft/TestPlatform/HtmlLogger/v1' and type 'Microsoft.VisualStudio.TestPlatform.Extensions.HtmlLogger.HtmlLogger, Microsoft.VisualStudio.TestPlatform.Extensions.Html.TestLogger, Version=15.0.0.0, Culture=neutral, PublicKeyToken=b03f5f7f11d50a3a' inside file 'C:\Program Files\dotnet\sdk\6.0.400\Extensions\Microsoft.VisualStudio.TestPlatform.Extensions.Html.TestLogger.dll'
TpTrace Verbose: 0 : 26500, 1, 2022/08/13, 18:48:50.985, 2756086837193, vstest.console.dll, MetadataReaderExtensionsHelper: Discovering extensions inside assembly 'Microsoft.VisualStudio.TestPlatform.Extensions.Trx.TestLogger, Version=15.0.0.0, Culture=neutral, PublicKeyToken=b03f5f7f11d50a3a' file path 'C:\Program Files\dotnet\sdk\6.0.400\Extensions\Microsoft.VisualStudio.TestPlatform.Extensions.Trx.TestLogger.dll'
TpTrace Information: 0 : 26500, 1, 2022/08/13, 18:48:50.986, 2756086840239, vstest.console.dll, GetTestExtensionFromType: Register extension with identifier data 'logger://Microsoft/TestPlatform/TrxLogger/v1' and type 'Microsoft.VisualStudio.TestPlatform.Extensions.TrxLogger.TrxLogger, Microsoft.VisualStudio.TestPlatform.Extensions.Trx.TestLogger, Version=15.0.0.0, Culture=neutral, PublicKeyToken=b03f5f7f11d50a3a' inside file 'C:\Program Files\dotnet\sdk\6.0.400\Extensions\Microsoft.VisualStudio.TestPlatform.Extensions.Trx.TestLogger.dll'
TpTrace Verbose: 0 : 26500, 1, 2022/08/13, 18:48:50.986, 2756086840912, vstest.console.dll, TestPluginCache: Discovered the extensions using extension path ''.
TpTrace Verbose: 0 : 26500, 1, 2022/08/13, 18:48:50.986, 2756086841278, vstest.console.dll, TestPluginCache: Discoverers are ''.
TpTrace Verbose: 0 : 26500, 1, 2022/08/13, 18:48:50.986, 2756086841575, vstest.console.dll, TestPluginCache: Executors are ''.
TpTrace Verbose: 0 : 26500, 1, 2022/08/13, 18:48:50.986, 2756086841851, vstest.console.dll, TestPluginCache: Executors2 are ''.
TpTrace Verbose: 0 : 26500, 1, 2022/08/13, 18:48:50.986, 2756086842124, vstest.console.dll, TestPluginCache: Setting providers are ''.
TpTrace Verbose: 0 : 26500, 1, 2022/08/13, 18:48:50.986, 2756086842760, vstest.console.dll, TestPluginCache: Loggers are 'logger://Microsoft/TestPlatform/Extensions/Blame/v1,logger://Microsoft/TestPlatform/HtmlLogger/v1,logger://Microsoft/TestPlatform/TrxLogger/v1'.
TpTrace Verbose: 0 : 26500, 1, 2022/08/13, 18:48:50.986, 2756086843234, vstest.console.dll, TestPluginCache: TestHosts are 'HostProvider://DefaultTestHost,HostProvider://DotnetTestHost'.
TpTrace Verbose: 0 : 26500, 1, 2022/08/13, 18:48:50.986, 2756086843552, vstest.console.dll, TestPluginCache: DataCollectors are ''.
TpTrace Information: 0 : 26500, 1, 2022/08/13, 18:48:50.986, 2756086848675, vstest.console.dll, TestPluginManager.CreateTestExtension: Attempting to load test extension: Microsoft.TestPlatform.Extensions.BlameDataCollector.BlameLogger
TpTrace Verbose: 0 : 26500, 1, 2022/08/13, 18:48:50.991, 2756086899568, vstest.console.dll, TestEngine: Initializing Parallel Execution as MaxCpuCount is set to: 1
TpTrace Information: 0 : 26500, 1, 2022/08/13, 18:48:50.993, 2756086914671, vstest.console.dll, TestPluginManager.CreateTestExtension: Attempting to load test extension: Microsoft.VisualStudio.TestPlatform.CrossPlatEngine.Hosting.DefaultTestHostManager
TpTrace Information: 0 : 26500, 1, 2022/08/13, 18:48:50.994, 2756086922410, vstest.console.dll, TestPluginManager.CreateTestExtension: Attempting to load test extension: Microsoft.VisualStudio.TestPlatform.CrossPlatEngine.Hosting.DotnetTestHostManager
TpTrace Information: 0 : 26500, 1, 2022/08/13, 18:48:50.994, 2756086926711, vstest.console.dll, InferRunSettingsHelper.IsTestSettingsEnabled: Unable to navigate to RunSettings/MSTest. Current node: RunSettings
TpTrace Verbose: 0 : 26500, 1, 2022/08/13, 18:48:50.998, 2756086968677, vstest.console.dll, TestEngine.GetExecutionManager: Chosen execution manager 'Microsoft.VisualStudio.TestPlatform.CrossPlatEngine.Client.Parallel.ParallelProxyExecutionManager, Microsoft.TestPlatform.CrossPlatEngine, Version=15.0.0.0, Culture=neutral, PublicKeyToken=b03f5f7f11d50a3a' ParallelLevel '1'.
TpTrace Verbose: 0 : 26500, 1, 2022/08/13, 18:48:50.999, 2756086969833, vstest.console.dll, TestRunRequest.ExecuteAsync: Creating test run request.
TpTrace Verbose: 0 : 26500, 1, 2022/08/13, 18:48:50.999, 2756086971732, vstest.console.dll, TestRunRequest.ExecuteAsync: Starting.
TpTrace Information: 0 : 26500, 1, 2022/08/13, 18:48:50.999, 2756086978138, vstest.console.dll, TestRunRequest.ExecuteAsync: Starting run with settings:TestRunCriteria:
   KeepAlive=False,FrequencyOfRunStatsChangeEvent=10,RunStatsChangeEventTimeout=00:00:01.5000000,TestCaseFilter=,TestExecutorLauncher=
   Settingsxml=<RunSettings>
  <RunConfiguration>
    <ResultsDirectory>C:\Users\bojid\source\repos\CSharp-OOP\ExamTasks\OnlineShop.Tests\bin\Debug\netcoreapp3.1\fine-code-coverage\coverage-tool-output</ResultsDirectory>
    <TargetPlatform>X64</TargetPlatform>
    <TargetFrameworkVersion>.NETCoreApp,Version=v3.1</TargetFrameworkVersion>
    <DesignMode>False</DesignMode>
    <CollectSourceInformation>False</CollectSourceInformation>
  </RunConfiguration>
  <LoggerRunSettings>
    <Loggers>
      <Logger friendlyName="blame" enabled="True" />
      <Logger friendlyName="Console" uri="logger://microsoft/TestPlatform/ConsoleLogger/v1" assemblyQualifiedName="Microsoft.VisualStudio.TestPlatform.CommandLine.Internal.ConsoleLogger, vstest.console, Version=15.0.0.0, Culture=neutral, PublicKeyToken=b03f5f7f11d50a3a" codeBase="C:\Program Files\dotnet\sdk\6.0.400\vstest.console.dll" enabled="True" />
    </Loggers>
  </LoggerRunSettings>
  <DataCollectionRunSettings>
    <DataCollectors>
      <DataCollector friendlyName="blame" enabled="True">
        <Configuration>
          <ResultsDirectory>C:\Users\bojid\source\repos\CSharp-OOP\ExamTasks\OnlineShop.Tests\bin\Debug\netcoreapp3.1\fine-code-coverage\coverage-tool-output</ResultsDirectory>
        </Configuration>
      </DataCollector>
    </DataCollectors>
  </DataCollectionRunSettings>
</RunSettings>

TpTrace Verbose: 0 : 26500, 1, 2022/08/13, 18:48:50.999, 2756086978745, vstest.console.dll, TestRunRequest.ExecuteAsync: Wait for the first run request is over.
TpTrace Verbose: 0 : 26500, 1, 2022/08/13, 18:48:51.000, 2756086981336, vstest.console.dll, MulticastDelegateUtilities.SafeInvoke: TestRun.TestRunStart: Invoking callbacks was skipped because there are no subscribers.
TpTrace Verbose: 0 : 26500, 4, 2022/08/13, 18:48:51.000, 2756086983057, vstest.console.dll, MulticastDelegateUtilities.SafeInvoke: InternalTestLoggerEvents.SendTestRunStart: Invoking callback 1/1 for Microsoft.VisualStudio.TestPlatform.CommandLine.Internal.ConsoleLogger.TestRunStartHandler, took 0 ms.
TpTrace Verbose: 0 : 26500, 1, 2022/08/13, 18:48:51.001, 2756086992768, vstest.console.dll, ParallelProxyExecutionManager: Start execution. Total sources: 1
TpTrace Verbose: 0 : 26500, 1, 2022/08/13, 18:48:51.002, 2756087007929, vstest.console.dll, TestRequestSender is acting as server.
TpTrace Verbose: 0 : 26500, 1, 2022/08/13, 18:48:51.003, 2756087018571, vstest.console.dll, DataCollectionRequestSender.InitializeCommunication : Initialize communication. 
TpTrace Information: 0 : 26500, 1, 2022/08/13, 18:48:51.008, 2756087068873, vstest.console.dll, Listening on Endpoint : 127.0.0.1:63024
TpTrace Verbose: 0 : 26500, 1, 2022/08/13, 18:48:51.015, 2756087129916, vstest.console.dll, DotnetDataCollectionLauncher: Adding  --runtimeconfig "C:\Program Files\dotnet\sdk\6.0.400\datacollector.runtimeconfig.json" in args
TpTrace Verbose: 0 : 26500, 1, 2022/08/13, 18:48:51.015, 2756087132529, vstest.console.dll, DotnetDataCollectionLauncher: Adding  --depsfile "C:\Program Files\dotnet\sdk\6.0.400\datacollector.deps.json" in args
TpTrace Verbose: 0 : 26500, 1, 2022/08/13, 18:48:51.015, 2756087134747, vstest.console.dll, DotnetDataCollectionLauncher: Full path of dotnet.exe is C:\Program Files\dotnet\dotnet.exe
TpTrace Information: 0 : 26500, 1, 2022/08/13, 18:48:51.025, 2756087232145, vstest.console.dll, ProxyDataCollectionManager.Initialize: Launched datacollector processId: 24780 port: 63024
TpTrace Information: 0 : 26500, 1, 2022/08/13, 18:48:51.025, 2756087233336, vstest.console.dll, ProxyDataCollectionManager.Initialize: waiting for connection with timeout: 90 seconds
TpTrace Verbose: 0 : 26500, 1, 2022/08/13, 18:48:51.025, 2756087233885, vstest.console.dll, DataCollectionRequestSender.WaitForRequestHandlerConnection : Waiting for connection with timeout: 90000
TpTrace Information: 0 : 26500, 5, 2022/08/13, 18:48:51.143, 2756088419037, vstest.console.dll, Using the buffer size of 16384 bytes
TpTrace Verbose: 0 : 26500, 1, 2022/08/13, 18:48:51.143, 2756088419367, vstest.console.dll, SocketCommunicationManager.WaitForClientConnection took: 118 ms, with 90000 ms timeout, and finished with True.
TpTrace Information: 0 : 26500, 5, 2022/08/13, 18:48:51.144, 2756088419994, vstest.console.dll, Accepted Client request and set the flag
TpTrace Verbose: 0 : 26500, 1, 2022/08/13, 18:48:51.144, 2756088421097, vstest.console.dll, ProxyDataCollectionManager.InvokeDataCollectionServiceAction: Starting.
TpTrace Information: 0 : 26500, 1, 2022/08/13, 18:48:51.144, 2756088422054, vstest.console.dll, ProxyDataCollectionManager.BeforeTestRunStart: Get environment variable and port for datacollector processId: 24780 port: 63024
TpTrace Verbose: 0 : 26500, 1, 2022/08/13, 18:48:51.144, 2756088423016, vstest.console.dll, DataCollectionRequestSender.SendBeforeTestRunStartAndGetResult: Send BeforeTestRunStart message with settingsXml <RunSettings><RunConfiguration><ResultsDirectory>C:\Users\bojid\source\repos\CSharp-OOP\ExamTasks\OnlineShop.Tests\bin\Debug\netcoreapp3.1\fine-code-coverage\coverage-tool-output</ResultsDirectory><TargetPlatform>X64</TargetPlatform><TargetFrameworkVersion>.NETCoreApp,Version=v3.1</TargetFrameworkVersion><DesignMode>False</DesignMode><CollectSourceInformation>False</CollectSourceInformation><TestAdaptersPaths>C:\Program Files\dotnet\sdk\6.0.400\Extensions</TestAdaptersPaths></RunConfiguration><LoggerRunSettings><Loggers><Logger friendlyName="blame" enabled="True" /><Logger friendlyName="Console" uri="logger://microsoft/TestPlatform/ConsoleLogger/v1" assemblyQualifiedName="Microsoft.VisualStudio.TestPlatform.CommandLine.Internal.ConsoleLogger, vstest.console, Version=15.0.0.0, Culture=neutral, PublicKeyToken=b03f5f7f11d50a3a" codeBase="C:\Program Files\dotnet\sdk\6.0.400\vstest.console.dll" enabled="True" /></Loggers></LoggerRunSettings><DataCollectionRunSettings><DataCollectors><DataCollector friendlyName="blame" enabled="True"><Configuration><ResultsDirectory>C:\Users\bojid\source\repos\CSharp-OOP\ExamTasks\OnlineShop.Tests\bin\Debug\netcoreapp3.1\fine-code-coverage\coverage-tool-output</ResultsDirectory></Configuration></DataCollector></DataCollectors></DataCollectionRunSettings></RunSettings> and sources System.Collections.Generic.List`1[System.String]: 
TpTrace Verbose: 0 : 26500, 1, 2022/08/13, 18:48:51.224, 2756089221238, vstest.console.dll, DataCollectionRequestSender.SendBeforeTestRunStartAndGetResult: Received message: (DataCollection.SendMessage) -> {"MessageType":"DataCollection.SendMessage","Payload":{"FriendlyName":null,"Uri":null,"TestCaseId":"00000000-0000-0000-0000-000000000000","Message":"Logging DataCollector Diagnostics in file: C:\\Users\\bojid\\source\\repos\\CSharp-OOP\\ExamTasks\\OnlineShop.Tests\\bin\\Debug\\netcoreapp3.1\\fine-code-coverage\\coverage-tool-output\\diagnostics.datacollector.22-08-13_18-48-51_01479_1.log","Level":0}}
TpTrace Verbose: 0 : 26500, 1, 2022/08/13, 18:48:51.297, 2756089951283, vstest.console.dll, DataCollectionRequestSender.SendBeforeTestRunStartAndGetResult: Received message: (DataCollection.BeforeTestRunStartResult) -> {"MessageType":"DataCollection.BeforeTestRunStartResult","Payload":{"EnvironmentVariables":{},"DataCollectionEventsPort":63027}}
TpTrace Information: 0 : 26500, 1, 2022/08/13, 18:48:51.301, 2756089997184, vstest.console.dll, ProxyDataCollectionManager.BeforeTestRunStart: SendBeforeTestRunStartAndGetResult successful, env variable from datacollector:   and testhost port: 63027
TpTrace Information: 0 : 26500, 1, 2022/08/13, 18:48:51.301, 2756089998019, vstest.console.dll, ProxyDataCollectionManager.InvokeDataCollectionServiceAction: Completed.
TpTrace Verbose: 0 : 26500, 7, 2022/08/13, 18:48:51.301, 2756089999091, vstest.console.dll, ParallelProxyExecutionManager: Execution started. Started clients: 1
TpTrace Verbose: 0 : 26500, 1, 2022/08/13, 18:48:51.301, 2756089999233, vstest.console.dll, ProxyParallelExecutionManager: No sources available for execution.
TpTrace Information: 0 : 26500, 1, 2022/08/13, 18:48:51.302, 2756090000277, vstest.console.dll, TestRunRequest.ExecuteAsync: Started.
TpTrace Verbose: 0 : 26500, 1, 2022/08/13, 18:48:51.302, 2756090001035, vstest.console.dll, TestRunRequest.WaitForCompletion: Waiting with timeout -1.
TpTrace Verbose: 0 : 26500, 7, 2022/08/13, 18:48:51.302, 2756090001448, vstest.console.dll, TestRunRequest:SendTestRunMessage: Starting.
TpTrace Verbose: 0 : 26500, 7, 2022/08/13, 18:48:51.302, 2756090002663, vstest.console.dll, MulticastDelegateUtilities.SafeInvoke: TestRun.LogMessages: Invoking callback 1/1 for Microsoft.VisualStudio.TestPlatform.CommandLine.TestRunResultAggregator.TestRunMessageHandler, took 0 ms.
TpTrace Verbose: 0 : 26500, 4, 2022/08/13, 18:48:51.302, 2756090003007, vstest.console.dll, MulticastDelegateUtilities.SafeInvoke: InternalTestLoggerEvents.SendTestRunMessage: Invoking callback 1/1 for Microsoft.VisualStudio.TestPlatform.CommandLine.Internal.ConsoleLogger.TestMessageHandler, took 0 ms.
TpTrace Information: 0 : 26500, 7, 2022/08/13, 18:48:51.302, 2756090003121, vstest.console.dll, TestRunRequest:SendTestRunMessage: Completed.
TpTrace Verbose: 0 : 26500, 7, 2022/08/13, 18:48:51.302, 2756090005565, vstest.console.dll, ProxyExecutionManager: Test host is always Lazy initialize.
TpTrace Verbose: 0 : 26500, 7, 2022/08/13, 18:48:51.302, 2756090007388, vstest.console.dll, TestRequestSender.InitializeCommunication: initialize communication. 
TpTrace Information: 0 : 26500, 7, 2022/08/13, 18:48:51.303, 2756090011923, vstest.console.dll, SocketServer.Start: Listening on endpoint : 127.0.0.1:63028
TpTrace Verbose: 0 : 26500, 7, 2022/08/13, 18:48:51.303, 2756090016718, vstest.console.dll, DotnetTestHostmanager.GetTestHostProcessStartInfo: Platform environment 'X64' target architecture 'X64' framework '.NETCoreApp,Version=v3.1' OS 'Windows'
TpTrace Verbose: 0 : 26500, 7, 2022/08/13, 18:48:51.303, 2756090018575, vstest.console.dll, DotnetTestHostmanager: Adding  --runtimeconfig "C:\Users\bojid\source\repos\CSharp-OOP\ExamTasks\OnlineShop.Tests\bin\Debug\netcoreapp3.1\fine-code-coverage\build-output\Computers.Tests.runtimeconfig.json" in args
TpTrace Verbose: 0 : 26500, 7, 2022/08/13, 18:48:51.303, 2756090019503, vstest.console.dll, DotnetTestHostmanager: Adding  --depsfile "C:\Users\bojid\source\repos\CSharp-OOP\ExamTasks\OnlineShop.Tests\bin\Debug\netcoreapp3.1\fine-code-coverage\build-output\Computers.Tests.deps.json" in args
TpTrace Verbose: 0 : 26500, 7, 2022/08/13, 18:48:51.304, 2756090020865, vstest.console.dll, DotnetTestHostmanager.IsWinOnArm: Current PROCESSOR_ARCHITECTURE from environment variable 'AMD64'
TpTrace Verbose: 0 : 26500, 7, 2022/08/13, 18:48:51.304, 2756090021391, vstest.console.dll, DotnetTestHostmanager.IsWinOnArm: Is Windows on ARM 'False'
TpTrace Verbose: 0 : 26500, 7, 2022/08/13, 18:48:51.304, 2756090022183, vstest.console.dll, DotnetTestHostManager: testhost.exe found at path: C:\Users\bojid\source\repos\CSharp-OOP\ExamTasks\OnlineShop.Tests\bin\Debug\netcoreapp3.1\fine-code-coverage\build-output\testhost.exe
TpTrace Verbose: 0 : 26500, 7, 2022/08/13, 18:48:51.304, 2756090022660, vstest.console.dll, DotnetTestHostmanager: Full path of host exe is C:\Users\bojid\source\repos\CSharp-OOP\ExamTasks\OnlineShop.Tests\bin\Debug\netcoreapp3.1\fine-code-coverage\build-output\testhost.exe
TpTrace Verbose: 0 : 26500, 7, 2022/08/13, 18:48:51.304, 2756090023617, vstest.console.dll, DotnetTestHostmanager.LaunchTestHostAsync: Found 'VSTEST_WINAPPHOST_DOTNET_ROOT' in env variables, value 'C:\Program Files\dotnet', forwarding to 'DOTNET_ROOT'
TpTrace Verbose: 0 : 26500, 7, 2022/08/13, 18:48:51.304, 2756090024730, vstest.console.dll, DotnetTestHostManager: Starting process 'C:\Users\bojid\source\repos\CSharp-OOP\ExamTasks\OnlineShop.Tests\bin\Debug\netcoreapp3.1\fine-code-coverage\build-output\testhost.exe' with command line ' --runtimeconfig "C:\Users\bojid\source\repos\CSharp-OOP\ExamTasks\OnlineShop.Tests\bin\Debug\netcoreapp3.1\fine-code-coverage\build-output\Computers.Tests.runtimeconfig.json" --depsfile "C:\Users\bojid\source\repos\CSharp-OOP\ExamTasks\OnlineShop.Tests\bin\Debug\netcoreapp3.1\fine-code-coverage\build-output\Computers.Tests.deps.json" --port 63028 --endpoint 127.0.0.1:063028 --role client --parentprocessid 26500 --diag "C:\Users\bojid\source\repos\CSharp-OOP\ExamTasks\OnlineShop.Tests\bin\Debug\netcoreapp3.1\fine-code-coverage\coverage-tool-output\diagnostics.host.22-08-13_18-48-51_30346_7.log" --tracelevel 4 --datacollectionport 63027 --telemetryoptedin false'
TpTrace Verbose: 0 : 26500, 7, 2022/08/13, 18:48:51.330, 2756090281665, vstest.console.dll, MulticastDelegateUtilities.SafeInvoke: HostProviderEvents.OnHostLaunched: Invoking callback 1/2 for Microsoft.VisualStudio.TestPlatform.CrossPlatEngine.Client.ProxyExecutionManagerWithDataCollection.TestHostLaunchedHandler, took 0 ms.
TpTrace Verbose: 0 : 26500, 7, 2022/08/13, 18:48:51.330, 2756090282810, vstest.console.dll, Test Runtime launched
TpTrace Verbose: 0 : 26500, 7, 2022/08/13, 18:48:51.330, 2756090283352, vstest.console.dll, MulticastDelegateUtilities.SafeInvoke: HostProviderEvents.OnHostLaunched: Invoking callback 2/2 for Microsoft.VisualStudio.TestPlatform.CrossPlatEngine.Client.ProxyOperationManager.TestHostManagerHostLaunched, took 0 ms.
TpTrace Verbose: 0 : 26500, 7, 2022/08/13, 18:48:51.330, 2756090284433, vstest.console.dll, TestRequestSender.WaitForRequestHandlerConnection: waiting for connection with timeout: 90000.
TpTrace Verbose: 0 : 26500, 13, 2022/08/13, 18:48:51.554, 2756092529083, vstest.console.dll, MulticastDelegateUtilities.SafeInvoke: SocketServer: ClientConnected: Invoking callback 1/1 for Microsoft.VisualStudio.TestPlatform.CommunicationUtilities.TestRequestSender.<InitializeCommunication>b__24_0, took 0 ms.
TpTrace Verbose: 0 : 26500, 13, 2022/08/13, 18:48:51.555, 2756092530005, vstest.console.dll, SocketServer.OnClientConnected: Client connected for endPoint: 127.0.0.1:63028, starting MessageLoopAsync:
TpTrace Verbose: 0 : 26500, 7, 2022/08/13, 18:48:51.554, 2756092529363, vstest.console.dll, TestRequestSender.WaitForRequestHandlerConnection: waiting took 224 ms, with timeout 90000 ms, and result 0, which is success.
TpTrace Verbose: 0 : 26500, 13, 2022/08/13, 18:48:51.555, 2756092533585, vstest.console.dll, TcpClientExtensions.MessageLoopAsync: Polling on remoteEndPoint: 127.0.0.1:63029 localEndPoint: 127.0.0.1:63028
TpTrace Verbose: 0 : 26500, 7, 2022/08/13, 18:48:51.555, 2756092537818, vstest.console.dll, TestRequestSender.CheckVersionWithTestHost: Sending check version message: {"MessageType":"ProtocolVersion","Payload":7}
TpTrace Verbose: 0 : 26500, 13, 2022/08/13, 18:48:51.680, 2756093785382, vstest.console.dll, TcpClientExtensions.MessageLoopAsync: NotifyDataAvailable remoteEndPoint: 127.0.0.1:63029 localEndPoint: 127.0.0.1:63028
TpTrace Verbose: 0 : 26500, 13, 2022/08/13, 18:48:51.680, 2756093787553, vstest.console.dll, TestRequestSender.CheckVersionWithTestHost: onMessageReceived received message: (ProtocolVersion) -> {"MessageType":"ProtocolVersion","Payload":5}
TpTrace Verbose: 0 : 26500, 13, 2022/08/13, 18:48:51.681, 2756093792971, vstest.console.dll, MulticastDelegateUtilities.SafeInvoke: LengthPrefixCommunicationChannel: MessageReceived: Invoking callback 1/1 for Microsoft.VisualStudio.TestPlatform.CommunicationUtilities.TestRequestSender+<>c__DisplayClass26_0.<CheckVersionWithTestHost>b__0, took 0 ms.
TpTrace Verbose: 0 : 26500, 7, 2022/08/13, 18:48:51.681, 2756093793689, vstest.console.dll, TestPluginCache.GetExtensionPaths: Filtered extension paths: 
TpTrace Verbose: 0 : 26500, 13, 2022/08/13, 18:48:51.681, 2756093793782, vstest.console.dll, TcpClientExtensions.MessageLoopAsync: Polling on remoteEndPoint: 127.0.0.1:63029 localEndPoint: 127.0.0.1:63028
TpTrace Verbose: 0 : 26500, 7, 2022/08/13, 18:48:51.681, 2756093794372, vstest.console.dll, TestPluginCache.GetExtensionPaths: Added default extension paths: C:\Program Files\dotnet\sdk\6.0.400\Extensions\Microsoft.Diagnostics.NETCore.Client.dll
C:\Program Files\dotnet\sdk\6.0.400\Extensions\Microsoft.TestPlatform.Extensions.BlameDataCollector.dll
C:\Program Files\dotnet\sdk\6.0.400\Extensions\Microsoft.TestPlatform.Extensions.EventLogCollector.dll
C:\Program Files\dotnet\sdk\6.0.400\Extensions\Microsoft.TestPlatform.TestHostRuntimeProvider.dll
C:\Program Files\dotnet\sdk\6.0.400\Extensions\Microsoft.VisualStudio.TestPlatform.Extensions.Html.TestLogger.dll
C:\Program Files\dotnet\sdk\6.0.400\Extensions\Microsoft.VisualStudio.TestPlatform.Extensions.Trx.TestLogger.dll
TpTrace Verbose: 0 : 26500, 7, 2022/08/13, 18:48:51.681, 2756093795535, vstest.console.dll, TestPluginCache.GetExtensionPaths: Added unfilterableExtensionPaths: 
TpTrace Verbose: 0 : 26500, 7, 2022/08/13, 18:48:51.684, 2756093823829, vstest.console.dll, TestRequestSender.InitializeExecution: Sending initialize execution with message: {"Version":5,"MessageType":"TestExecution.Initialize","Payload":["C:\\Users\\bojid\\source\\repos\\CSharp-OOP\\ExamTasks\\OnlineShop.Tests\\bin\\Debug\\netcoreapp3.1\\fine-code-coverage\\build-output\\NUnit3.TestAdapter.dll"]}
TpTrace Warning: 0 : 26500, 7, 2022/08/13, 18:48:51.684, 2756093828067, vstest.console.dll, InferRunSettingsHelper.MakeRunsettingsCompatible: Removing the following settings: TargetPlatform from RunSettings file. To use those settings please move to latest version of Microsoft.NET.Test.Sdk
TpTrace Verbose: 0 : 26500, 13, 2022/08/13, 18:48:51.690, 2756093880886, vstest.console.dll, TcpClientExtensions.MessageLoopAsync: NotifyDataAvailable remoteEndPoint: 127.0.0.1:63029 localEndPoint: 127.0.0.1:63028
TpTrace Verbose: 0 : 26500, 13, 2022/08/13, 18:48:51.690, 2756093882550, vstest.console.dll, TestRequestSender.OnExecutionMessageReceived: Received message: {"Version":5,"MessageType":"TestSession.Message","Payload":{"MessageLevel":0,"Message":"Logging TestHost Diagnostics in file: C:\\Users\\bojid\\source\\repos\\CSharp-OOP\\ExamTasks\\OnlineShop.Tests\\bin\\Debug\\netcoreapp3.1\\fine-code-coverage\\coverage-tool-output\\diagnostics.host.22-08-13_18-48-51_30346_7.log"}}
TpTrace Verbose: 0 : 26500, 13, 2022/08/13, 18:48:51.692, 2756093903374, vstest.console.dll, TestRunRequest:SendTestRunMessage: Starting.
TpTrace Verbose: 0 : 26500, 13, 2022/08/13, 18:48:51.692, 2756093904653, vstest.console.dll, MulticastDelegateUtilities.SafeInvoke: TestRun.LogMessages: Invoking callback 1/1 for Microsoft.VisualStudio.TestPlatform.CommandLine.TestRunResultAggregator.TestRunMessageHandler, took 0 ms.
TpTrace Information: 0 : 26500, 13, 2022/08/13, 18:48:51.692, 2756093905081, vstest.console.dll, TestRunRequest:SendTestRunMessage: Completed.
TpTrace Verbose: 0 : 26500, 4, 2022/08/13, 18:48:51.692, 2756093905140, vstest.console.dll, MulticastDelegateUtilities.SafeInvoke: InternalTestLoggerEvents.SendTestRunMessage: Invoking callback 1/1 for Microsoft.VisualStudio.TestPlatform.CommandLine.Internal.ConsoleLogger.TestMessageHandler, took 0 ms.
TpTrace Verbose: 0 : 26500, 13, 2022/08/13, 18:48:51.692, 2756093905730, vstest.console.dll, MulticastDelegateUtilities.SafeInvoke: LengthPrefixCommunicationChannel: MessageReceived: Invoking callback 1/1 for Microsoft.VisualStudio.TestPlatform.CommunicationUtilities.TestRequestSender+<>c__DisplayClass31_0.<StartTestRun>b__1, took 2 ms.
TpTrace Verbose: 0 : 26500, 13, 2022/08/13, 18:48:51.692, 2756093906989, vstest.console.dll, TcpClientExtensions.MessageLoopAsync: Polling on remoteEndPoint: 127.0.0.1:63029 localEndPoint: 127.0.0.1:63028
TpTrace Verbose: 0 : 26500, 7, 2022/08/13, 18:48:51.694, 2756093929021, vstest.console.dll, TestRequestSender.StartTestRun: Sending test run with message: {"Version":5,"MessageType":"TestExecution.StartWithSources","Payload":{"AdapterSourceMap":{"_none_":["C:\\Users\\bojid\\source\\repos\\CSharp-OOP\\ExamTasks\\OnlineShop.Tests\\bin\\Debug\\netcoreapp3.1\\fine-code-coverage\\build-output\\Computers.Tests.dll"]},"RunSettings":"<RunSettings>\r\n  <RunConfiguration>\r\n    <ResultsDirectory>C:\\Users\\bojid\\source\\repos\\CSharp-OOP\\ExamTasks\\OnlineShop.Tests\\bin\\Debug\\netcoreapp3.1\\fine-code-coverage\\coverage-tool-output</ResultsDirectory>\r\n    <TargetFrameworkVersion>.NETCoreApp,Version=v3.1</TargetFrameworkVersion>\r\n    <DesignMode>False</DesignMode>\r\n    <CollectSourceInformation>False</CollectSourceInformation>\r\n  </RunConfiguration>\r\n  <LoggerRunSettings>\r\n    <Loggers>\r\n      <Logger friendlyName=\"blame\" enabled=\"True\" />\r\n      <Logger friendlyName=\"Console\" uri=\"logger://microsoft/TestPlatform/ConsoleLogger/v1\" assemblyQualifiedName=\"Microsoft.VisualStudio.TestPlatform.CommandLine.Internal.ConsoleLogger, vstest.console, Version=15.0.0.0, Culture=neutral, PublicKeyToken=b03f5f7f11d50a3a\" codeBase=\"C:\\Program Files\\dotnet\\sdk\\6.0.400\\vstest.console.dll\" enabled=\"True\" />\r\n    </Loggers>\r\n  </LoggerRunSettings>\r\n  <DataCollectionRunSettings>\r\n    <DataCollectors>\r\n      <DataCollector friendlyName=\"blame\" enabled=\"True\">\r\n        <Configuration>\r\n          <ResultsDirectory>C:\\Users\\bojid\\source\\repos\\CSharp-OOP\\ExamTasks\\OnlineShop.Tests\\bin\\Debug\\netcoreapp3.1\\fine-code-coverage\\coverage-tool-output</ResultsDirectory>\r\n        </Configuration>\r\n      </DataCollector>\r\n    </DataCollectors>\r\n  </DataCollectionRunSettings>\r\n</RunSettings>","TestExecutionContext":{"FrequencyOfRunStatsChangeEvent":10,"RunStatsChangeEventTimeout":"00:00:01.5000000","InIsolation":false,"KeepAlive":false,"AreTestCaseLevelEventsRequired":false,"IsDebug":false,"TestCaseFilter":null,"FilterOptions":null},"Package":null}}
TpTrace Verbose: 0 : 26500, 13, 2022/08/13, 18:48:51.835, 2756095338256, vstest.console.dll, TcpClientExtensions.MessageLoopAsync: NotifyDataAvailable remoteEndPoint: 127.0.0.1:63029 localEndPoint: 127.0.0.1:63028
TpTrace Verbose: 0 : 26500, 13, 2022/08/13, 18:48:51.835, 2756095339589, vstest.console.dll, TestRequestSender.OnExecutionMessageReceived: Received message: {"Version":5,"MessageType":"TestSession.Message","Payload":{"MessageLevel":0,"Message":"NUnit Adapter 4.2.0.0: Test execution started"}}
TpTrace Verbose: 0 : 26500, 13, 2022/08/13, 18:48:51.836, 2756095341182, vstest.console.dll, TestRunRequest:SendTestRunMessage: Starting.
TpTrace Verbose: 0 : 26500, 13, 2022/08/13, 18:48:51.836, 2756095341797, vstest.console.dll, MulticastDelegateUtilities.SafeInvoke: TestRun.LogMessages: Invoking callback 1/1 for Microsoft.VisualStudio.TestPlatform.CommandLine.TestRunResultAggregator.TestRunMessageHandler, took 0 ms.
TpTrace Information: 0 : 26500, 13, 2022/08/13, 18:48:51.836, 2756095342196, vstest.console.dll, TestRunRequest:SendTestRunMessage: Completed.
TpTrace Verbose: 0 : 26500, 4, 2022/08/13, 18:48:51.836, 2756095342330, vstest.console.dll, MulticastDelegateUtilities.SafeInvoke: InternalTestLoggerEvents.SendTestRunMessage: Invoking callback 1/1 for Microsoft.VisualStudio.TestPlatform.CommandLine.Internal.ConsoleLogger.TestMessageHandler, took 0 ms.
TpTrace Verbose: 0 : 26500, 13, 2022/08/13, 18:48:51.836, 2756095342619, vstest.console.dll, MulticastDelegateUtilities.SafeInvoke: LengthPrefixCommunicationChannel: MessageReceived: Invoking callback 1/1 for Microsoft.VisualStudio.TestPlatform.CommunicationUtilities.TestRequestSender+<>c__DisplayClass31_0.<StartTestRun>b__1, took 0 ms.
TpTrace Verbose: 0 : 26500, 13, 2022/08/13, 18:48:51.836, 2756095344059, vstest.console.dll, TcpClientExtensions.MessageLoopAsync: Polling on remoteEndPoint: 127.0.0.1:63029 localEndPoint: 127.0.0.1:63028
TpTrace Verbose: 0 : 26500, 13, 2022/08/13, 18:48:51.860, 2756095584197, vstest.console.dll, TcpClientExtensions.MessageLoopAsync: NotifyDataAvailable remoteEndPoint: 127.0.0.1:63029 localEndPoint: 127.0.0.1:63028
TpTrace Verbose: 0 : 26500, 13, 2022/08/13, 18:48:51.860, 2756095588959, vstest.console.dll, TestRequestSender.OnExecutionMessageReceived: Received message: {"Version":5,"MessageType":"TestSession.Message","Payload":{"MessageLevel":0,"Message":"Running all tests in C:\\Users\\bojid\\source\\repos\\CSharp-OOP\\ExamTasks\\OnlineShop.Tests\\bin\\Debug\\netcoreapp3.1\\fine-code-coverage\\build-output\\Computers.Tests.dll"}}
TpTrace Verbose: 0 : 26500, 13, 2022/08/13, 18:48:51.861, 2756095590196, vstest.console.dll, TestRunRequest:SendTestRunMessage: Starting.
TpTrace Verbose: 0 : 26500, 13, 2022/08/13, 18:48:51.861, 2756095590808, vstest.console.dll, MulticastDelegateUtilities.SafeInvoke: TestRun.LogMessages: Invoking callback 1/1 for Microsoft.VisualStudio.TestPlatform.CommandLine.TestRunResultAggregator.TestRunMessageHandler, took 0 ms.
TpTrace Information: 0 : 26500, 13, 2022/08/13, 18:48:51.861, 2756095591144, vstest.console.dll, TestRunRequest:SendTestRunMessage: Completed.
TpTrace Verbose: 0 : 26500, 4, 2022/08/13, 18:48:51.861, 2756095591266, vstest.console.dll, MulticastDelegateUtilities.SafeInvoke: InternalTestLoggerEvents.SendTestRunMessage: Invoking callback 1/1 for Microsoft.VisualStudio.TestPlatform.CommandLine.Internal.ConsoleLogger.TestMessageHandler, took 0 ms.
TpTrace Verbose: 0 : 26500, 13, 2022/08/13, 18:48:51.861, 2756095591477, vstest.console.dll, MulticastDelegateUtilities.SafeInvoke: LengthPrefixCommunicationChannel: MessageReceived: Invoking callback 1/1 for Microsoft.VisualStudio.TestPlatform.CommunicationUtilities.TestRequestSender+<>c__DisplayClass31_0.<StartTestRun>b__1, took 0 ms.
TpTrace Verbose: 0 : 26500, 13, 2022/08/13, 18:48:51.861, 2756095592929, vstest.console.dll, TcpClientExtensions.MessageLoopAsync: Polling on remoteEndPoint: 127.0.0.1:63029 localEndPoint: 127.0.0.1:63028
TpTrace Verbose: 0 : 26500, 13, 2022/08/13, 18:48:52.253, 2756099516214, vstest.console.dll, TcpClientExtensions.MessageLoopAsync: NotifyDataAvailable remoteEndPoint: 127.0.0.1:63029 localEndPoint: 127.0.0.1:63028
TpTrace Verbose: 0 : 26500, 13, 2022/08/13, 18:48:52.253, 2756099517529, vstest.console.dll, TestRequestSender.OnExecutionMessageReceived: Received message: {"Version":5,"MessageType":"TestSession.Message","Payload":{"MessageLevel":0,"Message":"   NUnit3TestExecutor discovered 14 of 14 NUnit test cases using Current Discovery mode, Non-Explicit run"}}
TpTrace Verbose: 0 : 26500, 13, 2022/08/13, 18:48:52.253, 2756099518551, vstest.console.dll, TestRunRequest:SendTestRunMessage: Starting.
TpTrace Verbose: 0 : 26500, 13, 2022/08/13, 18:48:52.253, 2756099519120, vstest.console.dll, MulticastDelegateUtilities.SafeInvoke: TestRun.LogMessages: Invoking callback 1/1 for Microsoft.VisualStudio.TestPlatform.CommandLine.TestRunResultAggregator.TestRunMessageHandler, took 0 ms.
TpTrace Information: 0 : 26500, 13, 2022/08/13, 18:48:52.253, 2756099519450, vstest.console.dll, TestRunRequest:SendTestRunMessage: Completed.
TpTrace Verbose: 0 : 26500, 4, 2022/08/13, 18:48:52.253, 2756099519623, vstest.console.dll, MulticastDelegateUtilities.SafeInvoke: InternalTestLoggerEvents.SendTestRunMessage: Invoking callback 1/1 for Microsoft.VisualStudio.TestPlatform.CommandLine.Internal.ConsoleLogger.TestMessageHandler, took 0 ms.
TpTrace Verbose: 0 : 26500, 13, 2022/08/13, 18:48:52.254, 2756099519767, vstest.console.dll, MulticastDelegateUtilities.SafeInvoke: LengthPrefixCommunicationChannel: MessageReceived: Invoking callback 1/1 for Microsoft.VisualStudio.TestPlatform.CommunicationUtilities.TestRequestSender+<>c__DisplayClass31_0.<StartTestRun>b__1, took 0 ms.
TpTrace Verbose: 0 : 26500, 13, 2022/08/13, 18:48:52.254, 2756099520956, vstest.console.dll, TcpClientExtensions.MessageLoopAsync: Polling on remoteEndPoint: 127.0.0.1:63029 localEndPoint: 127.0.0.1:63028
TpTrace Verbose: 0 : 26500, 13, 2022/08/13, 18:48:52.646, 2756103444992, vstest.console.dll, TcpClientExtensions.MessageLoopAsync: NotifyDataAvailable remoteEndPoint: 127.0.0.1:63029 localEndPoint: 127.0.0.1:63028
TpTrace Verbose: 0 : 26500, 13, 2022/08/13, 18:48:52.646, 2756103447132, vstest.console.dll, TestRequestSender.OnExecutionMessageReceived: Received message: {"Version":5,"MessageType":"TestExecution.StatsChange","Payload":{"NewTestResults":[{"TestCase":{"Id":"1665e85a-f21a-3d14-71b1-7944f6ce5b16","FullyQualifiedName":"Computers.Tests.Tests.Add_Method_Should_Add_Correctly","DisplayName":"Add_Method_Should_Add_Correctly","ExecutorUri":"executor://NUnit3TestExecutor","Source":"C:\\Users\\bojid\\source\\repos\\CSharp-OOP\\ExamTasks\\OnlineShop.Tests\\bin\\Debug\\netcoreapp3.1\\fine-code-coverage\\build-output\\Computers.Tests.dll","CodeFilePath":null,"LineNumber":0,"Properties":[{"Key":{"Id":"NUnit.Seed","Label":"Seed","Category":"","Description":"","Attributes":0,"ValueType":"System.String"},"Value":"201795776"}]},"Attachments":[],"Outcome":1,"ErrorMessage":null,"ErrorStackTrace":null,"DisplayName":"Add_Method_Should_Add_Correctly","Messages":[],"ComputerName":"MSI","Duration":"00:00:00.2826990","StartTime":"2022-08-13T15:48:52.2782302+00:00","EndTime":"2022-08-13T15:48:52.5608481+00:00","Properties":[{"Key":{"Id":"NUnit.Seed","Label":"Seed","Category":"","Description":"","Attributes":0,"ValueType":"System.String"},"Value":"201795776"}]},{"TestCase":{"Id":"0cf15cb4-0c62-eb3e-1e75-1d2bd4aa97c5","FullyQualifiedName":"Computers.Tests.Tests.Add_Method_Should_Throw_An_Exception_If_The_Computer_Is_Null","DisplayName":"Add_Method_Should_Throw_An_Exception_If_The_Computer_Is_Null","ExecutorUri":"executor://NUnit3TestExecutor","Source":"C:\\Users\\bojid\\source\\repos\\CSharp-OOP\\ExamTasks\\OnlineShop.Tests\\bin\\Debug\\netcoreapp3.1\\fine-code-coverage\\build-output\\Computers.Tests.dll","CodeFilePath":null,"LineNumber":0,"Properties":[{"Key":{"Id":"NUnit.Seed","Label":"Seed","Category":"","Description":"","Attributes":0,"ValueType":"System.String"},"Value":"1155537665"}]},"Attachments":[],"Outcome":1,"ErrorMessage":null,"ErrorStackTrace":null,"DisplayName":"Add_Method_Should_Throw_An_Exception_If_The_Computer_Is_Null","Messages":[],"ComputerName":"MSI","Duration":"00:00:00.0044500","StartTime":"2022-08-13T15:48:52.562395+00:00","EndTime":"2022-08-13T15:48:52.5668435+00:00","Properties":[{"Key":{"Id":"NUnit.Seed","Label":"Seed","Category":"","Description":"","Attributes":0,"ValueType":"System.String"},"Value":"1155537665"}]},{"TestCase":{"Id":"51840970-fb7f-d823-53ee-37d89f7c0105","FullyQualifiedName":"Computers.Tests.Tests.Add_Method_Should_Throw_An_Exception_If_We_Try_To_Add_Existing_Computer","DisplayName":"Add_Method_Should_Throw_An_Exception_If_We_Try_To_Add_Existing_Computer","ExecutorUri":"executor://NUnit3TestExecutor","Source":"C:\\Users\\bojid\\source\\repos\\CSharp-OOP\\ExamTasks\\OnlineShop.Tests\\bin\\Debug\\netcoreapp3.1\\fine-code-coverage\\build-output\\Computers.Tests.dll","CodeFilePath":null,"LineNumber":0,"Properties":[{"Key":{"Id":"NUnit.Seed","Label":"Seed","Category":"","Description":"","Attributes":0,"ValueType":"System.String"},"Value":"48729001"}]},"Attachments":[],"Outcome":1,"ErrorMessage":null,"ErrorStackTrace":null,"DisplayName":"Add_Method_Should_Throw_An_Exception_If_We_Try_To_Add_Existing_Computer","Messages":[],"ComputerName":"MSI","Duration":"00:00:00.0005790","StartTime":"2022-08-13T15:48:52.5668755+00:00","EndTime":"2022-08-13T15:48:52.5674543+00:00","Properties":[{"Key":{"Id":"NUnit.Seed","Label":"Seed","Category":"","Description":"","Attributes":0,"ValueType":"System.String"},"Value":"48729001"}]},{"TestCase":{"Id":"f76fd541-a006-eaad-7ae6-6f0e13d965a8","FullyQualifiedName":"Computers.Tests.Tests.Constructor_Should_Initialize_The_List_Correctly","DisplayName":"Constructor_Should_Initialize_The_List_Correctly","ExecutorUri":"executor://NUnit3TestExecutor","Source":"C:\\Users\\bojid\\source\\repos\\CSharp-OOP\\ExamTasks\\OnlineShop.Tests\\bin\\Debug\\netcoreapp3.1\\fine-code-coverage\\build-output\\Computers.Tests.dll","CodeFilePath":null,"LineNumber":0,"Properties":[{"Key":{"Id":"NUnit.Seed","Label":"Seed","Category":"","Description":"","Attributes":0,"ValueType":"System.String"},"Value":"1286468239"}]},"Attachments":[],"Outcome":1,"ErrorMessage":null,"ErrorStackTrace":null,"DisplayName":"Constructor_Should_Initialize_The_List_Correctly","Messages":[],"ComputerName":"MSI","Duration":"00:00:00.0021230","StartTime":"2022-08-13T15:48:52.5674642+00:00","EndTime":"2022-08-13T15:48:52.569587+00:00","Properties":[{"Key":{"Id":"NUnit.Seed","Label":"Seed","Category":"","Description":"","Attributes":0,"ValueType":"System.String"},"Value":"1286468239"}]},{"TestCase":{"Id":"8ffe76fa-3030-45d5-1026-eb4af5d0c2ee","FullyQualifiedName":"Computers.Tests.Tests.Count_Should_Return_Correct_Value_With_Items","DisplayName":"Count_Should_Return_Correct_Value_With_Items","ExecutorUri":"executor://NUnit3TestExecutor","Source":"C:\\Users\\bojid\\source\\repos\\CSharp-OOP\\ExamTasks\\OnlineShop.Tests\\bin\\Debug\\netcoreapp3.1\\fine-code-coverage\\build-output\\Computers.Tests.dll","CodeFilePath":null,"LineNumber":0,"Properties":[{"Key":{"Id":"NUnit.Seed","Label":"Seed","Category":"","Description":"","Attributes":0,"ValueType":"System.String"},"Value":"160053547"}]},"Attachments":[],"Outcome":1,"ErrorMessage":null,"ErrorStackTrace":null,"DisplayName":"Count_Should_Return_Correct_Value_With_Items","Messages":[],"ComputerName":"MSI","Duration":"00:00:00.0002140","StartTime":"2022-08-13T15:48:52.5695972+00:00","EndTime":"2022-08-13T15:48:52.569811+00:00","Properties":[{"Key":{"Id":"NUnit.Seed","Label":"Seed","Category":"","Description":"","Attributes":0,"ValueType":"System.String"},"Value":"160053547"}]},{"TestCase":{"Id":"38b44191-75e4-54f1-dc63-ba36c62aa58e","FullyQualifiedName":"Computers.Tests.Tests.Count_Should_Return_Correct_Value_Without_Items","DisplayName":"Count_Should_Return_Correct_Value_Without_Items","ExecutorUri":"executor://NUnit3TestExecutor","Source":"C:\\Users\\bojid\\source\\repos\\CSharp-OOP\\ExamTasks\\OnlineShop.Tests\\bin\\Debug\\netcoreapp3.1\\fine-code-coverage\\build-output\\Computers.Tests.dll","CodeFilePath":null,"LineNumber":0,"Properties":[{"Key":{"Id":"NUnit.Seed","Label":"Seed","Category":"","Description":"","Attributes":0,"ValueType":"System.String"},"Value":"844856135"}]},"Attachments":[],"Outcome":1,"ErrorMessage":null,"ErrorStackTrace":null,"DisplayName":"Count_Should_Return_Correct_Value_Without_Items","Messages":[],"ComputerName":"MSI","Duration":"00:00:00.0000960","StartTime":"2022-08-13T15:48:52.5698197+00:00","EndTime":"2022-08-13T15:48:52.5699154+00:00","Properties":[{"Key":{"Id":"NUnit.Seed","Label":"Seed","Category":"","Description":"","Attributes":0,"ValueType":"System.String"},"Value":"844856135"}]},{"TestCase":{"Id":"1a43b61c-fdc7-54e5-5bb8-a820a233f56d","FullyQualifiedName":"Computers.Tests.Tests.Get_Computer_Method_Should_Throw_An_Exception_If_Computer_Is_Null","DisplayName":"Get_Computer_Method_Should_Throw_An_Exception_If_Computer_Is_Null","ExecutorUri":"executor://NUnit3TestExecutor","Source":"C:\\Users\\bojid\\source\\repos\\CSharp-OOP\\ExamTasks\\OnlineShop.Tests\\bin\\Debug\\netcoreapp3.1\\fine-code-coverage\\build-output\\Computers.Tests.dll","CodeFilePath":null,"LineNumber":0,"Properties":[{"Key":{"Id":"NUnit.Seed","Label":"Seed","Category":"","Description":"","Attributes":0,"ValueType":"System.String"},"Value":"1935269738"}]},"Attachments":[],"Outcome":1,"ErrorMessage":null,"ErrorStackTrace":null,"DisplayName":"Get_Computer_Method_Should_Throw_An_Exception_If_Computer_Is_Null","Messages":[],"ComputerName":"MSI","Duration":"00:00:00.0004710","StartTime":"2022-08-13T15:48:52.5699278+00:00","EndTime":"2022-08-13T15:48:52.5703979+00:00","Properties":[{"Key":{"Id":"NUnit.Seed","Label":"Seed","Category":"","Description":"","Attributes":0,"ValueType":"System.String"},"Value":"1935269738"}]},{"TestCase":{"Id":"ea27d9de-78f9-6c29-3998-6ee21f3e183d","FullyQualifiedName":"Computers.Tests.Tests.Get_Computers__Method_Should_Throw_An_Exception_If_The_Manufacturer_Is_Null","DisplayName":"Get_Computers__Method_Should_Throw_An_Exception_If_The_Manufacturer_Is_Null","ExecutorUri":"executor://NUnit3TestExecutor","Source":"C:\\Users\\bojid\\source\\repos\\CSharp-OOP\\ExamTasks\\OnlineShop.Tests\\bin\\Debug\\netcoreapp3.1\\fine-code-coverage\\build-output\\Computers.Tests.dll","CodeFilePath":null,"LineNumber":0,"Properties":[{"Key":{"Id":"NUnit.Seed","Label":"Seed","Category":"","Description":"","Attributes":0,"ValueType":"System.String"},"Value":"870111515"}]},"Attachments":[],"Outcome":1,"ErrorMessage":null,"ErrorStackTrace":null,"DisplayName":"Get_Computers__Method_Should_Throw_An_Exception_If_The_Manufacturer_Is_Null","Messages":[],"ComputerName":"MSI","Duration":"00:00:00.0002530","StartTime":"2022-08-13T15:48:52.5704068+00:00","EndTime":"2022-08-13T15:48:52.5706594+00:00","Properties":[{"Key":{"Id":"NUnit.Seed","Label":"Seed","Category":"","Description":"","Attributes":0,"ValueType":"System.String"},"Value":"870111515"}]},{"TestCase":{"Id":"3c9e912b-5092-49d1-0c08-dd933f3a2430","FullyQualifiedName":"Computers.Tests.Tests.Get_Computers__Method_Should_Throw_An_Exception_If_The_Model_Is_Null","DisplayName":"Get_Computers__Method_Should_Throw_An_Exception_If_The_Model_Is_Null","ExecutorUri":"executor://NUnit3TestExecutor","Source":"C:\\Users\\bojid\\source\\repos\\CSharp-OOP\\ExamTasks\\OnlineShop.Tests\\bin\\Debug\\netcoreapp3.1\\fine-code-coverage\\build-output\\Computers.Tests.dll","CodeFilePath":null,"LineNumber":0,"Properties":[{"Key":{"Id":"NUnit.Seed","Label":"Seed","Category":"","Description":"","Attributes":0,"ValueType":"System.String"},"Value":"26585113"}]},"Attachments":[],"Outcome":1,"ErrorMessage":null,"ErrorStackTrace":null,"DisplayName":"Get_Computers__Method_Should_Throw_An_Exception_If_The_Model_Is_Null","Messages":[],"ComputerName":"MSI","Duration":"00:00:00.0002330","StartTime":"2022-08-13T15:48:52.5706681+00:00","EndTime":"2022-08-13T15:48:52.5709006+00:00","Properties":[{"Key":{"Id":"NUnit.Seed","Label":"Seed","Category":"","Description":"","Attributes":0,"ValueType":"System.String"},"Value":"26585113"}]}],"TestRunStatistics":{"ExecutedTests":9,"Stats":{"Passed":9}},"ActiveTests":[{"Id":"1764f9af-c12b-d3a3-f8dc-233eab05fe92","FullyQualifiedName":"Computers.Tests.Tests.Get_Computers_By_Manufacturer_Method_Should_Return_Correct_Result","DisplayName":"Get_Computers_By_Manufacturer_Method_Should_Return_Correct_Result","ExecutorUri":"executor://NUnit3TestExecutor","Source":"C:\\Users\\bojid\\source\\repos\\CSharp-OOP\\ExamTasks\\OnlineShop.Tests\\bin\\Debug\\netcoreapp3.1\\fine-code-coverage\\build-output\\Computers.Tests.dll","CodeFilePath":null,"LineNumber":0,"Properties":[{"Key":{"Id":"NUnit.Seed","Label":"Seed","Category":"","Description":"","Attributes":0,"ValueType":"System.String"},"Value":"163158725"}]}]}}
TpTrace Verbose: 0 : 26500, 13, 2022/08/13, 18:48:52.667, 2756103651836, vstest.console.dll, TestRunRequest:SendTestRunStatsChange: Starting.
TpTrace Verbose: 0 : 26500, 13, 2022/08/13, 18:48:52.667, 2756103652932, vstest.console.dll, InProgress is Get_Computers_By_Manufacturer_Method_Should_Return_Correct_Result
TpTrace Verbose: 0 : 26500, 13, 2022/08/13, 18:48:52.667, 2756103654787, vstest.console.dll, MulticastDelegateUtilities.SafeInvoke: TestRun.RunStatsChanged: Invoking callbacks was skipped because there are no subscribers.
TpTrace Information: 0 : 26500, 13, 2022/08/13, 18:48:52.667, 2756103655169, vstest.console.dll, TestRunRequest:SendTestRunStatsChange: Completed.
TpTrace Verbose: 0 : 26500, 13, 2022/08/13, 18:48:52.667, 2756103655488, vstest.console.dll, MulticastDelegateUtilities.SafeInvoke: LengthPrefixCommunicationChannel: MessageReceived: Invoking callback 1/1 for Microsoft.VisualStudio.TestPlatform.CommunicationUtilities.TestRequestSender+<>c__DisplayClass31_0.<StartTestRun>b__1, took 20 ms.
TpTrace Verbose: 0 : 26500, 13, 2022/08/13, 18:48:52.667, 2756103655799, vstest.console.dll, TcpClientExtensions.MessageLoopAsync: Polling on remoteEndPoint: 127.0.0.1:63029 localEndPoint: 127.0.0.1:63028
TpTrace Verbose: 0 : 26500, 13, 2022/08/13, 18:48:52.667, 2756103656176, vstest.console.dll, TcpClientExtensions.MessageLoopAsync: NotifyDataAvailable remoteEndPoint: 127.0.0.1:63029 localEndPoint: 127.0.0.1:63028
TpTrace Verbose: 0 : 26500, 13, 2022/08/13, 18:48:52.667, 2756103656717, vstest.console.dll, TestRequestSender.OnExecutionMessageReceived: Received message: {"Version":5,"MessageType":"TestSession.Message","Payload":{"MessageLevel":0,"Message":"NUnit Adapter 4.2.0.0: Test execution complete"}}
TpTrace Verbose: 0 : 26500, 13, 2022/08/13, 18:48:52.667, 2756103657407, vstest.console.dll, TestRunRequest:SendTestRunMessage: Starting.
TpTrace Verbose: 0 : 26500, 13, 2022/08/13, 18:48:52.667, 2756103657833, vstest.console.dll, MulticastDelegateUtilities.SafeInvoke: TestRun.LogMessages: Invoking callback 1/1 for Microsoft.VisualStudio.TestPlatform.CommandLine.TestRunResultAggregator.TestRunMessageHandler, took 0 ms.
TpTrace Information: 0 : 26500, 13, 2022/08/13, 18:48:52.667, 2756103658118, vstest.console.dll, TestRunRequest:SendTestRunMessage: Completed.
TpTrace Verbose: 0 : 26500, 13, 2022/08/13, 18:48:52.667, 2756103658394, vstest.console.dll, MulticastDelegateUtilities.SafeInvoke: LengthPrefixCommunicationChannel: MessageReceived: Invoking callback 1/1 for Microsoft.VisualStudio.TestPlatform.CommunicationUtilities.TestRequestSender+<>c__DisplayClass31_0.<StartTestRun>b__1, took 0 ms.
TpTrace Verbose: 0 : 26500, 13, 2022/08/13, 18:48:52.667, 2756103658873, vstest.console.dll, TcpClientExtensions.MessageLoopAsync: Polling on remoteEndPoint: 127.0.0.1:63029 localEndPoint: 127.0.0.1:63028
TpTrace Verbose: 0 : 26500, 4, 2022/08/13, 18:48:52.671, 2756103692785, vstest.console.dll, MulticastDelegateUtilities.SafeInvoke: InternalTestLoggerEvents.SendTestResult: Invoking callback 1/1 for Microsoft.VisualStudio.TestPlatform.CommandLine.Internal.ConsoleLogger.TestResultHandler, took 3 ms.
TpTrace Verbose: 0 : 26500, 4, 2022/08/13, 18:48:52.671, 2756103694328, vstest.console.dll, MulticastDelegateUtilities.SafeInvoke: InternalTestLoggerEvents.SendTestResult: Invoking callback 1/1 for Microsoft.VisualStudio.TestPlatform.CommandLine.Internal.ConsoleLogger.TestResultHandler, took 0 ms.
TpTrace Verbose: 0 : 26500, 4, 2022/08/13, 18:48:52.671, 2756103695211, vstest.console.dll, MulticastDelegateUtilities.SafeInvoke: InternalTestLoggerEvents.SendTestResult: Invoking callback 1/1 for Microsoft.VisualStudio.TestPlatform.CommandLine.Internal.ConsoleLogger.TestResultHandler, took 0 ms.
TpTrace Verbose: 0 : 26500, 4, 2022/08/13, 18:48:52.671, 2756103695838, vstest.console.dll, MulticastDelegateUtilities.SafeInvoke: InternalTestLoggerEvents.SendTestResult: Invoking callback 1/1 for Microsoft.VisualStudio.TestPlatform.CommandLine.Internal.ConsoleLogger.TestResultHandler, took 0 ms.
TpTrace Verbose: 0 : 26500, 4, 2022/08/13, 18:48:52.671, 2756103696349, vstest.console.dll, MulticastDelegateUtilities.SafeInvoke: InternalTestLoggerEvents.SendTestResult: Invoking callback 1/1 for Microsoft.VisualStudio.TestPlatform.CommandLine.Internal.ConsoleLogger.TestResultHandler, took 0 ms.
TpTrace Verbose: 0 : 26500, 4, 2022/08/13, 18:48:52.671, 2756103696759, vstest.console.dll, MulticastDelegateUtilities.SafeInvoke: InternalTestLoggerEvents.SendTestResult: Invoking callback 1/1 for Microsoft.VisualStudio.TestPlatform.CommandLine.Internal.ConsoleLogger.TestResultHandler, took 0 ms.
TpTrace Verbose: 0 : 26500, 4, 2022/08/13, 18:48:52.671, 2756103697145, vstest.console.dll, MulticastDelegateUtilities.SafeInvoke: InternalTestLoggerEvents.SendTestResult: Invoking callback 1/1 for Microsoft.VisualStudio.TestPlatform.CommandLine.Internal.ConsoleLogger.TestResultHandler, took 0 ms.
TpTrace Verbose: 0 : 26500, 4, 2022/08/13, 18:48:52.671, 2756103697539, vstest.console.dll, MulticastDelegateUtilities.SafeInvoke: InternalTestLoggerEvents.SendTestResult: Invoking callback 1/1 for Microsoft.VisualStudio.TestPlatform.CommandLine.Internal.ConsoleLogger.TestResultHandler, took 0 ms.
TpTrace Verbose: 0 : 26500, 4, 2022/08/13, 18:48:52.671, 2756103697933, vstest.console.dll, MulticastDelegateUtilities.SafeInvoke: InternalTestLoggerEvents.SendTestResult: Invoking callback 1/1 for Microsoft.VisualStudio.TestPlatform.CommandLine.Internal.ConsoleLogger.TestResultHandler, took 0 ms.
TpTrace Verbose: 0 : 26500, 4, 2022/08/13, 18:48:52.671, 2756103698337, vstest.console.dll, MulticastDelegateUtilities.SafeInvoke: InternalTestLoggerEvents.SendTestRunMessage: Invoking callback 1/1 for Microsoft.VisualStudio.TestPlatform.CommandLine.Internal.ConsoleLogger.TestMessageHandler, took 0 ms.
TpTrace Verbose: 0 : 26500, 13, 2022/08/13, 18:48:52.680, 2756103780737, vstest.console.dll, TcpClientExtensions.MessageLoopAsync: NotifyDataAvailable remoteEndPoint: 127.0.0.1:63029 localEndPoint: 127.0.0.1:63028
TpTrace Verbose: 0 : 26500, 13, 2022/08/13, 18:48:52.680, 2756103782405, vstest.console.dll, TestRequestSender.OnExecutionMessageReceived: Received message: {"Version":5,"MessageType":"TestExecution.Completed","Payload":{"TestRunCompleteArgs":{"TestRunStatistics":{"ExecutedTests":14,"Stats":{"Passed":14}},"IsCanceled":false,"IsAborted":false,"Error":null,"AttachmentSets":[],"ElapsedTimeInRunningTests":"00:00:00.8487224","Metrics":{}},"LastRunTests":{"NewTestResults":[{"TestCase":{"Id":"1764f9af-c12b-d3a3-f8dc-233eab05fe92","FullyQualifiedName":"Computers.Tests.Tests.Get_Computers_By_Manufacturer_Method_Should_Return_Correct_Result","DisplayName":"Get_Computers_By_Manufacturer_Method_Should_Return_Correct_Result","ExecutorUri":"executor://NUnit3TestExecutor","Source":"C:\\Users\\bojid\\source\\repos\\CSharp-OOP\\ExamTasks\\OnlineShop.Tests\\bin\\Debug\\netcoreapp3.1\\fine-code-coverage\\build-output\\Computers.Tests.dll","CodeFilePath":null,"LineNumber":0,"Properties":[{"Key":{"Id":"NUnit.Seed","Label":"Seed","Category":"","Description":"","Attributes":0,"ValueType":"System.String"},"Value":"163158725"}]},"Attachments":[],"Outcome":1,"ErrorMessage":null,"ErrorStackTrace":null,"DisplayName":"Get_Computers_By_Manufacturer_Method_Should_Return_Correct_Result","Messages":[],"ComputerName":"MSI","Duration":"00:00:00.0019770","StartTime":"2022-08-13T15:48:52.5709093+00:00","EndTime":"2022-08-13T15:48:52.5728851+00:00","Properties":[{"Key":{"Id":"NUnit.Seed","Label":"Seed","Category":"","Description":"","Attributes":0,"ValueType":"System.String"},"Value":"163158725"}]},{"TestCase":{"Id":"b19fd751-9e34-03cd-5860-c52f809f7346","FullyQualifiedName":"Computers.Tests.Tests.Get_Computers_By_Manufacturer_Method_Should_Return_Empty_Collection","DisplayName":"Get_Computers_By_Manufacturer_Method_Should_Return_Empty_Collection","ExecutorUri":"executor://NUnit3TestExecutor","Source":"C:\\Users\\bojid\\source\\repos\\CSharp-OOP\\ExamTasks\\OnlineShop.Tests\\bin\\Debug\\netcoreapp3.1\\fine-code-coverage\\build-output\\Computers.Tests.dll","CodeFilePath":null,"LineNumber":0,"Properties":[{"Key":{"Id":"NUnit.Seed","Label":"Seed","Category":"","Description":"","Attributes":0,"ValueType":"System.String"},"Value":"190946501"}]},"Attachments":[],"Outcome":1,"ErrorMessage":null,"ErrorStackTrace":null,"DisplayName":"Get_Computers_By_Manufacturer_Method_Should_Return_Empty_Collection","Messages":[],"ComputerName":"MSI","Duration":"00:00:00.0006810","StartTime":"2022-08-13T15:48:52.5728997+00:00","EndTime":"2022-08-13T15:48:52.57358+00:00","Properties":[{"Key":{"Id":"NUnit.Seed","Label":"Seed","Category":"","Description":"","Attributes":0,"ValueType":"System.String"},"Value":"190946501"}]},{"TestCase":{"Id":"cea3861d-7d7e-9542-4efe-3d75db8b6e63","FullyQualifiedName":"Computers.Tests.Tests.Get_Computers_By_Manufacturer_Method_Should_Throw_An_Exception_If_The_Manufacturer_Is_Null","DisplayName":"Get_Computers_By_Manufacturer_Method_Should_Throw_An_Exception_If_The_Manufacturer_Is_Null","ExecutorUri":"executor://NUnit3TestExecutor","Source":"C:\\Users\\bojid\\source\\repos\\CSharp-OOP\\ExamTasks\\OnlineShop.Tests\\bin\\Debug\\netcoreapp3.1\\fine-code-coverage\\build-output\\Computers.Tests.dll","CodeFilePath":null,"LineNumber":0,"Properties":[{"Key":{"Id":"NUnit.Seed","Label":"Seed","Category":"","Description":"","Attributes":0,"ValueType":"System.String"},"Value":"635656489"}]},"Attachments":[],"Outcome":1,"ErrorMessage":null,"ErrorStackTrace":null,"DisplayName":"Get_Computers_By_Manufacturer_Method_Should_Throw_An_Exception_If_The_Manufacturer_Is_Null","Messages":[],"ComputerName":"MSI","Duration":"00:00:00.0002440","StartTime":"2022-08-13T15:48:52.5735897+00:00","EndTime":"2022-08-13T15:48:52.5738335+00:00","Properties":[{"Key":{"Id":"NUnit.Seed","Label":"Seed","Category":"","Description":"","Attributes":0,"ValueType":"System.String"},"Value":"635656489"}]},{"TestCase":{"Id":"1cbe258a-8a0d-b88a-9a78-124164909656","FullyQualifiedName":"Computers.Tests.Tests.Remove_Method_Should_Remove_Correctly","DisplayName":"Remove_Method_Should_Remove_Correctly","ExecutorUri":"executor://NUnit3TestExecutor","Source":"C:\\Users\\bojid\\source\\repos\\CSharp-OOP\\ExamTasks\\OnlineShop.Tests\\bin\\Debug\\netcoreapp3.1\\fine-code-coverage\\build-output\\Computers.Tests.dll","CodeFilePath":null,"LineNumber":0,"Properties":[{"Key":{"Id":"NUnit.Seed","Label":"Seed","Category":"","Description":"","Attributes":0,"ValueType":"System.String"},"Value":"1338848861"}]},"Attachments":[],"Outcome":1,"ErrorMessage":null,"ErrorStackTrace":null,"DisplayName":"Remove_Method_Should_Remove_Correctly","Messages":[],"ComputerName":"MSI","Duration":"00:00:00.0004870","StartTime":"2022-08-13T15:48:52.5738425+00:00","EndTime":"2022-08-13T15:48:52.5743286+00:00","Properties":[{"Key":{"Id":"NUnit.Seed","Label":"Seed","Category":"","Description":"","Attributes":0,"ValueType":"System.String"},"Value":"1338848861"}]},{"TestCase":{"Id":"6f27adea-cdbe-da83-1d9c-6b1030ce6ef8","FullyQualifiedName":"Computers.Tests.Tests.Remove_Method_Should_Throw_An_Exception_If_The_Manufacturer_Is_Null","DisplayName":"Remove_Method_Should_Throw_An_Exception_If_The_Manufacturer_Is_Null","ExecutorUri":"executor://NUnit3TestExecutor","Source":"C:\\Users\\bojid\\source\\repos\\CSharp-OOP\\ExamTasks\\OnlineShop.Tests\\bin\\Debug\\netcoreapp3.1\\fine-code-coverage\\build-output\\Computers.Tests.dll","CodeFilePath":null,"LineNumber":0,"Properties":[{"Key":{"Id":"NUnit.Seed","Label":"Seed","Category":"","Description":"","Attributes":0,"ValueType":"System.String"},"Value":"1222478811"}]},"Attachments":[],"Outcome":1,"ErrorMessage":null,"ErrorStackTrace":null,"DisplayName":"Remove_Method_Should_Throw_An_Exception_If_The_Manufacturer_Is_Null","Messages":[],"ComputerName":"MSI","Duration":"00:00:00.0002310","StartTime":"2022-08-13T15:48:52.5743423+00:00","EndTime":"2022-08-13T15:48:52.5745725+00:00","Properties":[{"Key":{"Id":"NUnit.Seed","Label":"Seed","Category":"","Description":"","Attributes":0,"ValueType":"System.String"},"Value":"1222478811"}]}],"TestRunStatistics":{"ExecutedTests":14,"Stats":{"Passed":14}},"ActiveTests":[]},"RunAttachments":[],"ExecutorUris":["executor://nunit3testexecutor/"]}}
TpTrace Verbose: 0 : 26500, 13, 2022/08/13, 18:48:52.680, 2756103783554, vstest.console.dll, TestRequestSender.EndSession: Sending end session.
TpTrace Verbose: 0 : 26500, 13, 2022/08/13, 18:48:52.680, 2756103785046, vstest.console.dll, ProxyOperationManager.Close: waiting for test host to exit for 100 ms
TpTrace Warning: 0 : 26500, 12, 2022/08/13, 18:48:52.699, 2756103971873, vstest.console.dll, TestHostManagerCallbacks.ErrorReceivedCallback Test host standard error line: 
TpTrace Verbose: 0 : 26500, 12, 2022/08/13, 18:48:52.711, 2756104097789, vstest.console.dll, TestHostProvider.ExitCallBack: Host exited starting callback.
TpTrace Information: 0 : 26500, 12, 2022/08/13, 18:48:52.712, 2756104101732, vstest.console.dll, TestHostManagerCallbacks.ExitCallBack: Testhost processId: 32380 exited with exitcode: 0 error: ''
TpTrace Verbose: 0 : 26500, 12, 2022/08/13, 18:48:52.712, 2756104102367, vstest.console.dll, DotnetTestHostManager.OnHostExited: invoking OnHostExited callback
TpTrace Verbose: 0 : 26500, 12, 2022/08/13, 18:48:52.712, 2756104103071, vstest.console.dll, CrossPlatEngine.TestHostManagerHostExited: calling on client process exit callback.
TpTrace Information: 0 : 26500, 12, 2022/08/13, 18:48:52.712, 2756104103833, vstest.console.dll, TestRequestSender.OnClientProcessExit: Test host process exited. Standard error: 
TpTrace Information: 0 : 26500, 13, 2022/08/13, 18:48:52.712, 2756104104204, vstest.console.dll, SocketServer.Stop: Stop server endPoint: 127.0.0.1:63028
TpTrace Information: 0 : 26500, 13, 2022/08/13, 18:48:52.712, 2756104104881, vstest.console.dll, SocketServer.Stop: Cancellation requested. Stopping message loop.
TpTrace Information: 0 : 26500, 12, 2022/08/13, 18:48:52.712, 2756104104399, vstest.console.dll, SocketServer.Stop: Stop server endPoint: 127.0.0.1:63028
TpTrace Information: 0 : 26500, 12, 2022/08/13, 18:48:52.712, 2756104105949, vstest.console.dll, SocketServer.Stop: Cancellation requested. Stopping message loop.
TpTrace Verbose: 0 : 26500, 12, 2022/08/13, 18:48:52.712, 2756104106400, vstest.console.dll, MulticastDelegateUtilities.SafeInvoke: HostProviderEvents.OnHostExited: Invoking callback 1/1 for Microsoft.VisualStudio.TestPlatform.CrossPlatEngine.Client.ProxyOperationManager.TestHostManagerHostExited, took 0 ms.
TpTrace Information: 0 : 26500, 13, 2022/08/13, 18:48:52.712, 2756104106573, vstest.console.dll, Closing the connection
TpTrace Verbose: 0 : 26500, 13, 2022/08/13, 18:48:52.712, 2756104109576, vstest.console.dll, ProxyDataCollectionManager.InvokeDataCollectionServiceAction: Starting.
TpTrace Information: 0 : 26500, 13, 2022/08/13, 18:48:52.713, 2756104110204, vstest.console.dll, ProxyDataCollectionManager.AfterTestRunEnd: Get attachment set and invoked data collectors processId: 24780 port: 63024
TpTrace Verbose: 0 : 26500, 13, 2022/08/13, 18:48:52.713, 2756104110976, vstest.console.dll, DataCollectionRequestSender.SendAfterTestRunStartAndGetResult: Send AfterTestRunEnd message with isCancelled: False
TpTrace Verbose: 0 : 26500, 13, 2022/08/13, 18:48:52.722, 2756104207247, vstest.console.dll, DataCollectionRequestSender.SendAfterTestRunStartAndGetResult: Received message: (DataCollection.AfterTestRunEndResult) -> {"MessageType":"DataCollection.AfterTestRunEndResult","Payload":{"AttachmentSets":[],"InvokedDataCollectors":[{"Uri":"datacollector://Microsoft/TestPlatform/Extensions/Blame/v1","FriendlyName":"Blame","AssemblyQualifiedName":"Microsoft.TestPlatform.Extensions.BlameDataCollector.BlameCollector, Microsoft.TestPlatform.Extensions.BlameDataCollector, Version=15.0.0.0, Culture=neutral, PublicKeyToken=b03f5f7f11d50a3a","FilePath":"C:\\Program Files\\dotnet\\sdk\\6.0.400\\Extensions\\Microsoft.TestPlatform.Extensions.BlameDataCollector.dll","HasAttachmentProcessor":false}],"Metrics":{}}}
TpTrace Information: 0 : 26500, 13, 2022/08/13, 18:48:52.727, 2756104254735, vstest.console.dll, ProxyDataCollectionManager.InvokeDataCollectionServiceAction: Completed.
TpTrace Warning: 0 : 26500, 9, 2022/08/13, 18:48:52.728, 2756104268912, vstest.console.dll, DataCollectionLauncher.ErrorReceivedCallback datacollector standard error line: 
TpTrace Information: 0 : 26500, 9, 2022/08/13, 18:48:52.733, 2756104317069, vstest.console.dll, DataCollectionLauncher.ExitCallBack: Data collector exited with exitcode: 0 error: ''
TpTrace Verbose: 0 : 26500, 13, 2022/08/13, 18:48:52.756, 2756104545069, vstest.console.dll, TestRunRequest:SendTestRunStatsChange: Starting.
TpTrace Verbose: 0 : 26500, 13, 2022/08/13, 18:48:52.756, 2756104546055, vstest.console.dll, MulticastDelegateUtilities.SafeInvoke: TestRun.RunStatsChanged: Invoking callbacks was skipped because there are no subscribers.
TpTrace Information: 0 : 26500, 13, 2022/08/13, 18:48:52.756, 2756104546390, vstest.console.dll, TestRunRequest:SendTestRunStatsChange: Completed.
TpTrace Verbose: 0 : 26500, 4, 2022/08/13, 18:48:52.756, 2756104546736, vstest.console.dll, MulticastDelegateUtilities.SafeInvoke: InternalTestLoggerEvents.SendTestResult: Invoking callback 1/1 for Microsoft.VisualStudio.TestPlatform.CommandLine.Internal.ConsoleLogger.TestResultHandler, took 0 ms.
TpTrace Verbose: 0 : 26500, 4, 2022/08/13, 18:48:52.756, 2756104547473, vstest.console.dll, MulticastDelegateUtilities.SafeInvoke: InternalTestLoggerEvents.SendTestResult: Invoking callback 1/1 for Microsoft.VisualStudio.TestPlatform.CommandLine.Internal.ConsoleLogger.TestResultHandler, took 0 ms.
TpTrace Verbose: 0 : 26500, 4, 2022/08/13, 18:48:52.756, 2756104547897, vstest.console.dll, MulticastDelegateUtilities.SafeInvoke: InternalTestLoggerEvents.SendTestResult: Invoking callback 1/1 for Microsoft.VisualStudio.TestPlatform.CommandLine.Internal.ConsoleLogger.TestResultHandler, took 0 ms.
TpTrace Verbose: 0 : 26500, 4, 2022/08/13, 18:48:52.756, 2756104548332, vstest.console.dll, MulticastDelegateUtilities.SafeInvoke: InternalTestLoggerEvents.SendTestResult: Invoking callback 1/1 for Microsoft.VisualStudio.TestPlatform.CommandLine.Internal.ConsoleLogger.TestResultHandler, took 0 ms.
TpTrace Verbose: 0 : 26500, 13, 2022/08/13, 18:48:52.756, 2756104548881, vstest.console.dll, ParallelProxyExecutionManager: HandlePartialRunComplete: Total completed clients = 1, Run complete = True, Run canceled: False.
TpTrace Verbose: 0 : 26500, 4, 2022/08/13, 18:48:52.758, 2756104565016, vstest.console.dll, MulticastDelegateUtilities.SafeInvoke: InternalTestLoggerEvents.SendTestResult: Invoking callback 1/1 for Microsoft.VisualStudio.TestPlatform.CommandLine.Internal.ConsoleLogger.TestResultHandler, took 1 ms.
TpTrace Verbose: 0 : 26500, 4, 2022/08/13, 18:48:52.765, 2756104633495, vstest.console.dll, MulticastDelegateUtilities.SafeInvoke: InternalTestLoggerEvents.SendTestRunComplete: Invoking callback 1/2 for Microsoft.TestPlatform.Extensions.BlameDataCollector.BlameLogger.TestRunCompleteHandler, took 0 ms.
TpTrace Verbose: 0 : 26500, 4, 2022/08/13, 18:48:52.772, 2756104708620, vstest.console.dll, MulticastDelegateUtilities.SafeInvoke: InternalTestLoggerEvents.SendTestRunComplete: Invoking callback 2/2 for Microsoft.VisualStudio.TestPlatform.CommandLine.Internal.ConsoleLogger.TestRunCompleteHandler, took 7 ms.
TpTrace Verbose: 0 : 26500, 13, 2022/08/13, 18:48:52.773, 2756104712107, vstest.console.dll, TestRunRequest:TestRunComplete: Starting. IsAborted:False IsCanceled:False.
TpTrace Verbose: 0 : 26500, 13, 2022/08/13, 18:48:52.775, 2756104731356, vstest.console.dll, TestLoggerManager.HandleTestRunComplete: Ignoring as the object is disposed.
TpTrace Verbose: 0 : 26500, 13, 2022/08/13, 18:48:52.775, 2756104733577, vstest.console.dll, MulticastDelegateUtilities.SafeInvoke: TestRun.TestRunComplete: Invoking callback 1/2 for Microsoft.VisualStudio.TestPlatform.CommandLine.TestRunResultAggregator.TestRunCompletionHandler, took 0 ms.
TpTrace Verbose: 0 : 26500, 13, 2022/08/13, 18:48:52.775, 2756104734305, vstest.console.dll, MulticastDelegateUtilities.SafeInvoke: TestRun.TestRunComplete: Invoking callback 2/2 for Microsoft.VisualStudio.TestPlatform.CommandLine.Processors.RunTestsArgumentExecutor+TestRunRequestEventsRegistrar.TestRunRequest_OnRunCompletion, took 0 ms.
TpTrace Information: 0 : 26500, 13, 2022/08/13, 18:48:52.775, 2756104735380, vstest.console.dll, TestRunRequest:TestRunComplete: Completed.
TpTrace Verbose: 0 : 26500, 13, 2022/08/13, 18:48:52.775, 2756104735947, vstest.console.dll, TestRequestSender.SetOperationComplete: Setting operation complete.
TpTrace Information: 0 : 26500, 13, 2022/08/13, 18:48:52.775, 2756104736295, vstest.console.dll, SocketServer.Stop: Stop server endPoint: 127.0.0.1:63028
TpTrace Information: 0 : 26500, 13, 2022/08/13, 18:48:52.775, 2756104736573, vstest.console.dll, SocketServer.Stop: Cancellation requested. Stopping message loop.
TpTrace Verbose: 0 : 26500, 1, 2022/08/13, 18:48:52.775, 2756104735459, vstest.console.dll, TestRunRequest.Dispose: Starting.
TpTrace Information: 0 : 26500, 1, 2022/08/13, 18:48:52.775, 2756104737393, vstest.console.dll, TestRunRequest.Dispose: Completed.
TpTrace Verbose: 0 : 26500, 13, 2022/08/13, 18:48:52.775, 2756104736863, vstest.console.dll, MulticastDelegateUtilities.SafeInvoke: LengthPrefixCommunicationChannel: MessageReceived: Invoking callback 1/1 for Microsoft.VisualStudio.TestPlatform.CommunicationUtilities.TestRequestSender+<>c__DisplayClass31_0.<StartTestRun>b__1, took 95 ms.
TpTrace Information: 0 : 26500, 13, 2022/08/13, 18:48:52.775, 2756104738435, vstest.console.dll, SocketServer.PrivateStop: Stopping server endPoint: 127.0.0.1:63028 error: 
TpTrace Information: 0 : 26500, 1, 2022/08/13, 18:48:52.775, 2756104737869, vstest.console.dll, TestRequestManager.RunTests: run tests completed.
TpTrace Information: 0 : 26500, 1, 2022/08/13, 18:48:52.776, 2756104740093, vstest.console.dll, RunTestsArgumentProcessor:Execute: Test run is completed.
TpTrace Verbose: 0 : 26500, 1, 2022/08/13, 18:48:52.776, 2756104741862, vstest.console.dll, Executor.Execute: Exiting with exit code of 0
TpTrace Verbose: 0 : 26500, 13, 2022/08/13, 18:48:52.776, 2756104741969, vstest.console.dll, LengthPrefixCommunicationChannel.Dispose: Dispose reader and writer.
TpTrace Information: 0 : 26500, 13, 2022/08/13, 18:48:52.776, 2756104743383, vstest.console.dll, SocketServer.Stop: Raise disconnected event endPoint: 127.0.0.1:63028 error: 
TpTrace Verbose: 0 : 26500, 13, 2022/08/13, 18:48:52.776, 2756104743931, vstest.console.dll, TestRequestSender: OnTestRunAbort: Operation is already complete. Skip error message.
TpTrace Verbose: 0 : 26500, 13, 2022/08/13, 18:48:52.776, 2756104744353, vstest.console.dll, MulticastDelegateUtilities.SafeInvoke: SocketServer: ClientDisconnected: Invoking callback 1/1 for Microsoft.VisualStudio.TestPlatform.CommunicationUtilities.TestRequestSender.<InitializeCommunication>b__24_1, took 0 ms.
TpTrace Verbose: 0 : 26500, 13, 2022/08/13, 18:48:52.776, 2756104744648, vstest.console.dll, TcpClientExtensions.MessageLoopAsync: exiting MessageLoopAsync remoteEndPoint: 127.0.0.1:63029 localEndPoint: 127.0.0.1:63028
