<?xml version="1.0" encoding="utf-8"?>
<!DOCTYPE coverage SYSTEM "http://cobertura.sourceforge.net/xml/coverage-04.dtd">
<coverage line-rate="0.9570200573065902" branch-rate="0.9375" lines-covered="334" lines-valid="349" branches-covered="60" branches-valid="64" complexity="109" version="0" timestamp="1660307553">
  <sources>
    <source>C:\Users\bojid\</source>
  </sources>
  <packages>
    <package name="CarManager" line-rate="0.8356164383561644" branch-rate="0.75" complexity="23">
      <classes>
        <class name="CarManager.Car" filename="C:\Users\bojid\source\repos\CSharp-OOP\UnitTesting\CarManager\Car.cs" line-rate="0.8356164383561644" branch-rate="0.75" complexity="23">
          <methods>
            <method name="get_Make" signature="()" line-rate="1" branch-rate="1" complexity="1">
              <lines>
                <line number="33" hits="1" branch="false" />
                <line number="34" hits="1" branch="false" />
                <line number="35" hits="1" branch="false" />
              </lines>
            </method>
            <method name="set_Make" signature="(...)" line-rate="1" branch-rate="1" complexity="2">
              <lines>
                <line number="37" hits="21" branch="false" />
                <line number="38" hits="21" branch="true" condition-coverage="100% (2/2)" />
                <line number="39" hits="2" branch="false" />
                <line number="40" hits="2" branch="false" />
                <line number="43" hits="19" branch="false" />
                <line number="44" hits="19" branch="false" />
              </lines>
            </method>
            <method name="get_Model" signature="()" line-rate="1" branch-rate="1" complexity="1">
              <lines>
                <line number="50" hits="1" branch="false" />
                <line number="51" hits="1" branch="false" />
                <line number="52" hits="1" branch="false" />
              </lines>
            </method>
            <method name="set_Model" signature="(...)" line-rate="1" branch-rate="1" complexity="2">
              <lines>
                <line number="54" hits="19" branch="false" />
                <line number="55" hits="19" branch="true" condition-coverage="100% (2/2)" />
                <line number="56" hits="2" branch="false" />
                <line number="57" hits="2" branch="false" />
                <line number="60" hits="17" branch="false" />
                <line number="61" hits="17" branch="false" />
              </lines>
            </method>
            <method name="get_FuelConsumption" signature="()" line-rate="1" branch-rate="1" complexity="1">
              <lines>
                <line number="67" hits="1" branch="false" />
                <line number="68" hits="1" branch="false" />
                <line number="69" hits="1" branch="false" />
              </lines>
            </method>
            <method name="set_FuelConsumption" signature="(...)" line-rate="1" branch-rate="1" complexity="2">
              <lines>
                <line number="71" hits="17" branch="false" />
                <line number="72" hits="17" branch="true" condition-coverage="100% (2/2)" />
                <line number="73" hits="2" branch="false" />
                <line number="74" hits="2" branch="false" />
                <line number="77" hits="15" branch="false" />
                <line number="78" hits="15" branch="false" />
              </lines>
            </method>
            <method name="get_FuelAmount" signature="()" line-rate="1" branch-rate="1" complexity="1">
              <lines>
                <line number="84" hits="3" branch="false" />
                <line number="85" hits="3" branch="false" />
                <line number="86" hits="3" branch="false" />
              </lines>
            </method>
            <method name="set_FuelAmount" signature="(...)" line-rate="0.6666666666666666" branch-rate="0.5" complexity="2">
              <lines>
                <line number="88" hits="22" branch="false" />
                <line number="89" hits="22" branch="true" condition-coverage="50% (1/2)" />
                <line number="90" hits="0" branch="false" />
                <line number="91" hits="0" branch="false" />
                <line number="94" hits="22" branch="false" />
                <line number="95" hits="22" branch="false" />
              </lines>
            </method>
            <method name="get_FuelCapacity" signature="()" line-rate="1" branch-rate="1" complexity="1">
              <lines>
                <line number="101" hits="2" branch="false" />
                <line number="102" hits="2" branch="false" />
                <line number="103" hits="2" branch="false" />
              </lines>
            </method>
            <method name="set_FuelCapacity" signature="(...)" line-rate="1" branch-rate="1" complexity="2">
              <lines>
                <line number="105" hits="15" branch="false" />
                <line number="106" hits="15" branch="true" condition-coverage="100% (2/2)" />
                <line number="107" hits="2" branch="false" />
                <line number="108" hits="2" branch="false" />
                <line number="111" hits="13" branch="false" />
                <line number="112" hits="13" branch="false" />
              </lines>
            </method>
            <method name="Refuel" signature="(...)" line-rate="0.7" branch-rate="0.75" complexity="4">
              <lines>
                <line number="116" hits="3" branch="false" />
                <line number="117" hits="3" branch="true" condition-coverage="100% (2/2)" />
                <line number="118" hits="2" branch="false" />
                <line number="119" hits="2" branch="false" />
                <line number="122" hits="1" branch="false" />
                <line number="124" hits="1" branch="true" condition-coverage="50% (1/2)" />
                <line number="125" hits="0" branch="false" />
                <line number="126" hits="0" branch="false" />
                <line number="127" hits="0" branch="false" />
                <line number="128" hits="1" branch="false" />
              </lines>
            </method>
            <method name="Drive" signature="(...)" line-rate="0" branch-rate="0" complexity="2">
              <lines>
                <line number="131" hits="0" branch="false" />
                <line number="132" hits="0" branch="false" />
                <line number="134" hits="0" branch="true" condition-coverage="0% (0/2)" />
                <line number="135" hits="0" branch="false" />
                <line number="136" hits="0" branch="false" />
                <line number="139" hits="0" branch="false" />
                <line number="140" hits="0" branch="false" />
              </lines>
            </method>
            <method name=".ctor" signature="()" line-rate="1" branch-rate="1" complexity="1">
              <lines>
                <line number="17" hits="21" branch="false" />
                <line number="18" hits="21" branch="false" />
                <line number="19" hits="21" branch="false" />
                <line number="20" hits="21" branch="false" />
              </lines>
            </method>
            <method name=".ctor" signature="(...)" line-rate="1" branch-rate="1" complexity="1">
              <lines>
                <line number="22" hits="21" branch="false" />
                <line number="23" hits="21" branch="false" />
                <line number="24" hits="21" branch="false" />
                <line number="25" hits="19" branch="false" />
                <line number="26" hits="17" branch="false" />
                <line number="27" hits="15" branch="false" />
                <line number="28" hits="13" branch="false" />
              </lines>
            </method>
          </methods>
          <lines>
            <line number="17" hits="21" branch="false" />
            <line number="18" hits="21" branch="false" />
            <line number="19" hits="21" branch="false" />
            <line number="20" hits="21" branch="false" />
            <line number="22" hits="21" branch="false" />
            <line number="23" hits="21" branch="false" />
            <line number="24" hits="21" branch="false" />
            <line number="25" hits="19" branch="false" />
            <line number="26" hits="17" branch="false" />
            <line number="27" hits="15" branch="false" />
            <line number="28" hits="13" branch="false" />
            <line number="33" hits="1" branch="false" />
            <line number="34" hits="1" branch="false" />
            <line number="35" hits="1" branch="false" />
            <line number="37" hits="21" branch="false" />
            <line number="38" hits="21" branch="true" condition-coverage="100% (2/2)" />
            <line number="39" hits="2" branch="false" />
            <line number="40" hits="2" branch="false" />
            <line number="43" hits="19" branch="false" />
            <line number="44" hits="19" branch="false" />
            <line number="50" hits="1" branch="false" />
            <line number="51" hits="1" branch="false" />
            <line number="52" hits="1" branch="false" />
            <line number="54" hits="19" branch="false" />
            <line number="55" hits="19" branch="true" condition-coverage="100% (2/2)" />
            <line number="56" hits="2" branch="false" />
            <line number="57" hits="2" branch="false" />
            <line number="60" hits="17" branch="false" />
            <line number="61" hits="17" branch="false" />
            <line number="67" hits="1" branch="false" />
            <line number="68" hits="1" branch="false" />
            <line number="69" hits="1" branch="false" />
            <line number="71" hits="17" branch="false" />
            <line number="72" hits="17" branch="true" condition-coverage="100% (2/2)" />
            <line number="73" hits="2" branch="false" />
            <line number="74" hits="2" branch="false" />
            <line number="77" hits="15" branch="false" />
            <line number="78" hits="15" branch="false" />
            <line number="84" hits="3" branch="false" />
            <line number="85" hits="3" branch="false" />
            <line number="86" hits="3" branch="false" />
            <line number="88" hits="22" branch="false" />
            <line number="89" hits="22" branch="true" condition-coverage="50% (1/2)" />
            <line number="90" hits="0" branch="false" />
            <line number="91" hits="0" branch="false" />
            <line number="94" hits="22" branch="false" />
            <line number="95" hits="22" branch="false" />
            <line number="101" hits="2" branch="false" />
            <line number="102" hits="2" branch="false" />
            <line number="103" hits="2" branch="false" />
            <line number="105" hits="15" branch="false" />
            <line number="106" hits="15" branch="true" condition-coverage="100% (2/2)" />
            <line number="107" hits="2" branch="false" />
            <line number="108" hits="2" branch="false" />
            <line number="111" hits="13" branch="false" />
            <line number="112" hits="13" branch="false" />
            <line number="116" hits="3" branch="false" />
            <line number="117" hits="3" branch="true" condition-coverage="100% (2/2)" />
            <line number="118" hits="2" branch="false" />
            <line number="119" hits="2" branch="false" />
            <line number="122" hits="1" branch="false" />
            <line number="124" hits="1" branch="true" condition-coverage="50% (1/2)" />
            <line number="125" hits="0" branch="false" />
            <line number="126" hits="0" branch="false" />
            <line number="127" hits="0" branch="false" />
            <line number="128" hits="1" branch="false" />
            <line number="131" hits="0" branch="false" />
            <line number="132" hits="0" branch="false" />
            <line number="134" hits="0" branch="true" condition-coverage="0% (0/2)" />
            <line number="135" hits="0" branch="false" />
            <line number="136" hits="0" branch="false" />
            <line number="139" hits="0" branch="false" />
            <line number="140" hits="0" branch="false" />
          </lines>
        </class>
      </classes>
    </package>
    <package name="CarManager.Tests" line-rate="0.96" branch-rate="1" complexity="6">
      <classes>
        <class name="AutoGeneratedProgram" filename="C:\Users\bojid\.nuget\packages\microsoft.net.test.sdk\17.1.0\build\netcoreapp2.1\Microsoft.NET.Test.Sdk.Program.cs" line-rate="0" branch-rate="1" complexity="1">
          <methods>
            <method name="Main" signature="(...)" line-rate="0" branch-rate="1" complexity="1">
              <lines>
                <line number="4" hits="0" branch="false" />
              </lines>
            </method>
          </methods>
          <lines>
            <line number="4" hits="0" branch="false" />
          </lines>
        </class>
        <class name="CarManager.Tests.CarManagerTests" filename="C:\Users\bojid\source\repos\CSharp-OOP\UnitTesting\CarManager.Tests\CarManagerTests.cs" line-rate="1" branch-rate="1" complexity="5">
          <methods>
            <method name="SetUp" signature="()" line-rate="1" branch-rate="1" complexity="1">
              <lines>
                <line number="13" hits="12" branch="false" />
                <line number="14" hits="12" branch="false" />
                <line number="15" hits="12" branch="false" />
              </lines>
            </method>
            <method name="Ctor_ThrowException_WhenDataIsNotValid" signature="(...)" line-rate="1" branch-rate="1" complexity="1">
              <lines>
                <line number="27" hits="8" branch="false" />
                <line number="28" hits="16" branch="false" />
                <line number="29" hits="8" branch="false" />
              </lines>
            </method>
            <method name="Ctor_CreateCar_WhenDataIsValid" signature="()" line-rate="1" branch-rate="1" complexity="1">
              <lines>
                <line number="33" hits="1" branch="false" />
                <line number="34" hits="1" branch="false" />
                <line number="35" hits="1" branch="false" />
                <line number="36" hits="1" branch="false" />
                <line number="37" hits="1" branch="false" />
                <line number="39" hits="1" branch="false" />
                <line number="41" hits="1" branch="false" />
                <line number="42" hits="1" branch="false" />
                <line number="43" hits="1" branch="false" />
                <line number="44" hits="1" branch="false" />
                <line number="45" hits="1" branch="false" />
              </lines>
            </method>
            <method name="Refuel_ThrowException_WhenIsNegativeOrZero" signature="(...)" line-rate="1" branch-rate="1" complexity="1">
              <lines>
                <line number="51" hits="2" branch="false" />
                <line number="52" hits="4" branch="false" />
                <line number="53" hits="2" branch="false" />
              </lines>
            </method>
            <method name="Refuel_IncreaseFuel_WhenValidAmount" signature="()" line-rate="1" branch-rate="1" complexity="1">
              <lines>
                <line number="57" hits="1" branch="false" />
                <line number="58" hits="1" branch="false" />
                <line number="60" hits="1" branch="false" />
                <line number="61" hits="1" branch="false" />
              </lines>
            </method>
          </methods>
          <lines>
            <line number="13" hits="12" branch="false" />
            <line number="14" hits="12" branch="false" />
            <line number="15" hits="12" branch="false" />
            <line number="27" hits="8" branch="false" />
            <line number="28" hits="16" branch="false" />
            <line number="29" hits="8" branch="false" />
            <line number="33" hits="1" branch="false" />
            <line number="34" hits="1" branch="false" />
            <line number="35" hits="1" branch="false" />
            <line number="36" hits="1" branch="false" />
            <line number="37" hits="1" branch="false" />
            <line number="39" hits="1" branch="false" />
            <line number="41" hits="1" branch="false" />
            <line number="42" hits="1" branch="false" />
            <line number="43" hits="1" branch="false" />
            <line number="44" hits="1" branch="false" />
            <line number="45" hits="1" branch="false" />
            <line number="51" hits="2" branch="false" />
            <line number="52" hits="4" branch="false" />
            <line number="53" hits="2" branch="false" />
            <line number="57" hits="1" branch="false" />
            <line number="58" hits="1" branch="false" />
            <line number="60" hits="1" branch="false" />
            <line number="61" hits="1" branch="false" />
          </lines>
        </class>
      </classes>
    </package>
    <package name="Database" line-rate="1" branch-rate="1" complexity="9">
      <classes>
        <class name="Database.Database" filename="C:\Users\bojid\source\repos\CSharp-OOP\UnitTesting\Database\Database.cs" line-rate="1" branch-rate="1" complexity="9">
          <methods>
            <method name="get_Count" signature="()" line-rate="1" branch-rate="1" complexity="1">
              <lines>
                <line number="25" hits="15" branch="false" />
              </lines>
            </method>
            <method name="Add" signature="(...)" line-rate="1" branch-rate="1" complexity="2">
              <lines>
                <line number="29" hits="60" branch="false" />
                <line number="30" hits="60" branch="true" condition-coverage="100% (2/2)" />
                <line number="31" hits="2" branch="false" />
                <line number="32" hits="2" branch="false" />
                <line number="35" hits="58" branch="false" />
                <line number="36" hits="58" branch="false" />
                <line number="37" hits="58" branch="false" />
              </lines>
            </method>
            <method name="Remove" signature="()" line-rate="1" branch-rate="1" complexity="2">
              <lines>
                <line number="40" hits="3" branch="false" />
                <line number="41" hits="3" branch="true" condition-coverage="100% (2/2)" />
                <line number="42" hits="1" branch="false" />
                <line number="43" hits="1" branch="false" />
                <line number="46" hits="2" branch="false" />
                <line number="47" hits="2" branch="false" />
                <line number="48" hits="2" branch="false" />
              </lines>
            </method>
            <method name="Fetch" signature="()" line-rate="1" branch-rate="1" complexity="2">
              <lines>
                <line number="51" hits="5" branch="false" />
                <line number="52" hits="5" branch="false" />
                <line number="54" hits="38" branch="true" condition-coverage="100% (2/2)" />
                <line number="55" hits="14" branch="false" />
                <line number="56" hits="14" branch="false" />
                <line number="57" hits="14" branch="false" />
                <line number="59" hits="5" branch="false" />
                <line number="60" hits="5" branch="false" />
              </lines>
            </method>
            <method name=".ctor" signature="(...)" line-rate="1" branch-rate="1" complexity="2">
              <lines>
                <line number="11" hits="13" branch="false" />
                <line number="12" hits="13" branch="false" />
                <line number="13" hits="13" branch="false" />
                <line number="15" hits="70" branch="true" condition-coverage="100% (2/2)" />
                <line number="16" hits="23" branch="false" />
                <line number="17" hits="23" branch="false" />
                <line number="18" hits="22" branch="false" />
                <line number="20" hits="12" branch="false" />
                <line number="21" hits="12" branch="false" />
              </lines>
            </method>
          </methods>
          <lines>
            <line number="11" hits="13" branch="false" />
            <line number="12" hits="13" branch="false" />
            <line number="13" hits="13" branch="false" />
            <line number="15" hits="70" branch="true" condition-coverage="100% (2/2)" />
            <line number="16" hits="23" branch="false" />
            <line number="17" hits="23" branch="false" />
            <line number="18" hits="22" branch="false" />
            <line number="20" hits="12" branch="false" />
            <line number="21" hits="12" branch="false" />
            <line number="25" hits="15" branch="false" />
            <line number="29" hits="60" branch="false" />
            <line number="30" hits="60" branch="true" condition-coverage="100% (2/2)" />
            <line number="31" hits="2" branch="false" />
            <line number="32" hits="2" branch="false" />
            <line number="35" hits="58" branch="false" />
            <line number="36" hits="58" branch="false" />
            <line number="37" hits="58" branch="false" />
            <line number="40" hits="3" branch="false" />
            <line number="41" hits="3" branch="true" condition-coverage="100% (2/2)" />
            <line number="42" hits="1" branch="false" />
            <line number="43" hits="1" branch="false" />
            <line number="46" hits="2" branch="false" />
            <line number="47" hits="2" branch="false" />
            <line number="48" hits="2" branch="false" />
            <line number="51" hits="5" branch="false" />
            <line number="52" hits="5" branch="false" />
            <line number="54" hits="38" branch="true" condition-coverage="100% (2/2)" />
            <line number="55" hits="14" branch="false" />
            <line number="56" hits="14" branch="false" />
            <line number="57" hits="14" branch="false" />
            <line number="59" hits="5" branch="false" />
            <line number="60" hits="5" branch="false" />
          </lines>
        </class>
      </classes>
    </package>
    <package name="Database.Tests" line-rate="0.9855072463768116" branch-rate="1" complexity="15">
      <classes>
        <class name="AutoGeneratedProgram" filename="C:\Users\bojid\.nuget\packages\microsoft.net.test.sdk\17.1.0\build\netcoreapp2.1\Microsoft.NET.Test.Sdk.Program.cs" line-rate="0" branch-rate="1" complexity="1">
          <methods>
            <method name="Main" signature="(...)" line-rate="0" branch-rate="1" complexity="1">
              <lines>
                <line number="4" hits="0" branch="false" />
              </lines>
            </method>
          </methods>
          <lines>
            <line number="4" hits="0" branch="false" />
          </lines>
        </class>
        <class name="Database.Tests.DatabaseTests" filename="C:\Users\bojid\source\repos\CSharp-OOP\UnitTesting\Database.Tests\DatabaseTests.cs" line-rate="1" branch-rate="1" complexity="14">
          <methods>
            <method name="Setup" signature="()" line-rate="1" branch-rate="1" complexity="1">
              <lines>
                <line number="14" hits="11" branch="false" />
                <line number="15" hits="11" branch="false" />
                <line number="16" hits="11" branch="false" />
              </lines>
            </method>
            <method name="ThrowExceptionWhenCapacityExceeded" signature="()" line-rate="1" branch-rate="1" complexity="2">
              <lines>
                <line number="20" hits="1" branch="false" />
                <line number="21" hits="34" branch="true" condition-coverage="100% (2/2)" />
                <line number="22" hits="16" branch="false" />
                <line number="23" hits="16" branch="false" />
                <line number="24" hits="16" branch="false" />
                <line number="26" hits="2" branch="false" />
                <line number="27" hits="1" branch="false" />
              </lines>
            </method>
            <method name="Add_IncreaseDataCount_WhenAddIsValidOperation" signature="()" line-rate="1" branch-rate="1" complexity="2">
              <lines>
                <line number="30" hits="1" branch="false" />
                <line number="31" hits="1" branch="false" />
                <line number="32" hits="22" branch="true" condition-coverage="100% (2/2)" />
                <line number="33" hits="10" branch="false" />
                <line number="34" hits="10" branch="false" />
                <line number="35" hits="10" branch="false" />
                <line number="36" hits="1" branch="false" />
                <line number="37" hits="1" branch="false" />
              </lines>
            </method>
            <method name="Add_AddElementToDatabse" signature="()" line-rate="1" branch-rate="1" complexity="1">
              <lines>
                <line number="41" hits="1" branch="false" />
                <line number="42" hits="1" branch="false" />
                <line number="44" hits="1" branch="false" />
                <line number="46" hits="1" branch="false" />
                <line number="48" hits="1" branch="false" />
                <line number="49" hits="1" branch="false" />
              </lines>
            </method>
            <method name="Remove_ThrowException_WhenDatabaseIsEmpty" signature="()" line-rate="1" branch-rate="1" complexity="1">
              <lines>
                <line number="53" hits="1" branch="false" />
                <line number="54" hits="2" branch="false" />
                <line number="55" hits="1" branch="false" />
              </lines>
            </method>
            <method name="Remove_DecreaseDatabaseCount" signature="()" line-rate="1" branch-rate="1" complexity="1">
              <lines>
                <line number="59" hits="1" branch="false" />
                <line number="60" hits="1" branch="false" />
                <line number="61" hits="1" branch="false" />
                <line number="62" hits="1" branch="false" />
                <line number="64" hits="1" branch="false" />
                <line number="65" hits="2" branch="false" />
                <line number="66" hits="1" branch="false" />
              </lines>
            </method>
            <method name="Remove_LastElementFromDatabase" signature="()" line-rate="1" branch-rate="1" complexity="1">
              <lines>
                <line number="70" hits="1" branch="false" />
                <line number="71" hits="1" branch="false" />
                <line number="73" hits="1" branch="false" />
                <line number="74" hits="1" branch="false" />
                <line number="75" hits="1" branch="false" />
                <line number="77" hits="1" branch="false" />
                <line number="78" hits="1" branch="false" />
                <line number="79" hits="1" branch="false" />
                <line number="81" hits="1" branch="false" />
              </lines>
            </method>
            <method name="Fetch_ReturnDatabaseCopyInsteadOfReference" signature="()" line-rate="1" branch-rate="1" complexity="1">
              <lines>
                <line number="85" hits="1" branch="false" />
                <line number="86" hits="1" branch="false" />
                <line number="87" hits="1" branch="false" />
                <line number="88" hits="1" branch="false" />
                <line number="89" hits="1" branch="false" />
                <line number="90" hits="1" branch="false" />
                <line number="92" hits="1" branch="false" />
                <line number="93" hits="1" branch="false" />
              </lines>
            </method>
            <method name="Count_ReturnsZero_WhenDatabaseIsEmpty" signature="()" line-rate="1" branch-rate="1" complexity="1">
              <lines>
                <line number="97" hits="1" branch="false" />
                <line number="98" hits="1" branch="false" />
                <line number="99" hits="1" branch="false" />
              </lines>
            </method>
            <method name="Ctor_ThrowsException_WhenDatabasecapacityIsExceeded" signature="()" line-rate="1" branch-rate="1" complexity="1">
              <lines>
                <line number="103" hits="1" branch="false" />
                <line number="104" hits="2" branch="false" />
                <line number="105" hits="1" branch="false" />
              </lines>
            </method>
            <method name="Ctor_AddElementToDatabase" signature="()" line-rate="1" branch-rate="1" complexity="1">
              <lines>
                <line number="109" hits="1" branch="false" />
                <line number="110" hits="1" branch="false" />
                <line number="111" hits="1" branch="false" />
                <line number="112" hits="1" branch="false" />
                <line number="113" hits="1" branch="false" />
              </lines>
            </method>
            <method name="Ctor_AddsElementToDatabase" signature="()" line-rate="1" branch-rate="1" complexity="1">
              <lines>
                <line number="117" hits="1" branch="false" />
                <line number="118" hits="1" branch="false" />
                <line number="119" hits="1" branch="false" />
                <line number="121" hits="1" branch="false" />
                <line number="122" hits="1" branch="false" />
                <line number="123" hits="1" branch="false" />
              </lines>
            </method>
          </methods>
          <lines>
            <line number="14" hits="11" branch="false" />
            <line number="15" hits="11" branch="false" />
            <line number="16" hits="11" branch="false" />
            <line number="20" hits="1" branch="false" />
            <line number="21" hits="34" branch="true" condition-coverage="100% (2/2)" />
            <line number="22" hits="16" branch="false" />
            <line number="23" hits="16" branch="false" />
            <line number="24" hits="16" branch="false" />
            <line number="26" hits="2" branch="false" />
            <line number="27" hits="1" branch="false" />
            <line number="30" hits="1" branch="false" />
            <line number="31" hits="1" branch="false" />
            <line number="32" hits="22" branch="true" condition-coverage="100% (2/2)" />
            <line number="33" hits="10" branch="false" />
            <line number="34" hits="10" branch="false" />
            <line number="35" hits="10" branch="false" />
            <line number="36" hits="1" branch="false" />
            <line number="37" hits="1" branch="false" />
            <line number="41" hits="1" branch="false" />
            <line number="42" hits="1" branch="false" />
            <line number="44" hits="1" branch="false" />
            <line number="46" hits="1" branch="false" />
            <line number="48" hits="1" branch="false" />
            <line number="49" hits="1" branch="false" />
            <line number="53" hits="1" branch="false" />
            <line number="54" hits="2" branch="false" />
            <line number="55" hits="1" branch="false" />
            <line number="59" hits="1" branch="false" />
            <line number="60" hits="1" branch="false" />
            <line number="61" hits="1" branch="false" />
            <line number="62" hits="1" branch="false" />
            <line number="64" hits="1" branch="false" />
            <line number="65" hits="2" branch="false" />
            <line number="66" hits="1" branch="false" />
            <line number="70" hits="1" branch="false" />
            <line number="71" hits="1" branch="false" />
            <line number="73" hits="1" branch="false" />
            <line number="74" hits="1" branch="false" />
            <line number="75" hits="1" branch="false" />
            <line number="77" hits="1" branch="false" />
            <line number="78" hits="1" branch="false" />
            <line number="79" hits="1" branch="false" />
            <line number="81" hits="1" branch="false" />
            <line number="85" hits="1" branch="false" />
            <line number="86" hits="1" branch="false" />
            <line number="87" hits="1" branch="false" />
            <line number="88" hits="1" branch="false" />
            <line number="89" hits="1" branch="false" />
            <line number="90" hits="1" branch="false" />
            <line number="92" hits="1" branch="false" />
            <line number="93" hits="1" branch="false" />
            <line number="97" hits="1" branch="false" />
            <line number="98" hits="1" branch="false" />
            <line number="99" hits="1" branch="false" />
            <line number="103" hits="1" branch="false" />
            <line number="104" hits="2" branch="false" />
            <line number="105" hits="1" branch="false" />
            <line number="109" hits="1" branch="false" />
            <line number="110" hits="1" branch="false" />
            <line number="111" hits="1" branch="false" />
            <line number="112" hits="1" branch="false" />
            <line number="113" hits="1" branch="false" />
            <line number="117" hits="1" branch="false" />
            <line number="118" hits="1" branch="false" />
            <line number="119" hits="1" branch="false" />
            <line number="121" hits="1" branch="false" />
            <line number="122" hits="1" branch="false" />
            <line number="123" hits="1" branch="false" />
          </lines>
        </class>
      </classes>
    </package>
    <package name="ExtendedDatabase" line-rate="1" branch-rate="1" complexity="35">
      <classes>
        <class name="ExtendedDatabase.Database" filename="C:\Users\bojid\source\repos\CSharp-OOP\UnitTesting\ExtendedDatabase\Database.cs" line-rate="1" branch-rate="1" complexity="30">
          <methods>
            <method name="get_Count" signature="()" line-rate="1" branch-rate="1" complexity="1">
              <lines>
                <line number="20" hits="9" branch="false" />
              </lines>
            </method>
            <method name="AddRange" signature="(...)" line-rate="1" branch-rate="1" complexity="4">
              <lines>
                <line number="24" hits="17" branch="false" />
                <line number="25" hits="17" branch="true" condition-coverage="100% (2/2)" />
                <line number="26" hits="1" branch="false" />
                <line number="27" hits="1" branch="false" />
                <line number="30" hits="44" branch="true" condition-coverage="100% (2/2)" />
                <line number="31" hits="6" branch="false" />
                <line number="32" hits="6" branch="false" />
                <line number="33" hits="6" branch="false" />
                <line number="35" hits="16" branch="false" />
                <line number="36" hits="16" branch="false" />
              </lines>
            </method>
            <method name="Add" signature="(...)" line-rate="1" branch-rate="1" complexity="10">
              <lines>
                <line number="39" hits="34" branch="false" />
                <line number="40" hits="34" branch="true" condition-coverage="100% (2/2)" />
                <line number="41" hits="1" branch="false" />
                <line number="42" hits="1" branch="false" />
                <line number="45" hits="546" branch="true" condition-coverage="100% (4/4)" />
                <line number="46" hits="1" branch="false" />
                <line number="47" hits="1" branch="false" />
                <line number="50" hits="529" branch="true" condition-coverage="100% (4/4)" />
                <line number="51" hits="1" branch="false" />
                <line number="52" hits="1" branch="false" />
                <line number="55" hits="31" branch="false" />
                <line number="56" hits="31" branch="false" />
                <line number="57" hits="31" branch="false" />
              </lines>
            </method>
            <method name="Remove" signature="()" line-rate="1" branch-rate="1" complexity="2">
              <lines>
                <line number="60" hits="2" branch="false" />
                <line number="61" hits="2" branch="true" condition-coverage="100% (2/2)" />
                <line number="62" hits="1" branch="false" />
                <line number="63" hits="1" branch="false" />
                <line number="66" hits="1" branch="false" />
                <line number="67" hits="1" branch="false" />
                <line number="68" hits="1" branch="false" />
              </lines>
            </method>
            <method name="FindByUsername" signature="(...)" line-rate="1" branch-rate="1" complexity="6">
              <lines>
                <line number="71" hits="4" branch="false" />
                <line number="72" hits="4" branch="true" condition-coverage="100% (2/2)" />
                <line number="73" hits="2" branch="false" />
                <line number="74" hits="2" branch="false" />
                <line number="77" hits="19" branch="true" condition-coverage="100% (4/4)" />
                <line number="78" hits="1" branch="false" />
                <line number="79" hits="1" branch="false" />
                <line number="82" hits="2" branch="false" />
                <line number="83" hits="1" branch="false" />
                <line number="84" hits="1" branch="false" />
              </lines>
            </method>
            <method name="FindById" signature="(...)" line-rate="1" branch-rate="1" complexity="6">
              <lines>
                <line number="88" hits="10" branch="false" />
                <line number="89" hits="10" branch="true" condition-coverage="100% (2/2)" />
                <line number="90" hits="1" branch="false" />
                <line number="91" hits="1" branch="false" />
                <line number="94" hits="63" branch="true" condition-coverage="100% (4/4)" />
                <line number="95" hits="2" branch="false" />
                <line number="96" hits="2" branch="false" />
                <line number="99" hits="29" branch="false" />
                <line number="100" hits="7" branch="false" />
                <line number="101" hits="7" branch="false" />
              </lines>
            </method>
            <method name=".ctor" signature="(...)" line-rate="1" branch-rate="1" complexity="1">
              <lines>
                <line number="12" hits="17" branch="false" />
                <line number="13" hits="17" branch="false" />
                <line number="14" hits="17" branch="false" />
                <line number="15" hits="17" branch="false" />
                <line number="16" hits="16" branch="false" />
              </lines>
            </method>
          </methods>
          <lines>
            <line number="12" hits="17" branch="false" />
            <line number="13" hits="17" branch="false" />
            <line number="14" hits="17" branch="false" />
            <line number="15" hits="17" branch="false" />
            <line number="16" hits="16" branch="false" />
            <line number="20" hits="9" branch="false" />
            <line number="24" hits="17" branch="false" />
            <line number="25" hits="17" branch="true" condition-coverage="100% (2/2)" />
            <line number="26" hits="1" branch="false" />
            <line number="27" hits="1" branch="false" />
            <line number="30" hits="44" branch="true" condition-coverage="100% (2/2)" />
            <line number="31" hits="6" branch="false" />
            <line number="32" hits="6" branch="false" />
            <line number="33" hits="6" branch="false" />
            <line number="35" hits="16" branch="false" />
            <line number="36" hits="16" branch="false" />
            <line number="39" hits="34" branch="false" />
            <line number="40" hits="34" branch="true" condition-coverage="100% (2/2)" />
            <line number="41" hits="1" branch="false" />
            <line number="42" hits="1" branch="false" />
            <line number="45" hits="546" branch="true" condition-coverage="100% (4/4)" />
            <line number="46" hits="1" branch="false" />
            <line number="47" hits="1" branch="false" />
            <line number="50" hits="529" branch="true" condition-coverage="100% (4/4)" />
            <line number="51" hits="1" branch="false" />
            <line number="52" hits="1" branch="false" />
            <line number="55" hits="31" branch="false" />
            <line number="56" hits="31" branch="false" />
            <line number="57" hits="31" branch="false" />
            <line number="60" hits="2" branch="false" />
            <line number="61" hits="2" branch="true" condition-coverage="100% (2/2)" />
            <line number="62" hits="1" branch="false" />
            <line number="63" hits="1" branch="false" />
            <line number="66" hits="1" branch="false" />
            <line number="67" hits="1" branch="false" />
            <line number="68" hits="1" branch="false" />
            <line number="71" hits="4" branch="false" />
            <line number="72" hits="4" branch="true" condition-coverage="100% (2/2)" />
            <line number="73" hits="2" branch="false" />
            <line number="74" hits="2" branch="false" />
            <line number="77" hits="19" branch="true" condition-coverage="100% (4/4)" />
            <line number="78" hits="1" branch="false" />
            <line number="79" hits="1" branch="false" />
            <line number="82" hits="2" branch="false" />
            <line number="83" hits="1" branch="false" />
            <line number="84" hits="1" branch="false" />
            <line number="88" hits="10" branch="false" />
            <line number="89" hits="10" branch="true" condition-coverage="100% (2/2)" />
            <line number="90" hits="1" branch="false" />
            <line number="91" hits="1" branch="false" />
            <line number="94" hits="63" branch="true" condition-coverage="100% (4/4)" />
            <line number="95" hits="2" branch="false" />
            <line number="96" hits="2" branch="false" />
            <line number="99" hits="29" branch="false" />
            <line number="100" hits="7" branch="false" />
            <line number="101" hits="7" branch="false" />
          </lines>
        </class>
        <class name="ExtendedDatabase.Person" filename="C:\Users\bojid\source\repos\CSharp-OOP\UnitTesting\ExtendedDatabase\Person.cs" line-rate="1" branch-rate="1" complexity="5">
          <methods>
            <method name="get_UserName" signature="()" line-rate="1" branch-rate="1" complexity="1">
              <lines>
                <line number="16" hits="1971" branch="false" />
              </lines>
            </method>
            <method name="set_UserName" signature="(...)" line-rate="1" branch-rate="1" complexity="1">
              <lines>
                <line number="17" hits="153" branch="false" />
              </lines>
            </method>
            <method name="get_Id" signature="()" line-rate="1" branch-rate="1" complexity="1">
              <lines>
                <line number="22" hits="2061" branch="false" />
              </lines>
            </method>
            <method name="set_Id" signature="(...)" line-rate="1" branch-rate="1" complexity="1">
              <lines>
                <line number="23" hits="153" branch="false" />
              </lines>
            </method>
            <method name=".ctor" signature="(...)" line-rate="1" branch-rate="1" complexity="1">
              <lines>
                <line number="8" hits="51" branch="false" />
                <line number="9" hits="51" branch="false" />
                <line number="10" hits="51" branch="false" />
                <line number="11" hits="51" branch="false" />
                <line number="12" hits="51" branch="false" />
              </lines>
            </method>
          </methods>
          <lines>
            <line number="8" hits="51" branch="false" />
            <line number="9" hits="51" branch="false" />
            <line number="10" hits="51" branch="false" />
            <line number="11" hits="51" branch="false" />
            <line number="12" hits="51" branch="false" />
            <line number="16" hits="1971" branch="false" />
            <line number="17" hits="153" branch="false" />
            <line number="22" hits="2061" branch="false" />
            <line number="23" hits="153" branch="false" />
          </lines>
        </class>
      </classes>
    </package>
    <package name="ExtendedDatabase.Tests" line-rate="0.9882352941176471" branch-rate="1" complexity="21">
      <classes>
        <class name="AutoGeneratedProgram" filename="C:\Users\bojid\.nuget\packages\microsoft.net.test.sdk\17.1.0\build\netcoreapp2.1\Microsoft.NET.Test.Sdk.Program.cs" line-rate="0" branch-rate="1" complexity="1">
          <methods>
            <method name="Main" signature="(...)" line-rate="0" branch-rate="1" complexity="1">
              <lines>
                <line number="4" hits="0" branch="false" />
              </lines>
            </method>
          </methods>
          <lines>
            <line number="4" hits="0" branch="false" />
          </lines>
        </class>
        <class name="DatabaseExtended.Tests.ExtendeddatabaseTests" filename="C:\Users\bojid\source\repos\CSharp-OOP\UnitTesting\ExtendedDatabase.Tests\ExtendedDatabaseTests.cs" line-rate="1" branch-rate="1" complexity="20">
          <methods>
            <method name="Setup" signature="()" line-rate="1" branch-rate="1" complexity="1">
              <lines>
                <line number="13" hits="15" branch="false" />
                <line number="14" hits="15" branch="false" />
                <line number="15" hits="15" branch="false" />
              </lines>
            </method>
            <method name="ThrowExceptionWhenCapacityExceeded" signature="()" line-rate="1" branch-rate="1" complexity="2">
              <lines>
                <line number="19" hits="1" branch="false" />
                <line number="20" hits="34" branch="true" condition-coverage="100% (2/2)" />
                <line number="21" hits="16" branch="false" />
                <line number="22" hits="16" branch="false" />
                <line number="23" hits="16" branch="false" />
                <line number="25" hits="2" branch="false" />
                <line number="26" hits="1" branch="false" />
              </lines>
            </method>
            <method name="Add_ThrowException_WhenUserNameIsUsed" signature="()" line-rate="1" branch-rate="1" complexity="1">
              <lines>
                <line number="29" hits="1" branch="false" />
                <line number="30" hits="1" branch="false" />
                <line number="31" hits="1" branch="false" />
                <line number="33" hits="2" branch="false" />
                <line number="34" hits="1" branch="false" />
              </lines>
            </method>
            <method name="Add_ThrowException_WhenUserIdIsUsed" signature="()" line-rate="1" branch-rate="1" complexity="1">
              <lines>
                <line number="38" hits="1" branch="false" />
                <line number="39" hits="1" branch="false" />
                <line number="41" hits="1" branch="false" />
                <line number="43" hits="2" branch="false" />
                <line number="45" hits="1" branch="false" />
              </lines>
            </method>
            <method name="Add_IncreaseCount_WhenIsValid" signature="()" line-rate="1" branch-rate="1" complexity="1">
              <lines>
                <line number="49" hits="1" branch="false" />
                <line number="50" hits="1" branch="false" />
                <line number="51" hits="1" branch="false" />
                <line number="52" hits="1" branch="false" />
                <line number="53" hits="1" branch="false" />
                <line number="54" hits="1" branch="false" />
              </lines>
            </method>
            <method name="Remove_ThrowException_WhenDatabaseIsEmpty" signature="()" line-rate="1" branch-rate="1" complexity="1">
              <lines>
                <line number="58" hits="1" branch="false" />
                <line number="59" hits="2" branch="false" />
                <line number="60" hits="1" branch="false" />
              </lines>
            </method>
            <method name="Remove_RemovesPersonFromDatabase_WhenValid" signature="()" line-rate="1" branch-rate="1" complexity="1">
              <lines>
                <line number="64" hits="1" branch="false" />
                <line number="65" hits="1" branch="false" />
                <line number="66" hits="1" branch="false" />
                <line number="68" hits="1" branch="false" />
                <line number="69" hits="1" branch="false" />
                <line number="70" hits="2" branch="false" />
                <line number="71" hits="1" branch="false" />
              </lines>
            </method>
            <method name="FindByUserName_ThrowsException_WhenNotValidUsername" signature="(...)" line-rate="1" branch-rate="1" complexity="1">
              <lines>
                <line number="77" hits="2" branch="false" />
                <line number="78" hits="4" branch="false" />
                <line number="79" hits="2" branch="false" />
              </lines>
            </method>
            <method name="FindByUserName_ThrowsException_WhenUserNameDoesNotExist" signature="(...)" line-rate="1" branch-rate="1" complexity="1">
              <lines>
                <line number="84" hits="1" branch="false" />
                <line number="85" hits="1" branch="false" />
                <line number="87" hits="2" branch="false" />
                <line number="88" hits="1" branch="false" />
              </lines>
            </method>
            <method name="FindByUserName_ReturnExpectedUser_WhenUserExist" signature="()" line-rate="1" branch-rate="1" complexity="1">
              <lines>
                <line number="92" hits="1" branch="false" />
                <line number="93" hits="1" branch="false" />
                <line number="94" hits="1" branch="false" />
                <line number="95" hits="1" branch="false" />
                <line number="96" hits="1" branch="false" />
                <line number="97" hits="1" branch="false" />
              </lines>
            </method>
            <method name="FindById_ThrowsException_WhenIdIsLessThatZero" signature="(...)" line-rate="1" branch-rate="1" complexity="1">
              <lines>
                <line number="102" hits="1" branch="false" />
                <line number="103" hits="2" branch="false" />
                <line number="104" hits="1" branch="false" />
              </lines>
            </method>
            <method name="FindById_ThrowException_WhenUserIdDoesNotExist" signature="()" line-rate="1" branch-rate="1" complexity="1">
              <lines>
                <line number="108" hits="1" branch="false" />
                <line number="109" hits="1" branch="false" />
                <line number="111" hits="2" branch="false" />
                <line number="112" hits="1" branch="false" />
              </lines>
            </method>
            <method name="FindById_ReturnsExpectedUserId_WhenUserExist" signature="()" line-rate="1" branch-rate="1" complexity="1">
              <lines>
                <line number="116" hits="1" branch="false" />
                <line number="117" hits="1" branch="false" />
                <line number="118" hits="1" branch="false" />
                <line number="119" hits="1" branch="false" />
                <line number="120" hits="1" branch="false" />
                <line number="121" hits="1" branch="false" />
              </lines>
            </method>
            <method name="Ctor_ThrowException_WhenCapacityExceed" signature="()" line-rate="1" branch-rate="1" complexity="2">
              <lines>
                <line number="124" hits="1" branch="false" />
                <line number="125" hits="1" branch="false" />
                <line number="126" hits="36" branch="true" condition-coverage="100% (2/2)" />
                <line number="127" hits="17" branch="false" />
                <line number="128" hits="17" branch="false" />
                <line number="129" hits="17" branch="false" />
                <line number="131" hits="2" branch="false" />
                <line number="132" hits="1" branch="false" />
              </lines>
            </method>
            <method name="Ctor_AddPersonsToDatabase" signature="()" line-rate="1" branch-rate="1" complexity="4">
              <lines>
                <line number="136" hits="1" branch="false" />
                <line number="137" hits="1" branch="false" />
                <line number="139" hits="14" branch="true" condition-coverage="100% (2/2)" />
                <line number="140" hits="6" branch="false" />
                <line number="141" hits="6" branch="false" />
                <line number="142" hits="6" branch="false" />
                <line number="144" hits="1" branch="false" />
                <line number="145" hits="1" branch="false" />
                <line number="147" hits="15" branch="true" condition-coverage="100% (2/2)" />
                <line number="148" hits="6" branch="false" />
                <line number="149" hits="6" branch="false" />
                <line number="150" hits="6" branch="false" />
                <line number="151" hits="6" branch="false" />
                <line number="152" hits="1" branch="false" />
              </lines>
            </method>
          </methods>
          <lines>
            <line number="13" hits="15" branch="false" />
            <line number="14" hits="15" branch="false" />
            <line number="15" hits="15" branch="false" />
            <line number="19" hits="1" branch="false" />
            <line number="20" hits="34" branch="true" condition-coverage="100% (2/2)" />
            <line number="21" hits="16" branch="false" />
            <line number="22" hits="16" branch="false" />
            <line number="23" hits="16" branch="false" />
            <line number="25" hits="2" branch="false" />
            <line number="26" hits="1" branch="false" />
            <line number="29" hits="1" branch="false" />
            <line number="30" hits="1" branch="false" />
            <line number="31" hits="1" branch="false" />
            <line number="33" hits="2" branch="false" />
            <line number="34" hits="1" branch="false" />
            <line number="38" hits="1" branch="false" />
            <line number="39" hits="1" branch="false" />
            <line number="41" hits="1" branch="false" />
            <line number="43" hits="2" branch="false" />
            <line number="45" hits="1" branch="false" />
            <line number="49" hits="1" branch="false" />
            <line number="50" hits="1" branch="false" />
            <line number="51" hits="1" branch="false" />
            <line number="52" hits="1" branch="false" />
            <line number="53" hits="1" branch="false" />
            <line number="54" hits="1" branch="false" />
            <line number="58" hits="1" branch="false" />
            <line number="59" hits="2" branch="false" />
            <line number="60" hits="1" branch="false" />
            <line number="64" hits="1" branch="false" />
            <line number="65" hits="1" branch="false" />
            <line number="66" hits="1" branch="false" />
            <line number="68" hits="1" branch="false" />
            <line number="69" hits="1" branch="false" />
            <line number="70" hits="2" branch="false" />
            <line number="71" hits="1" branch="false" />
            <line number="77" hits="2" branch="false" />
            <line number="78" hits="4" branch="false" />
            <line number="79" hits="2" branch="false" />
            <line number="84" hits="1" branch="false" />
            <line number="85" hits="1" branch="false" />
            <line number="87" hits="2" branch="false" />
            <line number="88" hits="1" branch="false" />
            <line number="92" hits="1" branch="false" />
            <line number="93" hits="1" branch="false" />
            <line number="94" hits="1" branch="false" />
            <line number="95" hits="1" branch="false" />
            <line number="96" hits="1" branch="false" />
            <line number="97" hits="1" branch="false" />
            <line number="102" hits="1" branch="false" />
            <line number="103" hits="2" branch="false" />
            <line number="104" hits="1" branch="false" />
            <line number="108" hits="1" branch="false" />
            <line number="109" hits="1" branch="false" />
            <line number="111" hits="2" branch="false" />
            <line number="112" hits="1" branch="false" />
            <line number="116" hits="1" branch="false" />
            <line number="117" hits="1" branch="false" />
            <line number="118" hits="1" branch="false" />
            <line number="119" hits="1" branch="false" />
            <line number="120" hits="1" branch="false" />
            <line number="121" hits="1" branch="false" />
            <line number="124" hits="1" branch="false" />
            <line number="125" hits="1" branch="false" />
            <line number="126" hits="36" branch="true" condition-coverage="100% (2/2)" />
            <line number="127" hits="17" branch="false" />
            <line number="128" hits="17" branch="false" />
            <line number="129" hits="17" branch="false" />
            <line number="131" hits="2" branch="false" />
            <line number="132" hits="1" branch="false" />
            <line number="136" hits="1" branch="false" />
            <line number="137" hits="1" branch="false" />
            <line number="139" hits="14" branch="true" condition-coverage="100% (2/2)" />
            <line number="140" hits="6" branch="false" />
            <line number="141" hits="6" branch="false" />
            <line number="142" hits="6" branch="false" />
            <line number="144" hits="1" branch="false" />
            <line number="145" hits="1" branch="false" />
            <line number="147" hits="15" branch="true" condition-coverage="100% (2/2)" />
            <line number="148" hits="6" branch="false" />
            <line number="149" hits="6" branch="false" />
            <line number="150" hits="6" branch="false" />
            <line number="151" hits="6" branch="false" />
            <line number="152" hits="1" branch="false" />
          </lines>
        </class>
      </classes>
    </package>
  </packages>
</coverage>