TpTrace Verbose: 0 : 11116, 1, 2022/08/12, 12:32:25.910, 1666195379861, vstest.console.dll, Version: 17.3.0-release-20220708-01 Current process architecture: X64
TpTrace Verbose: 0 : 11116, 1, 2022/08/12, 12:32:25.912, 1666195396149, vstest.console.dll, Runtime location: C:\Program Files\dotnet\shared\Microsoft.NETCore.App\6.0.8
TpTrace Information: 0 : 11116, 1, 2022/08/12, 12:32:25.916, 1666195441971, vstest.console.dll, FilePatternParser: The given file C:\Users\bojid\source\repos\CSharp-OOP\UnitTesting\Database.Tests\bin\Debug\netcoreapp3.1\fine-code-coverage\build-output\Database.Tests.dll is a full path.
TpTrace Verbose: 0 : 11116, 1, 2022/08/12, 12:32:25.923, 1666195513594, vstest.console.dll, TestPluginCache.DiscoverTestExtensions: finding test extensions in assemblies ends with: RuntimeProvider.dll TPluginInfo: Microsoft.VisualStudio.TestPlatform.Common.ExtensionFramework.Utilities.TestRuntimePluginInformation TExtension: Microsoft.VisualStudio.TestPlatform.ObjectModel.Host.ITestRuntimeProvider
TpTrace Verbose: 0 : 11116, 1, 2022/08/12, 12:32:25.924, 1666195515319, vstest.console.dll, TestPluginCache.GetExtensionPaths: Filtered extension paths: 
TpTrace Verbose: 0 : 11116, 1, 2022/08/12, 12:32:25.924, 1666195516004, vstest.console.dll, TestPluginCache.GetExtensionPaths: Added default extension paths: C:\Program Files\dotnet\sdk\6.0.400\Extensions\Microsoft.Diagnostics.NETCore.Client.dll
C:\Program Files\dotnet\sdk\6.0.400\Extensions\Microsoft.TestPlatform.Extensions.BlameDataCollector.dll
C:\Program Files\dotnet\sdk\6.0.400\Extensions\Microsoft.TestPlatform.Extensions.EventLogCollector.dll
C:\Program Files\dotnet\sdk\6.0.400\Extensions\Microsoft.TestPlatform.TestHostRuntimeProvider.dll
C:\Program Files\dotnet\sdk\6.0.400\Extensions\Microsoft.VisualStudio.TestPlatform.Extensions.Html.TestLogger.dll
C:\Program Files\dotnet\sdk\6.0.400\Extensions\Microsoft.VisualStudio.TestPlatform.Extensions.Trx.TestLogger.dll
TpTrace Verbose: 0 : 11116, 1, 2022/08/12, 12:32:25.924, 1666195516417, vstest.console.dll, TestPluginCache.GetExtensionPaths: Added unfilterableExtensionPaths: 
TpTrace Information: 0 : 11116, 1, 2022/08/12, 12:32:25.924, 1666195521118, vstest.console.dll, AssemblyResolver.ctor: Creating AssemblyResolver with searchDirectories C:\Program Files\dotnet\sdk\6.0.400\Extensions,C:\Program Files\dotnet\sdk\6.0.400
TpTrace Verbose: 0 : 11116, 1, 2022/08/12, 12:32:25.925, 1666195528784, vstest.console.dll, TestPluginCache.DiscoverTestExtensions: Discovering the extensions using extension path.
TpTrace Verbose: 0 : 11116, 1, 2022/08/12, 12:32:25.925, 1666195529970, vstest.console.dll, TestPluginCache.GetExtensionPaths: Filtered extension paths: 
TpTrace Verbose: 0 : 11116, 1, 2022/08/12, 12:32:25.925, 1666195530383, vstest.console.dll, TestPluginCache.GetExtensionPaths: Added default extension paths: C:\Program Files\dotnet\sdk\6.0.400\Extensions\Microsoft.Diagnostics.NETCore.Client.dll
C:\Program Files\dotnet\sdk\6.0.400\Extensions\Microsoft.TestPlatform.Extensions.BlameDataCollector.dll
C:\Program Files\dotnet\sdk\6.0.400\Extensions\Microsoft.TestPlatform.Extensions.EventLogCollector.dll
C:\Program Files\dotnet\sdk\6.0.400\Extensions\Microsoft.TestPlatform.TestHostRuntimeProvider.dll
C:\Program Files\dotnet\sdk\6.0.400\Extensions\Microsoft.VisualStudio.TestPlatform.Extensions.Html.TestLogger.dll
C:\Program Files\dotnet\sdk\6.0.400\Extensions\Microsoft.VisualStudio.TestPlatform.Extensions.Trx.TestLogger.dll
TpTrace Verbose: 0 : 11116, 1, 2022/08/12, 12:32:25.925, 1666195530748, vstest.console.dll, TestPluginCache.GetExtensionPaths: Added unfilterableExtensionPaths: 
TpTrace Verbose: 0 : 11116, 1, 2022/08/12, 12:32:25.925, 1666195531318, vstest.console.dll, TestPluginCache.DiscoverTestExtensions: Discovering the extensions using allExtensionPaths: C:\Program Files\dotnet\sdk\6.0.400\Extensions\Microsoft.Diagnostics.NETCore.Client.dll
C:\Program Files\dotnet\sdk\6.0.400\Extensions\Microsoft.TestPlatform.Extensions.BlameDataCollector.dll
C:\Program Files\dotnet\sdk\6.0.400\Extensions\Microsoft.TestPlatform.Extensions.EventLogCollector.dll
C:\Program Files\dotnet\sdk\6.0.400\Extensions\Microsoft.TestPlatform.TestHostRuntimeProvider.dll
C:\Program Files\dotnet\sdk\6.0.400\Extensions\Microsoft.VisualStudio.TestPlatform.Extensions.Html.TestLogger.dll
C:\Program Files\dotnet\sdk\6.0.400\Extensions\Microsoft.VisualStudio.TestPlatform.Extensions.Trx.TestLogger.dll
TpTrace Information: 0 : 11116, 1, 2022/08/12, 12:32:25.925, 1666195532900, vstest.console.dll, AssemblyResolver.AddSearchDirectories: Adding more searchDirectories C:\Program Files\dotnet\sdk\6.0.400\Extensions,C:\Program Files\dotnet\sdk\6.0.400
TpTrace Information: 0 : 11116, 1, 2022/08/12, 12:32:25.925, 1666195533427, vstest.console.dll, AssemblyResolver.AddSearchDirectories: Adding more searchDirectories C:\Program Files\dotnet\sdk\6.0.400\Extensions,C:\Program Files\dotnet\sdk\6.0.400
TpTrace Information: 0 : 11116, 1, 2022/08/12, 12:32:25.926, 1666195533817, vstest.console.dll, AssemblyResolver.AddSearchDirectories: Adding more searchDirectories C:\Program Files\dotnet\sdk\6.0.400\Extensions,C:\Program Files\dotnet\sdk\6.0.400
TpTrace Information: 0 : 11116, 1, 2022/08/12, 12:32:25.926, 1666195534140, vstest.console.dll, AssemblyResolver.AddSearchDirectories: Adding more searchDirectories C:\Program Files\dotnet\sdk\6.0.400\Extensions,C:\Program Files\dotnet\sdk\6.0.400
TpTrace Information: 0 : 11116, 1, 2022/08/12, 12:32:25.926, 1666195534452, vstest.console.dll, AssemblyResolver.AddSearchDirectories: Adding more searchDirectories C:\Program Files\dotnet\sdk\6.0.400\Extensions,C:\Program Files\dotnet\sdk\6.0.400
TpTrace Information: 0 : 11116, 1, 2022/08/12, 12:32:25.926, 1666195534759, vstest.console.dll, AssemblyResolver.AddSearchDirectories: Adding more searchDirectories C:\Program Files\dotnet\sdk\6.0.400\Extensions,C:\Program Files\dotnet\sdk\6.0.400
TpTrace Information: 0 : 11116, 1, 2022/08/12, 12:32:25.926, 1666195537635, vstest.console.dll, AssemblyResolver.OnResolve: Microsoft.Diagnostics.NETCore.Client: Resolving assembly.
TpTrace Information: 0 : 11116, 1, 2022/08/12, 12:32:25.926, 1666195538272, vstest.console.dll, AssemblyResolver.OnResolve: Microsoft.Diagnostics.NETCore.Client: Searching in: 'C:\Program Files\dotnet\sdk\6.0.400\Extensions'.
TpTrace Information: 0 : 11116, 1, 2022/08/12, 12:32:25.926, 1666195542021, vstest.console.dll, AssemblyResolver.OnResolve: Microsoft.Diagnostics.NETCore.Client: Loading assembly 'C:\Program Files\dotnet\sdk\6.0.400\Extensions\Microsoft.Diagnostics.NETCore.Client.dll'.
TpTrace Information: 0 : 11116, 1, 2022/08/12, 12:32:25.927, 1666195548007, vstest.console.dll, AssemblyResolver.OnResolve: Resolved assembly: Microsoft.Diagnostics.NETCore.Client, from path: C:\Program Files\dotnet\sdk\6.0.400\Extensions\Microsoft.Diagnostics.NETCore.Client.dll
TpTrace Verbose: 0 : 11116, 1, 2022/08/12, 12:32:25.931, 1666195587821, vstest.console.dll, MetadataReaderExtensionsHelper: Discovering extensions inside assembly 'Microsoft.Diagnostics.NETCore.Client, Version=0.2.5.801, Culture=neutral, PublicKeyToken=31bf3856ad364e35' file path 'C:\Program Files\dotnet\sdk\6.0.400\Extensions\Microsoft.Diagnostics.NETCore.Client.dll'
TpTrace Information: 0 : 11116, 1, 2022/08/12, 12:32:25.940, 1666195675733, vstest.console.dll, AssemblyResolver.OnResolve: Microsoft.Bcl.AsyncInterfaces: Resolving assembly.
TpTrace Information: 0 : 11116, 1, 2022/08/12, 12:32:25.940, 1666195676840, vstest.console.dll, AssemblyResolver.OnResolve: Microsoft.Bcl.AsyncInterfaces: Searching in: 'C:\Program Files\dotnet\sdk\6.0.400\Extensions'.
TpTrace Information: 0 : 11116, 1, 2022/08/12, 12:32:25.940, 1666195677584, vstest.console.dll, AssemblyResolver.OnResolve: Microsoft.Bcl.AsyncInterfaces: Assembly path does not exist: 'C:\Program Files\dotnet\sdk\6.0.400\Extensions\Microsoft.Bcl.AsyncInterfaces.dll', returning.
TpTrace Information: 0 : 11116, 1, 2022/08/12, 12:32:25.940, 1666195678169, vstest.console.dll, AssemblyResolver.OnResolve: Microsoft.Bcl.AsyncInterfaces: Assembly path does not exist: 'C:\Program Files\dotnet\sdk\6.0.400\Extensions\Microsoft.Bcl.AsyncInterfaces.exe', returning.
TpTrace Information: 0 : 11116, 1, 2022/08/12, 12:32:25.940, 1666195678943, vstest.console.dll, AssemblyResolver.OnResolve: Microsoft.Bcl.AsyncInterfaces: Searching in: 'C:\Program Files\dotnet\sdk\6.0.400'.
TpTrace Information: 0 : 11116, 1, 2022/08/12, 12:32:25.940, 1666195679563, vstest.console.dll, AssemblyResolver.OnResolve: Microsoft.Bcl.AsyncInterfaces: Assembly path does not exist: 'C:\Program Files\dotnet\sdk\6.0.400\Microsoft.Bcl.AsyncInterfaces.dll', returning.
TpTrace Information: 0 : 11116, 1, 2022/08/12, 12:32:25.940, 1666195680170, vstest.console.dll, AssemblyResolver.OnResolve: Microsoft.Bcl.AsyncInterfaces: Assembly path does not exist: 'C:\Program Files\dotnet\sdk\6.0.400\Microsoft.Bcl.AsyncInterfaces.exe', returning.
TpTrace Information: 0 : 11116, 1, 2022/08/12, 12:32:25.940, 1666195680487, vstest.console.dll, AssemblyResolver.OnResolve: Microsoft.Bcl.AsyncInterfaces: Failed to load assembly.
TpTrace Verbose: 0 : 11116, 1, 2022/08/12, 12:32:25.940, 1666195680860, vstest.console.dll, CurrentDomainAssemblyResolve: Resolving assembly 'Microsoft.Bcl.AsyncInterfaces'.
TpTrace Information: 0 : 11116, 1, 2022/08/12, 12:32:25.940, 1666195681422, vstest.console.dll, AssemblyResolver.OnResolve: Microsoft.Bcl.AsyncInterfaces: Resolving assembly.
TpTrace Information: 0 : 11116, 1, 2022/08/12, 12:32:25.940, 1666195681803, vstest.console.dll, AssemblyResolver.OnResolve: Microsoft.Bcl.AsyncInterfaces: Resolved from cache.
TpTrace Verbose: 0 : 11116, 1, 2022/08/12, 12:32:25.940, 1666195682202, vstest.console.dll, CurrentDomainAssemblyResolve: Resolving assembly 'Microsoft.Bcl.AsyncInterfaces'.
TpTrace Verbose: 0 : 11116, 1, 2022/08/12, 12:32:25.940, 1666195682553, vstest.console.dll, CurrentDomainAssemblyResolve: Failed to resolve assembly 'Microsoft.Bcl.AsyncInterfaces'.
TpTrace Verbose: 0 : 11116, 1, 2022/08/12, 12:32:25.941, 1666195686434, vstest.console.dll, CurrentDomainAssemblyResolve: Failed to resolve assembly 'Microsoft.Bcl.AsyncInterfaces'.
TpTrace Warning: 0 : 11116, 1, 2022/08/12, 12:32:25.949, 1666195770115, vstest.console.dll, TestPluginDiscoverer: Failed to get types from assembly 'Microsoft.Diagnostics.NETCore.Client, Version=0.2.5.801, Culture=neutral, PublicKeyToken=31bf3856ad364e35'. Error: System.Reflection.ReflectionTypeLoadException: Unable to load one or more of the requested types.
Could not load file or assembly 'Microsoft.Bcl.AsyncInterfaces, Version=1.0.0.0, Culture=neutral, PublicKeyToken=cc7b13ffcd2ddd51'. The system cannot find the file specified.
   at System.Reflection.RuntimeModule.GetTypes(RuntimeModule module)
   at System.Reflection.Assembly.GetTypes()
   at Microsoft.VisualStudio.TestPlatform.Common.ExtensionFramework.TestPluginDiscoverer.GetTestExtensionsFromAssembly[TPluginInfo,TExtension](Assembly assembly, Dictionary`2 pluginInfos, String filePath)
System.IO.FileNotFoundException: Could not load file or assembly 'Microsoft.Bcl.AsyncInterfaces, Version=1.0.0.0, Culture=neutral, PublicKeyToken=cc7b13ffcd2ddd51'. The system cannot find the file specified.
File name: 'Microsoft.Bcl.AsyncInterfaces, Version=1.0.0.0, Culture=neutral, PublicKeyToken=cc7b13ffcd2ddd51'
 ---> System.IO.FileNotFoundException: Could not load file or assembly 'Microsoft.Bcl.AsyncInterfaces, Culture=neutral, PublicKeyToken=null'. The system cannot find the file specified.
File name: 'Microsoft.Bcl.AsyncInterfaces, Culture=neutral, PublicKeyToken=null'
   at System.Reflection.RuntimeAssembly.InternalLoad(ObjectHandleOnStack assemblyName, ObjectHandleOnStack requestingAssembly, StackCrawlMarkHandle stackMark, Boolean throwOnFileNotFound, ObjectHandleOnStack assemblyLoadContext, ObjectHandleOnStack retAssembly)
   at System.Reflection.RuntimeAssembly.InternalLoad(AssemblyName assemblyName, RuntimeAssembly requestingAssembly, StackCrawlMark& stackMark, Boolean throwOnFileNotFound, AssemblyLoadContext assemblyLoadContext)
   at System.Reflection.Assembly.Load(AssemblyName assemblyRef)
   at Microsoft.VisualStudio.TestPlatform.Common.ExtensionFramework.TestPluginCache.CurrentDomainAssemblyResolve(Object sender, AssemblyResolveEventArgs args)
   at Microsoft.VisualStudio.TestPlatform.PlatformAbstractions.PlatformAssemblyResolver.AssemblyResolverEvent(Object sender, Object eventArgs)
   at System.Runtime.Loader.AssemblyLoadContext.GetFirstResolvedAssemblyFromResolvingEvent(AssemblyName assemblyName)
   at System.Runtime.Loader.AssemblyLoadContext.ResolveUsingEvent(AssemblyName assemblyName)
   at System.Runtime.Loader.AssemblyLoadContext.ResolveUsingResolvingEvent(IntPtr gchManagedAssemblyLoadContext, AssemblyName assemblyName)
TpTrace Warning: 0 : 11116, 1, 2022/08/12, 12:32:25.949, 1666195773550, vstest.console.dll, LoaderExceptions: System.IO.FileNotFoundException: Could not load file or assembly 'Microsoft.Bcl.AsyncInterfaces, Version=1.0.0.0, Culture=neutral, PublicKeyToken=cc7b13ffcd2ddd51'. The system cannot find the file specified.
File name: 'Microsoft.Bcl.AsyncInterfaces, Version=1.0.0.0, Culture=neutral, PublicKeyToken=cc7b13ffcd2ddd51'
 ---> System.IO.FileNotFoundException: Could not load file or assembly 'Microsoft.Bcl.AsyncInterfaces, Culture=neutral, PublicKeyToken=null'. The system cannot find the file specified.
File name: 'Microsoft.Bcl.AsyncInterfaces, Culture=neutral, PublicKeyToken=null'
   at System.Reflection.RuntimeAssembly.InternalLoad(ObjectHandleOnStack assemblyName, ObjectHandleOnStack requestingAssembly, StackCrawlMarkHandle stackMark, Boolean throwOnFileNotFound, ObjectHandleOnStack assemblyLoadContext, ObjectHandleOnStack retAssembly)
   at System.Reflection.RuntimeAssembly.InternalLoad(AssemblyName assemblyName, RuntimeAssembly requestingAssembly, StackCrawlMark& stackMark, Boolean throwOnFileNotFound, AssemblyLoadContext assemblyLoadContext)
   at System.Reflection.Assembly.Load(AssemblyName assemblyRef)
   at Microsoft.VisualStudio.TestPlatform.Common.ExtensionFramework.TestPluginCache.CurrentDomainAssemblyResolve(Object sender, AssemblyResolveEventArgs args)
   at Microsoft.VisualStudio.TestPlatform.PlatformAbstractions.PlatformAssemblyResolver.AssemblyResolverEvent(Object sender, Object eventArgs)
   at System.Runtime.Loader.AssemblyLoadContext.GetFirstResolvedAssemblyFromResolvingEvent(AssemblyName assemblyName)
   at System.Runtime.Loader.AssemblyLoadContext.ResolveUsingEvent(AssemblyName assemblyName)
   at System.Runtime.Loader.AssemblyLoadContext.ResolveUsingResolvingEvent(IntPtr gchManagedAssemblyLoadContext, AssemblyName assemblyName)
TpTrace Information: 0 : 11116, 1, 2022/08/12, 12:32:25.950, 1666195774915, vstest.console.dll, AssemblyResolver.OnResolve: Microsoft.TestPlatform.Extensions.BlameDataCollector: Resolving assembly.
TpTrace Information: 0 : 11116, 1, 2022/08/12, 12:32:25.950, 1666195775355, vstest.console.dll, AssemblyResolver.OnResolve: Microsoft.TestPlatform.Extensions.BlameDataCollector: Searching in: 'C:\Program Files\dotnet\sdk\6.0.400\Extensions'.
TpTrace Information: 0 : 11116, 1, 2022/08/12, 12:32:25.950, 1666195777673, vstest.console.dll, AssemblyResolver.OnResolve: Microsoft.TestPlatform.Extensions.BlameDataCollector: Loading assembly 'C:\Program Files\dotnet\sdk\6.0.400\Extensions\Microsoft.TestPlatform.Extensions.BlameDataCollector.dll'.
TpTrace Information: 0 : 11116, 1, 2022/08/12, 12:32:25.950, 1666195782543, vstest.console.dll, AssemblyResolver.OnResolve: Resolved assembly: Microsoft.TestPlatform.Extensions.BlameDataCollector, from path: C:\Program Files\dotnet\sdk\6.0.400\Extensions\Microsoft.TestPlatform.Extensions.BlameDataCollector.dll
TpTrace Verbose: 0 : 11116, 1, 2022/08/12, 12:32:25.950, 1666195783195, vstest.console.dll, MetadataReaderExtensionsHelper: Discovering extensions inside assembly 'Microsoft.TestPlatform.Extensions.BlameDataCollector, Version=15.0.0.0, Culture=neutral, PublicKeyToken=b03f5f7f11d50a3a' file path 'C:\Program Files\dotnet\sdk\6.0.400\Extensions\Microsoft.TestPlatform.Extensions.BlameDataCollector.dll'
TpTrace Information: 0 : 11116, 1, 2022/08/12, 12:32:25.951, 1666195792488, vstest.console.dll, AssemblyResolver.OnResolve: Microsoft.TestPlatform.Extensions.EventLogCollector: Resolving assembly.
TpTrace Information: 0 : 11116, 1, 2022/08/12, 12:32:25.951, 1666195793436, vstest.console.dll, AssemblyResolver.OnResolve: Microsoft.TestPlatform.Extensions.EventLogCollector: Searching in: 'C:\Program Files\dotnet\sdk\6.0.400\Extensions'.
TpTrace Information: 0 : 11116, 1, 2022/08/12, 12:32:25.952, 1666195795600, vstest.console.dll, AssemblyResolver.OnResolve: Microsoft.TestPlatform.Extensions.EventLogCollector: Loading assembly 'C:\Program Files\dotnet\sdk\6.0.400\Extensions\Microsoft.TestPlatform.Extensions.EventLogCollector.dll'.
TpTrace Information: 0 : 11116, 1, 2022/08/12, 12:32:25.952, 1666195799306, vstest.console.dll, AssemblyResolver.OnResolve: Resolved assembly: Microsoft.TestPlatform.Extensions.EventLogCollector, from path: C:\Program Files\dotnet\sdk\6.0.400\Extensions\Microsoft.TestPlatform.Extensions.EventLogCollector.dll
TpTrace Verbose: 0 : 11116, 1, 2022/08/12, 12:32:25.952, 1666195799914, vstest.console.dll, MetadataReaderExtensionsHelper: Discovering extensions inside assembly 'Microsoft.TestPlatform.Extensions.EventLogCollector, Version=15.0.0.0, Culture=neutral, PublicKeyToken=b03f5f7f11d50a3a' file path 'C:\Program Files\dotnet\sdk\6.0.400\Extensions\Microsoft.TestPlatform.Extensions.EventLogCollector.dll'
TpTrace Information: 0 : 11116, 1, 2022/08/12, 12:32:25.954, 1666195814258, vstest.console.dll, AssemblyResolver.OnResolve: Microsoft.TestPlatform.TestHostRuntimeProvider: Resolving assembly.
TpTrace Information: 0 : 11116, 1, 2022/08/12, 12:32:25.954, 1666195814769, vstest.console.dll, AssemblyResolver.OnResolve: Microsoft.TestPlatform.TestHostRuntimeProvider: Searching in: 'C:\Program Files\dotnet\sdk\6.0.400\Extensions'.
TpTrace Information: 0 : 11116, 1, 2022/08/12, 12:32:25.954, 1666195816800, vstest.console.dll, AssemblyResolver.OnResolve: Microsoft.TestPlatform.TestHostRuntimeProvider: Loading assembly 'C:\Program Files\dotnet\sdk\6.0.400\Extensions\Microsoft.TestPlatform.TestHostRuntimeProvider.dll'.
TpTrace Information: 0 : 11116, 1, 2022/08/12, 12:32:25.954, 1666195820894, vstest.console.dll, AssemblyResolver.OnResolve: Resolved assembly: Microsoft.TestPlatform.TestHostRuntimeProvider, from path: C:\Program Files\dotnet\sdk\6.0.400\Extensions\Microsoft.TestPlatform.TestHostRuntimeProvider.dll
TpTrace Verbose: 0 : 11116, 1, 2022/08/12, 12:32:25.954, 1666195821536, vstest.console.dll, MetadataReaderExtensionsHelper: Discovering extensions inside assembly 'Microsoft.TestPlatform.TestHostRuntimeProvider, Version=15.0.0.0, Culture=neutral, PublicKeyToken=b03f5f7f11d50a3a' file path 'C:\Program Files\dotnet\sdk\6.0.400\Extensions\Microsoft.TestPlatform.TestHostRuntimeProvider.dll'
TpTrace Information: 0 : 11116, 1, 2022/08/12, 12:32:25.956, 1666195834828, vstest.console.dll, GetTestExtensionFromType: Register extension with identifier data 'HostProvider://DefaultTestHost' and type 'Microsoft.VisualStudio.TestPlatform.CrossPlatEngine.Hosting.DefaultTestHostManager, Microsoft.TestPlatform.TestHostRuntimeProvider, Version=15.0.0.0, Culture=neutral, PublicKeyToken=b03f5f7f11d50a3a' inside file 'C:\Program Files\dotnet\sdk\6.0.400\Extensions\Microsoft.TestPlatform.TestHostRuntimeProvider.dll'
TpTrace Information: 0 : 11116, 1, 2022/08/12, 12:32:25.956, 1666195835596, vstest.console.dll, GetTestExtensionFromType: Register extension with identifier data 'HostProvider://DotnetTestHost' and type 'Microsoft.VisualStudio.TestPlatform.CrossPlatEngine.Hosting.DotnetTestHostManager, Microsoft.TestPlatform.TestHostRuntimeProvider, Version=15.0.0.0, Culture=neutral, PublicKeyToken=b03f5f7f11d50a3a' inside file 'C:\Program Files\dotnet\sdk\6.0.400\Extensions\Microsoft.TestPlatform.TestHostRuntimeProvider.dll'
TpTrace Information: 0 : 11116, 1, 2022/08/12, 12:32:25.956, 1666195836244, vstest.console.dll, AssemblyResolver.OnResolve: Microsoft.VisualStudio.TestPlatform.Extensions.Html.TestLogger: Resolving assembly.
TpTrace Information: 0 : 11116, 1, 2022/08/12, 12:32:25.956, 1666195836614, vstest.console.dll, AssemblyResolver.OnResolve: Microsoft.VisualStudio.TestPlatform.Extensions.Html.TestLogger: Searching in: 'C:\Program Files\dotnet\sdk\6.0.400\Extensions'.
TpTrace Information: 0 : 11116, 1, 2022/08/12, 12:32:25.956, 1666195838774, vstest.console.dll, AssemblyResolver.OnResolve: Microsoft.VisualStudio.TestPlatform.Extensions.Html.TestLogger: Loading assembly 'C:\Program Files\dotnet\sdk\6.0.400\Extensions\Microsoft.VisualStudio.TestPlatform.Extensions.Html.TestLogger.dll'.
TpTrace Information: 0 : 11116, 1, 2022/08/12, 12:32:25.956, 1666195842858, vstest.console.dll, AssemblyResolver.OnResolve: Resolved assembly: Microsoft.VisualStudio.TestPlatform.Extensions.Html.TestLogger, from path: C:\Program Files\dotnet\sdk\6.0.400\Extensions\Microsoft.VisualStudio.TestPlatform.Extensions.Html.TestLogger.dll
TpTrace Verbose: 0 : 11116, 1, 2022/08/12, 12:32:25.956, 1666195843429, vstest.console.dll, MetadataReaderExtensionsHelper: Discovering extensions inside assembly 'Microsoft.VisualStudio.TestPlatform.Extensions.Html.TestLogger, Version=15.0.0.0, Culture=neutral, PublicKeyToken=b03f5f7f11d50a3a' file path 'C:\Program Files\dotnet\sdk\6.0.400\Extensions\Microsoft.VisualStudio.TestPlatform.Extensions.Html.TestLogger.dll'
TpTrace Information: 0 : 11116, 1, 2022/08/12, 12:32:25.957, 1666195847804, vstest.console.dll, AssemblyResolver.OnResolve: Microsoft.VisualStudio.TestPlatform.Extensions.Trx.TestLogger: Resolving assembly.
TpTrace Information: 0 : 11116, 1, 2022/08/12, 12:32:25.957, 1666195848287, vstest.console.dll, AssemblyResolver.OnResolve: Microsoft.VisualStudio.TestPlatform.Extensions.Trx.TestLogger: Searching in: 'C:\Program Files\dotnet\sdk\6.0.400\Extensions'.
TpTrace Information: 0 : 11116, 1, 2022/08/12, 12:32:25.957, 1666195850448, vstest.console.dll, AssemblyResolver.OnResolve: Microsoft.VisualStudio.TestPlatform.Extensions.Trx.TestLogger: Loading assembly 'C:\Program Files\dotnet\sdk\6.0.400\Extensions\Microsoft.VisualStudio.TestPlatform.Extensions.Trx.TestLogger.dll'.
TpTrace Information: 0 : 11116, 1, 2022/08/12, 12:32:25.958, 1666195854736, vstest.console.dll, AssemblyResolver.OnResolve: Resolved assembly: Microsoft.VisualStudio.TestPlatform.Extensions.Trx.TestLogger, from path: C:\Program Files\dotnet\sdk\6.0.400\Extensions\Microsoft.VisualStudio.TestPlatform.Extensions.Trx.TestLogger.dll
TpTrace Verbose: 0 : 11116, 1, 2022/08/12, 12:32:25.958, 1666195855318, vstest.console.dll, MetadataReaderExtensionsHelper: Discovering extensions inside assembly 'Microsoft.VisualStudio.TestPlatform.Extensions.Trx.TestLogger, Version=15.0.0.0, Culture=neutral, PublicKeyToken=b03f5f7f11d50a3a' file path 'C:\Program Files\dotnet\sdk\6.0.400\Extensions\Microsoft.VisualStudio.TestPlatform.Extensions.Trx.TestLogger.dll'
TpTrace Verbose: 0 : 11116, 1, 2022/08/12, 12:32:25.958, 1666195861750, vstest.console.dll, TestPluginCache: Discovered the extensions using extension path ''.
TpTrace Verbose: 0 : 11116, 1, 2022/08/12, 12:32:25.958, 1666195862272, vstest.console.dll, TestPluginCache: Discoverers are ''.
TpTrace Verbose: 0 : 11116, 1, 2022/08/12, 12:32:25.958, 1666195862606, vstest.console.dll, TestPluginCache: Executors are ''.
TpTrace Verbose: 0 : 11116, 1, 2022/08/12, 12:32:25.958, 1666195862930, vstest.console.dll, TestPluginCache: Executors2 are ''.
TpTrace Verbose: 0 : 11116, 1, 2022/08/12, 12:32:25.958, 1666195863200, vstest.console.dll, TestPluginCache: Setting providers are ''.
TpTrace Verbose: 0 : 11116, 1, 2022/08/12, 12:32:25.958, 1666195863466, vstest.console.dll, TestPluginCache: Loggers are ''.
TpTrace Verbose: 0 : 11116, 1, 2022/08/12, 12:32:25.959, 1666195864658, vstest.console.dll, TestPluginCache: TestHosts are 'HostProvider://DefaultTestHost,HostProvider://DotnetTestHost'.
TpTrace Verbose: 0 : 11116, 1, 2022/08/12, 12:32:25.959, 1666195865026, vstest.console.dll, TestPluginCache: DataCollectors are ''.
TpTrace Information: 0 : 11116, 1, 2022/08/12, 12:32:25.967, 1666195947340, vstest.console.dll, RunTestsArgumentProcessor:Execute: Test run is starting.
TpTrace Verbose: 0 : 11116, 1, 2022/08/12, 12:32:25.967, 1666195948092, vstest.console.dll, RunTestsArgumentProcessor:Execute: Queuing Test run.
TpTrace Information: 0 : 11116, 1, 2022/08/12, 12:32:25.967, 1666195950090, vstest.console.dll, TestRequestManager.RunTests: run tests started.
TpTrace Information: 0 : 11116, 1, 2022/08/12, 12:32:25.975, 1666196029713, vstest.console.dll, AssemblyMetadataProvider.GetFrameworkName: Determined framework:'.NETCoreApp,Version=v3.1' for source: 'C:\Users\bojid\source\repos\CSharp-OOP\UnitTesting\Database.Tests\bin\Debug\netcoreapp3.1\fine-code-coverage\build-output\Database.Tests.dll'
TpTrace Information: 0 : 11116, 1, 2022/08/12, 12:32:25.975, 1666196031310, vstest.console.dll, Determined framework for all sources: .NETCoreApp,Version=v3.1
TpTrace Verbose: 0 : 11116, 1, 2022/08/12, 12:32:25.976, 1666196035877, vstest.console.dll, TestRequestManager.UpdateRunSettingsIfRequired: Default architecture: X64 IsDefaultTargetArchitecture: True, Current process architecture: X64 OperatingSystem: Windows.
TpTrace Information: 0 : 11116, 1, 2022/08/12, 12:32:25.978, 1666196056414, vstest.console.dll, AssemblyMetadataProvider.GetArchitecture: Determined architecture:AnyCPU info for assembly: C:\Users\bojid\source\repos\CSharp-OOP\UnitTesting\Database.Tests\bin\Debug\netcoreapp3.1\fine-code-coverage\build-output\Database.Tests.dll
TpTrace Information: 0 : 11116, 1, 2022/08/12, 12:32:25.978, 1666196056894, vstest.console.dll, Determined platform for source 'C:\Users\bojid\source\repos\CSharp-OOP\UnitTesting\Database.Tests\bin\Debug\netcoreapp3.1\fine-code-coverage\build-output\Database.Tests.dll' was AnyCPU and it will use the default plaform X64.
TpTrace Information: 0 : 11116, 1, 2022/08/12, 12:32:25.978, 1666196057283, vstest.console.dll, None of the sources provided any runnable platform, using the default platform: X64
TpTrace Information: 0 : 11116, 1, 2022/08/12, 12:32:25.978, 1666196057928, vstest.console.dll, Platform was updated to 'X64'.
TpTrace Information: 0 : 11116, 1, 2022/08/12, 12:32:25.981, 1666196088005, vstest.console.dll, InferRunSettingsHelper.IsTestSettingsEnabled: Unable to navigate to RunSettings/MSTest. Current node: RunSettings
TpTrace Information: 0 : 11116, 1, 2022/08/12, 12:32:25.981, 1666196093092, vstest.console.dll, AssemblyResolver.OnResolve: Microsoft.VisualStudio.TestPlatform.Fakes: Resolving assembly.
TpTrace Information: 0 : 11116, 1, 2022/08/12, 12:32:25.981, 1666196093642, vstest.console.dll, AssemblyResolver.OnResolve: Microsoft.VisualStudio.TestPlatform.Fakes: Searching in: 'C:\Program Files\dotnet\sdk\6.0.400\Extensions'.
TpTrace Information: 0 : 11116, 1, 2022/08/12, 12:32:25.982, 1666196094427, vstest.console.dll, AssemblyResolver.OnResolve: Microsoft.VisualStudio.TestPlatform.Fakes: Assembly path does not exist: 'C:\Program Files\dotnet\sdk\6.0.400\Extensions\Microsoft.VisualStudio.TestPlatform.Fakes.dll', returning.
TpTrace Information: 0 : 11116, 1, 2022/08/12, 12:32:25.982, 1666196095063, vstest.console.dll, AssemblyResolver.OnResolve: Microsoft.VisualStudio.TestPlatform.Fakes: Assembly path does not exist: 'C:\Program Files\dotnet\sdk\6.0.400\Extensions\Microsoft.VisualStudio.TestPlatform.Fakes.exe', returning.
TpTrace Information: 0 : 11116, 1, 2022/08/12, 12:32:25.982, 1666196095391, vstest.console.dll, AssemblyResolver.OnResolve: Microsoft.VisualStudio.TestPlatform.Fakes: Searching in: 'C:\Program Files\dotnet\sdk\6.0.400'.
TpTrace Information: 0 : 11116, 1, 2022/08/12, 12:32:25.982, 1666196095953, vstest.console.dll, AssemblyResolver.OnResolve: Microsoft.VisualStudio.TestPlatform.Fakes: Assembly path does not exist: 'C:\Program Files\dotnet\sdk\6.0.400\Microsoft.VisualStudio.TestPlatform.Fakes.dll', returning.
TpTrace Information: 0 : 11116, 1, 2022/08/12, 12:32:25.982, 1666196096544, vstest.console.dll, AssemblyResolver.OnResolve: Microsoft.VisualStudio.TestPlatform.Fakes: Assembly path does not exist: 'C:\Program Files\dotnet\sdk\6.0.400\Microsoft.VisualStudio.TestPlatform.Fakes.exe', returning.
TpTrace Information: 0 : 11116, 1, 2022/08/12, 12:32:25.982, 1666196096869, vstest.console.dll, AssemblyResolver.OnResolve: Microsoft.VisualStudio.TestPlatform.Fakes: Failed to load assembly.
TpTrace Information: 0 : 11116, 1, 2022/08/12, 12:32:25.982, 1666196099106, vstest.console.dll, Failed to load assembly Microsoft.VisualStudio.TestPlatform.Fakes, Version=17.0.0.0, Culture=neutral. Reason:System.IO.FileNotFoundException: Could not load file or assembly 'Microsoft.VisualStudio.TestPlatform.Fakes, Version=17.0.0.0, Culture=neutral, PublicKeyToken=null'. The system cannot find the file specified.
File name: 'Microsoft.VisualStudio.TestPlatform.Fakes, Version=17.0.0.0, Culture=neutral, PublicKeyToken=null'
   at System.Reflection.RuntimeAssembly.InternalLoad(ObjectHandleOnStack assemblyName, ObjectHandleOnStack requestingAssembly, StackCrawlMarkHandle stackMark, Boolean throwOnFileNotFound, ObjectHandleOnStack assemblyLoadContext, ObjectHandleOnStack retAssembly)
   at System.Reflection.RuntimeAssembly.InternalLoad(AssemblyName assemblyName, RuntimeAssembly requestingAssembly, StackCrawlMark& stackMark, Boolean throwOnFileNotFound, AssemblyLoadContext assemblyLoadContext)
   at System.Reflection.Assembly.Load(AssemblyName assemblyRef)
   at Microsoft.VisualStudio.TestPlatform.Common.Utilities.FakesUtilities.LoadTestPlatformAssembly()
TpTrace Verbose: 0 : 11116, 1, 2022/08/12, 12:32:25.985, 1666196127370, vstest.console.dll, TestPluginCache.DiscoverTestExtensions: finding test extensions in assemblies ends with: TestLogger.dll TPluginInfo: Microsoft.VisualStudio.TestPlatform.Common.ExtensionFramework.Utilities.TestLoggerPluginInformation TExtension: Microsoft.VisualStudio.TestPlatform.ObjectModel.Client.ITestLogger
TpTrace Verbose: 0 : 11116, 1, 2022/08/12, 12:32:25.985, 1666196128228, vstest.console.dll, TestPluginCache.GetExtensionPaths: Filtered extension paths: 
TpTrace Verbose: 0 : 11116, 1, 2022/08/12, 12:32:25.985, 1666196128598, vstest.console.dll, TestPluginCache.GetExtensionPaths: Added default extension paths: C:\Program Files\dotnet\sdk\6.0.400\Extensions\Microsoft.Diagnostics.NETCore.Client.dll
C:\Program Files\dotnet\sdk\6.0.400\Extensions\Microsoft.TestPlatform.Extensions.BlameDataCollector.dll
C:\Program Files\dotnet\sdk\6.0.400\Extensions\Microsoft.TestPlatform.Extensions.EventLogCollector.dll
C:\Program Files\dotnet\sdk\6.0.400\Extensions\Microsoft.TestPlatform.TestHostRuntimeProvider.dll
C:\Program Files\dotnet\sdk\6.0.400\Extensions\Microsoft.VisualStudio.TestPlatform.Extensions.Html.TestLogger.dll
C:\Program Files\dotnet\sdk\6.0.400\Extensions\Microsoft.VisualStudio.TestPlatform.Extensions.Trx.TestLogger.dll
TpTrace Verbose: 0 : 11116, 1, 2022/08/12, 12:32:25.985, 1666196128914, vstest.console.dll, TestPluginCache.GetExtensionPaths: Added unfilterableExtensionPaths: 
TpTrace Information: 0 : 11116, 1, 2022/08/12, 12:32:25.985, 1666196129963, vstest.console.dll, AssemblyResolver.AddSearchDirectories: Adding more searchDirectories C:\Program Files\dotnet\sdk\6.0.400\Extensions,C:\Program Files\dotnet\sdk\6.0.400
TpTrace Verbose: 0 : 11116, 1, 2022/08/12, 12:32:25.985, 1666196130408, vstest.console.dll, TestPluginCache.DiscoverTestExtensions: Discovering the extensions using extension path.
TpTrace Verbose: 0 : 11116, 1, 2022/08/12, 12:32:25.985, 1666196130790, vstest.console.dll, TestPluginCache.GetExtensionPaths: Filtered extension paths: 
TpTrace Verbose: 0 : 11116, 1, 2022/08/12, 12:32:25.985, 1666196131145, vstest.console.dll, TestPluginCache.GetExtensionPaths: Added default extension paths: C:\Program Files\dotnet\sdk\6.0.400\Extensions\Microsoft.Diagnostics.NETCore.Client.dll
C:\Program Files\dotnet\sdk\6.0.400\Extensions\Microsoft.TestPlatform.Extensions.BlameDataCollector.dll
C:\Program Files\dotnet\sdk\6.0.400\Extensions\Microsoft.TestPlatform.Extensions.EventLogCollector.dll
C:\Program Files\dotnet\sdk\6.0.400\Extensions\Microsoft.TestPlatform.TestHostRuntimeProvider.dll
C:\Program Files\dotnet\sdk\6.0.400\Extensions\Microsoft.VisualStudio.TestPlatform.Extensions.Html.TestLogger.dll
C:\Program Files\dotnet\sdk\6.0.400\Extensions\Microsoft.VisualStudio.TestPlatform.Extensions.Trx.TestLogger.dll
TpTrace Verbose: 0 : 11116, 1, 2022/08/12, 12:32:25.985, 1666196132372, vstest.console.dll, TestPluginCache.GetExtensionPaths: Added unfilterableExtensionPaths: 
TpTrace Verbose: 0 : 11116, 1, 2022/08/12, 12:32:25.985, 1666196133095, vstest.console.dll, TestPluginCache.DiscoverTestExtensions: Discovering the extensions using allExtensionPaths: C:\Program Files\dotnet\sdk\6.0.400\Extensions\Microsoft.Diagnostics.NETCore.Client.dll
C:\Program Files\dotnet\sdk\6.0.400\Extensions\Microsoft.TestPlatform.Extensions.BlameDataCollector.dll
C:\Program Files\dotnet\sdk\6.0.400\Extensions\Microsoft.TestPlatform.Extensions.EventLogCollector.dll
C:\Program Files\dotnet\sdk\6.0.400\Extensions\Microsoft.TestPlatform.TestHostRuntimeProvider.dll
C:\Program Files\dotnet\sdk\6.0.400\Extensions\Microsoft.VisualStudio.TestPlatform.Extensions.Html.TestLogger.dll
C:\Program Files\dotnet\sdk\6.0.400\Extensions\Microsoft.VisualStudio.TestPlatform.Extensions.Trx.TestLogger.dll
TpTrace Information: 0 : 11116, 1, 2022/08/12, 12:32:25.985, 1666196133645, vstest.console.dll, AssemblyResolver.AddSearchDirectories: Adding more searchDirectories C:\Program Files\dotnet\sdk\6.0.400\Extensions,C:\Program Files\dotnet\sdk\6.0.400
TpTrace Information: 0 : 11116, 1, 2022/08/12, 12:32:25.986, 1666196134091, vstest.console.dll, AssemblyResolver.AddSearchDirectories: Adding more searchDirectories C:\Program Files\dotnet\sdk\6.0.400\Extensions,C:\Program Files\dotnet\sdk\6.0.400
TpTrace Information: 0 : 11116, 1, 2022/08/12, 12:32:25.986, 1666196134421, vstest.console.dll, AssemblyResolver.AddSearchDirectories: Adding more searchDirectories C:\Program Files\dotnet\sdk\6.0.400\Extensions,C:\Program Files\dotnet\sdk\6.0.400
TpTrace Information: 0 : 11116, 1, 2022/08/12, 12:32:25.986, 1666196134738, vstest.console.dll, AssemblyResolver.AddSearchDirectories: Adding more searchDirectories C:\Program Files\dotnet\sdk\6.0.400\Extensions,C:\Program Files\dotnet\sdk\6.0.400
TpTrace Information: 0 : 11116, 1, 2022/08/12, 12:32:25.986, 1666196135091, vstest.console.dll, AssemblyResolver.AddSearchDirectories: Adding more searchDirectories C:\Program Files\dotnet\sdk\6.0.400\Extensions,C:\Program Files\dotnet\sdk\6.0.400
TpTrace Information: 0 : 11116, 1, 2022/08/12, 12:32:25.986, 1666196135412, vstest.console.dll, AssemblyResolver.AddSearchDirectories: Adding more searchDirectories C:\Program Files\dotnet\sdk\6.0.400\Extensions,C:\Program Files\dotnet\sdk\6.0.400
TpTrace Verbose: 0 : 11116, 1, 2022/08/12, 12:32:25.986, 1666196136457, vstest.console.dll, MetadataReaderExtensionsHelper: Discovering extensions inside assembly 'Microsoft.Diagnostics.NETCore.Client, Version=0.2.5.801, Culture=neutral, PublicKeyToken=31bf3856ad364e35' file path 'C:\Program Files\dotnet\sdk\6.0.400\Extensions\Microsoft.Diagnostics.NETCore.Client.dll'
TpTrace Information: 0 : 11116, 1, 2022/08/12, 12:32:25.986, 1666196140251, vstest.console.dll, AssemblyResolver.OnResolve: Microsoft.Bcl.AsyncInterfaces: Resolving assembly.
TpTrace Information: 0 : 11116, 1, 2022/08/12, 12:32:25.986, 1666196140691, vstest.console.dll, AssemblyResolver.OnResolve: Microsoft.Bcl.AsyncInterfaces: Resolved from cache.
TpTrace Verbose: 0 : 11116, 1, 2022/08/12, 12:32:25.986, 1666196141036, vstest.console.dll, CurrentDomainAssemblyResolve: Resolving assembly 'Microsoft.Bcl.AsyncInterfaces'.
TpTrace Information: 0 : 11116, 1, 2022/08/12, 12:32:25.986, 1666196141555, vstest.console.dll, AssemblyResolver.OnResolve: Microsoft.Bcl.AsyncInterfaces: Resolving assembly.
TpTrace Information: 0 : 11116, 1, 2022/08/12, 12:32:25.986, 1666196141880, vstest.console.dll, AssemblyResolver.OnResolve: Microsoft.Bcl.AsyncInterfaces: Resolved from cache.
TpTrace Verbose: 0 : 11116, 1, 2022/08/12, 12:32:25.986, 1666196142192, vstest.console.dll, CurrentDomainAssemblyResolve: Resolving assembly 'Microsoft.Bcl.AsyncInterfaces'.
TpTrace Verbose: 0 : 11116, 1, 2022/08/12, 12:32:25.986, 1666196142487, vstest.console.dll, CurrentDomainAssemblyResolve: Failed to resolve assembly 'Microsoft.Bcl.AsyncInterfaces'.
TpTrace Verbose: 0 : 11116, 1, 2022/08/12, 12:32:25.987, 1666196143835, vstest.console.dll, CurrentDomainAssemblyResolve: Failed to resolve assembly 'Microsoft.Bcl.AsyncInterfaces'.
TpTrace Warning: 0 : 11116, 1, 2022/08/12, 12:32:25.987, 1666196146793, vstest.console.dll, TestPluginDiscoverer: Failed to get types from assembly 'Microsoft.Diagnostics.NETCore.Client, Version=0.2.5.801, Culture=neutral, PublicKeyToken=31bf3856ad364e35'. Error: System.Reflection.ReflectionTypeLoadException: Unable to load one or more of the requested types.
Could not load file or assembly 'Microsoft.Bcl.AsyncInterfaces, Version=1.0.0.0, Culture=neutral, PublicKeyToken=cc7b13ffcd2ddd51'. The system cannot find the file specified.
   at System.Reflection.RuntimeModule.GetTypes(RuntimeModule module)
   at System.Reflection.Assembly.GetTypes()
   at Microsoft.VisualStudio.TestPlatform.Common.ExtensionFramework.TestPluginDiscoverer.GetTestExtensionsFromAssembly[TPluginInfo,TExtension](Assembly assembly, Dictionary`2 pluginInfos, String filePath)
System.IO.FileNotFoundException: Could not load file or assembly 'Microsoft.Bcl.AsyncInterfaces, Version=1.0.0.0, Culture=neutral, PublicKeyToken=cc7b13ffcd2ddd51'. The system cannot find the file specified.
File name: 'Microsoft.Bcl.AsyncInterfaces, Version=1.0.0.0, Culture=neutral, PublicKeyToken=cc7b13ffcd2ddd51'
 ---> System.IO.FileNotFoundException: Could not load file or assembly 'Microsoft.Bcl.AsyncInterfaces, Culture=neutral, PublicKeyToken=null'. The system cannot find the file specified.
File name: 'Microsoft.Bcl.AsyncInterfaces, Culture=neutral, PublicKeyToken=null'
   at System.Reflection.RuntimeAssembly.InternalLoad(ObjectHandleOnStack assemblyName, ObjectHandleOnStack requestingAssembly, StackCrawlMarkHandle stackMark, Boolean throwOnFileNotFound, ObjectHandleOnStack assemblyLoadContext, ObjectHandleOnStack retAssembly)
   at System.Reflection.RuntimeAssembly.InternalLoad(AssemblyName assemblyName, RuntimeAssembly requestingAssembly, StackCrawlMark& stackMark, Boolean throwOnFileNotFound, AssemblyLoadContext assemblyLoadContext)
   at System.Reflection.Assembly.Load(AssemblyName assemblyRef)
   at Microsoft.VisualStudio.TestPlatform.Common.ExtensionFramework.TestPluginCache.CurrentDomainAssemblyResolve(Object sender, AssemblyResolveEventArgs args)
   at Microsoft.VisualStudio.TestPlatform.PlatformAbstractions.PlatformAssemblyResolver.AssemblyResolverEvent(Object sender, Object eventArgs)
   at System.Runtime.Loader.AssemblyLoadContext.GetFirstResolvedAssemblyFromResolvingEvent(AssemblyName assemblyName)
   at System.Runtime.Loader.AssemblyLoadContext.ResolveUsingEvent(AssemblyName assemblyName)
   at System.Runtime.Loader.AssemblyLoadContext.ResolveUsingResolvingEvent(IntPtr gchManagedAssemblyLoadContext, AssemblyName assemblyName)
TpTrace Warning: 0 : 11116, 1, 2022/08/12, 12:32:25.987, 1666196148475, vstest.console.dll, LoaderExceptions: System.IO.FileNotFoundException: Could not load file or assembly 'Microsoft.Bcl.AsyncInterfaces, Version=1.0.0.0, Culture=neutral, PublicKeyToken=cc7b13ffcd2ddd51'. The system cannot find the file specified.
File name: 'Microsoft.Bcl.AsyncInterfaces, Version=1.0.0.0, Culture=neutral, PublicKeyToken=cc7b13ffcd2ddd51'
 ---> System.IO.FileNotFoundException: Could not load file or assembly 'Microsoft.Bcl.AsyncInterfaces, Culture=neutral, PublicKeyToken=null'. The system cannot find the file specified.
File name: 'Microsoft.Bcl.AsyncInterfaces, Culture=neutral, PublicKeyToken=null'
   at System.Reflection.RuntimeAssembly.InternalLoad(ObjectHandleOnStack assemblyName, ObjectHandleOnStack requestingAssembly, StackCrawlMarkHandle stackMark, Boolean throwOnFileNotFound, ObjectHandleOnStack assemblyLoadContext, ObjectHandleOnStack retAssembly)
   at System.Reflection.RuntimeAssembly.InternalLoad(AssemblyName assemblyName, RuntimeAssembly requestingAssembly, StackCrawlMark& stackMark, Boolean throwOnFileNotFound, AssemblyLoadContext assemblyLoadContext)
   at System.Reflection.Assembly.Load(AssemblyName assemblyRef)
   at Microsoft.VisualStudio.TestPlatform.Common.ExtensionFramework.TestPluginCache.CurrentDomainAssemblyResolve(Object sender, AssemblyResolveEventArgs args)
   at Microsoft.VisualStudio.TestPlatform.PlatformAbstractions.PlatformAssemblyResolver.AssemblyResolverEvent(Object sender, Object eventArgs)
   at System.Runtime.Loader.AssemblyLoadContext.GetFirstResolvedAssemblyFromResolvingEvent(AssemblyName assemblyName)
   at System.Runtime.Loader.AssemblyLoadContext.ResolveUsingEvent(AssemblyName assemblyName)
   at System.Runtime.Loader.AssemblyLoadContext.ResolveUsingResolvingEvent(IntPtr gchManagedAssemblyLoadContext, AssemblyName assemblyName)
TpTrace Verbose: 0 : 11116, 1, 2022/08/12, 12:32:25.987, 1666196149282, vstest.console.dll, MetadataReaderExtensionsHelper: Discovering extensions inside assembly 'Microsoft.TestPlatform.Extensions.BlameDataCollector, Version=15.0.0.0, Culture=neutral, PublicKeyToken=b03f5f7f11d50a3a' file path 'C:\Program Files\dotnet\sdk\6.0.400\Extensions\Microsoft.TestPlatform.Extensions.BlameDataCollector.dll'
TpTrace Information: 0 : 11116, 1, 2022/08/12, 12:32:25.987, 1666196153054, vstest.console.dll, GetTestExtensionFromType: Register extension with identifier data 'logger://Microsoft/TestPlatform/Extensions/Blame/v1' and type 'Microsoft.TestPlatform.Extensions.BlameDataCollector.BlameLogger, Microsoft.TestPlatform.Extensions.BlameDataCollector, Version=15.0.0.0, Culture=neutral, PublicKeyToken=b03f5f7f11d50a3a' inside file 'C:\Program Files\dotnet\sdk\6.0.400\Extensions\Microsoft.TestPlatform.Extensions.BlameDataCollector.dll'
TpTrace Verbose: 0 : 11116, 1, 2022/08/12, 12:32:25.987, 1666196153647, vstest.console.dll, MetadataReaderExtensionsHelper: Discovering extensions inside assembly 'Microsoft.TestPlatform.Extensions.EventLogCollector, Version=15.0.0.0, Culture=neutral, PublicKeyToken=b03f5f7f11d50a3a' file path 'C:\Program Files\dotnet\sdk\6.0.400\Extensions\Microsoft.TestPlatform.Extensions.EventLogCollector.dll'
TpTrace Verbose: 0 : 11116, 1, 2022/08/12, 12:32:25.988, 1666196157791, vstest.console.dll, MetadataReaderExtensionsHelper: Discovering extensions inside assembly 'Microsoft.TestPlatform.TestHostRuntimeProvider, Version=15.0.0.0, Culture=neutral, PublicKeyToken=b03f5f7f11d50a3a' file path 'C:\Program Files\dotnet\sdk\6.0.400\Extensions\Microsoft.TestPlatform.TestHostRuntimeProvider.dll'
TpTrace Verbose: 0 : 11116, 1, 2022/08/12, 12:32:25.988, 1666196160364, vstest.console.dll, MetadataReaderExtensionsHelper: Discovering extensions inside assembly 'Microsoft.VisualStudio.TestPlatform.Extensions.Html.TestLogger, Version=15.0.0.0, Culture=neutral, PublicKeyToken=b03f5f7f11d50a3a' file path 'C:\Program Files\dotnet\sdk\6.0.400\Extensions\Microsoft.VisualStudio.TestPlatform.Extensions.Html.TestLogger.dll'
TpTrace Information: 0 : 11116, 1, 2022/08/12, 12:32:25.988, 1666196163337, vstest.console.dll, GetTestExtensionFromType: Register extension with identifier data 'logger://Microsoft/TestPlatform/HtmlLogger/v1' and type 'Microsoft.VisualStudio.TestPlatform.Extensions.HtmlLogger.HtmlLogger, Microsoft.VisualStudio.TestPlatform.Extensions.Html.TestLogger, Version=15.0.0.0, Culture=neutral, PublicKeyToken=b03f5f7f11d50a3a' inside file 'C:\Program Files\dotnet\sdk\6.0.400\Extensions\Microsoft.VisualStudio.TestPlatform.Extensions.Html.TestLogger.dll'
TpTrace Verbose: 0 : 11116, 1, 2022/08/12, 12:32:25.989, 1666196163969, vstest.console.dll, MetadataReaderExtensionsHelper: Discovering extensions inside assembly 'Microsoft.VisualStudio.TestPlatform.Extensions.Trx.TestLogger, Version=15.0.0.0, Culture=neutral, PublicKeyToken=b03f5f7f11d50a3a' file path 'C:\Program Files\dotnet\sdk\6.0.400\Extensions\Microsoft.VisualStudio.TestPlatform.Extensions.Trx.TestLogger.dll'
TpTrace Information: 0 : 11116, 1, 2022/08/12, 12:32:25.989, 1666196166973, vstest.console.dll, GetTestExtensionFromType: Register extension with identifier data 'logger://Microsoft/TestPlatform/TrxLogger/v1' and type 'Microsoft.VisualStudio.TestPlatform.Extensions.TrxLogger.TrxLogger, Microsoft.VisualStudio.TestPlatform.Extensions.Trx.TestLogger, Version=15.0.0.0, Culture=neutral, PublicKeyToken=b03f5f7f11d50a3a' inside file 'C:\Program Files\dotnet\sdk\6.0.400\Extensions\Microsoft.VisualStudio.TestPlatform.Extensions.Trx.TestLogger.dll'
TpTrace Verbose: 0 : 11116, 1, 2022/08/12, 12:32:25.989, 1666196167614, vstest.console.dll, TestPluginCache: Discovered the extensions using extension path ''.
TpTrace Verbose: 0 : 11116, 1, 2022/08/12, 12:32:25.989, 1666196167968, vstest.console.dll, TestPluginCache: Discoverers are ''.
TpTrace Verbose: 0 : 11116, 1, 2022/08/12, 12:32:25.989, 1666196168262, vstest.console.dll, TestPluginCache: Executors are ''.
TpTrace Verbose: 0 : 11116, 1, 2022/08/12, 12:32:25.989, 1666196168537, vstest.console.dll, TestPluginCache: Executors2 are ''.
TpTrace Verbose: 0 : 11116, 1, 2022/08/12, 12:32:25.989, 1666196168809, vstest.console.dll, TestPluginCache: Setting providers are ''.
TpTrace Verbose: 0 : 11116, 1, 2022/08/12, 12:32:25.989, 1666196169468, vstest.console.dll, TestPluginCache: Loggers are 'logger://Microsoft/TestPlatform/Extensions/Blame/v1,logger://Microsoft/TestPlatform/HtmlLogger/v1,logger://Microsoft/TestPlatform/TrxLogger/v1'.
TpTrace Verbose: 0 : 11116, 1, 2022/08/12, 12:32:25.989, 1666196169936, vstest.console.dll, TestPluginCache: TestHosts are 'HostProvider://DefaultTestHost,HostProvider://DotnetTestHost'.
TpTrace Verbose: 0 : 11116, 1, 2022/08/12, 12:32:25.989, 1666196170247, vstest.console.dll, TestPluginCache: DataCollectors are ''.
TpTrace Information: 0 : 11116, 1, 2022/08/12, 12:32:25.990, 1666196177340, vstest.console.dll, TestPluginManager.CreateTestExtension: Attempting to load test extension: Microsoft.TestPlatform.Extensions.BlameDataCollector.BlameLogger
TpTrace Verbose: 0 : 11116, 1, 2022/08/12, 12:32:25.994, 1666196217749, vstest.console.dll, TestEngine: Initializing Parallel Execution as MaxCpuCount is set to: 1
TpTrace Information: 0 : 11116, 1, 2022/08/12, 12:32:25.995, 1666196229059, vstest.console.dll, TestPluginManager.CreateTestExtension: Attempting to load test extension: Microsoft.VisualStudio.TestPlatform.CrossPlatEngine.Hosting.DefaultTestHostManager
TpTrace Information: 0 : 11116, 1, 2022/08/12, 12:32:25.996, 1666196236791, vstest.console.dll, TestPluginManager.CreateTestExtension: Attempting to load test extension: Microsoft.VisualStudio.TestPlatform.CrossPlatEngine.Hosting.DotnetTestHostManager
TpTrace Information: 0 : 11116, 1, 2022/08/12, 12:32:25.996, 1666196241320, vstest.console.dll, InferRunSettingsHelper.IsTestSettingsEnabled: Unable to navigate to RunSettings/MSTest. Current node: RunSettings
TpTrace Verbose: 0 : 11116, 1, 2022/08/12, 12:32:26.000, 1666196282722, vstest.console.dll, TestEngine.GetExecutionManager: Chosen execution manager 'Microsoft.VisualStudio.TestPlatform.CrossPlatEngine.Client.Parallel.ParallelProxyExecutionManager, Microsoft.TestPlatform.CrossPlatEngine, Version=15.0.0.0, Culture=neutral, PublicKeyToken=b03f5f7f11d50a3a' ParallelLevel '1'.
TpTrace Verbose: 0 : 11116, 1, 2022/08/12, 12:32:26.001, 1666196283846, vstest.console.dll, TestRunRequest.ExecuteAsync: Creating test run request.
TpTrace Verbose: 0 : 11116, 1, 2022/08/12, 12:32:26.001, 1666196285707, vstest.console.dll, TestRunRequest.ExecuteAsync: Starting.
TpTrace Information: 0 : 11116, 1, 2022/08/12, 12:32:26.001, 1666196288330, vstest.console.dll, TestRunRequest.ExecuteAsync: Starting run with settings:TestRunCriteria:
   KeepAlive=False,FrequencyOfRunStatsChangeEvent=10,RunStatsChangeEventTimeout=00:00:01.5000000,TestCaseFilter=,TestExecutorLauncher=
   Settingsxml=<RunSettings>
  <RunConfiguration>
    <ResultsDirectory>C:\Users\bojid\source\repos\CSharp-OOP\UnitTesting\Database.Tests\bin\Debug\netcoreapp3.1\fine-code-coverage\coverage-tool-output</ResultsDirectory>
    <TargetPlatform>X64</TargetPlatform>
    <TargetFrameworkVersion>.NETCoreApp,Version=v3.1</TargetFrameworkVersion>
    <DesignMode>False</DesignMode>
    <CollectSourceInformation>False</CollectSourceInformation>
  </RunConfiguration>
  <LoggerRunSettings>
    <Loggers>
      <Logger friendlyName="blame" enabled="True" />
      <Logger friendlyName="Console" uri="logger://microsoft/TestPlatform/ConsoleLogger/v1" assemblyQualifiedName="Microsoft.VisualStudio.TestPlatform.CommandLine.Internal.ConsoleLogger, vstest.console, Version=15.0.0.0, Culture=neutral, PublicKeyToken=b03f5f7f11d50a3a" codeBase="C:\Program Files\dotnet\sdk\6.0.400\vstest.console.dll" enabled="True" />
    </Loggers>
  </LoggerRunSettings>
  <DataCollectionRunSettings>
    <DataCollectors>
      <DataCollector friendlyName="blame" enabled="True">
        <Configuration>
          <ResultsDirectory>C:\Users\bojid\source\repos\CSharp-OOP\UnitTesting\Database.Tests\bin\Debug\netcoreapp3.1\fine-code-coverage\coverage-tool-output</ResultsDirectory>
        </Configuration>
      </DataCollector>
    </DataCollectors>
  </DataCollectionRunSettings>
</RunSettings>

TpTrace Verbose: 0 : 11116, 1, 2022/08/12, 12:32:26.001, 1666196288895, vstest.console.dll, TestRunRequest.ExecuteAsync: Wait for the first run request is over.
TpTrace Verbose: 0 : 11116, 1, 2022/08/12, 12:32:26.001, 1666196291030, vstest.console.dll, MulticastDelegateUtilities.SafeInvoke: TestRun.TestRunStart: Invoking callbacks was skipped because there are no subscribers.
TpTrace Verbose: 0 : 11116, 4, 2022/08/12, 12:32:26.001, 1666196293412, vstest.console.dll, MulticastDelegateUtilities.SafeInvoke: InternalTestLoggerEvents.SendTestRunStart: Invoking callback 1/1 for Microsoft.VisualStudio.TestPlatform.CommandLine.Internal.ConsoleLogger.TestRunStartHandler, took 0 ms.
TpTrace Verbose: 0 : 11116, 1, 2022/08/12, 12:32:26.002, 1666196298895, vstest.console.dll, ParallelProxyExecutionManager: Start execution. Total sources: 1
TpTrace Verbose: 0 : 11116, 1, 2022/08/12, 12:32:26.003, 1666196310443, vstest.console.dll, TestRequestSender is acting as server.
TpTrace Verbose: 0 : 11116, 1, 2022/08/12, 12:32:26.004, 1666196320353, vstest.console.dll, DataCollectionRequestSender.InitializeCommunication : Initialize communication. 
TpTrace Information: 0 : 11116, 1, 2022/08/12, 12:32:26.009, 1666196368412, vstest.console.dll, Listening on Endpoint : 127.0.0.1:55726
TpTrace Verbose: 0 : 11116, 1, 2022/08/12, 12:32:26.015, 1666196426626, vstest.console.dll, DotnetDataCollectionLauncher: Adding  --runtimeconfig "C:\Program Files\dotnet\sdk\6.0.400\datacollector.runtimeconfig.json" in args
TpTrace Verbose: 0 : 11116, 1, 2022/08/12, 12:32:26.015, 1666196427640, vstest.console.dll, DotnetDataCollectionLauncher: Adding  --depsfile "C:\Program Files\dotnet\sdk\6.0.400\datacollector.deps.json" in args
TpTrace Verbose: 0 : 11116, 1, 2022/08/12, 12:32:26.015, 1666196429654, vstest.console.dll, DotnetDataCollectionLauncher: Full path of dotnet.exe is C:\Program Files\dotnet\dotnet.exe
TpTrace Information: 0 : 11116, 1, 2022/08/12, 12:32:26.025, 1666196526750, vstest.console.dll, ProxyDataCollectionManager.Initialize: Launched datacollector processId: 32080 port: 55726
TpTrace Information: 0 : 11116, 1, 2022/08/12, 12:32:26.025, 1666196527975, vstest.console.dll, ProxyDataCollectionManager.Initialize: waiting for connection with timeout: 90 seconds
TpTrace Verbose: 0 : 11116, 1, 2022/08/12, 12:32:26.025, 1666196528649, vstest.console.dll, DataCollectionRequestSender.WaitForRequestHandlerConnection : Waiting for connection with timeout: 90000
TpTrace Information: 0 : 11116, 5, 2022/08/12, 12:32:26.135, 1666197633679, vstest.console.dll, Using the buffer size of 16384 bytes
TpTrace Information: 0 : 11116, 5, 2022/08/12, 12:32:26.136, 1666197634674, vstest.console.dll, Accepted Client request and set the flag
TpTrace Verbose: 0 : 11116, 1, 2022/08/12, 12:32:26.136, 1666197634099, vstest.console.dll, SocketCommunicationManager.WaitForClientConnection took: 110 ms, with 90000 ms timeout, and finished with True.
TpTrace Verbose: 0 : 11116, 1, 2022/08/12, 12:32:26.136, 1666197636138, vstest.console.dll, ProxyDataCollectionManager.InvokeDataCollectionServiceAction: Starting.
TpTrace Information: 0 : 11116, 1, 2022/08/12, 12:32:26.136, 1666197636853, vstest.console.dll, ProxyDataCollectionManager.BeforeTestRunStart: Get environment variable and port for datacollector processId: 32080 port: 55726
TpTrace Verbose: 0 : 11116, 1, 2022/08/12, 12:32:26.136, 1666197637760, vstest.console.dll, DataCollectionRequestSender.SendBeforeTestRunStartAndGetResult: Send BeforeTestRunStart message with settingsXml <RunSettings><RunConfiguration><ResultsDirectory>C:\Users\bojid\source\repos\CSharp-OOP\UnitTesting\Database.Tests\bin\Debug\netcoreapp3.1\fine-code-coverage\coverage-tool-output</ResultsDirectory><TargetPlatform>X64</TargetPlatform><TargetFrameworkVersion>.NETCoreApp,Version=v3.1</TargetFrameworkVersion><DesignMode>False</DesignMode><CollectSourceInformation>False</CollectSourceInformation><TestAdaptersPaths>C:\Program Files\dotnet\sdk\6.0.400\Extensions</TestAdaptersPaths></RunConfiguration><LoggerRunSettings><Loggers><Logger friendlyName="blame" enabled="True" /><Logger friendlyName="Console" uri="logger://microsoft/TestPlatform/ConsoleLogger/v1" assemblyQualifiedName="Microsoft.VisualStudio.TestPlatform.CommandLine.Internal.ConsoleLogger, vstest.console, Version=15.0.0.0, Culture=neutral, PublicKeyToken=b03f5f7f11d50a3a" codeBase="C:\Program Files\dotnet\sdk\6.0.400\vstest.console.dll" enabled="True" /></Loggers></LoggerRunSettings><DataCollectionRunSettings><DataCollectors><DataCollector friendlyName="blame" enabled="True"><Configuration><ResultsDirectory>C:\Users\bojid\source\repos\CSharp-OOP\UnitTesting\Database.Tests\bin\Debug\netcoreapp3.1\fine-code-coverage\coverage-tool-output</ResultsDirectory></Configuration></DataCollector></DataCollectors></DataCollectionRunSettings></RunSettings> and sources System.Collections.Generic.List`1[System.String]: 
TpTrace Verbose: 0 : 11116, 1, 2022/08/12, 12:32:26.188, 1666198159372, vstest.console.dll, DataCollectionRequestSender.SendBeforeTestRunStartAndGetResult: Received message: (DataCollection.SendMessage) -> {"MessageType":"DataCollection.SendMessage","Payload":{"FriendlyName":null,"Uri":null,"TestCaseId":"00000000-0000-0000-0000-000000000000","Message":"Logging DataCollector Diagnostics in file: C:\\Users\\bojid\\source\\repos\\CSharp-OOP\\UnitTesting\\Database.Tests\\bin\\Debug\\netcoreapp3.1\\fine-code-coverage\\coverage-tool-output\\diagnostics.datacollector.22-08-12_12-32-26_01510_1.log","Level":0}}
TpTrace Verbose: 0 : 11116, 1, 2022/08/12, 12:32:26.256, 1666198834070, vstest.console.dll, DataCollectionRequestSender.SendBeforeTestRunStartAndGetResult: Received message: (DataCollection.BeforeTestRunStartResult) -> {"MessageType":"DataCollection.BeforeTestRunStartResult","Payload":{"EnvironmentVariables":{},"DataCollectionEventsPort":55729}}
TpTrace Information: 0 : 11116, 1, 2022/08/12, 12:32:26.260, 1666198877466, vstest.console.dll, ProxyDataCollectionManager.BeforeTestRunStart: SendBeforeTestRunStartAndGetResult successful, env variable from datacollector:   and testhost port: 55729
TpTrace Information: 0 : 11116, 1, 2022/08/12, 12:32:26.260, 1666198878457, vstest.console.dll, ProxyDataCollectionManager.InvokeDataCollectionServiceAction: Completed.
TpTrace Verbose: 0 : 11116, 1, 2022/08/12, 12:32:26.260, 1666198879827, vstest.console.dll, ProxyParallelExecutionManager: No sources available for execution.
TpTrace Information: 0 : 11116, 1, 2022/08/12, 12:32:26.260, 1666198880397, vstest.console.dll, TestRunRequest.ExecuteAsync: Started.
TpTrace Verbose: 0 : 11116, 7, 2022/08/12, 12:32:26.260, 1666198879951, vstest.console.dll, ParallelProxyExecutionManager: Execution started. Started clients: 1
TpTrace Verbose: 0 : 11116, 1, 2022/08/12, 12:32:26.260, 1666198881680, vstest.console.dll, TestRunRequest.WaitForCompletion: Waiting with timeout -1.
TpTrace Verbose: 0 : 11116, 7, 2022/08/12, 12:32:26.260, 1666198883188, vstest.console.dll, TestRunRequest:SendTestRunMessage: Starting.
TpTrace Verbose: 0 : 11116, 7, 2022/08/12, 12:32:26.261, 1666198884593, vstest.console.dll, MulticastDelegateUtilities.SafeInvoke: TestRun.LogMessages: Invoking callback 1/1 for Microsoft.VisualStudio.TestPlatform.CommandLine.TestRunResultAggregator.TestRunMessageHandler, took 0 ms.
TpTrace Information: 0 : 11116, 7, 2022/08/12, 12:32:26.261, 1666198885091, vstest.console.dll, TestRunRequest:SendTestRunMessage: Completed.
TpTrace Verbose: 0 : 11116, 4, 2022/08/12, 12:32:26.261, 1666198884599, vstest.console.dll, MulticastDelegateUtilities.SafeInvoke: InternalTestLoggerEvents.SendTestRunMessage: Invoking callback 1/1 for Microsoft.VisualStudio.TestPlatform.CommandLine.Internal.ConsoleLogger.TestMessageHandler, took 0 ms.
TpTrace Verbose: 0 : 11116, 7, 2022/08/12, 12:32:26.261, 1666198886968, vstest.console.dll, ProxyExecutionManager: Test host is always Lazy initialize.
TpTrace Verbose: 0 : 11116, 7, 2022/08/12, 12:32:26.261, 1666198888763, vstest.console.dll, TestRequestSender.InitializeCommunication: initialize communication. 
TpTrace Information: 0 : 11116, 7, 2022/08/12, 12:32:26.261, 1666198893112, vstest.console.dll, SocketServer.Start: Listening on endpoint : 127.0.0.1:55730
TpTrace Verbose: 0 : 11116, 7, 2022/08/12, 12:32:26.262, 1666198898046, vstest.console.dll, DotnetTestHostmanager.GetTestHostProcessStartInfo: Platform environment 'X64' target architecture 'X64' framework '.NETCoreApp,Version=v3.1' OS 'Windows'
TpTrace Verbose: 0 : 11116, 7, 2022/08/12, 12:32:26.262, 1666198899664, vstest.console.dll, DotnetTestHostmanager: Adding  --runtimeconfig "C:\Users\bojid\source\repos\CSharp-OOP\UnitTesting\Database.Tests\bin\Debug\netcoreapp3.1\fine-code-coverage\build-output\Database.Tests.runtimeconfig.json" in args
TpTrace Verbose: 0 : 11116, 7, 2022/08/12, 12:32:26.262, 1666198900563, vstest.console.dll, DotnetTestHostmanager: Adding  --depsfile "C:\Users\bojid\source\repos\CSharp-OOP\UnitTesting\Database.Tests\bin\Debug\netcoreapp3.1\fine-code-coverage\build-output\Database.Tests.deps.json" in args
TpTrace Verbose: 0 : 11116, 7, 2022/08/12, 12:32:26.262, 1666198901882, vstest.console.dll, DotnetTestHostmanager.IsWinOnArm: Current PROCESSOR_ARCHITECTURE from environment variable 'AMD64'
TpTrace Verbose: 0 : 11116, 7, 2022/08/12, 12:32:26.262, 1666198902407, vstest.console.dll, DotnetTestHostmanager.IsWinOnArm: Is Windows on ARM 'False'
TpTrace Verbose: 0 : 11116, 7, 2022/08/12, 12:32:26.262, 1666198903549, vstest.console.dll, DotnetTestHostManager: testhost.exe found at path: C:\Users\bojid\source\repos\CSharp-OOP\UnitTesting\Database.Tests\bin\Debug\netcoreapp3.1\fine-code-coverage\build-output\testhost.exe
TpTrace Verbose: 0 : 11116, 7, 2022/08/12, 12:32:26.263, 1666198904026, vstest.console.dll, DotnetTestHostmanager: Full path of host exe is C:\Users\bojid\source\repos\CSharp-OOP\UnitTesting\Database.Tests\bin\Debug\netcoreapp3.1\fine-code-coverage\build-output\testhost.exe
TpTrace Verbose: 0 : 11116, 7, 2022/08/12, 12:32:26.263, 1666198905023, vstest.console.dll, DotnetTestHostmanager.LaunchTestHostAsync: Found 'VSTEST_WINAPPHOST_DOTNET_ROOT' in env variables, value 'C:\Program Files\dotnet', forwarding to 'DOTNET_ROOT'
TpTrace Verbose: 0 : 11116, 7, 2022/08/12, 12:32:26.263, 1666198906256, vstest.console.dll, DotnetTestHostManager: Starting process 'C:\Users\bojid\source\repos\CSharp-OOP\UnitTesting\Database.Tests\bin\Debug\netcoreapp3.1\fine-code-coverage\build-output\testhost.exe' with command line ' --runtimeconfig "C:\Users\bojid\source\repos\CSharp-OOP\UnitTesting\Database.Tests\bin\Debug\netcoreapp3.1\fine-code-coverage\build-output\Database.Tests.runtimeconfig.json" --depsfile "C:\Users\bojid\source\repos\CSharp-OOP\UnitTesting\Database.Tests\bin\Debug\netcoreapp3.1\fine-code-coverage\build-output\Database.Tests.deps.json" --port 55730 --endpoint 127.0.0.1:055730 --role client --parentprocessid 11116 --diag "C:\Users\bojid\source\repos\CSharp-OOP\UnitTesting\Database.Tests\bin\Debug\netcoreapp3.1\fine-code-coverage\coverage-tool-output\diagnostics.host.22-08-12_12-32-26_26220_7.log" --tracelevel 4 --datacollectionport 55729 --telemetryoptedin false'
TpTrace Verbose: 0 : 11116, 7, 2022/08/12, 12:32:26.272, 1666198997431, vstest.console.dll, MulticastDelegateUtilities.SafeInvoke: HostProviderEvents.OnHostLaunched: Invoking callback 1/2 for Microsoft.VisualStudio.TestPlatform.CrossPlatEngine.Client.ProxyExecutionManagerWithDataCollection.TestHostLaunchedHandler, took 0 ms.
TpTrace Verbose: 0 : 11116, 7, 2022/08/12, 12:32:26.272, 1666198998598, vstest.console.dll, Test Runtime launched
TpTrace Verbose: 0 : 11116, 7, 2022/08/12, 12:32:26.272, 1666198999134, vstest.console.dll, MulticastDelegateUtilities.SafeInvoke: HostProviderEvents.OnHostLaunched: Invoking callback 2/2 for Microsoft.VisualStudio.TestPlatform.CrossPlatEngine.Client.ProxyOperationManager.TestHostManagerHostLaunched, took 0 ms.
TpTrace Verbose: 0 : 11116, 7, 2022/08/12, 12:32:26.272, 1666199000227, vstest.console.dll, TestRequestSender.WaitForRequestHandlerConnection: waiting for connection with timeout: 90000.
TpTrace Verbose: 0 : 11116, 13, 2022/08/12, 12:32:26.433, 1666200606959, vstest.console.dll, MulticastDelegateUtilities.SafeInvoke: SocketServer: ClientConnected: Invoking callback 1/1 for Microsoft.VisualStudio.TestPlatform.CommunicationUtilities.TestRequestSender.<InitializeCommunication>b__24_0, took 0 ms.
TpTrace Verbose: 0 : 11116, 13, 2022/08/12, 12:32:26.433, 1666200607976, vstest.console.dll, SocketServer.OnClientConnected: Client connected for endPoint: 127.0.0.1:55730, starting MessageLoopAsync:
TpTrace Verbose: 0 : 11116, 7, 2022/08/12, 12:32:26.433, 1666200607252, vstest.console.dll, TestRequestSender.WaitForRequestHandlerConnection: waiting took 160 ms, with timeout 90000 ms, and result 0, which is success.
TpTrace Verbose: 0 : 11116, 13, 2022/08/12, 12:32:26.433, 1666200611040, vstest.console.dll, TcpClientExtensions.MessageLoopAsync: Polling on remoteEndPoint: 127.0.0.1:55731 localEndPoint: 127.0.0.1:55730
TpTrace Verbose: 0 : 11116, 7, 2022/08/12, 12:32:26.434, 1666200615119, vstest.console.dll, TestRequestSender.CheckVersionWithTestHost: Sending check version message: {"MessageType":"ProtocolVersion","Payload":7}
TpTrace Verbose: 0 : 11116, 13, 2022/08/12, 12:32:26.553, 1666201804843, vstest.console.dll, TcpClientExtensions.MessageLoopAsync: NotifyDataAvailable remoteEndPoint: 127.0.0.1:55731 localEndPoint: 127.0.0.1:55730
TpTrace Verbose: 0 : 11116, 13, 2022/08/12, 12:32:26.553, 1666201806889, vstest.console.dll, TestRequestSender.CheckVersionWithTestHost: onMessageReceived received message: (ProtocolVersion) -> {"MessageType":"ProtocolVersion","Payload":5}
TpTrace Verbose: 0 : 11116, 13, 2022/08/12, 12:32:26.553, 1666201811854, vstest.console.dll, MulticastDelegateUtilities.SafeInvoke: LengthPrefixCommunicationChannel: MessageReceived: Invoking callback 1/1 for Microsoft.VisualStudio.TestPlatform.CommunicationUtilities.TestRequestSender+<>c__DisplayClass26_0.<CheckVersionWithTestHost>b__0, took 0 ms.
TpTrace Verbose: 0 : 11116, 13, 2022/08/12, 12:32:26.553, 1666201812519, vstest.console.dll, TcpClientExtensions.MessageLoopAsync: Polling on remoteEndPoint: 127.0.0.1:55731 localEndPoint: 127.0.0.1:55730
TpTrace Verbose: 0 : 11116, 7, 2022/08/12, 12:32:26.553, 1666201812626, vstest.console.dll, TestPluginCache.GetExtensionPaths: Filtered extension paths: 
TpTrace Verbose: 0 : 11116, 7, 2022/08/12, 12:32:26.553, 1666201813474, vstest.console.dll, TestPluginCache.GetExtensionPaths: Added default extension paths: C:\Program Files\dotnet\sdk\6.0.400\Extensions\Microsoft.Diagnostics.NETCore.Client.dll
C:\Program Files\dotnet\sdk\6.0.400\Extensions\Microsoft.TestPlatform.Extensions.BlameDataCollector.dll
C:\Program Files\dotnet\sdk\6.0.400\Extensions\Microsoft.TestPlatform.Extensions.EventLogCollector.dll
C:\Program Files\dotnet\sdk\6.0.400\Extensions\Microsoft.TestPlatform.TestHostRuntimeProvider.dll
C:\Program Files\dotnet\sdk\6.0.400\Extensions\Microsoft.VisualStudio.TestPlatform.Extensions.Html.TestLogger.dll
C:\Program Files\dotnet\sdk\6.0.400\Extensions\Microsoft.VisualStudio.TestPlatform.Extensions.Trx.TestLogger.dll
TpTrace Verbose: 0 : 11116, 7, 2022/08/12, 12:32:26.554, 1666201813896, vstest.console.dll, TestPluginCache.GetExtensionPaths: Added unfilterableExtensionPaths: 
TpTrace Verbose: 0 : 11116, 7, 2022/08/12, 12:32:26.556, 1666201837303, vstest.console.dll, TestRequestSender.InitializeExecution: Sending initialize execution with message: {"Version":5,"MessageType":"TestExecution.Initialize","Payload":["C:\\Users\\bojid\\source\\repos\\CSharp-OOP\\UnitTesting\\Database.Tests\\bin\\Debug\\netcoreapp3.1\\fine-code-coverage\\build-output\\NUnit3.TestAdapter.dll"]}
TpTrace Warning: 0 : 11116, 7, 2022/08/12, 12:32:26.556, 1666201841190, vstest.console.dll, InferRunSettingsHelper.MakeRunsettingsCompatible: Removing the following settings: TargetPlatform from RunSettings file. To use those settings please move to latest version of Microsoft.NET.Test.Sdk
TpTrace Verbose: 0 : 11116, 13, 2022/08/12, 12:32:26.561, 1666201892849, vstest.console.dll, TcpClientExtensions.MessageLoopAsync: NotifyDataAvailable remoteEndPoint: 127.0.0.1:55731 localEndPoint: 127.0.0.1:55730
TpTrace Verbose: 0 : 11116, 13, 2022/08/12, 12:32:26.562, 1666201894153, vstest.console.dll, TestRequestSender.OnExecutionMessageReceived: Received message: {"Version":5,"MessageType":"TestSession.Message","Payload":{"MessageLevel":0,"Message":"Logging TestHost Diagnostics in file: C:\\Users\\bojid\\source\\repos\\CSharp-OOP\\UnitTesting\\Database.Tests\\bin\\Debug\\netcoreapp3.1\\fine-code-coverage\\coverage-tool-output\\diagnostics.host.22-08-12_12-32-26_26220_7.log"}}
TpTrace Verbose: 0 : 11116, 7, 2022/08/12, 12:32:26.562, 1666201900344, vstest.console.dll, TestRequestSender.StartTestRun: Sending test run with message: {"Version":5,"MessageType":"TestExecution.StartWithSources","Payload":{"AdapterSourceMap":{"_none_":["C:\\Users\\bojid\\source\\repos\\CSharp-OOP\\UnitTesting\\Database.Tests\\bin\\Debug\\netcoreapp3.1\\fine-code-coverage\\build-output\\Database.Tests.dll"]},"RunSettings":"<RunSettings>\r\n  <RunConfiguration>\r\n    <ResultsDirectory>C:\\Users\\bojid\\source\\repos\\CSharp-OOP\\UnitTesting\\Database.Tests\\bin\\Debug\\netcoreapp3.1\\fine-code-coverage\\coverage-tool-output</ResultsDirectory>\r\n    <TargetFrameworkVersion>.NETCoreApp,Version=v3.1</TargetFrameworkVersion>\r\n    <DesignMode>False</DesignMode>\r\n    <CollectSourceInformation>False</CollectSourceInformation>\r\n  </RunConfiguration>\r\n  <LoggerRunSettings>\r\n    <Loggers>\r\n      <Logger friendlyName=\"blame\" enabled=\"True\" />\r\n      <Logger friendlyName=\"Console\" uri=\"logger://microsoft/TestPlatform/ConsoleLogger/v1\" assemblyQualifiedName=\"Microsoft.VisualStudio.TestPlatform.CommandLine.Internal.ConsoleLogger, vstest.console, Version=15.0.0.0, Culture=neutral, PublicKeyToken=b03f5f7f11d50a3a\" codeBase=\"C:\\Program Files\\dotnet\\sdk\\6.0.400\\vstest.console.dll\" enabled=\"True\" />\r\n    </Loggers>\r\n  </LoggerRunSettings>\r\n  <DataCollectionRunSettings>\r\n    <DataCollectors>\r\n      <DataCollector friendlyName=\"blame\" enabled=\"True\">\r\n        <Configuration>\r\n          <ResultsDirectory>C:\\Users\\bojid\\source\\repos\\CSharp-OOP\\UnitTesting\\Database.Tests\\bin\\Debug\\netcoreapp3.1\\fine-code-coverage\\coverage-tool-output</ResultsDirectory>\r\n        </Configuration>\r\n      </DataCollector>\r\n    </DataCollectors>\r\n  </DataCollectionRunSettings>\r\n</RunSettings>","TestExecutionContext":{"FrequencyOfRunStatsChangeEvent":10,"RunStatsChangeEventTimeout":"00:00:01.5000000","InIsolation":false,"KeepAlive":false,"AreTestCaseLevelEventsRequired":false,"IsDebug":false,"TestCaseFilter":null,"FilterOptions":null},"Package":null}}
TpTrace Verbose: 0 : 11116, 13, 2022/08/12, 12:32:26.563, 1666201913049, vstest.console.dll, TestRunRequest:SendTestRunMessage: Starting.
TpTrace Verbose: 0 : 11116, 13, 2022/08/12, 12:32:26.564, 1666201914301, vstest.console.dll, MulticastDelegateUtilities.SafeInvoke: TestRun.LogMessages: Invoking callback 1/1 for Microsoft.VisualStudio.TestPlatform.CommandLine.TestRunResultAggregator.TestRunMessageHandler, took 0 ms.
TpTrace Verbose: 0 : 11116, 4, 2022/08/12, 12:32:26.564, 1666201914524, vstest.console.dll, MulticastDelegateUtilities.SafeInvoke: InternalTestLoggerEvents.SendTestRunMessage: Invoking callback 1/1 for Microsoft.VisualStudio.TestPlatform.CommandLine.Internal.ConsoleLogger.TestMessageHandler, took 0 ms.
TpTrace Information: 0 : 11116, 13, 2022/08/12, 12:32:26.564, 1666201914704, vstest.console.dll, TestRunRequest:SendTestRunMessage: Completed.
TpTrace Verbose: 0 : 11116, 13, 2022/08/12, 12:32:26.564, 1666201916073, vstest.console.dll, MulticastDelegateUtilities.SafeInvoke: LengthPrefixCommunicationChannel: MessageReceived: Invoking callback 1/1 for Microsoft.VisualStudio.TestPlatform.CommunicationUtilities.TestRequestSender+<>c__DisplayClass31_0.<StartTestRun>b__1, took 2 ms.
TpTrace Verbose: 0 : 11116, 13, 2022/08/12, 12:32:26.564, 1666201916508, vstest.console.dll, TcpClientExtensions.MessageLoopAsync: Polling on remoteEndPoint: 127.0.0.1:55731 localEndPoint: 127.0.0.1:55730
TpTrace Verbose: 0 : 11116, 13, 2022/08/12, 12:32:26.690, 1666203180615, vstest.console.dll, TcpClientExtensions.MessageLoopAsync: NotifyDataAvailable remoteEndPoint: 127.0.0.1:55731 localEndPoint: 127.0.0.1:55730
TpTrace Verbose: 0 : 11116, 13, 2022/08/12, 12:32:26.694, 1666203218160, vstest.console.dll, TestRequestSender.OnExecutionMessageReceived: Received message: {"Version":5,"MessageType":"TestSession.Message","Payload":{"MessageLevel":0,"Message":"NUnit Adapter 4.2.0.0: Test execution started"}}
TpTrace Verbose: 0 : 11116, 13, 2022/08/12, 12:32:26.694, 1666203219684, vstest.console.dll, TestRunRequest:SendTestRunMessage: Starting.
TpTrace Verbose: 0 : 11116, 13, 2022/08/12, 12:32:26.694, 1666203220314, vstest.console.dll, MulticastDelegateUtilities.SafeInvoke: TestRun.LogMessages: Invoking callback 1/1 for Microsoft.VisualStudio.TestPlatform.CommandLine.TestRunResultAggregator.TestRunMessageHandler, took 0 ms.
TpTrace Information: 0 : 11116, 13, 2022/08/12, 12:32:26.694, 1666203220777, vstest.console.dll, TestRunRequest:SendTestRunMessage: Completed.
TpTrace Verbose: 0 : 11116, 4, 2022/08/12, 12:32:26.694, 1666203220827, vstest.console.dll, MulticastDelegateUtilities.SafeInvoke: InternalTestLoggerEvents.SendTestRunMessage: Invoking callback 1/1 for Microsoft.VisualStudio.TestPlatform.CommandLine.Internal.ConsoleLogger.TestMessageHandler, took 0 ms.
TpTrace Verbose: 0 : 11116, 13, 2022/08/12, 12:32:26.694, 1666203221173, vstest.console.dll, MulticastDelegateUtilities.SafeInvoke: LengthPrefixCommunicationChannel: MessageReceived: Invoking callback 1/1 for Microsoft.VisualStudio.TestPlatform.CommunicationUtilities.TestRequestSender+<>c__DisplayClass31_0.<StartTestRun>b__1, took 0 ms.
TpTrace Verbose: 0 : 11116, 13, 2022/08/12, 12:32:26.694, 1666203222472, vstest.console.dll, TcpClientExtensions.MessageLoopAsync: Polling on remoteEndPoint: 127.0.0.1:55731 localEndPoint: 127.0.0.1:55730
TpTrace Verbose: 0 : 11116, 13, 2022/08/12, 12:32:26.716, 1666203435855, vstest.console.dll, TcpClientExtensions.MessageLoopAsync: NotifyDataAvailable remoteEndPoint: 127.0.0.1:55731 localEndPoint: 127.0.0.1:55730
TpTrace Verbose: 0 : 11116, 13, 2022/08/12, 12:32:26.716, 1666203437216, vstest.console.dll, TestRequestSender.OnExecutionMessageReceived: Received message: {"Version":5,"MessageType":"TestSession.Message","Payload":{"MessageLevel":0,"Message":"Running all tests in C:\\Users\\bojid\\source\\repos\\CSharp-OOP\\UnitTesting\\Database.Tests\\bin\\Debug\\netcoreapp3.1\\fine-code-coverage\\build-output\\Database.Tests.dll"}}
TpTrace Verbose: 0 : 11116, 13, 2022/08/12, 12:32:26.719, 1666203470256, vstest.console.dll, TestRunRequest:SendTestRunMessage: Starting.
TpTrace Verbose: 0 : 11116, 13, 2022/08/12, 12:32:26.719, 1666203471864, vstest.console.dll, MulticastDelegateUtilities.SafeInvoke: TestRun.LogMessages: Invoking callback 1/1 for Microsoft.VisualStudio.TestPlatform.CommandLine.TestRunResultAggregator.TestRunMessageHandler, took 0 ms.
TpTrace Information: 0 : 11116, 13, 2022/08/12, 12:32:26.719, 1666203472313, vstest.console.dll, TestRunRequest:SendTestRunMessage: Completed.
TpTrace Verbose: 0 : 11116, 4, 2022/08/12, 12:32:26.719, 1666203472018, vstest.console.dll, MulticastDelegateUtilities.SafeInvoke: InternalTestLoggerEvents.SendTestRunMessage: Invoking callback 1/1 for Microsoft.VisualStudio.TestPlatform.CommandLine.Internal.ConsoleLogger.TestMessageHandler, took 0 ms.
TpTrace Verbose: 0 : 11116, 13, 2022/08/12, 12:32:26.719, 1666203473262, vstest.console.dll, MulticastDelegateUtilities.SafeInvoke: LengthPrefixCommunicationChannel: MessageReceived: Invoking callback 1/1 for Microsoft.VisualStudio.TestPlatform.CommunicationUtilities.TestRequestSender+<>c__DisplayClass31_0.<StartTestRun>b__1, took 3 ms.
TpTrace Verbose: 0 : 11116, 13, 2022/08/12, 12:32:26.720, 1666203474552, vstest.console.dll, TcpClientExtensions.MessageLoopAsync: Polling on remoteEndPoint: 127.0.0.1:55731 localEndPoint: 127.0.0.1:55730
TpTrace Verbose: 0 : 11116, 13, 2022/08/12, 12:32:27.086, 1666207138086, vstest.console.dll, TcpClientExtensions.MessageLoopAsync: NotifyDataAvailable remoteEndPoint: 127.0.0.1:55731 localEndPoint: 127.0.0.1:55730
TpTrace Verbose: 0 : 11116, 13, 2022/08/12, 12:32:27.086, 1666207139525, vstest.console.dll, TestRequestSender.OnExecutionMessageReceived: Received message: {"Version":5,"MessageType":"TestSession.Message","Payload":{"MessageLevel":0,"Message":"   NUnit3TestExecutor discovered 11 of 11 NUnit test cases using Current Discovery mode, Non-Explicit run"}}
TpTrace Verbose: 0 : 11116, 13, 2022/08/12, 12:32:27.086, 1666207140567, vstest.console.dll, TestRunRequest:SendTestRunMessage: Starting.
TpTrace Verbose: 0 : 11116, 13, 2022/08/12, 12:32:27.086, 1666207141138, vstest.console.dll, MulticastDelegateUtilities.SafeInvoke: TestRun.LogMessages: Invoking callback 1/1 for Microsoft.VisualStudio.TestPlatform.CommandLine.TestRunResultAggregator.TestRunMessageHandler, took 0 ms.
TpTrace Information: 0 : 11116, 13, 2022/08/12, 12:32:27.086, 1666207141604, vstest.console.dll, TestRunRequest:SendTestRunMessage: Completed.
TpTrace Verbose: 0 : 11116, 13, 2022/08/12, 12:32:27.086, 1666207141941, vstest.console.dll, MulticastDelegateUtilities.SafeInvoke: LengthPrefixCommunicationChannel: MessageReceived: Invoking callback 1/1 for Microsoft.VisualStudio.TestPlatform.CommunicationUtilities.TestRequestSender+<>c__DisplayClass31_0.<StartTestRun>b__1, took 0 ms.
TpTrace Verbose: 0 : 11116, 13, 2022/08/12, 12:32:27.086, 1666207142306, vstest.console.dll, TcpClientExtensions.MessageLoopAsync: Polling on remoteEndPoint: 127.0.0.1:55731 localEndPoint: 127.0.0.1:55730
TpTrace Verbose: 0 : 11116, 4, 2022/08/12, 12:32:27.086, 1666207141653, vstest.console.dll, MulticastDelegateUtilities.SafeInvoke: InternalTestLoggerEvents.SendTestRunMessage: Invoking callback 1/1 for Microsoft.VisualStudio.TestPlatform.CommandLine.Internal.ConsoleLogger.TestMessageHandler, took 0 ms.
TpTrace Verbose: 0 : 11116, 13, 2022/08/12, 12:32:27.475, 1666211023931, vstest.console.dll, TcpClientExtensions.MessageLoopAsync: NotifyDataAvailable remoteEndPoint: 127.0.0.1:55731 localEndPoint: 127.0.0.1:55730
TpTrace Verbose: 0 : 11116, 13, 2022/08/12, 12:32:27.475, 1666211026185, vstest.console.dll, TestRequestSender.OnExecutionMessageReceived: Received message: {"Version":5,"MessageType":"TestExecution.StatsChange","Payload":{"NewTestResults":[{"TestCase":{"Id":"9e99e51e-ed7b-40b6-6155-12eeb911ea90","FullyQualifiedName":"Database.Tests.DatabaseTests.Add_AddElementToDatabse","DisplayName":"Add_AddElementToDatabse","ExecutorUri":"executor://NUnit3TestExecutor","Source":"C:\\Users\\bojid\\source\\repos\\CSharp-OOP\\UnitTesting\\Database.Tests\\bin\\Debug\\netcoreapp3.1\\fine-code-coverage\\build-output\\Database.Tests.dll","CodeFilePath":null,"LineNumber":0,"Properties":[{"Key":{"Id":"NUnit.Seed","Label":"Seed","Category":"","Description":"","Attributes":0,"ValueType":"System.String"},"Value":"484965696"}]},"Attachments":[],"Outcome":1,"ErrorMessage":null,"ErrorStackTrace":null,"DisplayName":"Add_AddElementToDatabse","Messages":[],"ComputerName":"MSI","Duration":"00:00:00.2682520","StartTime":"2022-08-12T09:32:27.1108689+00:00","EndTime":"2022-08-12T09:32:27.3790313+00:00","Properties":[{"Key":{"Id":"NUnit.Seed","Label":"Seed","Category":"","Description":"","Attributes":0,"ValueType":"System.String"},"Value":"484965696"}]},{"TestCase":{"Id":"d6fa4035-c514-e60b-8131-6c1b40d47f4d","FullyQualifiedName":"Database.Tests.DatabaseTests.Add_IncreaseDataCount_WhenAddIsValidOperation","DisplayName":"Add_IncreaseDataCount_WhenAddIsValidOperation","ExecutorUri":"executor://NUnit3TestExecutor","Source":"C:\\Users\\bojid\\source\\repos\\CSharp-OOP\\UnitTesting\\Database.Tests\\bin\\Debug\\netcoreapp3.1\\fine-code-coverage\\build-output\\Database.Tests.dll","CodeFilePath":null,"LineNumber":0,"Properties":[{"Key":{"Id":"NUnit.Seed","Label":"Seed","Category":"","Description":"","Attributes":0,"ValueType":"System.String"},"Value":"1578151971"}]},"Attachments":[],"Outcome":1,"ErrorMessage":null,"ErrorStackTrace":null,"DisplayName":"Add_IncreaseDataCount_WhenAddIsValidOperation","Messages":[],"ComputerName":"MSI","Duration":"00:00:00.0069180","StartTime":"2022-08-12T09:32:27.3805722+00:00","EndTime":"2022-08-12T09:32:27.3874888+00:00","Properties":[{"Key":{"Id":"NUnit.Seed","Label":"Seed","Category":"","Description":"","Attributes":0,"ValueType":"System.String"},"Value":"1578151971"}]},{"TestCase":{"Id":"86dd3684-0302-2962-eaf7-d8b38c3f9d92","FullyQualifiedName":"Database.Tests.DatabaseTests.Count_ReturnsZero_WhenDatabaseIsEmpty","DisplayName":"Count_ReturnsZero_WhenDatabaseIsEmpty","ExecutorUri":"executor://NUnit3TestExecutor","Source":"C:\\Users\\bojid\\source\\repos\\CSharp-OOP\\UnitTesting\\Database.Tests\\bin\\Debug\\netcoreapp3.1\\fine-code-coverage\\build-output\\Database.Tests.dll","CodeFilePath":null,"LineNumber":0,"Properties":[{"Key":{"Id":"NUnit.Seed","Label":"Seed","Category":"","Description":"","Attributes":0,"ValueType":"System.String"},"Value":"1437521736"}]},"Attachments":[],"Outcome":1,"ErrorMessage":null,"ErrorStackTrace":null,"DisplayName":"Count_ReturnsZero_WhenDatabaseIsEmpty","Messages":[],"ComputerName":"MSI","Duration":"00:00:00.0001810","StartTime":"2022-08-12T09:32:27.387526+00:00","EndTime":"2022-08-12T09:32:27.3877066+00:00","Properties":[{"Key":{"Id":"NUnit.Seed","Label":"Seed","Category":"","Description":"","Attributes":0,"ValueType":"System.String"},"Value":"1437521736"}]},{"TestCase":{"Id":"ac4a9f5e-bdbd-0a66-b3e8-aeb5b2f93b4b","FullyQualifiedName":"Database.Tests.DatabaseTests.Ctor_AddElementToDatabase","DisplayName":"Ctor_AddElementToDatabase","ExecutorUri":"executor://NUnit3TestExecutor","Source":"C:\\Users\\bojid\\source\\repos\\CSharp-OOP\\UnitTesting\\Database.Tests\\bin\\Debug\\netcoreapp3.1\\fine-code-coverage\\build-output\\Database.Tests.dll","CodeFilePath":null,"LineNumber":0,"Properties":[{"Key":{"Id":"NUnit.Seed","Label":"Seed","Category":"","Description":"","Attributes":0,"ValueType":"System.String"},"Value":"694860288"}]},"Attachments":[],"Outcome":1,"ErrorMessage":null,"ErrorStackTrace":null,"DisplayName":"Ctor_AddElementToDatabase","Messages":[],"ComputerName":"MSI","Duration":"00:00:00.0001030","StartTime":"2022-08-12T09:32:27.3877153+00:00","EndTime":"2022-08-12T09:32:27.3878182+00:00","Properties":[{"Key":{"Id":"NUnit.Seed","Label":"Seed","Category":"","Description":"","Attributes":0,"ValueType":"System.String"},"Value":"694860288"}]},{"TestCase":{"Id":"4ce7ddb3-428f-4fbf-10e1-fad060741a10","FullyQualifiedName":"Database.Tests.DatabaseTests.Ctor_AddsElementToDatabase","DisplayName":"Ctor_AddsElementToDatabase","ExecutorUri":"executor://NUnit3TestExecutor","Source":"C:\\Users\\bojid\\source\\repos\\CSharp-OOP\\UnitTesting\\Database.Tests\\bin\\Debug\\netcoreapp3.1\\fine-code-coverage\\build-output\\Database.Tests.dll","CodeFilePath":null,"LineNumber":0,"Properties":[{"Key":{"Id":"NUnit.Seed","Label":"Seed","Category":"","Description":"","Attributes":0,"ValueType":"System.String"},"Value":"1385649096"}]},"Attachments":[],"Outcome":1,"ErrorMessage":null,"ErrorStackTrace":null,"DisplayName":"Ctor_AddsElementToDatabase","Messages":[],"ComputerName":"MSI","Duration":"00:00:00.0039730","StartTime":"2022-08-12T09:32:27.3878262+00:00","EndTime":"2022-08-12T09:32:27.3917969+00:00","Properties":[{"Key":{"Id":"NUnit.Seed","Label":"Seed","Category":"","Description":"","Attributes":0,"ValueType":"System.String"},"Value":"1385649096"}]},{"TestCase":{"Id":"e39f6afa-cba4-9b7a-9262-dacc7d219706","FullyQualifiedName":"Database.Tests.DatabaseTests.Ctor_ThrowsException_WhenDatabasecapacityIsExceeded","DisplayName":"Ctor_ThrowsException_WhenDatabasecapacityIsExceeded","ExecutorUri":"executor://NUnit3TestExecutor","Source":"C:\\Users\\bojid\\source\\repos\\CSharp-OOP\\UnitTesting\\Database.Tests\\bin\\Debug\\netcoreapp3.1\\fine-code-coverage\\build-output\\Database.Tests.dll","CodeFilePath":null,"LineNumber":0,"Properties":[{"Key":{"Id":"NUnit.Seed","Label":"Seed","Category":"","Description":"","Attributes":0,"ValueType":"System.String"},"Value":"296936825"}]},"Attachments":[],"Outcome":1,"ErrorMessage":null,"ErrorStackTrace":null,"DisplayName":"Ctor_ThrowsException_WhenDatabasecapacityIsExceeded","Messages":[],"ComputerName":"MSI","Duration":"00:00:00.0045510","StartTime":"2022-08-12T09:32:27.391815+00:00","EndTime":"2022-08-12T09:32:27.396363+00:00","Properties":[{"Key":{"Id":"NUnit.Seed","Label":"Seed","Category":"","Description":"","Attributes":0,"ValueType":"System.String"},"Value":"296936825"}]},{"TestCase":{"Id":"0685db79-2fb2-8be0-426a-c1c3845f3e17","FullyQualifiedName":"Database.Tests.DatabaseTests.Fetch_ReturnDatabaseCopyInsteadOfReference","DisplayName":"Fetch_ReturnDatabaseCopyInsteadOfReference","ExecutorUri":"executor://NUnit3TestExecutor","Source":"C:\\Users\\bojid\\source\\repos\\CSharp-OOP\\UnitTesting\\Database.Tests\\bin\\Debug\\netcoreapp3.1\\fine-code-coverage\\build-output\\Database.Tests.dll","CodeFilePath":null,"LineNumber":0,"Properties":[{"Key":{"Id":"NUnit.Seed","Label":"Seed","Category":"","Description":"","Attributes":0,"ValueType":"System.String"},"Value":"1278772558"}]},"Attachments":[],"Outcome":1,"ErrorMessage":null,"ErrorStackTrace":null,"DisplayName":"Fetch_ReturnDatabaseCopyInsteadOfReference","Messages":[],"ComputerName":"MSI","Duration":"00:00:00.0031910","StartTime":"2022-08-12T09:32:27.3963833+00:00","EndTime":"2022-08-12T09:32:27.3995718+00:00","Properties":[{"Key":{"Id":"NUnit.Seed","Label":"Seed","Category":"","Description":"","Attributes":0,"ValueType":"System.String"},"Value":"1278772558"}]},{"TestCase":{"Id":"f93f3399-82a3-631d-44a5-677281ceaa93","FullyQualifiedName":"Database.Tests.DatabaseTests.Remove_DecreaseDatabaseCount","DisplayName":"Remove_DecreaseDatabaseCount","ExecutorUri":"executor://NUnit3TestExecutor","Source":"C:\\Users\\bojid\\source\\repos\\CSharp-OOP\\UnitTesting\\Database.Tests\\bin\\Debug\\netcoreapp3.1\\fine-code-coverage\\build-output\\Database.Tests.dll","CodeFilePath":null,"LineNumber":0,"Properties":[{"Key":{"Id":"NUnit.Seed","Label":"Seed","Category":"","Description":"","Attributes":0,"ValueType":"System.String"},"Value":"316317802"}]},"Attachments":[],"Outcome":1,"ErrorMessage":null,"ErrorStackTrace":null,"DisplayName":"Remove_DecreaseDatabaseCount","Messages":[],"ComputerName":"MSI","Duration":"00:00:00.0009300","StartTime":"2022-08-12T09:32:27.399592+00:00","EndTime":"2022-08-12T09:32:27.4005199+00:00","Properties":[{"Key":{"Id":"NUnit.Seed","Label":"Seed","Category":"","Description":"","Attributes":0,"ValueType":"System.String"},"Value":"316317802"}]},{"TestCase":{"Id":"10fd59c0-257d-191e-2a88-771bb7ed0593","FullyQualifiedName":"Database.Tests.DatabaseTests.Remove_LastElementFromDatabase","DisplayName":"Remove_LastElementFromDatabase","ExecutorUri":"executor://NUnit3TestExecutor","Source":"C:\\Users\\bojid\\source\\repos\\CSharp-OOP\\UnitTesting\\Database.Tests\\bin\\Debug\\netcoreapp3.1\\fine-code-coverage\\build-output\\Database.Tests.dll","CodeFilePath":null,"LineNumber":0,"Properties":[{"Key":{"Id":"NUnit.Seed","Label":"Seed","Category":"","Description":"","Attributes":0,"ValueType":"System.String"},"Value":"1482018440"}]},"Attachments":[],"Outcome":1,"ErrorMessage":null,"ErrorStackTrace":null,"DisplayName":"Remove_LastElementFromDatabase","Messages":[],"ComputerName":"MSI","Duration":"00:00:00.0003970","StartTime":"2022-08-12T09:32:27.400539+00:00","EndTime":"2022-08-12T09:32:27.4009348+00:00","Properties":[{"Key":{"Id":"NUnit.Seed","Label":"Seed","Category":"","Description":"","Attributes":0,"ValueType":"System.String"},"Value":"1482018440"}]}],"TestRunStatistics":{"ExecutedTests":9,"Stats":{"Passed":9}},"ActiveTests":[{"Id":"6259f0a5-ea16-de16-5fdc-3d75faf1cbe8","FullyQualifiedName":"Database.Tests.DatabaseTests.Remove_ThrowException_WhenDatabaseIsEmpty","DisplayName":"Remove_ThrowException_WhenDatabaseIsEmpty","ExecutorUri":"executor://NUnit3TestExecutor","Source":"C:\\Users\\bojid\\source\\repos\\CSharp-OOP\\UnitTesting\\Database.Tests\\bin\\Debug\\netcoreapp3.1\\fine-code-coverage\\build-output\\Database.Tests.dll","CodeFilePath":null,"LineNumber":0,"Properties":[{"Key":{"Id":"NUnit.Seed","Label":"Seed","Category":"","Description":"","Attributes":0,"ValueType":"System.String"},"Value":"963592248"}]}]}}
TpTrace Verbose: 0 : 11116, 13, 2022/08/12, 12:32:27.499, 1666211271501, vstest.console.dll, TestRunRequest:SendTestRunStatsChange: Starting.
TpTrace Verbose: 0 : 11116, 13, 2022/08/12, 12:32:27.499, 1666211272889, vstest.console.dll, InProgress is Remove_ThrowException_WhenDatabaseIsEmpty
TpTrace Verbose: 0 : 11116, 13, 2022/08/12, 12:32:27.500, 1666211274710, vstest.console.dll, MulticastDelegateUtilities.SafeInvoke: TestRun.RunStatsChanged: Invoking callbacks was skipped because there are no subscribers.
TpTrace Information: 0 : 11116, 13, 2022/08/12, 12:32:27.500, 1666211275156, vstest.console.dll, TestRunRequest:SendTestRunStatsChange: Completed.
TpTrace Verbose: 0 : 11116, 13, 2022/08/12, 12:32:27.500, 1666211275655, vstest.console.dll, MulticastDelegateUtilities.SafeInvoke: LengthPrefixCommunicationChannel: MessageReceived: Invoking callback 1/1 for Microsoft.VisualStudio.TestPlatform.CommunicationUtilities.TestRequestSender+<>c__DisplayClass31_0.<StartTestRun>b__1, took 24 ms.
TpTrace Verbose: 0 : 11116, 13, 2022/08/12, 12:32:27.500, 1666211276022, vstest.console.dll, TcpClientExtensions.MessageLoopAsync: Polling on remoteEndPoint: 127.0.0.1:55731 localEndPoint: 127.0.0.1:55730
TpTrace Verbose: 0 : 11116, 13, 2022/08/12, 12:32:27.500, 1666211276433, vstest.console.dll, TcpClientExtensions.MessageLoopAsync: NotifyDataAvailable remoteEndPoint: 127.0.0.1:55731 localEndPoint: 127.0.0.1:55730
TpTrace Verbose: 0 : 11116, 13, 2022/08/12, 12:32:27.500, 1666211276978, vstest.console.dll, TestRequestSender.OnExecutionMessageReceived: Received message: {"Version":5,"MessageType":"TestSession.Message","Payload":{"MessageLevel":0,"Message":"NUnit Adapter 4.2.0.0: Test execution complete"}}
TpTrace Verbose: 0 : 11116, 13, 2022/08/12, 12:32:27.500, 1666211277696, vstest.console.dll, TestRunRequest:SendTestRunMessage: Starting.
TpTrace Verbose: 0 : 11116, 13, 2022/08/12, 12:32:27.500, 1666211278146, vstest.console.dll, MulticastDelegateUtilities.SafeInvoke: TestRun.LogMessages: Invoking callback 1/1 for Microsoft.VisualStudio.TestPlatform.CommandLine.TestRunResultAggregator.TestRunMessageHandler, took 0 ms.
TpTrace Information: 0 : 11116, 13, 2022/08/12, 12:32:27.500, 1666211278453, vstest.console.dll, TestRunRequest:SendTestRunMessage: Completed.
TpTrace Verbose: 0 : 11116, 13, 2022/08/12, 12:32:27.500, 1666211278748, vstest.console.dll, MulticastDelegateUtilities.SafeInvoke: LengthPrefixCommunicationChannel: MessageReceived: Invoking callback 1/1 for Microsoft.VisualStudio.TestPlatform.CommunicationUtilities.TestRequestSender+<>c__DisplayClass31_0.<StartTestRun>b__1, took 0 ms.
TpTrace Verbose: 0 : 11116, 13, 2022/08/12, 12:32:27.500, 1666211279093, vstest.console.dll, TcpClientExtensions.MessageLoopAsync: Polling on remoteEndPoint: 127.0.0.1:55731 localEndPoint: 127.0.0.1:55730
TpTrace Verbose: 0 : 11116, 13, 2022/08/12, 12:32:27.500, 1666211279430, vstest.console.dll, TcpClientExtensions.MessageLoopAsync: NotifyDataAvailable remoteEndPoint: 127.0.0.1:55731 localEndPoint: 127.0.0.1:55730
TpTrace Verbose: 0 : 11116, 13, 2022/08/12, 12:32:27.500, 1666211280070, vstest.console.dll, TestRequestSender.OnExecutionMessageReceived: Received message: {"Version":5,"MessageType":"TestExecution.Completed","Payload":{"TestRunCompleteArgs":{"TestRunStatistics":{"ExecutedTests":11,"Stats":{"Passed":11}},"IsCanceled":false,"IsAborted":false,"Error":null,"AttachmentSets":[],"ElapsedTimeInRunningTests":"00:00:00.8144736","Metrics":{}},"LastRunTests":{"NewTestResults":[{"TestCase":{"Id":"6259f0a5-ea16-de16-5fdc-3d75faf1cbe8","FullyQualifiedName":"Database.Tests.DatabaseTests.Remove_ThrowException_WhenDatabaseIsEmpty","DisplayName":"Remove_ThrowException_WhenDatabaseIsEmpty","ExecutorUri":"executor://NUnit3TestExecutor","Source":"C:\\Users\\bojid\\source\\repos\\CSharp-OOP\\UnitTesting\\Database.Tests\\bin\\Debug\\netcoreapp3.1\\fine-code-coverage\\build-output\\Database.Tests.dll","CodeFilePath":null,"LineNumber":0,"Properties":[{"Key":{"Id":"NUnit.Seed","Label":"Seed","Category":"","Description":"","Attributes":0,"ValueType":"System.String"},"Value":"963592248"}]},"Attachments":[],"Outcome":1,"ErrorMessage":null,"ErrorStackTrace":null,"DisplayName":"Remove_ThrowException_WhenDatabaseIsEmpty","Messages":[],"ComputerName":"MSI","Duration":"00:00:00.0002560","StartTime":"2022-08-12T09:32:27.4009481+00:00","EndTime":"2022-08-12T09:32:27.4012005+00:00","Properties":[{"Key":{"Id":"NUnit.Seed","Label":"Seed","Category":"","Description":"","Attributes":0,"ValueType":"System.String"},"Value":"963592248"}]},{"TestCase":{"Id":"ac8df41c-14e3-d7ec-dc1d-d70e18ee0d7a","FullyQualifiedName":"Database.Tests.DatabaseTests.ThrowExceptionWhenCapacityExceeded","DisplayName":"ThrowExceptionWhenCapacityExceeded","ExecutorUri":"executor://NUnit3TestExecutor","Source":"C:\\Users\\bojid\\source\\repos\\CSharp-OOP\\UnitTesting\\Database.Tests\\bin\\Debug\\netcoreapp3.1\\fine-code-coverage\\build-output\\Database.Tests.dll","CodeFilePath":null,"LineNumber":0,"Properties":[{"Key":{"Id":"NUnit.Seed","Label":"Seed","Category":"","Description":"","Attributes":0,"ValueType":"System.String"},"Value":"884564634"}]},"Attachments":[],"Outcome":1,"ErrorMessage":null,"ErrorStackTrace":null,"DisplayName":"ThrowExceptionWhenCapacityExceeded","Messages":[],"ComputerName":"MSI","Duration":"00:00:00.0002900","StartTime":"2022-08-12T09:32:27.4012165+00:00","EndTime":"2022-08-12T09:32:27.4015063+00:00","Properties":[{"Key":{"Id":"NUnit.Seed","Label":"Seed","Category":"","Description":"","Attributes":0,"ValueType":"System.String"},"Value":"884564634"}]}],"TestRunStatistics":{"ExecutedTests":11,"Stats":{"Passed":11}},"ActiveTests":[]},"RunAttachments":[],"ExecutorUris":["executor://nunit3testexecutor/"]}}
TpTrace Verbose: 0 : 11116, 13, 2022/08/12, 12:32:27.500, 1666211280696, vstest.console.dll, TestRequestSender.EndSession: Sending end session.
TpTrace Verbose: 0 : 11116, 13, 2022/08/12, 12:32:27.500, 1666211283420, vstest.console.dll, ProxyOperationManager.Close: waiting for test host to exit for 100 ms
TpTrace Verbose: 0 : 11116, 4, 2022/08/12, 12:32:27.503, 1666211303784, vstest.console.dll, MulticastDelegateUtilities.SafeInvoke: InternalTestLoggerEvents.SendTestResult: Invoking callback 1/1 for Microsoft.VisualStudio.TestPlatform.CommandLine.Internal.ConsoleLogger.TestResultHandler, took 2 ms.
TpTrace Verbose: 0 : 11116, 4, 2022/08/12, 12:32:27.503, 1666211305415, vstest.console.dll, MulticastDelegateUtilities.SafeInvoke: InternalTestLoggerEvents.SendTestResult: Invoking callback 1/1 for Microsoft.VisualStudio.TestPlatform.CommandLine.Internal.ConsoleLogger.TestResultHandler, took 0 ms.
TpTrace Verbose: 0 : 11116, 4, 2022/08/12, 12:32:27.503, 1666211305998, vstest.console.dll, MulticastDelegateUtilities.SafeInvoke: InternalTestLoggerEvents.SendTestResult: Invoking callback 1/1 for Microsoft.VisualStudio.TestPlatform.CommandLine.Internal.ConsoleLogger.TestResultHandler, took 0 ms.
TpTrace Verbose: 0 : 11116, 4, 2022/08/12, 12:32:27.503, 1666211306457, vstest.console.dll, MulticastDelegateUtilities.SafeInvoke: InternalTestLoggerEvents.SendTestResult: Invoking callback 1/1 for Microsoft.VisualStudio.TestPlatform.CommandLine.Internal.ConsoleLogger.TestResultHandler, took 0 ms.
TpTrace Verbose: 0 : 11116, 4, 2022/08/12, 12:32:27.503, 1666211306933, vstest.console.dll, MulticastDelegateUtilities.SafeInvoke: InternalTestLoggerEvents.SendTestResult: Invoking callback 1/1 for Microsoft.VisualStudio.TestPlatform.CommandLine.Internal.ConsoleLogger.TestResultHandler, took 0 ms.
TpTrace Verbose: 0 : 11116, 4, 2022/08/12, 12:32:27.503, 1666211307433, vstest.console.dll, MulticastDelegateUtilities.SafeInvoke: InternalTestLoggerEvents.SendTestResult: Invoking callback 1/1 for Microsoft.VisualStudio.TestPlatform.CommandLine.Internal.ConsoleLogger.TestResultHandler, took 0 ms.
TpTrace Verbose: 0 : 11116, 4, 2022/08/12, 12:32:27.503, 1666211307895, vstest.console.dll, MulticastDelegateUtilities.SafeInvoke: InternalTestLoggerEvents.SendTestResult: Invoking callback 1/1 for Microsoft.VisualStudio.TestPlatform.CommandLine.Internal.ConsoleLogger.TestResultHandler, took 0 ms.
TpTrace Verbose: 0 : 11116, 4, 2022/08/12, 12:32:27.503, 1666211308350, vstest.console.dll, MulticastDelegateUtilities.SafeInvoke: InternalTestLoggerEvents.SendTestResult: Invoking callback 1/1 for Microsoft.VisualStudio.TestPlatform.CommandLine.Internal.ConsoleLogger.TestResultHandler, took 0 ms.
TpTrace Verbose: 0 : 11116, 4, 2022/08/12, 12:32:27.503, 1666211308800, vstest.console.dll, MulticastDelegateUtilities.SafeInvoke: InternalTestLoggerEvents.SendTestResult: Invoking callback 1/1 for Microsoft.VisualStudio.TestPlatform.CommandLine.Internal.ConsoleLogger.TestResultHandler, took 0 ms.
TpTrace Verbose: 0 : 11116, 4, 2022/08/12, 12:32:27.503, 1666211309244, vstest.console.dll, MulticastDelegateUtilities.SafeInvoke: InternalTestLoggerEvents.SendTestRunMessage: Invoking callback 1/1 for Microsoft.VisualStudio.TestPlatform.CommandLine.Internal.ConsoleLogger.TestMessageHandler, took 0 ms.
TpTrace Warning: 0 : 11116, 12, 2022/08/12, 12:32:27.535, 1666211624521, vstest.console.dll, TestHostManagerCallbacks.ErrorReceivedCallback Test host standard error line: 
TpTrace Verbose: 0 : 11116, 12, 2022/08/12, 12:32:27.546, 1666211736719, vstest.console.dll, TestHostProvider.ExitCallBack: Host exited starting callback.
TpTrace Information: 0 : 11116, 12, 2022/08/12, 12:32:27.546, 1666211740245, vstest.console.dll, TestHostManagerCallbacks.ExitCallBack: Testhost processId: 9264 exited with exitcode: 0 error: ''
TpTrace Verbose: 0 : 11116, 12, 2022/08/12, 12:32:27.546, 1666211740764, vstest.console.dll, DotnetTestHostManager.OnHostExited: invoking OnHostExited callback
TpTrace Verbose: 0 : 11116, 12, 2022/08/12, 12:32:27.546, 1666211741289, vstest.console.dll, CrossPlatEngine.TestHostManagerHostExited: calling on client process exit callback.
TpTrace Information: 0 : 11116, 12, 2022/08/12, 12:32:27.546, 1666211741799, vstest.console.dll, TestRequestSender.OnClientProcessExit: Test host process exited. Standard error: 
TpTrace Information: 0 : 11116, 12, 2022/08/12, 12:32:27.546, 1666211742194, vstest.console.dll, SocketServer.Stop: Stop server endPoint: 127.0.0.1:55730
TpTrace Information: 0 : 11116, 13, 2022/08/12, 12:32:27.546, 1666211742357, vstest.console.dll, SocketServer.Stop: Stop server endPoint: 127.0.0.1:55730
TpTrace Information: 0 : 11116, 13, 2022/08/12, 12:32:27.546, 1666211742970, vstest.console.dll, SocketServer.Stop: Cancellation requested. Stopping message loop.
TpTrace Information: 0 : 11116, 12, 2022/08/12, 12:32:27.546, 1666211742486, vstest.console.dll, SocketServer.Stop: Cancellation requested. Stopping message loop.
TpTrace Information: 0 : 11116, 13, 2022/08/12, 12:32:27.547, 1666211743817, vstest.console.dll, Closing the connection
TpTrace Verbose: 0 : 11116, 12, 2022/08/12, 12:32:27.547, 1666211743985, vstest.console.dll, MulticastDelegateUtilities.SafeInvoke: HostProviderEvents.OnHostExited: Invoking callback 1/1 for Microsoft.VisualStudio.TestPlatform.CrossPlatEngine.Client.ProxyOperationManager.TestHostManagerHostExited, took 0 ms.
TpTrace Verbose: 0 : 11116, 13, 2022/08/12, 12:32:27.547, 1666211745566, vstest.console.dll, ProxyDataCollectionManager.InvokeDataCollectionServiceAction: Starting.
TpTrace Information: 0 : 11116, 13, 2022/08/12, 12:32:27.547, 1666211746010, vstest.console.dll, ProxyDataCollectionManager.AfterTestRunEnd: Get attachment set and invoked data collectors processId: 32080 port: 55726
TpTrace Verbose: 0 : 11116, 13, 2022/08/12, 12:32:27.547, 1666211746506, vstest.console.dll, DataCollectionRequestSender.SendAfterTestRunStartAndGetResult: Send AfterTestRunEnd message with isCancelled: False
TpTrace Verbose: 0 : 11116, 13, 2022/08/12, 12:32:27.552, 1666211800695, vstest.console.dll, DataCollectionRequestSender.SendAfterTestRunStartAndGetResult: Received message: (DataCollection.AfterTestRunEndResult) -> {"MessageType":"DataCollection.AfterTestRunEndResult","Payload":{"AttachmentSets":[],"InvokedDataCollectors":[{"Uri":"datacollector://Microsoft/TestPlatform/Extensions/Blame/v1","FriendlyName":"Blame","AssemblyQualifiedName":"Microsoft.TestPlatform.Extensions.BlameDataCollector.BlameCollector, Microsoft.TestPlatform.Extensions.BlameDataCollector, Version=15.0.0.0, Culture=neutral, PublicKeyToken=b03f5f7f11d50a3a","FilePath":"C:\\Program Files\\dotnet\\sdk\\6.0.400\\Extensions\\Microsoft.TestPlatform.Extensions.BlameDataCollector.dll","HasAttachmentProcessor":false}],"Metrics":{}}}
TpTrace Information: 0 : 11116, 13, 2022/08/12, 12:32:27.556, 1666211839751, vstest.console.dll, ProxyDataCollectionManager.InvokeDataCollectionServiceAction: Completed.
TpTrace Warning: 0 : 11116, 9, 2022/08/12, 12:32:27.558, 1666211855291, vstest.console.dll, DataCollectionLauncher.ErrorReceivedCallback datacollector standard error line: 
TpTrace Information: 0 : 11116, 9, 2022/08/12, 12:32:27.562, 1666211893878, vstest.console.dll, DataCollectionLauncher.ExitCallBack: Data collector exited with exitcode: 0 error: ''
TpTrace Verbose: 0 : 11116, 13, 2022/08/12, 12:32:27.584, 1666212119013, vstest.console.dll, TestRunRequest:SendTestRunStatsChange: Starting.
TpTrace Verbose: 0 : 11116, 13, 2022/08/12, 12:32:27.584, 1666212120106, vstest.console.dll, MulticastDelegateUtilities.SafeInvoke: TestRun.RunStatsChanged: Invoking callbacks was skipped because there are no subscribers.
TpTrace Information: 0 : 11116, 13, 2022/08/12, 12:32:27.584, 1666212120455, vstest.console.dll, TestRunRequest:SendTestRunStatsChange: Completed.
TpTrace Verbose: 0 : 11116, 4, 2022/08/12, 12:32:27.584, 1666212120828, vstest.console.dll, MulticastDelegateUtilities.SafeInvoke: InternalTestLoggerEvents.SendTestResult: Invoking callback 1/1 for Microsoft.VisualStudio.TestPlatform.CommandLine.Internal.ConsoleLogger.TestResultHandler, took 0 ms.
TpTrace Verbose: 0 : 11116, 4, 2022/08/12, 12:32:27.584, 1666212121530, vstest.console.dll, MulticastDelegateUtilities.SafeInvoke: InternalTestLoggerEvents.SendTestResult: Invoking callback 1/1 for Microsoft.VisualStudio.TestPlatform.CommandLine.Internal.ConsoleLogger.TestResultHandler, took 0 ms.
TpTrace Verbose: 0 : 11116, 13, 2022/08/12, 12:32:27.584, 1666212122591, vstest.console.dll, ParallelProxyExecutionManager: HandlePartialRunComplete: Total completed clients = 1, Run complete = True, Run canceled: False.
TpTrace Verbose: 0 : 11116, 4, 2022/08/12, 12:32:27.592, 1666212200969, vstest.console.dll, MulticastDelegateUtilities.SafeInvoke: InternalTestLoggerEvents.SendTestRunComplete: Invoking callback 1/2 for Microsoft.TestPlatform.Extensions.BlameDataCollector.BlameLogger.TestRunCompleteHandler, took 0 ms.
TpTrace Verbose: 0 : 11116, 4, 2022/08/12, 12:32:27.596, 1666212242177, vstest.console.dll, MulticastDelegateUtilities.SafeInvoke: InternalTestLoggerEvents.SendTestRunComplete: Invoking callback 2/2 for Microsoft.VisualStudio.TestPlatform.CommandLine.Internal.ConsoleLogger.TestRunCompleteHandler, took 4 ms.
TpTrace Verbose: 0 : 11116, 13, 2022/08/12, 12:32:27.597, 1666212244307, vstest.console.dll, TestRunRequest:TestRunComplete: Starting. IsAborted:False IsCanceled:False.
TpTrace Verbose: 0 : 11116, 13, 2022/08/12, 12:32:27.597, 1666212253120, vstest.console.dll, TestLoggerManager.HandleTestRunComplete: Ignoring as the object is disposed.
TpTrace Verbose: 0 : 11116, 13, 2022/08/12, 12:32:27.598, 1666212254725, vstest.console.dll, MulticastDelegateUtilities.SafeInvoke: TestRun.TestRunComplete: Invoking callback 1/2 for Microsoft.VisualStudio.TestPlatform.CommandLine.TestRunResultAggregator.TestRunCompletionHandler, took 0 ms.
TpTrace Verbose: 0 : 11116, 13, 2022/08/12, 12:32:27.598, 1666212255426, vstest.console.dll, MulticastDelegateUtilities.SafeInvoke: TestRun.TestRunComplete: Invoking callback 2/2 for Microsoft.VisualStudio.TestPlatform.CommandLine.Processors.RunTestsArgumentExecutor+TestRunRequestEventsRegistrar.TestRunRequest_OnRunCompletion, took 0 ms.
TpTrace Information: 0 : 11116, 13, 2022/08/12, 12:32:27.598, 1666212256222, vstest.console.dll, TestRunRequest:TestRunComplete: Completed.
TpTrace Verbose: 0 : 11116, 13, 2022/08/12, 12:32:27.598, 1666212256621, vstest.console.dll, TestRequestSender.SetOperationComplete: Setting operation complete.
TpTrace Verbose: 0 : 11116, 1, 2022/08/12, 12:32:27.598, 1666212256754, vstest.console.dll, TestRunRequest.Dispose: Starting.
TpTrace Information: 0 : 11116, 1, 2022/08/12, 12:32:27.598, 1666212257463, vstest.console.dll, TestRunRequest.Dispose: Completed.
TpTrace Information: 0 : 11116, 1, 2022/08/12, 12:32:27.598, 1666212257887, vstest.console.dll, TestRequestManager.RunTests: run tests completed.
TpTrace Information: 0 : 11116, 13, 2022/08/12, 12:32:27.598, 1666212256922, vstest.console.dll, SocketServer.Stop: Stop server endPoint: 127.0.0.1:55730
TpTrace Information: 0 : 11116, 1, 2022/08/12, 12:32:27.598, 1666212258515, vstest.console.dll, RunTestsArgumentProcessor:Execute: Test run is completed.
TpTrace Information: 0 : 11116, 13, 2022/08/12, 12:32:27.598, 1666212259254, vstest.console.dll, SocketServer.Stop: Cancellation requested. Stopping message loop.
TpTrace Verbose: 0 : 11116, 13, 2022/08/12, 12:32:27.598, 1666212259834, vstest.console.dll, MulticastDelegateUtilities.SafeInvoke: LengthPrefixCommunicationChannel: MessageReceived: Invoking callback 1/1 for Microsoft.VisualStudio.TestPlatform.CommunicationUtilities.TestRequestSender+<>c__DisplayClass31_0.<StartTestRun>b__1, took 97 ms.
TpTrace Verbose: 0 : 11116, 1, 2022/08/12, 12:32:27.598, 1666212259913, vstest.console.dll, Executor.Execute: Exiting with exit code of 0
TpTrace Information: 0 : 11116, 13, 2022/08/12, 12:32:27.598, 1666212260292, vstest.console.dll, SocketServer.PrivateStop: Stopping server endPoint: 127.0.0.1:55730 error: 
