TpTrace Verbose: 0 : 17160, 1, 2022/08/12, 11:42:14.052, 1636076800883, vstest.console.dll, Version: 17.3.0-release-20220708-01 Current process architecture: X64
TpTrace Verbose: 0 : 17160, 1, 2022/08/12, 11:42:14.054, 1636076817188, vstest.console.dll, Runtime location: C:\Program Files\dotnet\shared\Microsoft.NETCore.App\6.0.8
TpTrace Information: 0 : 17160, 1, 2022/08/12, 11:42:14.058, 1636076862669, vstest.console.dll, FilePatternParser: The given file C:\Users\bojid\source\repos\CSharp-OOP\UnitTesting\ExtendedDatabase.Tests\bin\Debug\netcoreapp3.1\fine-code-coverage\build-output\ExtendedDatabase.Tests.dll is a full path.
TpTrace Verbose: 0 : 17160, 1, 2022/08/12, 11:42:14.066, 1636076934306, vstest.console.dll, TestPluginCache.DiscoverTestExtensions: finding test extensions in assemblies ends with: RuntimeProvider.dll TPluginInfo: Microsoft.VisualStudio.TestPlatform.Common.ExtensionFramework.Utilities.TestRuntimePluginInformation TExtension: Microsoft.VisualStudio.TestPlatform.ObjectModel.Host.ITestRuntimeProvider
TpTrace Verbose: 0 : 17160, 1, 2022/08/12, 11:42:14.066, 1636076935937, vstest.console.dll, TestPluginCache.GetExtensionPaths: Filtered extension paths: 
TpTrace Verbose: 0 : 17160, 1, 2022/08/12, 11:42:14.066, 1636076936617, vstest.console.dll, TestPluginCache.GetExtensionPaths: Added default extension paths: C:\Program Files\dotnet\sdk\6.0.400\Extensions\Microsoft.Diagnostics.NETCore.Client.dll
C:\Program Files\dotnet\sdk\6.0.400\Extensions\Microsoft.TestPlatform.Extensions.BlameDataCollector.dll
C:\Program Files\dotnet\sdk\6.0.400\Extensions\Microsoft.TestPlatform.Extensions.EventLogCollector.dll
C:\Program Files\dotnet\sdk\6.0.400\Extensions\Microsoft.TestPlatform.TestHostRuntimeProvider.dll
C:\Program Files\dotnet\sdk\6.0.400\Extensions\Microsoft.VisualStudio.TestPlatform.Extensions.Html.TestLogger.dll
C:\Program Files\dotnet\sdk\6.0.400\Extensions\Microsoft.VisualStudio.TestPlatform.Extensions.Trx.TestLogger.dll
TpTrace Verbose: 0 : 17160, 1, 2022/08/12, 11:42:14.066, 1636076937029, vstest.console.dll, TestPluginCache.GetExtensionPaths: Added unfilterableExtensionPaths: 
TpTrace Information: 0 : 17160, 1, 2022/08/12, 11:42:14.066, 1636076942390, vstest.console.dll, AssemblyResolver.ctor: Creating AssemblyResolver with searchDirectories C:\Program Files\dotnet\sdk\6.0.400\Extensions,C:\Program Files\dotnet\sdk\6.0.400
TpTrace Verbose: 0 : 17160, 1, 2022/08/12, 11:42:14.067, 1636076949623, vstest.console.dll, TestPluginCache.DiscoverTestExtensions: Discovering the extensions using extension path.
TpTrace Verbose: 0 : 17160, 1, 2022/08/12, 11:42:14.067, 1636076950578, vstest.console.dll, TestPluginCache.GetExtensionPaths: Filtered extension paths: 
TpTrace Verbose: 0 : 17160, 1, 2022/08/12, 11:42:14.067, 1636076951021, vstest.console.dll, TestPluginCache.GetExtensionPaths: Added default extension paths: C:\Program Files\dotnet\sdk\6.0.400\Extensions\Microsoft.Diagnostics.NETCore.Client.dll
C:\Program Files\dotnet\sdk\6.0.400\Extensions\Microsoft.TestPlatform.Extensions.BlameDataCollector.dll
C:\Program Files\dotnet\sdk\6.0.400\Extensions\Microsoft.TestPlatform.Extensions.EventLogCollector.dll
C:\Program Files\dotnet\sdk\6.0.400\Extensions\Microsoft.TestPlatform.TestHostRuntimeProvider.dll
C:\Program Files\dotnet\sdk\6.0.400\Extensions\Microsoft.VisualStudio.TestPlatform.Extensions.Html.TestLogger.dll
C:\Program Files\dotnet\sdk\6.0.400\Extensions\Microsoft.VisualStudio.TestPlatform.Extensions.Trx.TestLogger.dll
TpTrace Verbose: 0 : 17160, 1, 2022/08/12, 11:42:14.067, 1636076951401, vstest.console.dll, TestPluginCache.GetExtensionPaths: Added unfilterableExtensionPaths: 
TpTrace Verbose: 0 : 17160, 1, 2022/08/12, 11:42:14.067, 1636076951925, vstest.console.dll, TestPluginCache.DiscoverTestExtensions: Discovering the extensions using allExtensionPaths: C:\Program Files\dotnet\sdk\6.0.400\Extensions\Microsoft.Diagnostics.NETCore.Client.dll
C:\Program Files\dotnet\sdk\6.0.400\Extensions\Microsoft.TestPlatform.Extensions.BlameDataCollector.dll
C:\Program Files\dotnet\sdk\6.0.400\Extensions\Microsoft.TestPlatform.Extensions.EventLogCollector.dll
C:\Program Files\dotnet\sdk\6.0.400\Extensions\Microsoft.TestPlatform.TestHostRuntimeProvider.dll
C:\Program Files\dotnet\sdk\6.0.400\Extensions\Microsoft.VisualStudio.TestPlatform.Extensions.Html.TestLogger.dll
C:\Program Files\dotnet\sdk\6.0.400\Extensions\Microsoft.VisualStudio.TestPlatform.Extensions.Trx.TestLogger.dll
TpTrace Information: 0 : 17160, 1, 2022/08/12, 11:42:14.067, 1636076953313, vstest.console.dll, AssemblyResolver.AddSearchDirectories: Adding more searchDirectories C:\Program Files\dotnet\sdk\6.0.400\Extensions,C:\Program Files\dotnet\sdk\6.0.400
TpTrace Information: 0 : 17160, 1, 2022/08/12, 11:42:14.068, 1636076953802, vstest.console.dll, AssemblyResolver.AddSearchDirectories: Adding more searchDirectories C:\Program Files\dotnet\sdk\6.0.400\Extensions,C:\Program Files\dotnet\sdk\6.0.400
TpTrace Information: 0 : 17160, 1, 2022/08/12, 11:42:14.068, 1636076954213, vstest.console.dll, AssemblyResolver.AddSearchDirectories: Adding more searchDirectories C:\Program Files\dotnet\sdk\6.0.400\Extensions,C:\Program Files\dotnet\sdk\6.0.400
TpTrace Information: 0 : 17160, 1, 2022/08/12, 11:42:14.068, 1636076954529, vstest.console.dll, AssemblyResolver.AddSearchDirectories: Adding more searchDirectories C:\Program Files\dotnet\sdk\6.0.400\Extensions,C:\Program Files\dotnet\sdk\6.0.400
TpTrace Information: 0 : 17160, 1, 2022/08/12, 11:42:14.068, 1636076954838, vstest.console.dll, AssemblyResolver.AddSearchDirectories: Adding more searchDirectories C:\Program Files\dotnet\sdk\6.0.400\Extensions,C:\Program Files\dotnet\sdk\6.0.400
TpTrace Information: 0 : 17160, 1, 2022/08/12, 11:42:14.068, 1636076955181, vstest.console.dll, AssemblyResolver.AddSearchDirectories: Adding more searchDirectories C:\Program Files\dotnet\sdk\6.0.400\Extensions,C:\Program Files\dotnet\sdk\6.0.400
TpTrace Information: 0 : 17160, 1, 2022/08/12, 11:42:14.068, 1636076957733, vstest.console.dll, AssemblyResolver.OnResolve: Microsoft.Diagnostics.NETCore.Client: Resolving assembly.
TpTrace Information: 0 : 17160, 1, 2022/08/12, 11:42:14.068, 1636076958336, vstest.console.dll, AssemblyResolver.OnResolve: Microsoft.Diagnostics.NETCore.Client: Searching in: 'C:\Program Files\dotnet\sdk\6.0.400\Extensions'.
TpTrace Information: 0 : 17160, 1, 2022/08/12, 11:42:14.068, 1636076961626, vstest.console.dll, AssemblyResolver.OnResolve: Microsoft.Diagnostics.NETCore.Client: Loading assembly 'C:\Program Files\dotnet\sdk\6.0.400\Extensions\Microsoft.Diagnostics.NETCore.Client.dll'.
TpTrace Information: 0 : 17160, 1, 2022/08/12, 11:42:14.069, 1636076966609, vstest.console.dll, AssemblyResolver.OnResolve: Resolved assembly: Microsoft.Diagnostics.NETCore.Client, from path: C:\Program Files\dotnet\sdk\6.0.400\Extensions\Microsoft.Diagnostics.NETCore.Client.dll
TpTrace Verbose: 0 : 17160, 1, 2022/08/12, 11:42:14.073, 1636077005459, vstest.console.dll, MetadataReaderExtensionsHelper: Discovering extensions inside assembly 'Microsoft.Diagnostics.NETCore.Client, Version=0.2.5.801, Culture=neutral, PublicKeyToken=31bf3856ad364e35' file path 'C:\Program Files\dotnet\sdk\6.0.400\Extensions\Microsoft.Diagnostics.NETCore.Client.dll'
TpTrace Information: 0 : 17160, 1, 2022/08/12, 11:42:14.081, 1636077093476, vstest.console.dll, AssemblyResolver.OnResolve: Microsoft.Bcl.AsyncInterfaces: Resolving assembly.
TpTrace Information: 0 : 17160, 1, 2022/08/12, 11:42:14.082, 1636077094580, vstest.console.dll, AssemblyResolver.OnResolve: Microsoft.Bcl.AsyncInterfaces: Searching in: 'C:\Program Files\dotnet\sdk\6.0.400\Extensions'.
TpTrace Information: 0 : 17160, 1, 2022/08/12, 11:42:14.082, 1636077095284, vstest.console.dll, AssemblyResolver.OnResolve: Microsoft.Bcl.AsyncInterfaces: Assembly path does not exist: 'C:\Program Files\dotnet\sdk\6.0.400\Extensions\Microsoft.Bcl.AsyncInterfaces.dll', returning.
TpTrace Information: 0 : 17160, 1, 2022/08/12, 11:42:14.082, 1636077095870, vstest.console.dll, AssemblyResolver.OnResolve: Microsoft.Bcl.AsyncInterfaces: Assembly path does not exist: 'C:\Program Files\dotnet\sdk\6.0.400\Extensions\Microsoft.Bcl.AsyncInterfaces.exe', returning.
TpTrace Information: 0 : 17160, 1, 2022/08/12, 11:42:14.082, 1636077096607, vstest.console.dll, AssemblyResolver.OnResolve: Microsoft.Bcl.AsyncInterfaces: Searching in: 'C:\Program Files\dotnet\sdk\6.0.400'.
TpTrace Information: 0 : 17160, 1, 2022/08/12, 11:42:14.082, 1636077097265, vstest.console.dll, AssemblyResolver.OnResolve: Microsoft.Bcl.AsyncInterfaces: Assembly path does not exist: 'C:\Program Files\dotnet\sdk\6.0.400\Microsoft.Bcl.AsyncInterfaces.dll', returning.
TpTrace Information: 0 : 17160, 1, 2022/08/12, 11:42:14.082, 1636077097819, vstest.console.dll, AssemblyResolver.OnResolve: Microsoft.Bcl.AsyncInterfaces: Assembly path does not exist: 'C:\Program Files\dotnet\sdk\6.0.400\Microsoft.Bcl.AsyncInterfaces.exe', returning.
TpTrace Information: 0 : 17160, 1, 2022/08/12, 11:42:14.082, 1636077098142, vstest.console.dll, AssemblyResolver.OnResolve: Microsoft.Bcl.AsyncInterfaces: Failed to load assembly.
TpTrace Verbose: 0 : 17160, 1, 2022/08/12, 11:42:14.082, 1636077098521, vstest.console.dll, CurrentDomainAssemblyResolve: Resolving assembly 'Microsoft.Bcl.AsyncInterfaces'.
TpTrace Information: 0 : 17160, 1, 2022/08/12, 11:42:14.082, 1636077099079, vstest.console.dll, AssemblyResolver.OnResolve: Microsoft.Bcl.AsyncInterfaces: Resolving assembly.
TpTrace Information: 0 : 17160, 1, 2022/08/12, 11:42:14.082, 1636077099525, vstest.console.dll, AssemblyResolver.OnResolve: Microsoft.Bcl.AsyncInterfaces: Resolved from cache.
TpTrace Verbose: 0 : 17160, 1, 2022/08/12, 11:42:14.082, 1636077099853, vstest.console.dll, CurrentDomainAssemblyResolve: Resolving assembly 'Microsoft.Bcl.AsyncInterfaces'.
TpTrace Verbose: 0 : 17160, 1, 2022/08/12, 11:42:14.082, 1636077100218, vstest.console.dll, CurrentDomainAssemblyResolve: Failed to resolve assembly 'Microsoft.Bcl.AsyncInterfaces'.
TpTrace Verbose: 0 : 17160, 1, 2022/08/12, 11:42:14.083, 1636077103988, vstest.console.dll, CurrentDomainAssemblyResolve: Failed to resolve assembly 'Microsoft.Bcl.AsyncInterfaces'.
TpTrace Warning: 0 : 17160, 1, 2022/08/12, 11:42:14.091, 1636077190506, vstest.console.dll, TestPluginDiscoverer: Failed to get types from assembly 'Microsoft.Diagnostics.NETCore.Client, Version=0.2.5.801, Culture=neutral, PublicKeyToken=31bf3856ad364e35'. Error: System.Reflection.ReflectionTypeLoadException: Unable to load one or more of the requested types.
Could not load file or assembly 'Microsoft.Bcl.AsyncInterfaces, Version=1.0.0.0, Culture=neutral, PublicKeyToken=cc7b13ffcd2ddd51'. The system cannot find the file specified.
   at System.Reflection.RuntimeModule.GetTypes(RuntimeModule module)
   at System.Reflection.Assembly.GetTypes()
   at Microsoft.VisualStudio.TestPlatform.Common.ExtensionFramework.TestPluginDiscoverer.GetTestExtensionsFromAssembly[TPluginInfo,TExtension](Assembly assembly, Dictionary`2 pluginInfos, String filePath)
System.IO.FileNotFoundException: Could not load file or assembly 'Microsoft.Bcl.AsyncInterfaces, Version=1.0.0.0, Culture=neutral, PublicKeyToken=cc7b13ffcd2ddd51'. The system cannot find the file specified.
File name: 'Microsoft.Bcl.AsyncInterfaces, Version=1.0.0.0, Culture=neutral, PublicKeyToken=cc7b13ffcd2ddd51'
 ---> System.IO.FileNotFoundException: Could not load file or assembly 'Microsoft.Bcl.AsyncInterfaces, Culture=neutral, PublicKeyToken=null'. The system cannot find the file specified.
File name: 'Microsoft.Bcl.AsyncInterfaces, Culture=neutral, PublicKeyToken=null'
   at System.Reflection.RuntimeAssembly.InternalLoad(ObjectHandleOnStack assemblyName, ObjectHandleOnStack requestingAssembly, StackCrawlMarkHandle stackMark, Boolean throwOnFileNotFound, ObjectHandleOnStack assemblyLoadContext, ObjectHandleOnStack retAssembly)
   at System.Reflection.RuntimeAssembly.InternalLoad(AssemblyName assemblyName, RuntimeAssembly requestingAssembly, StackCrawlMark& stackMark, Boolean throwOnFileNotFound, AssemblyLoadContext assemblyLoadContext)
   at System.Reflection.Assembly.Load(AssemblyName assemblyRef)
   at Microsoft.VisualStudio.TestPlatform.Common.ExtensionFramework.TestPluginCache.CurrentDomainAssemblyResolve(Object sender, AssemblyResolveEventArgs args)
   at Microsoft.VisualStudio.TestPlatform.PlatformAbstractions.PlatformAssemblyResolver.AssemblyResolverEvent(Object sender, Object eventArgs)
   at System.Runtime.Loader.AssemblyLoadContext.GetFirstResolvedAssemblyFromResolvingEvent(AssemblyName assemblyName)
   at System.Runtime.Loader.AssemblyLoadContext.ResolveUsingEvent(AssemblyName assemblyName)
   at System.Runtime.Loader.AssemblyLoadContext.ResolveUsingResolvingEvent(IntPtr gchManagedAssemblyLoadContext, AssemblyName assemblyName)
TpTrace Warning: 0 : 17160, 1, 2022/08/12, 11:42:14.092, 1636077194298, vstest.console.dll, LoaderExceptions: System.IO.FileNotFoundException: Could not load file or assembly 'Microsoft.Bcl.AsyncInterfaces, Version=1.0.0.0, Culture=neutral, PublicKeyToken=cc7b13ffcd2ddd51'. The system cannot find the file specified.
File name: 'Microsoft.Bcl.AsyncInterfaces, Version=1.0.0.0, Culture=neutral, PublicKeyToken=cc7b13ffcd2ddd51'
 ---> System.IO.FileNotFoundException: Could not load file or assembly 'Microsoft.Bcl.AsyncInterfaces, Culture=neutral, PublicKeyToken=null'. The system cannot find the file specified.
File name: 'Microsoft.Bcl.AsyncInterfaces, Culture=neutral, PublicKeyToken=null'
   at System.Reflection.RuntimeAssembly.InternalLoad(ObjectHandleOnStack assemblyName, ObjectHandleOnStack requestingAssembly, StackCrawlMarkHandle stackMark, Boolean throwOnFileNotFound, ObjectHandleOnStack assemblyLoadContext, ObjectHandleOnStack retAssembly)
   at System.Reflection.RuntimeAssembly.InternalLoad(AssemblyName assemblyName, RuntimeAssembly requestingAssembly, StackCrawlMark& stackMark, Boolean throwOnFileNotFound, AssemblyLoadContext assemblyLoadContext)
   at System.Reflection.Assembly.Load(AssemblyName assemblyRef)
   at Microsoft.VisualStudio.TestPlatform.Common.ExtensionFramework.TestPluginCache.CurrentDomainAssemblyResolve(Object sender, AssemblyResolveEventArgs args)
   at Microsoft.VisualStudio.TestPlatform.PlatformAbstractions.PlatformAssemblyResolver.AssemblyResolverEvent(Object sender, Object eventArgs)
   at System.Runtime.Loader.AssemblyLoadContext.GetFirstResolvedAssemblyFromResolvingEvent(AssemblyName assemblyName)
   at System.Runtime.Loader.AssemblyLoadContext.ResolveUsingEvent(AssemblyName assemblyName)
   at System.Runtime.Loader.AssemblyLoadContext.ResolveUsingResolvingEvent(IntPtr gchManagedAssemblyLoadContext, AssemblyName assemblyName)
TpTrace Information: 0 : 17160, 1, 2022/08/12, 11:42:14.092, 1636077195692, vstest.console.dll, AssemblyResolver.OnResolve: Microsoft.TestPlatform.Extensions.BlameDataCollector: Resolving assembly.
TpTrace Information: 0 : 17160, 1, 2022/08/12, 11:42:14.092, 1636077196136, vstest.console.dll, AssemblyResolver.OnResolve: Microsoft.TestPlatform.Extensions.BlameDataCollector: Searching in: 'C:\Program Files\dotnet\sdk\6.0.400\Extensions'.
TpTrace Information: 0 : 17160, 1, 2022/08/12, 11:42:14.092, 1636077198484, vstest.console.dll, AssemblyResolver.OnResolve: Microsoft.TestPlatform.Extensions.BlameDataCollector: Loading assembly 'C:\Program Files\dotnet\sdk\6.0.400\Extensions\Microsoft.TestPlatform.Extensions.BlameDataCollector.dll'.
TpTrace Information: 0 : 17160, 1, 2022/08/12, 11:42:14.092, 1636077203289, vstest.console.dll, AssemblyResolver.OnResolve: Resolved assembly: Microsoft.TestPlatform.Extensions.BlameDataCollector, from path: C:\Program Files\dotnet\sdk\6.0.400\Extensions\Microsoft.TestPlatform.Extensions.BlameDataCollector.dll
TpTrace Verbose: 0 : 17160, 1, 2022/08/12, 11:42:14.093, 1636077203964, vstest.console.dll, MetadataReaderExtensionsHelper: Discovering extensions inside assembly 'Microsoft.TestPlatform.Extensions.BlameDataCollector, Version=15.0.0.0, Culture=neutral, PublicKeyToken=b03f5f7f11d50a3a' file path 'C:\Program Files\dotnet\sdk\6.0.400\Extensions\Microsoft.TestPlatform.Extensions.BlameDataCollector.dll'
TpTrace Information: 0 : 17160, 1, 2022/08/12, 11:42:14.093, 1636077213321, vstest.console.dll, AssemblyResolver.OnResolve: Microsoft.TestPlatform.Extensions.EventLogCollector: Resolving assembly.
TpTrace Information: 0 : 17160, 1, 2022/08/12, 11:42:14.094, 1636077213866, vstest.console.dll, AssemblyResolver.OnResolve: Microsoft.TestPlatform.Extensions.EventLogCollector: Searching in: 'C:\Program Files\dotnet\sdk\6.0.400\Extensions'.
TpTrace Information: 0 : 17160, 1, 2022/08/12, 11:42:14.094, 1636077216014, vstest.console.dll, AssemblyResolver.OnResolve: Microsoft.TestPlatform.Extensions.EventLogCollector: Loading assembly 'C:\Program Files\dotnet\sdk\6.0.400\Extensions\Microsoft.TestPlatform.Extensions.EventLogCollector.dll'.
TpTrace Information: 0 : 17160, 1, 2022/08/12, 11:42:14.094, 1636077219519, vstest.console.dll, AssemblyResolver.OnResolve: Resolved assembly: Microsoft.TestPlatform.Extensions.EventLogCollector, from path: C:\Program Files\dotnet\sdk\6.0.400\Extensions\Microsoft.TestPlatform.Extensions.EventLogCollector.dll
TpTrace Verbose: 0 : 17160, 1, 2022/08/12, 11:42:14.094, 1636077220140, vstest.console.dll, MetadataReaderExtensionsHelper: Discovering extensions inside assembly 'Microsoft.TestPlatform.Extensions.EventLogCollector, Version=15.0.0.0, Culture=neutral, PublicKeyToken=b03f5f7f11d50a3a' file path 'C:\Program Files\dotnet\sdk\6.0.400\Extensions\Microsoft.TestPlatform.Extensions.EventLogCollector.dll'
TpTrace Information: 0 : 17160, 1, 2022/08/12, 11:42:14.096, 1636077234441, vstest.console.dll, AssemblyResolver.OnResolve: Microsoft.TestPlatform.TestHostRuntimeProvider: Resolving assembly.
TpTrace Information: 0 : 17160, 1, 2022/08/12, 11:42:14.096, 1636077234987, vstest.console.dll, AssemblyResolver.OnResolve: Microsoft.TestPlatform.TestHostRuntimeProvider: Searching in: 'C:\Program Files\dotnet\sdk\6.0.400\Extensions'.
TpTrace Information: 0 : 17160, 1, 2022/08/12, 11:42:14.096, 1636077237051, vstest.console.dll, AssemblyResolver.OnResolve: Microsoft.TestPlatform.TestHostRuntimeProvider: Loading assembly 'C:\Program Files\dotnet\sdk\6.0.400\Extensions\Microsoft.TestPlatform.TestHostRuntimeProvider.dll'.
TpTrace Information: 0 : 17160, 1, 2022/08/12, 11:42:14.096, 1636077241164, vstest.console.dll, AssemblyResolver.OnResolve: Resolved assembly: Microsoft.TestPlatform.TestHostRuntimeProvider, from path: C:\Program Files\dotnet\sdk\6.0.400\Extensions\Microsoft.TestPlatform.TestHostRuntimeProvider.dll
TpTrace Verbose: 0 : 17160, 1, 2022/08/12, 11:42:14.096, 1636077241793, vstest.console.dll, MetadataReaderExtensionsHelper: Discovering extensions inside assembly 'Microsoft.TestPlatform.TestHostRuntimeProvider, Version=15.0.0.0, Culture=neutral, PublicKeyToken=b03f5f7f11d50a3a' file path 'C:\Program Files\dotnet\sdk\6.0.400\Extensions\Microsoft.TestPlatform.TestHostRuntimeProvider.dll'
TpTrace Information: 0 : 17160, 1, 2022/08/12, 11:42:14.098, 1636077255609, vstest.console.dll, GetTestExtensionFromType: Register extension with identifier data 'HostProvider://DefaultTestHost' and type 'Microsoft.VisualStudio.TestPlatform.CrossPlatEngine.Hosting.DefaultTestHostManager, Microsoft.TestPlatform.TestHostRuntimeProvider, Version=15.0.0.0, Culture=neutral, PublicKeyToken=b03f5f7f11d50a3a' inside file 'C:\Program Files\dotnet\sdk\6.0.400\Extensions\Microsoft.TestPlatform.TestHostRuntimeProvider.dll'
TpTrace Information: 0 : 17160, 1, 2022/08/12, 11:42:14.098, 1636077256450, vstest.console.dll, GetTestExtensionFromType: Register extension with identifier data 'HostProvider://DotnetTestHost' and type 'Microsoft.VisualStudio.TestPlatform.CrossPlatEngine.Hosting.DotnetTestHostManager, Microsoft.TestPlatform.TestHostRuntimeProvider, Version=15.0.0.0, Culture=neutral, PublicKeyToken=b03f5f7f11d50a3a' inside file 'C:\Program Files\dotnet\sdk\6.0.400\Extensions\Microsoft.TestPlatform.TestHostRuntimeProvider.dll'
TpTrace Information: 0 : 17160, 1, 2022/08/12, 11:42:14.098, 1636077257157, vstest.console.dll, AssemblyResolver.OnResolve: Microsoft.VisualStudio.TestPlatform.Extensions.Html.TestLogger: Resolving assembly.
TpTrace Information: 0 : 17160, 1, 2022/08/12, 11:42:14.098, 1636077257540, vstest.console.dll, AssemblyResolver.OnResolve: Microsoft.VisualStudio.TestPlatform.Extensions.Html.TestLogger: Searching in: 'C:\Program Files\dotnet\sdk\6.0.400\Extensions'.
TpTrace Information: 0 : 17160, 1, 2022/08/12, 11:42:14.098, 1636077259892, vstest.console.dll, AssemblyResolver.OnResolve: Microsoft.VisualStudio.TestPlatform.Extensions.Html.TestLogger: Loading assembly 'C:\Program Files\dotnet\sdk\6.0.400\Extensions\Microsoft.VisualStudio.TestPlatform.Extensions.Html.TestLogger.dll'.
TpTrace Information: 0 : 17160, 1, 2022/08/12, 11:42:14.099, 1636077264056, vstest.console.dll, AssemblyResolver.OnResolve: Resolved assembly: Microsoft.VisualStudio.TestPlatform.Extensions.Html.TestLogger, from path: C:\Program Files\dotnet\sdk\6.0.400\Extensions\Microsoft.VisualStudio.TestPlatform.Extensions.Html.TestLogger.dll
TpTrace Verbose: 0 : 17160, 1, 2022/08/12, 11:42:14.099, 1636077264650, vstest.console.dll, MetadataReaderExtensionsHelper: Discovering extensions inside assembly 'Microsoft.VisualStudio.TestPlatform.Extensions.Html.TestLogger, Version=15.0.0.0, Culture=neutral, PublicKeyToken=b03f5f7f11d50a3a' file path 'C:\Program Files\dotnet\sdk\6.0.400\Extensions\Microsoft.VisualStudio.TestPlatform.Extensions.Html.TestLogger.dll'
TpTrace Information: 0 : 17160, 1, 2022/08/12, 11:42:14.099, 1636077269251, vstest.console.dll, AssemblyResolver.OnResolve: Microsoft.VisualStudio.TestPlatform.Extensions.Trx.TestLogger: Resolving assembly.
TpTrace Information: 0 : 17160, 1, 2022/08/12, 11:42:14.099, 1636077269748, vstest.console.dll, AssemblyResolver.OnResolve: Microsoft.VisualStudio.TestPlatform.Extensions.Trx.TestLogger: Searching in: 'C:\Program Files\dotnet\sdk\6.0.400\Extensions'.
TpTrace Information: 0 : 17160, 1, 2022/08/12, 11:42:14.099, 1636077271966, vstest.console.dll, AssemblyResolver.OnResolve: Microsoft.VisualStudio.TestPlatform.Extensions.Trx.TestLogger: Loading assembly 'C:\Program Files\dotnet\sdk\6.0.400\Extensions\Microsoft.VisualStudio.TestPlatform.Extensions.Trx.TestLogger.dll'.
TpTrace Information: 0 : 17160, 1, 2022/08/12, 11:42:14.100, 1636077276291, vstest.console.dll, AssemblyResolver.OnResolve: Resolved assembly: Microsoft.VisualStudio.TestPlatform.Extensions.Trx.TestLogger, from path: C:\Program Files\dotnet\sdk\6.0.400\Extensions\Microsoft.VisualStudio.TestPlatform.Extensions.Trx.TestLogger.dll
TpTrace Verbose: 0 : 17160, 1, 2022/08/12, 11:42:14.100, 1636077276888, vstest.console.dll, MetadataReaderExtensionsHelper: Discovering extensions inside assembly 'Microsoft.VisualStudio.TestPlatform.Extensions.Trx.TestLogger, Version=15.0.0.0, Culture=neutral, PublicKeyToken=b03f5f7f11d50a3a' file path 'C:\Program Files\dotnet\sdk\6.0.400\Extensions\Microsoft.VisualStudio.TestPlatform.Extensions.Trx.TestLogger.dll'
TpTrace Verbose: 0 : 17160, 1, 2022/08/12, 11:42:14.100, 1636077283460, vstest.console.dll, TestPluginCache: Discovered the extensions using extension path ''.
TpTrace Verbose: 0 : 17160, 1, 2022/08/12, 11:42:14.101, 1636077283989, vstest.console.dll, TestPluginCache: Discoverers are ''.
TpTrace Verbose: 0 : 17160, 1, 2022/08/12, 11:42:14.101, 1636077284348, vstest.console.dll, TestPluginCache: Executors are ''.
TpTrace Verbose: 0 : 17160, 1, 2022/08/12, 11:42:14.101, 1636077284627, vstest.console.dll, TestPluginCache: Executors2 are ''.
TpTrace Verbose: 0 : 17160, 1, 2022/08/12, 11:42:14.101, 1636077284894, vstest.console.dll, TestPluginCache: Setting providers are ''.
TpTrace Verbose: 0 : 17160, 1, 2022/08/12, 11:42:14.101, 1636077285163, vstest.console.dll, TestPluginCache: Loggers are ''.
TpTrace Verbose: 0 : 17160, 1, 2022/08/12, 11:42:14.101, 1636077286372, vstest.console.dll, TestPluginCache: TestHosts are 'HostProvider://DefaultTestHost,HostProvider://DotnetTestHost'.
TpTrace Verbose: 0 : 17160, 1, 2022/08/12, 11:42:14.101, 1636077286745, vstest.console.dll, TestPluginCache: DataCollectors are ''.
TpTrace Information: 0 : 17160, 1, 2022/08/12, 11:42:14.109, 1636077369158, vstest.console.dll, RunTestsArgumentProcessor:Execute: Test run is starting.
TpTrace Verbose: 0 : 17160, 1, 2022/08/12, 11:42:14.109, 1636077370072, vstest.console.dll, RunTestsArgumentProcessor:Execute: Queuing Test run.
TpTrace Information: 0 : 17160, 1, 2022/08/12, 11:42:14.109, 1636077371948, vstest.console.dll, TestRequestManager.RunTests: run tests started.
TpTrace Information: 0 : 17160, 1, 2022/08/12, 11:42:14.117, 1636077449665, vstest.console.dll, AssemblyMetadataProvider.GetFrameworkName: Determined framework:'.NETCoreApp,Version=v3.1' for source: 'C:\Users\bojid\source\repos\CSharp-OOP\UnitTesting\ExtendedDatabase.Tests\bin\Debug\netcoreapp3.1\fine-code-coverage\build-output\ExtendedDatabase.Tests.dll'
TpTrace Information: 0 : 17160, 1, 2022/08/12, 11:42:14.117, 1636077451262, vstest.console.dll, Determined framework for all sources: .NETCoreApp,Version=v3.1
TpTrace Verbose: 0 : 17160, 1, 2022/08/12, 11:42:14.118, 1636077455700, vstest.console.dll, TestRequestManager.UpdateRunSettingsIfRequired: Default architecture: X64 IsDefaultTargetArchitecture: True, Current process architecture: X64 OperatingSystem: Windows.
TpTrace Information: 0 : 17160, 1, 2022/08/12, 11:42:14.120, 1636077475839, vstest.console.dll, AssemblyMetadataProvider.GetArchitecture: Determined architecture:AnyCPU info for assembly: C:\Users\bojid\source\repos\CSharp-OOP\UnitTesting\ExtendedDatabase.Tests\bin\Debug\netcoreapp3.1\fine-code-coverage\build-output\ExtendedDatabase.Tests.dll
TpTrace Information: 0 : 17160, 1, 2022/08/12, 11:42:14.120, 1636077476308, vstest.console.dll, Determined platform for source 'C:\Users\bojid\source\repos\CSharp-OOP\UnitTesting\ExtendedDatabase.Tests\bin\Debug\netcoreapp3.1\fine-code-coverage\build-output\ExtendedDatabase.Tests.dll' was AnyCPU and it will use the default plaform X64.
TpTrace Information: 0 : 17160, 1, 2022/08/12, 11:42:14.120, 1636077476679, vstest.console.dll, None of the sources provided any runnable platform, using the default platform: X64
TpTrace Information: 0 : 17160, 1, 2022/08/12, 11:42:14.120, 1636077477338, vstest.console.dll, Platform was updated to 'X64'.
TpTrace Information: 0 : 17160, 1, 2022/08/12, 11:42:14.123, 1636077506758, vstest.console.dll, InferRunSettingsHelper.IsTestSettingsEnabled: Unable to navigate to RunSettings/MSTest. Current node: RunSettings
TpTrace Information: 0 : 17160, 1, 2022/08/12, 11:42:14.123, 1636077511611, vstest.console.dll, AssemblyResolver.OnResolve: Microsoft.VisualStudio.TestPlatform.Fakes: Resolving assembly.
TpTrace Information: 0 : 17160, 1, 2022/08/12, 11:42:14.123, 1636077512138, vstest.console.dll, AssemblyResolver.OnResolve: Microsoft.VisualStudio.TestPlatform.Fakes: Searching in: 'C:\Program Files\dotnet\sdk\6.0.400\Extensions'.
TpTrace Information: 0 : 17160, 1, 2022/08/12, 11:42:14.123, 1636077512847, vstest.console.dll, AssemblyResolver.OnResolve: Microsoft.VisualStudio.TestPlatform.Fakes: Assembly path does not exist: 'C:\Program Files\dotnet\sdk\6.0.400\Extensions\Microsoft.VisualStudio.TestPlatform.Fakes.dll', returning.
TpTrace Information: 0 : 17160, 1, 2022/08/12, 11:42:14.123, 1636077513445, vstest.console.dll, AssemblyResolver.OnResolve: Microsoft.VisualStudio.TestPlatform.Fakes: Assembly path does not exist: 'C:\Program Files\dotnet\sdk\6.0.400\Extensions\Microsoft.VisualStudio.TestPlatform.Fakes.exe', returning.
TpTrace Information: 0 : 17160, 1, 2022/08/12, 11:42:14.124, 1636077513769, vstest.console.dll, AssemblyResolver.OnResolve: Microsoft.VisualStudio.TestPlatform.Fakes: Searching in: 'C:\Program Files\dotnet\sdk\6.0.400'.
TpTrace Information: 0 : 17160, 1, 2022/08/12, 11:42:14.124, 1636077514328, vstest.console.dll, AssemblyResolver.OnResolve: Microsoft.VisualStudio.TestPlatform.Fakes: Assembly path does not exist: 'C:\Program Files\dotnet\sdk\6.0.400\Microsoft.VisualStudio.TestPlatform.Fakes.dll', returning.
TpTrace Information: 0 : 17160, 1, 2022/08/12, 11:42:14.124, 1636077514860, vstest.console.dll, AssemblyResolver.OnResolve: Microsoft.VisualStudio.TestPlatform.Fakes: Assembly path does not exist: 'C:\Program Files\dotnet\sdk\6.0.400\Microsoft.VisualStudio.TestPlatform.Fakes.exe', returning.
TpTrace Information: 0 : 17160, 1, 2022/08/12, 11:42:14.124, 1636077515171, vstest.console.dll, AssemblyResolver.OnResolve: Microsoft.VisualStudio.TestPlatform.Fakes: Failed to load assembly.
TpTrace Information: 0 : 17160, 1, 2022/08/12, 11:42:14.124, 1636077517283, vstest.console.dll, Failed to load assembly Microsoft.VisualStudio.TestPlatform.Fakes, Version=17.0.0.0, Culture=neutral. Reason:System.IO.FileNotFoundException: Could not load file or assembly 'Microsoft.VisualStudio.TestPlatform.Fakes, Version=17.0.0.0, Culture=neutral, PublicKeyToken=null'. The system cannot find the file specified.
File name: 'Microsoft.VisualStudio.TestPlatform.Fakes, Version=17.0.0.0, Culture=neutral, PublicKeyToken=null'
   at System.Reflection.RuntimeAssembly.InternalLoad(ObjectHandleOnStack assemblyName, ObjectHandleOnStack requestingAssembly, StackCrawlMarkHandle stackMark, Boolean throwOnFileNotFound, ObjectHandleOnStack assemblyLoadContext, ObjectHandleOnStack retAssembly)
   at System.Reflection.RuntimeAssembly.InternalLoad(AssemblyName assemblyName, RuntimeAssembly requestingAssembly, StackCrawlMark& stackMark, Boolean throwOnFileNotFound, AssemblyLoadContext assemblyLoadContext)
   at System.Reflection.Assembly.Load(AssemblyName assemblyRef)
   at Microsoft.VisualStudio.TestPlatform.Common.Utilities.FakesUtilities.LoadTestPlatformAssembly()
TpTrace Verbose: 0 : 17160, 1, 2022/08/12, 11:42:14.127, 1636077544492, vstest.console.dll, TestPluginCache.DiscoverTestExtensions: finding test extensions in assemblies ends with: TestLogger.dll TPluginInfo: Microsoft.VisualStudio.TestPlatform.Common.ExtensionFramework.Utilities.TestLoggerPluginInformation TExtension: Microsoft.VisualStudio.TestPlatform.ObjectModel.Client.ITestLogger
TpTrace Verbose: 0 : 17160, 1, 2022/08/12, 11:42:14.127, 1636077545104, vstest.console.dll, TestPluginCache.GetExtensionPaths: Filtered extension paths: 
TpTrace Verbose: 0 : 17160, 1, 2022/08/12, 11:42:14.127, 1636077545451, vstest.console.dll, TestPluginCache.GetExtensionPaths: Added default extension paths: C:\Program Files\dotnet\sdk\6.0.400\Extensions\Microsoft.Diagnostics.NETCore.Client.dll
C:\Program Files\dotnet\sdk\6.0.400\Extensions\Microsoft.TestPlatform.Extensions.BlameDataCollector.dll
C:\Program Files\dotnet\sdk\6.0.400\Extensions\Microsoft.TestPlatform.Extensions.EventLogCollector.dll
C:\Program Files\dotnet\sdk\6.0.400\Extensions\Microsoft.TestPlatform.TestHostRuntimeProvider.dll
C:\Program Files\dotnet\sdk\6.0.400\Extensions\Microsoft.VisualStudio.TestPlatform.Extensions.Html.TestLogger.dll
C:\Program Files\dotnet\sdk\6.0.400\Extensions\Microsoft.VisualStudio.TestPlatform.Extensions.Trx.TestLogger.dll
TpTrace Verbose: 0 : 17160, 1, 2022/08/12, 11:42:14.127, 1636077545804, vstest.console.dll, TestPluginCache.GetExtensionPaths: Added unfilterableExtensionPaths: 
TpTrace Information: 0 : 17160, 1, 2022/08/12, 11:42:14.127, 1636077546649, vstest.console.dll, AssemblyResolver.AddSearchDirectories: Adding more searchDirectories C:\Program Files\dotnet\sdk\6.0.400\Extensions,C:\Program Files\dotnet\sdk\6.0.400
TpTrace Verbose: 0 : 17160, 1, 2022/08/12, 11:42:14.127, 1636077547113, vstest.console.dll, TestPluginCache.DiscoverTestExtensions: Discovering the extensions using extension path.
TpTrace Verbose: 0 : 17160, 1, 2022/08/12, 11:42:14.127, 1636077547488, vstest.console.dll, TestPluginCache.GetExtensionPaths: Filtered extension paths: 
TpTrace Verbose: 0 : 17160, 1, 2022/08/12, 11:42:14.127, 1636077547788, vstest.console.dll, TestPluginCache.GetExtensionPaths: Added default extension paths: C:\Program Files\dotnet\sdk\6.0.400\Extensions\Microsoft.Diagnostics.NETCore.Client.dll
C:\Program Files\dotnet\sdk\6.0.400\Extensions\Microsoft.TestPlatform.Extensions.BlameDataCollector.dll
C:\Program Files\dotnet\sdk\6.0.400\Extensions\Microsoft.TestPlatform.Extensions.EventLogCollector.dll
C:\Program Files\dotnet\sdk\6.0.400\Extensions\Microsoft.TestPlatform.TestHostRuntimeProvider.dll
C:\Program Files\dotnet\sdk\6.0.400\Extensions\Microsoft.VisualStudio.TestPlatform.Extensions.Html.TestLogger.dll
C:\Program Files\dotnet\sdk\6.0.400\Extensions\Microsoft.VisualStudio.TestPlatform.Extensions.Trx.TestLogger.dll
TpTrace Verbose: 0 : 17160, 1, 2022/08/12, 11:42:14.127, 1636077548497, vstest.console.dll, TestPluginCache.GetExtensionPaths: Added unfilterableExtensionPaths: 
TpTrace Verbose: 0 : 17160, 1, 2022/08/12, 11:42:14.127, 1636077548863, vstest.console.dll, TestPluginCache.DiscoverTestExtensions: Discovering the extensions using allExtensionPaths: C:\Program Files\dotnet\sdk\6.0.400\Extensions\Microsoft.Diagnostics.NETCore.Client.dll
C:\Program Files\dotnet\sdk\6.0.400\Extensions\Microsoft.TestPlatform.Extensions.BlameDataCollector.dll
C:\Program Files\dotnet\sdk\6.0.400\Extensions\Microsoft.TestPlatform.Extensions.EventLogCollector.dll
C:\Program Files\dotnet\sdk\6.0.400\Extensions\Microsoft.TestPlatform.TestHostRuntimeProvider.dll
C:\Program Files\dotnet\sdk\6.0.400\Extensions\Microsoft.VisualStudio.TestPlatform.Extensions.Html.TestLogger.dll
C:\Program Files\dotnet\sdk\6.0.400\Extensions\Microsoft.VisualStudio.TestPlatform.Extensions.Trx.TestLogger.dll
TpTrace Information: 0 : 17160, 1, 2022/08/12, 11:42:14.127, 1636077549403, vstest.console.dll, AssemblyResolver.AddSearchDirectories: Adding more searchDirectories C:\Program Files\dotnet\sdk\6.0.400\Extensions,C:\Program Files\dotnet\sdk\6.0.400
TpTrace Information: 0 : 17160, 1, 2022/08/12, 11:42:14.127, 1636077549752, vstest.console.dll, AssemblyResolver.AddSearchDirectories: Adding more searchDirectories C:\Program Files\dotnet\sdk\6.0.400\Extensions,C:\Program Files\dotnet\sdk\6.0.400
TpTrace Information: 0 : 17160, 1, 2022/08/12, 11:42:14.127, 1636077550058, vstest.console.dll, AssemblyResolver.AddSearchDirectories: Adding more searchDirectories C:\Program Files\dotnet\sdk\6.0.400\Extensions,C:\Program Files\dotnet\sdk\6.0.400
TpTrace Information: 0 : 17160, 1, 2022/08/12, 11:42:14.127, 1636077550398, vstest.console.dll, AssemblyResolver.AddSearchDirectories: Adding more searchDirectories C:\Program Files\dotnet\sdk\6.0.400\Extensions,C:\Program Files\dotnet\sdk\6.0.400
TpTrace Information: 0 : 17160, 1, 2022/08/12, 11:42:14.127, 1636077550703, vstest.console.dll, AssemblyResolver.AddSearchDirectories: Adding more searchDirectories C:\Program Files\dotnet\sdk\6.0.400\Extensions,C:\Program Files\dotnet\sdk\6.0.400
TpTrace Information: 0 : 17160, 1, 2022/08/12, 11:42:14.127, 1636077551001, vstest.console.dll, AssemblyResolver.AddSearchDirectories: Adding more searchDirectories C:\Program Files\dotnet\sdk\6.0.400\Extensions,C:\Program Files\dotnet\sdk\6.0.400
TpTrace Verbose: 0 : 17160, 1, 2022/08/12, 11:42:14.127, 1636077552013, vstest.console.dll, MetadataReaderExtensionsHelper: Discovering extensions inside assembly 'Microsoft.Diagnostics.NETCore.Client, Version=0.2.5.801, Culture=neutral, PublicKeyToken=31bf3856ad364e35' file path 'C:\Program Files\dotnet\sdk\6.0.400\Extensions\Microsoft.Diagnostics.NETCore.Client.dll'
TpTrace Information: 0 : 17160, 1, 2022/08/12, 11:42:14.128, 1636077555267, vstest.console.dll, AssemblyResolver.OnResolve: Microsoft.Bcl.AsyncInterfaces: Resolving assembly.
TpTrace Information: 0 : 17160, 1, 2022/08/12, 11:42:14.128, 1636077555714, vstest.console.dll, AssemblyResolver.OnResolve: Microsoft.Bcl.AsyncInterfaces: Resolved from cache.
TpTrace Verbose: 0 : 17160, 1, 2022/08/12, 11:42:14.128, 1636077556044, vstest.console.dll, CurrentDomainAssemblyResolve: Resolving assembly 'Microsoft.Bcl.AsyncInterfaces'.
TpTrace Information: 0 : 17160, 1, 2022/08/12, 11:42:14.128, 1636077556468, vstest.console.dll, AssemblyResolver.OnResolve: Microsoft.Bcl.AsyncInterfaces: Resolving assembly.
TpTrace Information: 0 : 17160, 1, 2022/08/12, 11:42:14.128, 1636077556776, vstest.console.dll, AssemblyResolver.OnResolve: Microsoft.Bcl.AsyncInterfaces: Resolved from cache.
TpTrace Verbose: 0 : 17160, 1, 2022/08/12, 11:42:14.128, 1636077557078, vstest.console.dll, CurrentDomainAssemblyResolve: Resolving assembly 'Microsoft.Bcl.AsyncInterfaces'.
TpTrace Verbose: 0 : 17160, 1, 2022/08/12, 11:42:14.128, 1636077557355, vstest.console.dll, CurrentDomainAssemblyResolve: Failed to resolve assembly 'Microsoft.Bcl.AsyncInterfaces'.
TpTrace Verbose: 0 : 17160, 1, 2022/08/12, 11:42:14.128, 1636077558549, vstest.console.dll, CurrentDomainAssemblyResolve: Failed to resolve assembly 'Microsoft.Bcl.AsyncInterfaces'.
TpTrace Warning: 0 : 17160, 1, 2022/08/12, 11:42:14.128, 1636077561588, vstest.console.dll, TestPluginDiscoverer: Failed to get types from assembly 'Microsoft.Diagnostics.NETCore.Client, Version=0.2.5.801, Culture=neutral, PublicKeyToken=31bf3856ad364e35'. Error: System.Reflection.ReflectionTypeLoadException: Unable to load one or more of the requested types.
Could not load file or assembly 'Microsoft.Bcl.AsyncInterfaces, Version=1.0.0.0, Culture=neutral, PublicKeyToken=cc7b13ffcd2ddd51'. The system cannot find the file specified.
   at System.Reflection.RuntimeModule.GetTypes(RuntimeModule module)
   at System.Reflection.Assembly.GetTypes()
   at Microsoft.VisualStudio.TestPlatform.Common.ExtensionFramework.TestPluginDiscoverer.GetTestExtensionsFromAssembly[TPluginInfo,TExtension](Assembly assembly, Dictionary`2 pluginInfos, String filePath)
System.IO.FileNotFoundException: Could not load file or assembly 'Microsoft.Bcl.AsyncInterfaces, Version=1.0.0.0, Culture=neutral, PublicKeyToken=cc7b13ffcd2ddd51'. The system cannot find the file specified.
File name: 'Microsoft.Bcl.AsyncInterfaces, Version=1.0.0.0, Culture=neutral, PublicKeyToken=cc7b13ffcd2ddd51'
 ---> System.IO.FileNotFoundException: Could not load file or assembly 'Microsoft.Bcl.AsyncInterfaces, Culture=neutral, PublicKeyToken=null'. The system cannot find the file specified.
File name: 'Microsoft.Bcl.AsyncInterfaces, Culture=neutral, PublicKeyToken=null'
   at System.Reflection.RuntimeAssembly.InternalLoad(ObjectHandleOnStack assemblyName, ObjectHandleOnStack requestingAssembly, StackCrawlMarkHandle stackMark, Boolean throwOnFileNotFound, ObjectHandleOnStack assemblyLoadContext, ObjectHandleOnStack retAssembly)
   at System.Reflection.RuntimeAssembly.InternalLoad(AssemblyName assemblyName, RuntimeAssembly requestingAssembly, StackCrawlMark& stackMark, Boolean throwOnFileNotFound, AssemblyLoadContext assemblyLoadContext)
   at System.Reflection.Assembly.Load(AssemblyName assemblyRef)
   at Microsoft.VisualStudio.TestPlatform.Common.ExtensionFramework.TestPluginCache.CurrentDomainAssemblyResolve(Object sender, AssemblyResolveEventArgs args)
   at Microsoft.VisualStudio.TestPlatform.PlatformAbstractions.PlatformAssemblyResolver.AssemblyResolverEvent(Object sender, Object eventArgs)
   at System.Runtime.Loader.AssemblyLoadContext.GetFirstResolvedAssemblyFromResolvingEvent(AssemblyName assemblyName)
   at System.Runtime.Loader.AssemblyLoadContext.ResolveUsingEvent(AssemblyName assemblyName)
   at System.Runtime.Loader.AssemblyLoadContext.ResolveUsingResolvingEvent(IntPtr gchManagedAssemblyLoadContext, AssemblyName assemblyName)
TpTrace Warning: 0 : 17160, 1, 2022/08/12, 11:42:14.129, 1636077563980, vstest.console.dll, LoaderExceptions: System.IO.FileNotFoundException: Could not load file or assembly 'Microsoft.Bcl.AsyncInterfaces, Version=1.0.0.0, Culture=neutral, PublicKeyToken=cc7b13ffcd2ddd51'. The system cannot find the file specified.
File name: 'Microsoft.Bcl.AsyncInterfaces, Version=1.0.0.0, Culture=neutral, PublicKeyToken=cc7b13ffcd2ddd51'
 ---> System.IO.FileNotFoundException: Could not load file or assembly 'Microsoft.Bcl.AsyncInterfaces, Culture=neutral, PublicKeyToken=null'. The system cannot find the file specified.
File name: 'Microsoft.Bcl.AsyncInterfaces, Culture=neutral, PublicKeyToken=null'
   at System.Reflection.RuntimeAssembly.InternalLoad(ObjectHandleOnStack assemblyName, ObjectHandleOnStack requestingAssembly, StackCrawlMarkHandle stackMark, Boolean throwOnFileNotFound, ObjectHandleOnStack assemblyLoadContext, ObjectHandleOnStack retAssembly)
   at System.Reflection.RuntimeAssembly.InternalLoad(AssemblyName assemblyName, RuntimeAssembly requestingAssembly, StackCrawlMark& stackMark, Boolean throwOnFileNotFound, AssemblyLoadContext assemblyLoadContext)
   at System.Reflection.Assembly.Load(AssemblyName assemblyRef)
   at Microsoft.VisualStudio.TestPlatform.Common.ExtensionFramework.TestPluginCache.CurrentDomainAssemblyResolve(Object sender, AssemblyResolveEventArgs args)
   at Microsoft.VisualStudio.TestPlatform.PlatformAbstractions.PlatformAssemblyResolver.AssemblyResolverEvent(Object sender, Object eventArgs)
   at System.Runtime.Loader.AssemblyLoadContext.GetFirstResolvedAssemblyFromResolvingEvent(AssemblyName assemblyName)
   at System.Runtime.Loader.AssemblyLoadContext.ResolveUsingEvent(AssemblyName assemblyName)
   at System.Runtime.Loader.AssemblyLoadContext.ResolveUsingResolvingEvent(IntPtr gchManagedAssemblyLoadContext, AssemblyName assemblyName)
TpTrace Verbose: 0 : 17160, 1, 2022/08/12, 11:42:14.129, 1636077564740, vstest.console.dll, MetadataReaderExtensionsHelper: Discovering extensions inside assembly 'Microsoft.TestPlatform.Extensions.BlameDataCollector, Version=15.0.0.0, Culture=neutral, PublicKeyToken=b03f5f7f11d50a3a' file path 'C:\Program Files\dotnet\sdk\6.0.400\Extensions\Microsoft.TestPlatform.Extensions.BlameDataCollector.dll'
TpTrace Information: 0 : 17160, 1, 2022/08/12, 11:42:14.129, 1636077568047, vstest.console.dll, GetTestExtensionFromType: Register extension with identifier data 'logger://Microsoft/TestPlatform/Extensions/Blame/v1' and type 'Microsoft.TestPlatform.Extensions.BlameDataCollector.BlameLogger, Microsoft.TestPlatform.Extensions.BlameDataCollector, Version=15.0.0.0, Culture=neutral, PublicKeyToken=b03f5f7f11d50a3a' inside file 'C:\Program Files\dotnet\sdk\6.0.400\Extensions\Microsoft.TestPlatform.Extensions.BlameDataCollector.dll'
TpTrace Verbose: 0 : 17160, 1, 2022/08/12, 11:42:14.129, 1636077568594, vstest.console.dll, MetadataReaderExtensionsHelper: Discovering extensions inside assembly 'Microsoft.TestPlatform.Extensions.EventLogCollector, Version=15.0.0.0, Culture=neutral, PublicKeyToken=b03f5f7f11d50a3a' file path 'C:\Program Files\dotnet\sdk\6.0.400\Extensions\Microsoft.TestPlatform.Extensions.EventLogCollector.dll'
TpTrace Verbose: 0 : 17160, 1, 2022/08/12, 11:42:14.129, 1636077570980, vstest.console.dll, MetadataReaderExtensionsHelper: Discovering extensions inside assembly 'Microsoft.TestPlatform.TestHostRuntimeProvider, Version=15.0.0.0, Culture=neutral, PublicKeyToken=b03f5f7f11d50a3a' file path 'C:\Program Files\dotnet\sdk\6.0.400\Extensions\Microsoft.TestPlatform.TestHostRuntimeProvider.dll'
TpTrace Verbose: 0 : 17160, 1, 2022/08/12, 11:42:14.129, 1636077573425, vstest.console.dll, MetadataReaderExtensionsHelper: Discovering extensions inside assembly 'Microsoft.VisualStudio.TestPlatform.Extensions.Html.TestLogger, Version=15.0.0.0, Culture=neutral, PublicKeyToken=b03f5f7f11d50a3a' file path 'C:\Program Files\dotnet\sdk\6.0.400\Extensions\Microsoft.VisualStudio.TestPlatform.Extensions.Html.TestLogger.dll'
TpTrace Information: 0 : 17160, 1, 2022/08/12, 11:42:14.130, 1636077576168, vstest.console.dll, GetTestExtensionFromType: Register extension with identifier data 'logger://Microsoft/TestPlatform/HtmlLogger/v1' and type 'Microsoft.VisualStudio.TestPlatform.Extensions.HtmlLogger.HtmlLogger, Microsoft.VisualStudio.TestPlatform.Extensions.Html.TestLogger, Version=15.0.0.0, Culture=neutral, PublicKeyToken=b03f5f7f11d50a3a' inside file 'C:\Program Files\dotnet\sdk\6.0.400\Extensions\Microsoft.VisualStudio.TestPlatform.Extensions.Html.TestLogger.dll'
TpTrace Verbose: 0 : 17160, 1, 2022/08/12, 11:42:14.130, 1636077576759, vstest.console.dll, MetadataReaderExtensionsHelper: Discovering extensions inside assembly 'Microsoft.VisualStudio.TestPlatform.Extensions.Trx.TestLogger, Version=15.0.0.0, Culture=neutral, PublicKeyToken=b03f5f7f11d50a3a' file path 'C:\Program Files\dotnet\sdk\6.0.400\Extensions\Microsoft.VisualStudio.TestPlatform.Extensions.Trx.TestLogger.dll'
TpTrace Information: 0 : 17160, 1, 2022/08/12, 11:42:14.130, 1636077579568, vstest.console.dll, GetTestExtensionFromType: Register extension with identifier data 'logger://Microsoft/TestPlatform/TrxLogger/v1' and type 'Microsoft.VisualStudio.TestPlatform.Extensions.TrxLogger.TrxLogger, Microsoft.VisualStudio.TestPlatform.Extensions.Trx.TestLogger, Version=15.0.0.0, Culture=neutral, PublicKeyToken=b03f5f7f11d50a3a' inside file 'C:\Program Files\dotnet\sdk\6.0.400\Extensions\Microsoft.VisualStudio.TestPlatform.Extensions.Trx.TestLogger.dll'
TpTrace Verbose: 0 : 17160, 1, 2022/08/12, 11:42:14.130, 1636077580151, vstest.console.dll, TestPluginCache: Discovered the extensions using extension path ''.
TpTrace Verbose: 0 : 17160, 1, 2022/08/12, 11:42:14.130, 1636077580489, vstest.console.dll, TestPluginCache: Discoverers are ''.
TpTrace Verbose: 0 : 17160, 1, 2022/08/12, 11:42:14.130, 1636077580767, vstest.console.dll, TestPluginCache: Executors are ''.
TpTrace Verbose: 0 : 17160, 1, 2022/08/12, 11:42:14.130, 1636077581031, vstest.console.dll, TestPluginCache: Executors2 are ''.
TpTrace Verbose: 0 : 17160, 1, 2022/08/12, 11:42:14.130, 1636077581339, vstest.console.dll, TestPluginCache: Setting providers are ''.
TpTrace Verbose: 0 : 17160, 1, 2022/08/12, 11:42:14.130, 1636077581939, vstest.console.dll, TestPluginCache: Loggers are 'logger://Microsoft/TestPlatform/Extensions/Blame/v1,logger://Microsoft/TestPlatform/HtmlLogger/v1,logger://Microsoft/TestPlatform/TrxLogger/v1'.
TpTrace Verbose: 0 : 17160, 1, 2022/08/12, 11:42:14.130, 1636077582382, vstest.console.dll, TestPluginCache: TestHosts are 'HostProvider://DefaultTestHost,HostProvider://DotnetTestHost'.
TpTrace Verbose: 0 : 17160, 1, 2022/08/12, 11:42:14.130, 1636077582744, vstest.console.dll, TestPluginCache: DataCollectors are ''.
TpTrace Information: 0 : 17160, 1, 2022/08/12, 11:42:14.131, 1636077587400, vstest.console.dll, TestPluginManager.CreateTestExtension: Attempting to load test extension: Microsoft.TestPlatform.Extensions.BlameDataCollector.BlameLogger
TpTrace Verbose: 0 : 17160, 1, 2022/08/12, 11:42:14.135, 1636077624641, vstest.console.dll, TestEngine: Initializing Parallel Execution as MaxCpuCount is set to: 1
TpTrace Information: 0 : 17160, 1, 2022/08/12, 11:42:14.136, 1636077635277, vstest.console.dll, TestPluginManager.CreateTestExtension: Attempting to load test extension: Microsoft.VisualStudio.TestPlatform.CrossPlatEngine.Hosting.DefaultTestHostManager
TpTrace Information: 0 : 17160, 1, 2022/08/12, 11:42:14.136, 1636077642238, vstest.console.dll, TestPluginManager.CreateTestExtension: Attempting to load test extension: Microsoft.VisualStudio.TestPlatform.CrossPlatEngine.Hosting.DotnetTestHostManager
TpTrace Information: 0 : 17160, 1, 2022/08/12, 11:42:14.137, 1636077646505, vstest.console.dll, InferRunSettingsHelper.IsTestSettingsEnabled: Unable to navigate to RunSettings/MSTest. Current node: RunSettings
TpTrace Verbose: 0 : 17160, 1, 2022/08/12, 11:42:14.141, 1636077685344, vstest.console.dll, TestEngine.GetExecutionManager: Chosen execution manager 'Microsoft.VisualStudio.TestPlatform.CrossPlatEngine.Client.Parallel.ParallelProxyExecutionManager, Microsoft.TestPlatform.CrossPlatEngine, Version=15.0.0.0, Culture=neutral, PublicKeyToken=b03f5f7f11d50a3a' ParallelLevel '1'.
TpTrace Verbose: 0 : 17160, 1, 2022/08/12, 11:42:14.141, 1636077686326, vstest.console.dll, TestRunRequest.ExecuteAsync: Creating test run request.
TpTrace Verbose: 0 : 17160, 1, 2022/08/12, 11:42:14.141, 1636077688023, vstest.console.dll, TestRunRequest.ExecuteAsync: Starting.
TpTrace Information: 0 : 17160, 1, 2022/08/12, 11:42:14.141, 1636077690502, vstest.console.dll, TestRunRequest.ExecuteAsync: Starting run with settings:TestRunCriteria:
   KeepAlive=False,FrequencyOfRunStatsChangeEvent=10,RunStatsChangeEventTimeout=00:00:01.5000000,TestCaseFilter=,TestExecutorLauncher=
   Settingsxml=<RunSettings>
  <RunConfiguration>
    <ResultsDirectory>C:\Users\bojid\source\repos\CSharp-OOP\UnitTesting\ExtendedDatabase.Tests\bin\Debug\netcoreapp3.1\fine-code-coverage\coverage-tool-output</ResultsDirectory>
    <TargetPlatform>X64</TargetPlatform>
    <TargetFrameworkVersion>.NETCoreApp,Version=v3.1</TargetFrameworkVersion>
    <DesignMode>False</DesignMode>
    <CollectSourceInformation>False</CollectSourceInformation>
  </RunConfiguration>
  <LoggerRunSettings>
    <Loggers>
      <Logger friendlyName="blame" enabled="True" />
      <Logger friendlyName="Console" uri="logger://microsoft/TestPlatform/ConsoleLogger/v1" assemblyQualifiedName="Microsoft.VisualStudio.TestPlatform.CommandLine.Internal.ConsoleLogger, vstest.console, Version=15.0.0.0, Culture=neutral, PublicKeyToken=b03f5f7f11d50a3a" codeBase="C:\Program Files\dotnet\sdk\6.0.400\vstest.console.dll" enabled="True" />
    </Loggers>
  </LoggerRunSettings>
  <DataCollectionRunSettings>
    <DataCollectors>
      <DataCollector friendlyName="blame" enabled="True">
        <Configuration>
          <ResultsDirectory>C:\Users\bojid\source\repos\CSharp-OOP\UnitTesting\ExtendedDatabase.Tests\bin\Debug\netcoreapp3.1\fine-code-coverage\coverage-tool-output</ResultsDirectory>
        </Configuration>
      </DataCollector>
    </DataCollectors>
  </DataCollectionRunSettings>
</RunSettings>

TpTrace Verbose: 0 : 17160, 1, 2022/08/12, 11:42:14.141, 1636077691045, vstest.console.dll, TestRunRequest.ExecuteAsync: Wait for the first run request is over.
TpTrace Verbose: 0 : 17160, 1, 2022/08/12, 11:42:14.141, 1636077693010, vstest.console.dll, MulticastDelegateUtilities.SafeInvoke: TestRun.TestRunStart: Invoking callbacks was skipped because there are no subscribers.
TpTrace Verbose: 0 : 17160, 4, 2022/08/12, 11:42:14.142, 1636077694976, vstest.console.dll, MulticastDelegateUtilities.SafeInvoke: InternalTestLoggerEvents.SendTestRunStart: Invoking callback 1/1 for Microsoft.VisualStudio.TestPlatform.CommandLine.Internal.ConsoleLogger.TestRunStartHandler, took 0 ms.
TpTrace Verbose: 0 : 17160, 1, 2022/08/12, 11:42:14.142, 1636077700509, vstest.console.dll, ParallelProxyExecutionManager: Start execution. Total sources: 1
TpTrace Verbose: 0 : 17160, 1, 2022/08/12, 11:42:14.143, 1636077712229, vstest.console.dll, TestRequestSender is acting as server.
TpTrace Verbose: 0 : 17160, 1, 2022/08/12, 11:42:14.144, 1636077723035, vstest.console.dll, DataCollectionRequestSender.InitializeCommunication : Initialize communication. 
TpTrace Information: 0 : 17160, 1, 2022/08/12, 11:42:14.149, 1636077770255, vstest.console.dll, Listening on Endpoint : 127.0.0.1:55486
TpTrace Verbose: 0 : 17160, 1, 2022/08/12, 11:42:14.155, 1636077827911, vstest.console.dll, DotnetDataCollectionLauncher: Adding  --runtimeconfig "C:\Program Files\dotnet\sdk\6.0.400\datacollector.runtimeconfig.json" in args
TpTrace Verbose: 0 : 17160, 1, 2022/08/12, 11:42:14.155, 1636077828950, vstest.console.dll, DotnetDataCollectionLauncher: Adding  --depsfile "C:\Program Files\dotnet\sdk\6.0.400\datacollector.deps.json" in args
TpTrace Verbose: 0 : 17160, 1, 2022/08/12, 11:42:14.155, 1636077831002, vstest.console.dll, DotnetDataCollectionLauncher: Full path of dotnet.exe is C:\Program Files\dotnet\dotnet.exe
TpTrace Information: 0 : 17160, 1, 2022/08/12, 11:42:14.165, 1636077928530, vstest.console.dll, ProxyDataCollectionManager.Initialize: Launched datacollector processId: 3816 port: 55486
TpTrace Information: 0 : 17160, 1, 2022/08/12, 11:42:14.165, 1636077930083, vstest.console.dll, ProxyDataCollectionManager.Initialize: waiting for connection with timeout: 90 seconds
TpTrace Verbose: 0 : 17160, 1, 2022/08/12, 11:42:14.165, 1636077930853, vstest.console.dll, DataCollectionRequestSender.WaitForRequestHandlerConnection : Waiting for connection with timeout: 90000
TpTrace Information: 0 : 17160, 5, 2022/08/12, 11:42:14.280, 1636079074471, vstest.console.dll, Using the buffer size of 16384 bytes
TpTrace Information: 0 : 17160, 5, 2022/08/12, 11:42:14.280, 1636079075394, vstest.console.dll, Accepted Client request and set the flag
TpTrace Verbose: 0 : 17160, 1, 2022/08/12, 11:42:14.280, 1636079074606, vstest.console.dll, SocketCommunicationManager.WaitForClientConnection took: 114 ms, with 90000 ms timeout, and finished with True.
TpTrace Verbose: 0 : 17160, 1, 2022/08/12, 11:42:14.280, 1636079077165, vstest.console.dll, ProxyDataCollectionManager.InvokeDataCollectionServiceAction: Starting.
TpTrace Information: 0 : 17160, 1, 2022/08/12, 11:42:14.280, 1636079077936, vstest.console.dll, ProxyDataCollectionManager.BeforeTestRunStart: Get environment variable and port for datacollector processId: 3816 port: 55486
TpTrace Verbose: 0 : 17160, 1, 2022/08/12, 11:42:14.280, 1636079078798, vstest.console.dll, DataCollectionRequestSender.SendBeforeTestRunStartAndGetResult: Send BeforeTestRunStart message with settingsXml <RunSettings><RunConfiguration><ResultsDirectory>C:\Users\bojid\source\repos\CSharp-OOP\UnitTesting\ExtendedDatabase.Tests\bin\Debug\netcoreapp3.1\fine-code-coverage\coverage-tool-output</ResultsDirectory><TargetPlatform>X64</TargetPlatform><TargetFrameworkVersion>.NETCoreApp,Version=v3.1</TargetFrameworkVersion><DesignMode>False</DesignMode><CollectSourceInformation>False</CollectSourceInformation><TestAdaptersPaths>C:\Program Files\dotnet\sdk\6.0.400\Extensions</TestAdaptersPaths></RunConfiguration><LoggerRunSettings><Loggers><Logger friendlyName="blame" enabled="True" /><Logger friendlyName="Console" uri="logger://microsoft/TestPlatform/ConsoleLogger/v1" assemblyQualifiedName="Microsoft.VisualStudio.TestPlatform.CommandLine.Internal.ConsoleLogger, vstest.console, Version=15.0.0.0, Culture=neutral, PublicKeyToken=b03f5f7f11d50a3a" codeBase="C:\Program Files\dotnet\sdk\6.0.400\vstest.console.dll" enabled="True" /></Loggers></LoggerRunSettings><DataCollectionRunSettings><DataCollectors><DataCollector friendlyName="blame" enabled="True"><Configuration><ResultsDirectory>C:\Users\bojid\source\repos\CSharp-OOP\UnitTesting\ExtendedDatabase.Tests\bin\Debug\netcoreapp3.1\fine-code-coverage\coverage-tool-output</ResultsDirectory></Configuration></DataCollector></DataCollectors></DataCollectionRunSettings></RunSettings> and sources System.Collections.Generic.List`1[System.String]: 
TpTrace Verbose: 0 : 17160, 1, 2022/08/12, 11:42:14.336, 1636079639482, vstest.console.dll, DataCollectionRequestSender.SendBeforeTestRunStartAndGetResult: Received message: (DataCollection.SendMessage) -> {"MessageType":"DataCollection.SendMessage","Payload":{"FriendlyName":null,"Uri":null,"TestCaseId":"00000000-0000-0000-0000-000000000000","Message":"Logging DataCollector Diagnostics in file: C:\\Users\\bojid\\source\\repos\\CSharp-OOP\\UnitTesting\\ExtendedDatabase.Tests\\bin\\Debug\\netcoreapp3.1\\fine-code-coverage\\coverage-tool-output\\diagnostics.datacollector.22-08-12_11-42-14_15523_1.log","Level":0}}
TpTrace Verbose: 0 : 17160, 1, 2022/08/12, 11:42:14.402, 1636080299904, vstest.console.dll, DataCollectionRequestSender.SendBeforeTestRunStartAndGetResult: Received message: (DataCollection.BeforeTestRunStartResult) -> {"MessageType":"DataCollection.BeforeTestRunStartResult","Payload":{"EnvironmentVariables":{},"DataCollectionEventsPort":55488}}
TpTrace Information: 0 : 17160, 1, 2022/08/12, 11:42:14.406, 1636080342946, vstest.console.dll, ProxyDataCollectionManager.BeforeTestRunStart: SendBeforeTestRunStartAndGetResult successful, env variable from datacollector:   and testhost port: 55488
TpTrace Information: 0 : 17160, 1, 2022/08/12, 11:42:14.407, 1636080344088, vstest.console.dll, ProxyDataCollectionManager.InvokeDataCollectionServiceAction: Completed.
TpTrace Verbose: 0 : 17160, 1, 2022/08/12, 11:42:14.407, 1636080345387, vstest.console.dll, ProxyParallelExecutionManager: No sources available for execution.
TpTrace Verbose: 0 : 17160, 7, 2022/08/12, 11:42:14.407, 1636080345441, vstest.console.dll, ParallelProxyExecutionManager: Execution started. Started clients: 1
TpTrace Information: 0 : 17160, 1, 2022/08/12, 11:42:14.407, 1636080345966, vstest.console.dll, TestRunRequest.ExecuteAsync: Started.
TpTrace Verbose: 0 : 17160, 1, 2022/08/12, 11:42:14.407, 1636080347697, vstest.console.dll, TestRunRequest.WaitForCompletion: Waiting with timeout -1.
TpTrace Verbose: 0 : 17160, 7, 2022/08/12, 11:42:14.407, 1636080348154, vstest.console.dll, TestRunRequest:SendTestRunMessage: Starting.
TpTrace Verbose: 0 : 17160, 7, 2022/08/12, 11:42:14.407, 1636080349450, vstest.console.dll, MulticastDelegateUtilities.SafeInvoke: TestRun.LogMessages: Invoking callback 1/1 for Microsoft.VisualStudio.TestPlatform.CommandLine.TestRunResultAggregator.TestRunMessageHandler, took 0 ms.
TpTrace Verbose: 0 : 17160, 4, 2022/08/12, 11:42:14.407, 1636080349784, vstest.console.dll, MulticastDelegateUtilities.SafeInvoke: InternalTestLoggerEvents.SendTestRunMessage: Invoking callback 1/1 for Microsoft.VisualStudio.TestPlatform.CommandLine.Internal.ConsoleLogger.TestMessageHandler, took 0 ms.
TpTrace Information: 0 : 17160, 7, 2022/08/12, 11:42:14.407, 1636080349909, vstest.console.dll, TestRunRequest:SendTestRunMessage: Completed.
TpTrace Verbose: 0 : 17160, 7, 2022/08/12, 11:42:14.407, 1636080352680, vstest.console.dll, ProxyExecutionManager: Test host is always Lazy initialize.
TpTrace Verbose: 0 : 17160, 7, 2022/08/12, 11:42:14.408, 1636080354778, vstest.console.dll, TestRequestSender.InitializeCommunication: initialize communication. 
TpTrace Information: 0 : 17160, 7, 2022/08/12, 11:42:14.408, 1636080359074, vstest.console.dll, SocketServer.Start: Listening on endpoint : 127.0.0.1:55489
TpTrace Verbose: 0 : 17160, 7, 2022/08/12, 11:42:14.409, 1636080363815, vstest.console.dll, DotnetTestHostmanager.GetTestHostProcessStartInfo: Platform environment 'X64' target architecture 'X64' framework '.NETCoreApp,Version=v3.1' OS 'Windows'
TpTrace Verbose: 0 : 17160, 7, 2022/08/12, 11:42:14.409, 1636080365568, vstest.console.dll, DotnetTestHostmanager: Adding  --runtimeconfig "C:\Users\bojid\source\repos\CSharp-OOP\UnitTesting\ExtendedDatabase.Tests\bin\Debug\netcoreapp3.1\fine-code-coverage\build-output\ExtendedDatabase.Tests.runtimeconfig.json" in args
TpTrace Verbose: 0 : 17160, 7, 2022/08/12, 11:42:14.409, 1636080366453, vstest.console.dll, DotnetTestHostmanager: Adding  --depsfile "C:\Users\bojid\source\repos\CSharp-OOP\UnitTesting\ExtendedDatabase.Tests\bin\Debug\netcoreapp3.1\fine-code-coverage\build-output\ExtendedDatabase.Tests.deps.json" in args
TpTrace Verbose: 0 : 17160, 7, 2022/08/12, 11:42:14.409, 1636080367792, vstest.console.dll, DotnetTestHostmanager.IsWinOnArm: Current PROCESSOR_ARCHITECTURE from environment variable 'AMD64'
TpTrace Verbose: 0 : 17160, 7, 2022/08/12, 11:42:14.409, 1636080368306, vstest.console.dll, DotnetTestHostmanager.IsWinOnArm: Is Windows on ARM 'False'
TpTrace Verbose: 0 : 17160, 7, 2022/08/12, 11:42:14.409, 1636080369123, vstest.console.dll, DotnetTestHostManager: testhost.exe found at path: C:\Users\bojid\source\repos\CSharp-OOP\UnitTesting\ExtendedDatabase.Tests\bin\Debug\netcoreapp3.1\fine-code-coverage\build-output\testhost.exe
TpTrace Verbose: 0 : 17160, 7, 2022/08/12, 11:42:14.409, 1636080369541, vstest.console.dll, DotnetTestHostmanager: Full path of host exe is C:\Users\bojid\source\repos\CSharp-OOP\UnitTesting\ExtendedDatabase.Tests\bin\Debug\netcoreapp3.1\fine-code-coverage\build-output\testhost.exe
TpTrace Verbose: 0 : 17160, 7, 2022/08/12, 11:42:14.409, 1636080370498, vstest.console.dll, DotnetTestHostmanager.LaunchTestHostAsync: Found 'VSTEST_WINAPPHOST_DOTNET_ROOT' in env variables, value 'C:\Program Files\dotnet', forwarding to 'DOTNET_ROOT'
TpTrace Verbose: 0 : 17160, 7, 2022/08/12, 11:42:14.409, 1636080371597, vstest.console.dll, DotnetTestHostManager: Starting process 'C:\Users\bojid\source\repos\CSharp-OOP\UnitTesting\ExtendedDatabase.Tests\bin\Debug\netcoreapp3.1\fine-code-coverage\build-output\testhost.exe' with command line ' --runtimeconfig "C:\Users\bojid\source\repos\CSharp-OOP\UnitTesting\ExtendedDatabase.Tests\bin\Debug\netcoreapp3.1\fine-code-coverage\build-output\ExtendedDatabase.Tests.runtimeconfig.json" --depsfile "C:\Users\bojid\source\repos\CSharp-OOP\UnitTesting\ExtendedDatabase.Tests\bin\Debug\netcoreapp3.1\fine-code-coverage\build-output\ExtendedDatabase.Tests.deps.json" --port 55489 --endpoint 127.0.0.1:055489 --role client --parentprocessid 17160 --diag "C:\Users\bojid\source\repos\CSharp-OOP\UnitTesting\ExtendedDatabase.Tests\bin\Debug\netcoreapp3.1\fine-code-coverage\coverage-tool-output\diagnostics.host.22-08-12_11-42-14_40878_7.log" --tracelevel 4 --datacollectionport 55488 --telemetryoptedin false'
TpTrace Verbose: 0 : 17160, 7, 2022/08/12, 11:42:14.419, 1636080465291, vstest.console.dll, MulticastDelegateUtilities.SafeInvoke: HostProviderEvents.OnHostLaunched: Invoking callback 1/2 for Microsoft.VisualStudio.TestPlatform.CrossPlatEngine.Client.ProxyExecutionManagerWithDataCollection.TestHostLaunchedHandler, took 0 ms.
TpTrace Verbose: 0 : 17160, 7, 2022/08/12, 11:42:14.419, 1636080466240, vstest.console.dll, Test Runtime launched
TpTrace Verbose: 0 : 17160, 7, 2022/08/12, 11:42:14.419, 1636080466678, vstest.console.dll, MulticastDelegateUtilities.SafeInvoke: HostProviderEvents.OnHostLaunched: Invoking callback 2/2 for Microsoft.VisualStudio.TestPlatform.CrossPlatEngine.Client.ProxyOperationManager.TestHostManagerHostLaunched, took 0 ms.
TpTrace Verbose: 0 : 17160, 7, 2022/08/12, 11:42:14.419, 1636080467751, vstest.console.dll, TestRequestSender.WaitForRequestHandlerConnection: waiting for connection with timeout: 90000.
TpTrace Verbose: 0 : 17160, 13, 2022/08/12, 11:42:14.570, 1636081979639, vstest.console.dll, MulticastDelegateUtilities.SafeInvoke: SocketServer: ClientConnected: Invoking callback 1/1 for Microsoft.VisualStudio.TestPlatform.CommunicationUtilities.TestRequestSender.<InitializeCommunication>b__24_0, took 0 ms.
TpTrace Verbose: 0 : 17160, 7, 2022/08/12, 11:42:14.570, 1636081979851, vstest.console.dll, TestRequestSender.WaitForRequestHandlerConnection: waiting took 151 ms, with timeout 90000 ms, and result 0, which is success.
TpTrace Verbose: 0 : 17160, 13, 2022/08/12, 11:42:14.570, 1636081981070, vstest.console.dll, SocketServer.OnClientConnected: Client connected for endPoint: 127.0.0.1:55489, starting MessageLoopAsync:
TpTrace Verbose: 0 : 17160, 13, 2022/08/12, 11:42:14.571, 1636081985802, vstest.console.dll, TcpClientExtensions.MessageLoopAsync: Polling on remoteEndPoint: 127.0.0.1:55490 localEndPoint: 127.0.0.1:55489
TpTrace Verbose: 0 : 17160, 7, 2022/08/12, 11:42:14.571, 1636081988169, vstest.console.dll, TestRequestSender.CheckVersionWithTestHost: Sending check version message: {"MessageType":"ProtocolVersion","Payload":7}
TpTrace Verbose: 0 : 17160, 13, 2022/08/12, 11:42:14.695, 1636083228578, vstest.console.dll, TcpClientExtensions.MessageLoopAsync: NotifyDataAvailable remoteEndPoint: 127.0.0.1:55490 localEndPoint: 127.0.0.1:55489
TpTrace Verbose: 0 : 17160, 13, 2022/08/12, 11:42:14.695, 1636083230587, vstest.console.dll, TestRequestSender.CheckVersionWithTestHost: onMessageReceived received message: (ProtocolVersion) -> {"MessageType":"ProtocolVersion","Payload":5}
TpTrace Verbose: 0 : 17160, 13, 2022/08/12, 11:42:14.696, 1636083235511, vstest.console.dll, MulticastDelegateUtilities.SafeInvoke: LengthPrefixCommunicationChannel: MessageReceived: Invoking callback 1/1 for Microsoft.VisualStudio.TestPlatform.CommunicationUtilities.TestRequestSender+<>c__DisplayClass26_0.<CheckVersionWithTestHost>b__0, took 0 ms.
TpTrace Verbose: 0 : 17160, 13, 2022/08/12, 11:42:14.696, 1636083236249, vstest.console.dll, TcpClientExtensions.MessageLoopAsync: Polling on remoteEndPoint: 127.0.0.1:55490 localEndPoint: 127.0.0.1:55489
TpTrace Verbose: 0 : 17160, 7, 2022/08/12, 11:42:14.696, 1636083236341, vstest.console.dll, TestPluginCache.GetExtensionPaths: Filtered extension paths: 
TpTrace Verbose: 0 : 17160, 7, 2022/08/12, 11:42:14.696, 1636083236967, vstest.console.dll, TestPluginCache.GetExtensionPaths: Added default extension paths: C:\Program Files\dotnet\sdk\6.0.400\Extensions\Microsoft.Diagnostics.NETCore.Client.dll
C:\Program Files\dotnet\sdk\6.0.400\Extensions\Microsoft.TestPlatform.Extensions.BlameDataCollector.dll
C:\Program Files\dotnet\sdk\6.0.400\Extensions\Microsoft.TestPlatform.Extensions.EventLogCollector.dll
C:\Program Files\dotnet\sdk\6.0.400\Extensions\Microsoft.TestPlatform.TestHostRuntimeProvider.dll
C:\Program Files\dotnet\sdk\6.0.400\Extensions\Microsoft.VisualStudio.TestPlatform.Extensions.Html.TestLogger.dll
C:\Program Files\dotnet\sdk\6.0.400\Extensions\Microsoft.VisualStudio.TestPlatform.Extensions.Trx.TestLogger.dll
TpTrace Verbose: 0 : 17160, 7, 2022/08/12, 11:42:14.696, 1636083237395, vstest.console.dll, TestPluginCache.GetExtensionPaths: Added unfilterableExtensionPaths: 
TpTrace Verbose: 0 : 17160, 7, 2022/08/12, 11:42:14.698, 1636083262555, vstest.console.dll, TestRequestSender.InitializeExecution: Sending initialize execution with message: {"Version":5,"MessageType":"TestExecution.Initialize","Payload":["C:\\Users\\bojid\\source\\repos\\CSharp-OOP\\UnitTesting\\ExtendedDatabase.Tests\\bin\\Debug\\netcoreapp3.1\\fine-code-coverage\\build-output\\NUnit3.TestAdapter.dll"]}
TpTrace Warning: 0 : 17160, 7, 2022/08/12, 11:42:14.699, 1636083266422, vstest.console.dll, InferRunSettingsHelper.MakeRunsettingsCompatible: Removing the following settings: TargetPlatform from RunSettings file. To use those settings please move to latest version of Microsoft.NET.Test.Sdk
TpTrace Verbose: 0 : 17160, 13, 2022/08/12, 11:42:14.704, 1636083318237, vstest.console.dll, TcpClientExtensions.MessageLoopAsync: NotifyDataAvailable remoteEndPoint: 127.0.0.1:55490 localEndPoint: 127.0.0.1:55489
TpTrace Verbose: 0 : 17160, 13, 2022/08/12, 11:42:14.704, 1636083319491, vstest.console.dll, TestRequestSender.OnExecutionMessageReceived: Received message: {"Version":5,"MessageType":"TestSession.Message","Payload":{"MessageLevel":0,"Message":"Logging TestHost Diagnostics in file: C:\\Users\\bojid\\source\\repos\\CSharp-OOP\\UnitTesting\\ExtendedDatabase.Tests\\bin\\Debug\\netcoreapp3.1\\fine-code-coverage\\coverage-tool-output\\diagnostics.host.22-08-12_11-42-14_40878_7.log"}}
TpTrace Verbose: 0 : 17160, 7, 2022/08/12, 11:42:14.705, 1636083326288, vstest.console.dll, TestRequestSender.StartTestRun: Sending test run with message: {"Version":5,"MessageType":"TestExecution.StartWithSources","Payload":{"AdapterSourceMap":{"_none_":["C:\\Users\\bojid\\source\\repos\\CSharp-OOP\\UnitTesting\\ExtendedDatabase.Tests\\bin\\Debug\\netcoreapp3.1\\fine-code-coverage\\build-output\\ExtendedDatabase.Tests.dll"]},"RunSettings":"<RunSettings>\r\n  <RunConfiguration>\r\n    <ResultsDirectory>C:\\Users\\bojid\\source\\repos\\CSharp-OOP\\UnitTesting\\ExtendedDatabase.Tests\\bin\\Debug\\netcoreapp3.1\\fine-code-coverage\\coverage-tool-output</ResultsDirectory>\r\n    <TargetFrameworkVersion>.NETCoreApp,Version=v3.1</TargetFrameworkVersion>\r\n    <DesignMode>False</DesignMode>\r\n    <CollectSourceInformation>False</CollectSourceInformation>\r\n  </RunConfiguration>\r\n  <LoggerRunSettings>\r\n    <Loggers>\r\n      <Logger friendlyName=\"blame\" enabled=\"True\" />\r\n      <Logger friendlyName=\"Console\" uri=\"logger://microsoft/TestPlatform/ConsoleLogger/v1\" assemblyQualifiedName=\"Microsoft.VisualStudio.TestPlatform.CommandLine.Internal.ConsoleLogger, vstest.console, Version=15.0.0.0, Culture=neutral, PublicKeyToken=b03f5f7f11d50a3a\" codeBase=\"C:\\Program Files\\dotnet\\sdk\\6.0.400\\vstest.console.dll\" enabled=\"True\" />\r\n    </Loggers>\r\n  </LoggerRunSettings>\r\n  <DataCollectionRunSettings>\r\n    <DataCollectors>\r\n      <DataCollector friendlyName=\"blame\" enabled=\"True\">\r\n        <Configuration>\r\n          <ResultsDirectory>C:\\Users\\bojid\\source\\repos\\CSharp-OOP\\UnitTesting\\ExtendedDatabase.Tests\\bin\\Debug\\netcoreapp3.1\\fine-code-coverage\\coverage-tool-output</ResultsDirectory>\r\n        </Configuration>\r\n      </DataCollector>\r\n    </DataCollectors>\r\n  </DataCollectionRunSettings>\r\n</RunSettings>","TestExecutionContext":{"FrequencyOfRunStatsChangeEvent":10,"RunStatsChangeEventTimeout":"00:00:01.5000000","InIsolation":false,"KeepAlive":false,"AreTestCaseLevelEventsRequired":false,"IsDebug":false,"TestCaseFilter":null,"FilterOptions":null},"Package":null}}
TpTrace Verbose: 0 : 17160, 13, 2022/08/12, 11:42:14.706, 1636083337899, vstest.console.dll, TestRunRequest:SendTestRunMessage: Starting.
TpTrace Verbose: 0 : 17160, 13, 2022/08/12, 11:42:14.706, 1636083338960, vstest.console.dll, MulticastDelegateUtilities.SafeInvoke: TestRun.LogMessages: Invoking callback 1/1 for Microsoft.VisualStudio.TestPlatform.CommandLine.TestRunResultAggregator.TestRunMessageHandler, took 0 ms.
TpTrace Information: 0 : 17160, 13, 2022/08/12, 11:42:14.706, 1636083339367, vstest.console.dll, TestRunRequest:SendTestRunMessage: Completed.
TpTrace Verbose: 0 : 17160, 4, 2022/08/12, 11:42:14.706, 1636083339415, vstest.console.dll, MulticastDelegateUtilities.SafeInvoke: InternalTestLoggerEvents.SendTestRunMessage: Invoking callback 1/1 for Microsoft.VisualStudio.TestPlatform.CommandLine.Internal.ConsoleLogger.TestMessageHandler, took 0 ms.
TpTrace Verbose: 0 : 17160, 13, 2022/08/12, 11:42:14.706, 1636083339923, vstest.console.dll, MulticastDelegateUtilities.SafeInvoke: LengthPrefixCommunicationChannel: MessageReceived: Invoking callback 1/1 for Microsoft.VisualStudio.TestPlatform.CommunicationUtilities.TestRequestSender+<>c__DisplayClass31_0.<StartTestRun>b__1, took 2 ms.
TpTrace Verbose: 0 : 17160, 13, 2022/08/12, 11:42:14.706, 1636083340373, vstest.console.dll, TcpClientExtensions.MessageLoopAsync: Polling on remoteEndPoint: 127.0.0.1:55490 localEndPoint: 127.0.0.1:55489
TpTrace Verbose: 0 : 17160, 13, 2022/08/12, 11:42:14.836, 1636084643236, vstest.console.dll, TcpClientExtensions.MessageLoopAsync: NotifyDataAvailable remoteEndPoint: 127.0.0.1:55490 localEndPoint: 127.0.0.1:55489
TpTrace Verbose: 0 : 17160, 13, 2022/08/12, 11:42:14.837, 1636084644490, vstest.console.dll, TestRequestSender.OnExecutionMessageReceived: Received message: {"Version":5,"MessageType":"TestSession.Message","Payload":{"MessageLevel":0,"Message":"NUnit Adapter 4.2.0.0: Test execution started"}}
TpTrace Verbose: 0 : 17160, 13, 2022/08/12, 11:42:14.837, 1636084645938, vstest.console.dll, TestRunRequest:SendTestRunMessage: Starting.
TpTrace Verbose: 0 : 17160, 13, 2022/08/12, 11:42:14.837, 1636084646540, vstest.console.dll, MulticastDelegateUtilities.SafeInvoke: TestRun.LogMessages: Invoking callback 1/1 for Microsoft.VisualStudio.TestPlatform.CommandLine.TestRunResultAggregator.TestRunMessageHandler, took 0 ms.
TpTrace Information: 0 : 17160, 13, 2022/08/12, 11:42:14.837, 1636084646889, vstest.console.dll, TestRunRequest:SendTestRunMessage: Completed.
TpTrace Verbose: 0 : 17160, 13, 2022/08/12, 11:42:14.837, 1636084647345, vstest.console.dll, MulticastDelegateUtilities.SafeInvoke: LengthPrefixCommunicationChannel: MessageReceived: Invoking callback 1/1 for Microsoft.VisualStudio.TestPlatform.CommunicationUtilities.TestRequestSender+<>c__DisplayClass31_0.<StartTestRun>b__1, took 0 ms.
TpTrace Verbose: 0 : 17160, 13, 2022/08/12, 11:42:14.837, 1636084647701, vstest.console.dll, TcpClientExtensions.MessageLoopAsync: Polling on remoteEndPoint: 127.0.0.1:55490 localEndPoint: 127.0.0.1:55489
TpTrace Verbose: 0 : 17160, 4, 2022/08/12, 11:42:14.837, 1636084647081, vstest.console.dll, MulticastDelegateUtilities.SafeInvoke: InternalTestLoggerEvents.SendTestRunMessage: Invoking callback 1/1 for Microsoft.VisualStudio.TestPlatform.CommandLine.Internal.ConsoleLogger.TestMessageHandler, took 0 ms.
TpTrace Verbose: 0 : 17160, 13, 2022/08/12, 11:42:14.862, 1636084895179, vstest.console.dll, TcpClientExtensions.MessageLoopAsync: NotifyDataAvailable remoteEndPoint: 127.0.0.1:55490 localEndPoint: 127.0.0.1:55489
TpTrace Verbose: 0 : 17160, 13, 2022/08/12, 11:42:14.862, 1636084896541, vstest.console.dll, TestRequestSender.OnExecutionMessageReceived: Received message: {"Version":5,"MessageType":"TestSession.Message","Payload":{"MessageLevel":0,"Message":"Running all tests in C:\\Users\\bojid\\source\\repos\\CSharp-OOP\\UnitTesting\\ExtendedDatabase.Tests\\bin\\Debug\\netcoreapp3.1\\fine-code-coverage\\build-output\\ExtendedDatabase.Tests.dll"}}
TpTrace Verbose: 0 : 17160, 13, 2022/08/12, 11:42:14.862, 1636084898230, vstest.console.dll, TestRunRequest:SendTestRunMessage: Starting.
TpTrace Verbose: 0 : 17160, 13, 2022/08/12, 11:42:14.862, 1636084898854, vstest.console.dll, MulticastDelegateUtilities.SafeInvoke: TestRun.LogMessages: Invoking callback 1/1 for Microsoft.VisualStudio.TestPlatform.CommandLine.TestRunResultAggregator.TestRunMessageHandler, took 0 ms.
TpTrace Information: 0 : 17160, 13, 2022/08/12, 11:42:14.862, 1636084899186, vstest.console.dll, TestRunRequest:SendTestRunMessage: Completed.
TpTrace Verbose: 0 : 17160, 4, 2022/08/12, 11:42:14.862, 1636084899405, vstest.console.dll, MulticastDelegateUtilities.SafeInvoke: InternalTestLoggerEvents.SendTestRunMessage: Invoking callback 1/1 for Microsoft.VisualStudio.TestPlatform.CommandLine.Internal.ConsoleLogger.TestMessageHandler, took 0 ms.
TpTrace Verbose: 0 : 17160, 13, 2022/08/12, 11:42:14.862, 1636084899592, vstest.console.dll, MulticastDelegateUtilities.SafeInvoke: LengthPrefixCommunicationChannel: MessageReceived: Invoking callback 1/1 for Microsoft.VisualStudio.TestPlatform.CommunicationUtilities.TestRequestSender+<>c__DisplayClass31_0.<StartTestRun>b__1, took 0 ms.
TpTrace Verbose: 0 : 17160, 13, 2022/08/12, 11:42:14.862, 1636084900928, vstest.console.dll, TcpClientExtensions.MessageLoopAsync: Polling on remoteEndPoint: 127.0.0.1:55490 localEndPoint: 127.0.0.1:55489
TpTrace Verbose: 0 : 17160, 13, 2022/08/12, 11:42:15.250, 1636088780470, vstest.console.dll, TcpClientExtensions.MessageLoopAsync: NotifyDataAvailable remoteEndPoint: 127.0.0.1:55490 localEndPoint: 127.0.0.1:55489
TpTrace Verbose: 0 : 17160, 13, 2022/08/12, 11:42:15.250, 1636088782098, vstest.console.dll, TestRequestSender.OnExecutionMessageReceived: Received message: {"Version":5,"MessageType":"TestSession.Message","Payload":{"MessageLevel":0,"Message":"   NUnit3TestExecutor discovered 15 of 15 NUnit test cases using Current Discovery mode, Non-Explicit run"}}
TpTrace Verbose: 0 : 17160, 13, 2022/08/12, 11:42:15.250, 1636088783553, vstest.console.dll, TestRunRequest:SendTestRunMessage: Starting.
TpTrace Verbose: 0 : 17160, 13, 2022/08/12, 11:42:15.251, 1636088784716, vstest.console.dll, MulticastDelegateUtilities.SafeInvoke: TestRun.LogMessages: Invoking callback 1/1 for Microsoft.VisualStudio.TestPlatform.CommandLine.TestRunResultAggregator.TestRunMessageHandler, took 0 ms.
TpTrace Information: 0 : 17160, 13, 2022/08/12, 11:42:15.251, 1636088785407, vstest.console.dll, TestRunRequest:SendTestRunMessage: Completed.
TpTrace Verbose: 0 : 17160, 4, 2022/08/12, 11:42:15.251, 1636088785424, vstest.console.dll, MulticastDelegateUtilities.SafeInvoke: InternalTestLoggerEvents.SendTestRunMessage: Invoking callback 1/1 for Microsoft.VisualStudio.TestPlatform.CommandLine.Internal.ConsoleLogger.TestMessageHandler, took 0 ms.
TpTrace Verbose: 0 : 17160, 13, 2022/08/12, 11:42:15.251, 1636088786219, vstest.console.dll, MulticastDelegateUtilities.SafeInvoke: LengthPrefixCommunicationChannel: MessageReceived: Invoking callback 1/1 for Microsoft.VisualStudio.TestPlatform.CommunicationUtilities.TestRequestSender+<>c__DisplayClass31_0.<StartTestRun>b__1, took 0 ms.
TpTrace Verbose: 0 : 17160, 13, 2022/08/12, 11:42:15.251, 1636088787557, vstest.console.dll, TcpClientExtensions.MessageLoopAsync: Polling on remoteEndPoint: 127.0.0.1:55490 localEndPoint: 127.0.0.1:55489
TpTrace Verbose: 0 : 17160, 13, 2022/08/12, 11:42:15.648, 1636092755689, vstest.console.dll, TcpClientExtensions.MessageLoopAsync: NotifyDataAvailable remoteEndPoint: 127.0.0.1:55490 localEndPoint: 127.0.0.1:55489
TpTrace Verbose: 0 : 17160, 13, 2022/08/12, 11:42:15.648, 1636092757938, vstest.console.dll, TestRequestSender.OnExecutionMessageReceived: Received message: {"Version":5,"MessageType":"TestExecution.StatsChange","Payload":{"NewTestResults":[{"TestCase":{"Id":"ac030ee4-9eb8-3994-ac20-072422a6fea1","FullyQualifiedName":"DatabaseExtended.Tests.ExtendeddatabaseTests.Add_IncreaseCount_WhenIsValid","DisplayName":"Add_IncreaseCount_WhenIsValid","ExecutorUri":"executor://NUnit3TestExecutor","Source":"C:\\Users\\bojid\\source\\repos\\CSharp-OOP\\UnitTesting\\ExtendedDatabase.Tests\\bin\\Debug\\netcoreapp3.1\\fine-code-coverage\\build-output\\ExtendedDatabase.Tests.dll","CodeFilePath":null,"LineNumber":0,"Properties":[{"Key":{"Id":"NUnit.Seed","Label":"Seed","Category":"","Description":"","Attributes":0,"ValueType":"System.String"},"Value":"1025578232"}]},"Attachments":[],"Outcome":1,"ErrorMessage":null,"ErrorStackTrace":null,"DisplayName":"Add_IncreaseCount_WhenIsValid","Messages":[],"ComputerName":"MSI","Duration":"00:00:00.2895030","StartTime":"2022-08-12T08:42:15.2762641+00:00","EndTime":"2022-08-12T08:42:15.5656832+00:00","Properties":[{"Key":{"Id":"NUnit.Seed","Label":"Seed","Category":"","Description":"","Attributes":0,"ValueType":"System.String"},"Value":"1025578232"}]},{"TestCase":{"Id":"877d5624-4d5d-9799-3f7b-4a99be2fc0ad","FullyQualifiedName":"DatabaseExtended.Tests.ExtendeddatabaseTests.Add_ThrowException_WhenUserIdIsUsed","DisplayName":"Add_ThrowException_WhenUserIdIsUsed","ExecutorUri":"executor://NUnit3TestExecutor","Source":"C:\\Users\\bojid\\source\\repos\\CSharp-OOP\\UnitTesting\\ExtendedDatabase.Tests\\bin\\Debug\\netcoreapp3.1\\fine-code-coverage\\build-output\\ExtendedDatabase.Tests.dll","CodeFilePath":null,"LineNumber":0,"Properties":[{"Key":{"Id":"NUnit.Seed","Label":"Seed","Category":"","Description":"","Attributes":0,"ValueType":"System.String"},"Value":"701961788"}]},"Attachments":[],"Outcome":1,"ErrorMessage":null,"ErrorStackTrace":null,"DisplayName":"Add_ThrowException_WhenUserIdIsUsed","Messages":[],"ComputerName":"MSI","Duration":"00:00:00.0045530","StartTime":"2022-08-12T08:42:15.5671547+00:00","EndTime":"2022-08-12T08:42:15.5717024+00:00","Properties":[{"Key":{"Id":"NUnit.Seed","Label":"Seed","Category":"","Description":"","Attributes":0,"ValueType":"System.String"},"Value":"701961788"}]},{"TestCase":{"Id":"f0876791-2cfd-6f77-f127-cb4bfe11dcd4","FullyQualifiedName":"DatabaseExtended.Tests.ExtendeddatabaseTests.Add_ThrowException_WhenUserNameIsUsed","DisplayName":"Add_ThrowException_WhenUserNameIsUsed","ExecutorUri":"executor://NUnit3TestExecutor","Source":"C:\\Users\\bojid\\source\\repos\\CSharp-OOP\\UnitTesting\\ExtendedDatabase.Tests\\bin\\Debug\\netcoreapp3.1\\fine-code-coverage\\build-output\\ExtendedDatabase.Tests.dll","CodeFilePath":null,"LineNumber":0,"Properties":[{"Key":{"Id":"NUnit.Seed","Label":"Seed","Category":"","Description":"","Attributes":0,"ValueType":"System.String"},"Value":"2020077736"}]},"Attachments":[],"Outcome":1,"ErrorMessage":null,"ErrorStackTrace":null,"DisplayName":"Add_ThrowException_WhenUserNameIsUsed","Messages":[],"ComputerName":"MSI","Duration":"00:00:00.0003220","StartTime":"2022-08-12T08:42:15.5717415+00:00","EndTime":"2022-08-12T08:42:15.5720631+00:00","Properties":[{"Key":{"Id":"NUnit.Seed","Label":"Seed","Category":"","Description":"","Attributes":0,"ValueType":"System.String"},"Value":"2020077736"}]},{"TestCase":{"Id":"8979da23-a674-6d52-eb3b-cb0cab4e2801","FullyQualifiedName":"DatabaseExtended.Tests.ExtendeddatabaseTests.Ctor_AddPersonsToDatabase","DisplayName":"Ctor_AddPersonsToDatabase","ExecutorUri":"executor://NUnit3TestExecutor","Source":"C:\\Users\\bojid\\source\\repos\\CSharp-OOP\\UnitTesting\\ExtendedDatabase.Tests\\bin\\Debug\\netcoreapp3.1\\fine-code-coverage\\build-output\\ExtendedDatabase.Tests.dll","CodeFilePath":null,"LineNumber":0,"Properties":[{"Key":{"Id":"NUnit.Seed","Label":"Seed","Category":"","Description":"","Attributes":0,"ValueType":"System.String"},"Value":"1324341144"}]},"Attachments":[],"Outcome":1,"ErrorMessage":null,"ErrorStackTrace":null,"DisplayName":"Ctor_AddPersonsToDatabase","Messages":[],"ComputerName":"MSI","Duration":"00:00:00.0009370","StartTime":"2022-08-12T08:42:15.5720723+00:00","EndTime":"2022-08-12T08:42:15.5730087+00:00","Properties":[{"Key":{"Id":"NUnit.Seed","Label":"Seed","Category":"","Description":"","Attributes":0,"ValueType":"System.String"},"Value":"1324341144"}]},{"TestCase":{"Id":"7324f389-dcd9-4fe5-e041-7de9d1eb22dc","FullyQualifiedName":"DatabaseExtended.Tests.ExtendeddatabaseTests.Ctor_ThrowException_WhenCapacityExceed","DisplayName":"Ctor_ThrowException_WhenCapacityExceed","ExecutorUri":"executor://NUnit3TestExecutor","Source":"C:\\Users\\bojid\\source\\repos\\CSharp-OOP\\UnitTesting\\ExtendedDatabase.Tests\\bin\\Debug\\netcoreapp3.1\\fine-code-coverage\\build-output\\ExtendedDatabase.Tests.dll","CodeFilePath":null,"LineNumber":0,"Properties":[{"Key":{"Id":"NUnit.Seed","Label":"Seed","Category":"","Description":"","Attributes":0,"ValueType":"System.String"},"Value":"396922928"}]},"Attachments":[],"Outcome":1,"ErrorMessage":null,"ErrorStackTrace":null,"DisplayName":"Ctor_ThrowException_WhenCapacityExceed","Messages":[],"ComputerName":"MSI","Duration":"00:00:00.0003379","StartTime":"2022-08-12T08:42:15.5730179+00:00","EndTime":"2022-08-12T08:42:15.5733556+00:00","Properties":[{"Key":{"Id":"NUnit.Seed","Label":"Seed","Category":"","Description":"","Attributes":0,"ValueType":"System.String"},"Value":"396922928"}]},{"TestCase":{"Id":"89121ba3-6700-fc28-21ce-e2aeb899b659","FullyQualifiedName":"DatabaseExtended.Tests.ExtendeddatabaseTests.FindById_ReturnsExpectedUserId_WhenUserExist","DisplayName":"FindById_ReturnsExpectedUserId_WhenUserExist","ExecutorUri":"executor://NUnit3TestExecutor","Source":"C:\\Users\\bojid\\source\\repos\\CSharp-OOP\\UnitTesting\\ExtendedDatabase.Tests\\bin\\Debug\\netcoreapp3.1\\fine-code-coverage\\build-output\\ExtendedDatabase.Tests.dll","CodeFilePath":null,"LineNumber":0,"Properties":[{"Key":{"Id":"NUnit.Seed","Label":"Seed","Category":"","Description":"","Attributes":0,"ValueType":"System.String"},"Value":"1797036183"}]},"Attachments":[],"Outcome":1,"ErrorMessage":null,"ErrorStackTrace":null,"DisplayName":"FindById_ReturnsExpectedUserId_WhenUserExist","Messages":[],"ComputerName":"MSI","Duration":"00:00:00.0001240","StartTime":"2022-08-12T08:42:15.5733647+00:00","EndTime":"2022-08-12T08:42:15.5734886+00:00","Properties":[{"Key":{"Id":"NUnit.Seed","Label":"Seed","Category":"","Description":"","Attributes":0,"ValueType":"System.String"},"Value":"1797036183"}]},{"TestCase":{"Id":"53ed9e40-b746-f413-b6ce-f51dd934498c","FullyQualifiedName":"DatabaseExtended.Tests.ExtendeddatabaseTests.FindById_ThrowException_WhenUserIdDoesNotExist","DisplayName":"FindById_ThrowException_WhenUserIdDoesNotExist","ExecutorUri":"executor://NUnit3TestExecutor","Source":"C:\\Users\\bojid\\source\\repos\\CSharp-OOP\\UnitTesting\\ExtendedDatabase.Tests\\bin\\Debug\\netcoreapp3.1\\fine-code-coverage\\build-output\\ExtendedDatabase.Tests.dll","CodeFilePath":null,"LineNumber":0,"Properties":[{"Key":{"Id":"NUnit.Seed","Label":"Seed","Category":"","Description":"","Attributes":0,"ValueType":"System.String"},"Value":"465364217"}]},"Attachments":[],"Outcome":1,"ErrorMessage":null,"ErrorStackTrace":null,"DisplayName":"FindById_ThrowException_WhenUserIdDoesNotExist","Messages":[],"ComputerName":"MSI","Duration":"00:00:00.0002000","StartTime":"2022-08-12T08:42:15.5734972+00:00","EndTime":"2022-08-12T08:42:15.5736972+00:00","Properties":[{"Key":{"Id":"NUnit.Seed","Label":"Seed","Category":"","Description":"","Attributes":0,"ValueType":"System.String"},"Value":"465364217"}]},{"TestCase":{"Id":"a7ec40db-bb75-6ac2-a11a-0e23bab56093","FullyQualifiedName":"DatabaseExtended.Tests.ExtendeddatabaseTests.FindById_ThrowsException_WhenIdIsLessThatZero(-1)","DisplayName":"FindById_ThrowsException_WhenIdIsLessThatZero(-1)","ExecutorUri":"executor://NUnit3TestExecutor","Source":"C:\\Users\\bojid\\source\\repos\\CSharp-OOP\\UnitTesting\\ExtendedDatabase.Tests\\bin\\Debug\\netcoreapp3.1\\fine-code-coverage\\build-output\\ExtendedDatabase.Tests.dll","CodeFilePath":null,"LineNumber":0,"Properties":[{"Key":{"Id":"NUnit.Seed","Label":"Seed","Category":"","Description":"","Attributes":0,"ValueType":"System.String"},"Value":"433358564"}]},"Attachments":[],"Outcome":1,"ErrorMessage":null,"ErrorStackTrace":null,"DisplayName":"FindById_ThrowsException_WhenIdIsLessThatZero(-1)","Messages":[],"ComputerName":"MSI","Duration":"00:00:00.0002810","StartTime":"2022-08-12T08:42:15.5737274+00:00","EndTime":"2022-08-12T08:42:15.5740083+00:00","Properties":[{"Key":{"Id":"NUnit.Seed","Label":"Seed","Category":"","Description":"","Attributes":0,"ValueType":"System.String"},"Value":"433358564"}]},{"TestCase":{"Id":"1b858b44-78fd-e8a3-2c5d-d2a8e547b2e7","FullyQualifiedName":"DatabaseExtended.Tests.ExtendeddatabaseTests.FindByUserName_ReturnExpectedUser_WhenUserExist","DisplayName":"FindByUserName_ReturnExpectedUser_WhenUserExist","ExecutorUri":"executor://NUnit3TestExecutor","Source":"C:\\Users\\bojid\\source\\repos\\CSharp-OOP\\UnitTesting\\ExtendedDatabase.Tests\\bin\\Debug\\netcoreapp3.1\\fine-code-coverage\\build-output\\ExtendedDatabase.Tests.dll","CodeFilePath":null,"LineNumber":0,"Properties":[{"Key":{"Id":"NUnit.Seed","Label":"Seed","Category":"","Description":"","Attributes":0,"ValueType":"System.String"},"Value":"1849014797"}]},"Attachments":[],"Outcome":1,"ErrorMessage":null,"ErrorStackTrace":null,"DisplayName":"FindByUserName_ReturnExpectedUser_WhenUserExist","Messages":[],"ComputerName":"MSI","Duration":"00:00:00.0005030","StartTime":"2022-08-12T08:42:15.5752661+00:00","EndTime":"2022-08-12T08:42:15.575769+00:00","Properties":[{"Key":{"Id":"NUnit.Seed","Label":"Seed","Category":"","Description":"","Attributes":0,"ValueType":"System.String"},"Value":"1849014797"}]}],"TestRunStatistics":{"ExecutedTests":9,"Stats":{"Passed":9}},"ActiveTests":[{"Id":"366fc995-f2e8-f9c8-05db-fb510325edcf","FullyQualifiedName":"DatabaseExtended.Tests.ExtendeddatabaseTests.FindByUserName_ThrowsException_WhenNotValidUsername(\"\")","DisplayName":"FindByUserName_ThrowsException_WhenNotValidUsername(\"\")","ExecutorUri":"executor://NUnit3TestExecutor","Source":"C:\\Users\\bojid\\source\\repos\\CSharp-OOP\\UnitTesting\\ExtendedDatabase.Tests\\bin\\Debug\\netcoreapp3.1\\fine-code-coverage\\build-output\\ExtendedDatabase.Tests.dll","CodeFilePath":null,"LineNumber":0,"Properties":[{"Key":{"Id":"NUnit.Seed","Label":"Seed","Category":"","Description":"","Attributes":0,"ValueType":"System.String"},"Value":"243622338"}]}]}}
TpTrace Verbose: 0 : 17160, 13, 2022/08/12, 11:42:15.670, 1636092978066, vstest.console.dll, TestRunRequest:SendTestRunStatsChange: Starting.
TpTrace Verbose: 0 : 17160, 13, 2022/08/12, 11:42:15.670, 1636092979292, vstest.console.dll, InProgress is FindByUserName_ThrowsException_WhenNotValidUsername("")
TpTrace Verbose: 0 : 17160, 13, 2022/08/12, 11:42:15.670, 1636092980923, vstest.console.dll, MulticastDelegateUtilities.SafeInvoke: TestRun.RunStatsChanged: Invoking callbacks was skipped because there are no subscribers.
TpTrace Information: 0 : 17160, 13, 2022/08/12, 11:42:15.670, 1636092981343, vstest.console.dll, TestRunRequest:SendTestRunStatsChange: Completed.
TpTrace Verbose: 0 : 17160, 13, 2022/08/12, 11:42:15.670, 1636092981809, vstest.console.dll, MulticastDelegateUtilities.SafeInvoke: LengthPrefixCommunicationChannel: MessageReceived: Invoking callback 1/1 for Microsoft.VisualStudio.TestPlatform.CommunicationUtilities.TestRequestSender+<>c__DisplayClass31_0.<StartTestRun>b__1, took 22 ms.
TpTrace Verbose: 0 : 17160, 13, 2022/08/12, 11:42:15.670, 1636092982144, vstest.console.dll, TcpClientExtensions.MessageLoopAsync: Polling on remoteEndPoint: 127.0.0.1:55490 localEndPoint: 127.0.0.1:55489
TpTrace Verbose: 0 : 17160, 13, 2022/08/12, 11:42:15.670, 1636092982541, vstest.console.dll, TcpClientExtensions.MessageLoopAsync: NotifyDataAvailable remoteEndPoint: 127.0.0.1:55490 localEndPoint: 127.0.0.1:55489
TpTrace Verbose: 0 : 17160, 13, 2022/08/12, 11:42:15.670, 1636092983059, vstest.console.dll, TestRequestSender.OnExecutionMessageReceived: Received message: {"Version":5,"MessageType":"TestSession.Message","Payload":{"MessageLevel":0,"Message":"NUnit Adapter 4.2.0.0: Test execution complete"}}
TpTrace Verbose: 0 : 17160, 13, 2022/08/12, 11:42:15.671, 1636092983704, vstest.console.dll, TestRunRequest:SendTestRunMessage: Starting.
TpTrace Verbose: 0 : 17160, 13, 2022/08/12, 11:42:15.671, 1636092984139, vstest.console.dll, MulticastDelegateUtilities.SafeInvoke: TestRun.LogMessages: Invoking callback 1/1 for Microsoft.VisualStudio.TestPlatform.CommandLine.TestRunResultAggregator.TestRunMessageHandler, took 0 ms.
TpTrace Information: 0 : 17160, 13, 2022/08/12, 11:42:15.671, 1636092984438, vstest.console.dll, TestRunRequest:SendTestRunMessage: Completed.
TpTrace Verbose: 0 : 17160, 13, 2022/08/12, 11:42:15.671, 1636092984726, vstest.console.dll, MulticastDelegateUtilities.SafeInvoke: LengthPrefixCommunicationChannel: MessageReceived: Invoking callback 1/1 for Microsoft.VisualStudio.TestPlatform.CommunicationUtilities.TestRequestSender+<>c__DisplayClass31_0.<StartTestRun>b__1, took 0 ms.
TpTrace Verbose: 0 : 17160, 13, 2022/08/12, 11:42:15.671, 1636092985051, vstest.console.dll, TcpClientExtensions.MessageLoopAsync: Polling on remoteEndPoint: 127.0.0.1:55490 localEndPoint: 127.0.0.1:55489
TpTrace Verbose: 0 : 17160, 4, 2022/08/12, 11:42:15.673, 1636093009710, vstest.console.dll, MulticastDelegateUtilities.SafeInvoke: InternalTestLoggerEvents.SendTestResult: Invoking callback 1/1 for Microsoft.VisualStudio.TestPlatform.CommandLine.Internal.ConsoleLogger.TestResultHandler, took 2 ms.
TpTrace Verbose: 0 : 17160, 4, 2022/08/12, 11:42:15.673, 1636093011004, vstest.console.dll, MulticastDelegateUtilities.SafeInvoke: InternalTestLoggerEvents.SendTestResult: Invoking callback 1/1 for Microsoft.VisualStudio.TestPlatform.CommandLine.Internal.ConsoleLogger.TestResultHandler, took 0 ms.
TpTrace Verbose: 0 : 17160, 4, 2022/08/12, 11:42:15.673, 1636093011711, vstest.console.dll, MulticastDelegateUtilities.SafeInvoke: InternalTestLoggerEvents.SendTestResult: Invoking callback 1/1 for Microsoft.VisualStudio.TestPlatform.CommandLine.Internal.ConsoleLogger.TestResultHandler, took 0 ms.
TpTrace Verbose: 0 : 17160, 4, 2022/08/12, 11:42:15.673, 1636093012357, vstest.console.dll, MulticastDelegateUtilities.SafeInvoke: InternalTestLoggerEvents.SendTestResult: Invoking callback 1/1 for Microsoft.VisualStudio.TestPlatform.CommandLine.Internal.ConsoleLogger.TestResultHandler, took 0 ms.
TpTrace Verbose: 0 : 17160, 4, 2022/08/12, 11:42:15.673, 1636093012805, vstest.console.dll, MulticastDelegateUtilities.SafeInvoke: InternalTestLoggerEvents.SendTestResult: Invoking callback 1/1 for Microsoft.VisualStudio.TestPlatform.CommandLine.Internal.ConsoleLogger.TestResultHandler, took 0 ms.
TpTrace Verbose: 0 : 17160, 4, 2022/08/12, 11:42:15.673, 1636093013224, vstest.console.dll, MulticastDelegateUtilities.SafeInvoke: InternalTestLoggerEvents.SendTestResult: Invoking callback 1/1 for Microsoft.VisualStudio.TestPlatform.CommandLine.Internal.ConsoleLogger.TestResultHandler, took 0 ms.
TpTrace Verbose: 0 : 17160, 4, 2022/08/12, 11:42:15.673, 1636093013637, vstest.console.dll, MulticastDelegateUtilities.SafeInvoke: InternalTestLoggerEvents.SendTestResult: Invoking callback 1/1 for Microsoft.VisualStudio.TestPlatform.CommandLine.Internal.ConsoleLogger.TestResultHandler, took 0 ms.
TpTrace Verbose: 0 : 17160, 4, 2022/08/12, 11:42:15.674, 1636093014049, vstest.console.dll, MulticastDelegateUtilities.SafeInvoke: InternalTestLoggerEvents.SendTestResult: Invoking callback 1/1 for Microsoft.VisualStudio.TestPlatform.CommandLine.Internal.ConsoleLogger.TestResultHandler, took 0 ms.
TpTrace Verbose: 0 : 17160, 4, 2022/08/12, 11:42:15.674, 1636093014484, vstest.console.dll, MulticastDelegateUtilities.SafeInvoke: InternalTestLoggerEvents.SendTestResult: Invoking callback 1/1 for Microsoft.VisualStudio.TestPlatform.CommandLine.Internal.ConsoleLogger.TestResultHandler, took 0 ms.
TpTrace Verbose: 0 : 17160, 4, 2022/08/12, 11:42:15.674, 1636093014903, vstest.console.dll, MulticastDelegateUtilities.SafeInvoke: InternalTestLoggerEvents.SendTestRunMessage: Invoking callback 1/1 for Microsoft.VisualStudio.TestPlatform.CommandLine.Internal.ConsoleLogger.TestMessageHandler, took 0 ms.
TpTrace Verbose: 0 : 17160, 13, 2022/08/12, 11:42:15.687, 1636093148093, vstest.console.dll, TcpClientExtensions.MessageLoopAsync: NotifyDataAvailable remoteEndPoint: 127.0.0.1:55490 localEndPoint: 127.0.0.1:55489
TpTrace Verbose: 0 : 17160, 13, 2022/08/12, 11:42:15.687, 1636093149928, vstest.console.dll, TestRequestSender.OnExecutionMessageReceived: Received message: {"Version":5,"MessageType":"TestExecution.Completed","Payload":{"TestRunCompleteArgs":{"TestRunStatistics":{"ExecutedTests":15,"Stats":{"Passed":15}},"IsCanceled":false,"IsAborted":false,"Error":null,"AttachmentSets":[],"ElapsedTimeInRunningTests":"00:00:00.8554051","Metrics":{}},"LastRunTests":{"NewTestResults":[{"TestCase":{"Id":"366fc995-f2e8-f9c8-05db-fb510325edcf","FullyQualifiedName":"DatabaseExtended.Tests.ExtendeddatabaseTests.FindByUserName_ThrowsException_WhenNotValidUsername(\"\")","DisplayName":"FindByUserName_ThrowsException_WhenNotValidUsername(\"\")","ExecutorUri":"executor://NUnit3TestExecutor","Source":"C:\\Users\\bojid\\source\\repos\\CSharp-OOP\\UnitTesting\\ExtendedDatabase.Tests\\bin\\Debug\\netcoreapp3.1\\fine-code-coverage\\build-output\\ExtendedDatabase.Tests.dll","CodeFilePath":null,"LineNumber":0,"Properties":[{"Key":{"Id":"NUnit.Seed","Label":"Seed","Category":"","Description":"","Attributes":0,"ValueType":"System.String"},"Value":"243622338"}]},"Attachments":[],"Outcome":1,"ErrorMessage":null,"ErrorStackTrace":null,"DisplayName":"FindByUserName_ThrowsException_WhenNotValidUsername(\"\")","Messages":[],"ComputerName":"MSI","Duration":"00:00:00.0002540","StartTime":"2022-08-12T08:42:15.5757934+00:00","EndTime":"2022-08-12T08:42:15.576047+00:00","Properties":[{"Key":{"Id":"NUnit.Seed","Label":"Seed","Category":"","Description":"","Attributes":0,"ValueType":"System.String"},"Value":"243622338"}]},{"TestCase":{"Id":"03895a8c-2e62-5b34-c764-1a28ef6c7754","FullyQualifiedName":"DatabaseExtended.Tests.ExtendeddatabaseTests.FindByUserName_ThrowsException_WhenNotValidUsername(null)","DisplayName":"FindByUserName_ThrowsException_WhenNotValidUsername(null)","ExecutorUri":"executor://NUnit3TestExecutor","Source":"C:\\Users\\bojid\\source\\repos\\CSharp-OOP\\UnitTesting\\ExtendedDatabase.Tests\\bin\\Debug\\netcoreapp3.1\\fine-code-coverage\\build-output\\ExtendedDatabase.Tests.dll","CodeFilePath":null,"LineNumber":0,"Properties":[{"Key":{"Id":"NUnit.Seed","Label":"Seed","Category":"","Description":"","Attributes":0,"ValueType":"System.String"},"Value":"158247514"}]},"Attachments":[],"Outcome":1,"ErrorMessage":null,"ErrorStackTrace":null,"DisplayName":"FindByUserName_ThrowsException_WhenNotValidUsername(null)","Messages":[],"ComputerName":"MSI","Duration":"00:00:00.0000630","StartTime":"2022-08-12T08:42:15.5760556+00:00","EndTime":"2022-08-12T08:42:15.576118+00:00","Properties":[{"Key":{"Id":"NUnit.Seed","Label":"Seed","Category":"","Description":"","Attributes":0,"ValueType":"System.String"},"Value":"158247514"}]},{"TestCase":{"Id":"33a96927-3c28-56a0-0700-8d404ed80e76","FullyQualifiedName":"DatabaseExtended.Tests.ExtendeddatabaseTests.FindByUserName_ThrowsException_WhenUserNameDoesNotExist(\"username\")","DisplayName":"FindByUserName_ThrowsException_WhenUserNameDoesNotExist(\"username\")","ExecutorUri":"executor://NUnit3TestExecutor","Source":"C:\\Users\\bojid\\source\\repos\\CSharp-OOP\\UnitTesting\\ExtendedDatabase.Tests\\bin\\Debug\\netcoreapp3.1\\fine-code-coverage\\build-output\\ExtendedDatabase.Tests.dll","CodeFilePath":null,"LineNumber":0,"Properties":[{"Key":{"Id":"NUnit.Seed","Label":"Seed","Category":"","Description":"","Attributes":0,"ValueType":"System.String"},"Value":"567283746"}]},"Attachments":[],"Outcome":1,"ErrorMessage":null,"ErrorStackTrace":null,"DisplayName":"FindByUserName_ThrowsException_WhenUserNameDoesNotExist(\"username\")","Messages":[],"ComputerName":"MSI","Duration":"00:00:00.0002310","StartTime":"2022-08-12T08:42:15.5761722+00:00","EndTime":"2022-08-12T08:42:15.5764027+00:00","Properties":[{"Key":{"Id":"NUnit.Seed","Label":"Seed","Category":"","Description":"","Attributes":0,"ValueType":"System.String"},"Value":"567283746"}]},{"TestCase":{"Id":"7dc444ce-5b8d-bf1c-69a4-3834801f2986","FullyQualifiedName":"DatabaseExtended.Tests.ExtendeddatabaseTests.Remove_RemovesPersonFromDatabase_WhenValid","DisplayName":"Remove_RemovesPersonFromDatabase_WhenValid","ExecutorUri":"executor://NUnit3TestExecutor","Source":"C:\\Users\\bojid\\source\\repos\\CSharp-OOP\\UnitTesting\\ExtendedDatabase.Tests\\bin\\Debug\\netcoreapp3.1\\fine-code-coverage\\build-output\\ExtendedDatabase.Tests.dll","CodeFilePath":null,"LineNumber":0,"Properties":[{"Key":{"Id":"NUnit.Seed","Label":"Seed","Category":"","Description":"","Attributes":0,"ValueType":"System.String"},"Value":"779824089"}]},"Attachments":[],"Outcome":1,"ErrorMessage":null,"ErrorStackTrace":null,"DisplayName":"Remove_RemovesPersonFromDatabase_WhenValid","Messages":[],"ComputerName":"MSI","Duration":"00:00:00.0003390","StartTime":"2022-08-12T08:42:15.576423+00:00","EndTime":"2022-08-12T08:42:15.5767618+00:00","Properties":[{"Key":{"Id":"NUnit.Seed","Label":"Seed","Category":"","Description":"","Attributes":0,"ValueType":"System.String"},"Value":"779824089"}]},{"TestCase":{"Id":"328a9d0a-cf1b-50d6-5dea-dc7ea1c8c576","FullyQualifiedName":"DatabaseExtended.Tests.ExtendeddatabaseTests.Remove_ThrowException_WhenDatabaseIsEmpty","DisplayName":"Remove_ThrowException_WhenDatabaseIsEmpty","ExecutorUri":"executor://NUnit3TestExecutor","Source":"C:\\Users\\bojid\\source\\repos\\CSharp-OOP\\UnitTesting\\ExtendedDatabase.Tests\\bin\\Debug\\netcoreapp3.1\\fine-code-coverage\\build-output\\ExtendedDatabase.Tests.dll","CodeFilePath":null,"LineNumber":0,"Properties":[{"Key":{"Id":"NUnit.Seed","Label":"Seed","Category":"","Description":"","Attributes":0,"ValueType":"System.String"},"Value":"998691101"}]},"Attachments":[],"Outcome":1,"ErrorMessage":null,"ErrorStackTrace":null,"DisplayName":"Remove_ThrowException_WhenDatabaseIsEmpty","Messages":[],"ComputerName":"MSI","Duration":"00:00:00.0001800","StartTime":"2022-08-12T08:42:15.5767705+00:00","EndTime":"2022-08-12T08:42:15.5769503+00:00","Properties":[{"Key":{"Id":"NUnit.Seed","Label":"Seed","Category":"","Description":"","Attributes":0,"ValueType":"System.String"},"Value":"998691101"}]},{"TestCase":{"Id":"0b7b37e9-0fcc-9431-8b1b-20b2e9abecef","FullyQualifiedName":"DatabaseExtended.Tests.ExtendeddatabaseTests.ThrowExceptionWhenCapacityExceeded","DisplayName":"ThrowExceptionWhenCapacityExceeded","ExecutorUri":"executor://NUnit3TestExecutor","Source":"C:\\Users\\bojid\\source\\repos\\CSharp-OOP\\UnitTesting\\ExtendedDatabase.Tests\\bin\\Debug\\netcoreapp3.1\\fine-code-coverage\\build-output\\ExtendedDatabase.Tests.dll","CodeFilePath":null,"LineNumber":0,"Properties":[{"Key":{"Id":"NUnit.Seed","Label":"Seed","Category":"","Description":"","Attributes":0,"ValueType":"System.String"},"Value":"1579876639"}]},"Attachments":[],"Outcome":1,"ErrorMessage":null,"ErrorStackTrace":null,"DisplayName":"ThrowExceptionWhenCapacityExceeded","Messages":[],"ComputerName":"MSI","Duration":"00:00:00.0002770","StartTime":"2022-08-12T08:42:15.5769671+00:00","EndTime":"2022-08-12T08:42:15.5772438+00:00","Properties":[{"Key":{"Id":"NUnit.Seed","Label":"Seed","Category":"","Description":"","Attributes":0,"ValueType":"System.String"},"Value":"1579876639"}]}],"TestRunStatistics":{"ExecutedTests":15,"Stats":{"Passed":15}},"ActiveTests":[]},"RunAttachments":[],"ExecutorUris":["executor://nunit3testexecutor/"]}}
TpTrace Verbose: 0 : 17160, 13, 2022/08/12, 11:42:15.687, 1636093151073, vstest.console.dll, TestRequestSender.EndSession: Sending end session.
TpTrace Verbose: 0 : 17160, 13, 2022/08/12, 11:42:15.687, 1636093152464, vstest.console.dll, ProxyOperationManager.Close: waiting for test host to exit for 100 ms
TpTrace Warning: 0 : 17160, 12, 2022/08/12, 11:42:15.703, 1636093306862, vstest.console.dll, TestHostManagerCallbacks.ErrorReceivedCallback Test host standard error line: 
TpTrace Verbose: 0 : 17160, 12, 2022/08/12, 11:42:15.714, 1636093416570, vstest.console.dll, TestHostProvider.ExitCallBack: Host exited starting callback.
TpTrace Information: 0 : 17160, 12, 2022/08/12, 11:42:15.714, 1636093420188, vstest.console.dll, TestHostManagerCallbacks.ExitCallBack: Testhost processId: 19956 exited with exitcode: 0 error: ''
TpTrace Verbose: 0 : 17160, 12, 2022/08/12, 11:42:15.714, 1636093420707, vstest.console.dll, DotnetTestHostManager.OnHostExited: invoking OnHostExited callback
TpTrace Verbose: 0 : 17160, 12, 2022/08/12, 11:42:15.714, 1636093421253, vstest.console.dll, CrossPlatEngine.TestHostManagerHostExited: calling on client process exit callback.
TpTrace Information: 0 : 17160, 12, 2022/08/12, 11:42:15.714, 1636093421754, vstest.console.dll, TestRequestSender.OnClientProcessExit: Test host process exited. Standard error: 
TpTrace Information: 0 : 17160, 12, 2022/08/12, 11:42:15.714, 1636093422161, vstest.console.dll, SocketServer.Stop: Stop server endPoint: 127.0.0.1:55489
TpTrace Information: 0 : 17160, 13, 2022/08/12, 11:42:15.714, 1636093422335, vstest.console.dll, SocketServer.Stop: Stop server endPoint: 127.0.0.1:55489
TpTrace Information: 0 : 17160, 13, 2022/08/12, 11:42:15.714, 1636093422957, vstest.console.dll, SocketServer.Stop: Cancellation requested. Stopping message loop.
TpTrace Information: 0 : 17160, 12, 2022/08/12, 11:42:15.714, 1636093422455, vstest.console.dll, SocketServer.Stop: Cancellation requested. Stopping message loop.
TpTrace Information: 0 : 17160, 13, 2022/08/12, 11:42:15.715, 1636093423819, vstest.console.dll, Closing the connection
TpTrace Verbose: 0 : 17160, 12, 2022/08/12, 11:42:15.715, 1636093424027, vstest.console.dll, MulticastDelegateUtilities.SafeInvoke: HostProviderEvents.OnHostExited: Invoking callback 1/1 for Microsoft.VisualStudio.TestPlatform.CrossPlatEngine.Client.ProxyOperationManager.TestHostManagerHostExited, took 0 ms.
TpTrace Verbose: 0 : 17160, 13, 2022/08/12, 11:42:15.715, 1636093425501, vstest.console.dll, ProxyDataCollectionManager.InvokeDataCollectionServiceAction: Starting.
TpTrace Information: 0 : 17160, 13, 2022/08/12, 11:42:15.715, 1636093425955, vstest.console.dll, ProxyDataCollectionManager.AfterTestRunEnd: Get attachment set and invoked data collectors processId: 3816 port: 55486
TpTrace Verbose: 0 : 17160, 13, 2022/08/12, 11:42:15.715, 1636093426440, vstest.console.dll, DataCollectionRequestSender.SendAfterTestRunStartAndGetResult: Send AfterTestRunEnd message with isCancelled: False
TpTrace Verbose: 0 : 17160, 13, 2022/08/12, 11:42:15.720, 1636093479355, vstest.console.dll, DataCollectionRequestSender.SendAfterTestRunStartAndGetResult: Received message: (DataCollection.AfterTestRunEndResult) -> {"MessageType":"DataCollection.AfterTestRunEndResult","Payload":{"AttachmentSets":[],"InvokedDataCollectors":[{"Uri":"datacollector://Microsoft/TestPlatform/Extensions/Blame/v1","FriendlyName":"Blame","AssemblyQualifiedName":"Microsoft.TestPlatform.Extensions.BlameDataCollector.BlameCollector, Microsoft.TestPlatform.Extensions.BlameDataCollector, Version=15.0.0.0, Culture=neutral, PublicKeyToken=b03f5f7f11d50a3a","FilePath":"C:\\Program Files\\dotnet\\sdk\\6.0.400\\Extensions\\Microsoft.TestPlatform.Extensions.BlameDataCollector.dll","HasAttachmentProcessor":false}],"Metrics":{}}}
TpTrace Information: 0 : 17160, 13, 2022/08/12, 11:42:15.724, 1636093519101, vstest.console.dll, ProxyDataCollectionManager.InvokeDataCollectionServiceAction: Completed.
TpTrace Warning: 0 : 17160, 9, 2022/08/12, 11:42:15.725, 1636093531056, vstest.console.dll, DataCollectionLauncher.ErrorReceivedCallback datacollector standard error line: 
TpTrace Information: 0 : 17160, 9, 2022/08/12, 11:42:15.729, 1636093570617, vstest.console.dll, DataCollectionLauncher.ExitCallBack: Data collector exited with exitcode: 0 error: ''
TpTrace Verbose: 0 : 17160, 13, 2022/08/12, 11:42:15.753, 1636093809328, vstest.console.dll, TestRunRequest:SendTestRunStatsChange: Starting.
TpTrace Verbose: 0 : 17160, 13, 2022/08/12, 11:42:15.753, 1636093810412, vstest.console.dll, MulticastDelegateUtilities.SafeInvoke: TestRun.RunStatsChanged: Invoking callbacks was skipped because there are no subscribers.
TpTrace Information: 0 : 17160, 13, 2022/08/12, 11:42:15.753, 1636093810763, vstest.console.dll, TestRunRequest:SendTestRunStatsChange: Completed.
TpTrace Verbose: 0 : 17160, 13, 2022/08/12, 11:42:15.753, 1636093812906, vstest.console.dll, ParallelProxyExecutionManager: HandlePartialRunComplete: Total completed clients = 1, Run complete = True, Run canceled: False.
TpTrace Verbose: 0 : 17160, 4, 2022/08/12, 11:42:15.755, 1636093826399, vstest.console.dll, MulticastDelegateUtilities.SafeInvoke: InternalTestLoggerEvents.SendTestResult: Invoking callback 1/1 for Microsoft.VisualStudio.TestPlatform.CommandLine.Internal.ConsoleLogger.TestResultHandler, took 1 ms.
TpTrace Verbose: 0 : 17160, 4, 2022/08/12, 11:42:15.755, 1636093827174, vstest.console.dll, MulticastDelegateUtilities.SafeInvoke: InternalTestLoggerEvents.SendTestResult: Invoking callback 1/1 for Microsoft.VisualStudio.TestPlatform.CommandLine.Internal.ConsoleLogger.TestResultHandler, took 0 ms.
TpTrace Verbose: 0 : 17160, 4, 2022/08/12, 11:42:15.755, 1636093827671, vstest.console.dll, MulticastDelegateUtilities.SafeInvoke: InternalTestLoggerEvents.SendTestResult: Invoking callback 1/1 for Microsoft.VisualStudio.TestPlatform.CommandLine.Internal.ConsoleLogger.TestResultHandler, took 0 ms.
TpTrace Verbose: 0 : 17160, 4, 2022/08/12, 11:42:15.755, 1636093828884, vstest.console.dll, MulticastDelegateUtilities.SafeInvoke: InternalTestLoggerEvents.SendTestResult: Invoking callback 1/1 for Microsoft.VisualStudio.TestPlatform.CommandLine.Internal.ConsoleLogger.TestResultHandler, took 0 ms.
TpTrace Verbose: 0 : 17160, 4, 2022/08/12, 11:42:15.755, 1636093829505, vstest.console.dll, MulticastDelegateUtilities.SafeInvoke: InternalTestLoggerEvents.SendTestResult: Invoking callback 1/1 for Microsoft.VisualStudio.TestPlatform.CommandLine.Internal.ConsoleLogger.TestResultHandler, took 0 ms.
TpTrace Verbose: 0 : 17160, 4, 2022/08/12, 11:42:15.755, 1636093830004, vstest.console.dll, MulticastDelegateUtilities.SafeInvoke: InternalTestLoggerEvents.SendTestResult: Invoking callback 1/1 for Microsoft.VisualStudio.TestPlatform.CommandLine.Internal.ConsoleLogger.TestResultHandler, took 0 ms.
TpTrace Verbose: 0 : 17160, 4, 2022/08/12, 11:42:15.761, 1636093892093, vstest.console.dll, MulticastDelegateUtilities.SafeInvoke: InternalTestLoggerEvents.SendTestRunComplete: Invoking callback 1/2 for Microsoft.TestPlatform.Extensions.BlameDataCollector.BlameLogger.TestRunCompleteHandler, took 0 ms.
TpTrace Verbose: 0 : 17160, 4, 2022/08/12, 11:42:15.765, 1636093933107, vstest.console.dll, MulticastDelegateUtilities.SafeInvoke: InternalTestLoggerEvents.SendTestRunComplete: Invoking callback 2/2 for Microsoft.VisualStudio.TestPlatform.CommandLine.Internal.ConsoleLogger.TestRunCompleteHandler, took 4 ms.
TpTrace Verbose: 0 : 17160, 13, 2022/08/12, 11:42:15.766, 1636093936250, vstest.console.dll, TestRunRequest:TestRunComplete: Starting. IsAborted:False IsCanceled:False.
TpTrace Verbose: 0 : 17160, 13, 2022/08/12, 11:42:15.767, 1636093945392, vstest.console.dll, TestLoggerManager.HandleTestRunComplete: Ignoring as the object is disposed.
TpTrace Verbose: 0 : 17160, 13, 2022/08/12, 11:42:15.767, 1636093946938, vstest.console.dll, MulticastDelegateUtilities.SafeInvoke: TestRun.TestRunComplete: Invoking callback 1/2 for Microsoft.VisualStudio.TestPlatform.CommandLine.TestRunResultAggregator.TestRunCompletionHandler, took 0 ms.
TpTrace Verbose: 0 : 17160, 13, 2022/08/12, 11:42:15.767, 1636093947597, vstest.console.dll, MulticastDelegateUtilities.SafeInvoke: TestRun.TestRunComplete: Invoking callback 2/2 for Microsoft.VisualStudio.TestPlatform.CommandLine.Processors.RunTestsArgumentExecutor+TestRunRequestEventsRegistrar.TestRunRequest_OnRunCompletion, took 0 ms.
TpTrace Information: 0 : 17160, 13, 2022/08/12, 11:42:15.767, 1636093948443, vstest.console.dll, TestRunRequest:TestRunComplete: Completed.
TpTrace Verbose: 0 : 17160, 13, 2022/08/12, 11:42:15.767, 1636093948840, vstest.console.dll, TestRequestSender.SetOperationComplete: Setting operation complete.
TpTrace Verbose: 0 : 17160, 1, 2022/08/12, 11:42:15.767, 1636093948960, vstest.console.dll, TestRunRequest.Dispose: Starting.
TpTrace Information: 0 : 17160, 1, 2022/08/12, 11:42:15.767, 1636093949760, vstest.console.dll, TestRunRequest.Dispose: Completed.
TpTrace Information: 0 : 17160, 1, 2022/08/12, 11:42:15.767, 1636093950221, vstest.console.dll, TestRequestManager.RunTests: run tests completed.
TpTrace Information: 0 : 17160, 13, 2022/08/12, 11:42:15.767, 1636093949163, vstest.console.dll, SocketServer.Stop: Stop server endPoint: 127.0.0.1:55489
TpTrace Information: 0 : 17160, 1, 2022/08/12, 11:42:15.767, 1636093950894, vstest.console.dll, RunTestsArgumentProcessor:Execute: Test run is completed.
TpTrace Information: 0 : 17160, 13, 2022/08/12, 11:42:15.767, 1636093951076, vstest.console.dll, SocketServer.Stop: Cancellation requested. Stopping message loop.
TpTrace Verbose: 0 : 17160, 13, 2022/08/12, 11:42:15.767, 1636093952345, vstest.console.dll, MulticastDelegateUtilities.SafeInvoke: LengthPrefixCommunicationChannel: MessageReceived: Invoking callback 1/1 for Microsoft.VisualStudio.TestPlatform.CommunicationUtilities.TestRequestSender+<>c__DisplayClass31_0.<StartTestRun>b__1, took 80 ms.
TpTrace Information: 0 : 17160, 13, 2022/08/12, 11:42:15.767, 1636093952926, vstest.console.dll, SocketServer.PrivateStop: Stopping server endPoint: 127.0.0.1:55489 error: 
TpTrace Verbose: 0 : 17160, 1, 2022/08/12, 11:42:15.767, 1636093952497, vstest.console.dll, Executor.Execute: Exiting with exit code of 0
TpTrace Verbose: 0 : 17160, 13, 2022/08/12, 11:42:15.768, 1636093956998, vstest.console.dll, LengthPrefixCommunicationChannel.Dispose: Dispose reader and writer.
