TpTrace Verbose: 0 : 26204, 1, 2022/08/12, 16:57:11.565, 1825051930984, vstest.console.dll, Version: 17.3.0-release-20220708-01 Current process architecture: X64
TpTrace Verbose: 0 : 26204, 1, 2022/08/12, 16:57:11.567, 1825051947952, vstest.console.dll, Runtime location: C:\Program Files\dotnet\shared\Microsoft.NETCore.App\6.0.8
TpTrace Information: 0 : 26204, 1, 2022/08/12, 16:57:11.572, 1825051997166, vstest.console.dll, FilePatternParser: The given file C:\Users\bojid\source\repos\CSharp-OOP\UnitTesting\FightingArena.Tests\bin\Debug\netcoreapp3.1\fine-code-coverage\build-output\FightingArena.Tests.dll is a full path.
TpTrace Verbose: 0 : 26204, 1, 2022/08/12, 16:57:11.579, 1825052070203, vstest.console.dll, TestPluginCache.DiscoverTestExtensions: finding test extensions in assemblies ends with: RuntimeProvider.dll TPluginInfo: Microsoft.VisualStudio.TestPlatform.Common.ExtensionFramework.Utilities.TestRuntimePluginInformation TExtension: Microsoft.VisualStudio.TestPlatform.ObjectModel.Host.ITestRuntimeProvider
TpTrace Verbose: 0 : 26204, 1, 2022/08/12, 16:57:11.579, 1825052072402, vstest.console.dll, TestPluginCache.GetExtensionPaths: Filtered extension paths: 
TpTrace Verbose: 0 : 26204, 1, 2022/08/12, 16:57:11.579, 1825052073145, vstest.console.dll, TestPluginCache.GetExtensionPaths: Added default extension paths: C:\Program Files\dotnet\sdk\6.0.400\Extensions\Microsoft.Diagnostics.NETCore.Client.dll
C:\Program Files\dotnet\sdk\6.0.400\Extensions\Microsoft.TestPlatform.Extensions.BlameDataCollector.dll
C:\Program Files\dotnet\sdk\6.0.400\Extensions\Microsoft.TestPlatform.Extensions.EventLogCollector.dll
C:\Program Files\dotnet\sdk\6.0.400\Extensions\Microsoft.TestPlatform.TestHostRuntimeProvider.dll
C:\Program Files\dotnet\sdk\6.0.400\Extensions\Microsoft.VisualStudio.TestPlatform.Extensions.Html.TestLogger.dll
C:\Program Files\dotnet\sdk\6.0.400\Extensions\Microsoft.VisualStudio.TestPlatform.Extensions.Trx.TestLogger.dll
TpTrace Verbose: 0 : 26204, 1, 2022/08/12, 16:57:11.579, 1825052073575, vstest.console.dll, TestPluginCache.GetExtensionPaths: Added unfilterableExtensionPaths: 
TpTrace Information: 0 : 26204, 1, 2022/08/12, 16:57:11.580, 1825052078433, vstest.console.dll, AssemblyResolver.ctor: Creating AssemblyResolver with searchDirectories C:\Program Files\dotnet\sdk\6.0.400\Extensions,C:\Program Files\dotnet\sdk\6.0.400
TpTrace Verbose: 0 : 26204, 1, 2022/08/12, 16:57:11.581, 1825052086589, vstest.console.dll, TestPluginCache.DiscoverTestExtensions: Discovering the extensions using extension path.
TpTrace Verbose: 0 : 26204, 1, 2022/08/12, 16:57:11.581, 1825052087724, vstest.console.dll, TestPluginCache.GetExtensionPaths: Filtered extension paths: 
TpTrace Verbose: 0 : 26204, 1, 2022/08/12, 16:57:11.581, 1825052088159, vstest.console.dll, TestPluginCache.GetExtensionPaths: Added default extension paths: C:\Program Files\dotnet\sdk\6.0.400\Extensions\Microsoft.Diagnostics.NETCore.Client.dll
C:\Program Files\dotnet\sdk\6.0.400\Extensions\Microsoft.TestPlatform.Extensions.BlameDataCollector.dll
C:\Program Files\dotnet\sdk\6.0.400\Extensions\Microsoft.TestPlatform.Extensions.EventLogCollector.dll
C:\Program Files\dotnet\sdk\6.0.400\Extensions\Microsoft.TestPlatform.TestHostRuntimeProvider.dll
C:\Program Files\dotnet\sdk\6.0.400\Extensions\Microsoft.VisualStudio.TestPlatform.Extensions.Html.TestLogger.dll
C:\Program Files\dotnet\sdk\6.0.400\Extensions\Microsoft.VisualStudio.TestPlatform.Extensions.Trx.TestLogger.dll
TpTrace Verbose: 0 : 26204, 1, 2022/08/12, 16:57:11.581, 1825052088541, vstest.console.dll, TestPluginCache.GetExtensionPaths: Added unfilterableExtensionPaths: 
TpTrace Verbose: 0 : 26204, 1, 2022/08/12, 16:57:11.581, 1825052089096, vstest.console.dll, TestPluginCache.DiscoverTestExtensions: Discovering the extensions using allExtensionPaths: C:\Program Files\dotnet\sdk\6.0.400\Extensions\Microsoft.Diagnostics.NETCore.Client.dll
C:\Program Files\dotnet\sdk\6.0.400\Extensions\Microsoft.TestPlatform.Extensions.BlameDataCollector.dll
C:\Program Files\dotnet\sdk\6.0.400\Extensions\Microsoft.TestPlatform.Extensions.EventLogCollector.dll
C:\Program Files\dotnet\sdk\6.0.400\Extensions\Microsoft.TestPlatform.TestHostRuntimeProvider.dll
C:\Program Files\dotnet\sdk\6.0.400\Extensions\Microsoft.VisualStudio.TestPlatform.Extensions.Html.TestLogger.dll
C:\Program Files\dotnet\sdk\6.0.400\Extensions\Microsoft.VisualStudio.TestPlatform.Extensions.Trx.TestLogger.dll
TpTrace Information: 0 : 26204, 1, 2022/08/12, 16:57:11.581, 1825052090660, vstest.console.dll, AssemblyResolver.AddSearchDirectories: Adding more searchDirectories C:\Program Files\dotnet\sdk\6.0.400\Extensions,C:\Program Files\dotnet\sdk\6.0.400
TpTrace Information: 0 : 26204, 1, 2022/08/12, 16:57:11.581, 1825052091185, vstest.console.dll, AssemblyResolver.AddSearchDirectories: Adding more searchDirectories C:\Program Files\dotnet\sdk\6.0.400\Extensions,C:\Program Files\dotnet\sdk\6.0.400
TpTrace Information: 0 : 26204, 1, 2022/08/12, 16:57:11.581, 1825052091584, vstest.console.dll, AssemblyResolver.AddSearchDirectories: Adding more searchDirectories C:\Program Files\dotnet\sdk\6.0.400\Extensions,C:\Program Files\dotnet\sdk\6.0.400
TpTrace Information: 0 : 26204, 1, 2022/08/12, 16:57:11.581, 1825052091919, vstest.console.dll, AssemblyResolver.AddSearchDirectories: Adding more searchDirectories C:\Program Files\dotnet\sdk\6.0.400\Extensions,C:\Program Files\dotnet\sdk\6.0.400
TpTrace Information: 0 : 26204, 1, 2022/08/12, 16:57:11.581, 1825052092242, vstest.console.dll, AssemblyResolver.AddSearchDirectories: Adding more searchDirectories C:\Program Files\dotnet\sdk\6.0.400\Extensions,C:\Program Files\dotnet\sdk\6.0.400
TpTrace Information: 0 : 26204, 1, 2022/08/12, 16:57:11.581, 1825052092594, vstest.console.dll, AssemblyResolver.AddSearchDirectories: Adding more searchDirectories C:\Program Files\dotnet\sdk\6.0.400\Extensions,C:\Program Files\dotnet\sdk\6.0.400
TpTrace Information: 0 : 26204, 1, 2022/08/12, 16:57:11.582, 1825052095410, vstest.console.dll, AssemblyResolver.OnResolve: Microsoft.Diagnostics.NETCore.Client: Resolving assembly.
TpTrace Information: 0 : 26204, 1, 2022/08/12, 16:57:11.582, 1825052096051, vstest.console.dll, AssemblyResolver.OnResolve: Microsoft.Diagnostics.NETCore.Client: Searching in: 'C:\Program Files\dotnet\sdk\6.0.400\Extensions'.
TpTrace Information: 0 : 26204, 1, 2022/08/12, 16:57:11.582, 1825052099720, vstest.console.dll, AssemblyResolver.OnResolve: Microsoft.Diagnostics.NETCore.Client: Loading assembly 'C:\Program Files\dotnet\sdk\6.0.400\Extensions\Microsoft.Diagnostics.NETCore.Client.dll'.
TpTrace Information: 0 : 26204, 1, 2022/08/12, 16:57:11.583, 1825052105416, vstest.console.dll, AssemblyResolver.OnResolve: Resolved assembly: Microsoft.Diagnostics.NETCore.Client, from path: C:\Program Files\dotnet\sdk\6.0.400\Extensions\Microsoft.Diagnostics.NETCore.Client.dll
TpTrace Verbose: 0 : 26204, 1, 2022/08/12, 16:57:11.587, 1825052143888, vstest.console.dll, MetadataReaderExtensionsHelper: Discovering extensions inside assembly 'Microsoft.Diagnostics.NETCore.Client, Version=0.2.5.801, Culture=neutral, PublicKeyToken=31bf3856ad364e35' file path 'C:\Program Files\dotnet\sdk\6.0.400\Extensions\Microsoft.Diagnostics.NETCore.Client.dll'
TpTrace Information: 0 : 26204, 1, 2022/08/12, 16:57:11.596, 1825052234058, vstest.console.dll, AssemblyResolver.OnResolve: Microsoft.Bcl.AsyncInterfaces: Resolving assembly.
TpTrace Information: 0 : 26204, 1, 2022/08/12, 16:57:11.596, 1825052235169, vstest.console.dll, AssemblyResolver.OnResolve: Microsoft.Bcl.AsyncInterfaces: Searching in: 'C:\Program Files\dotnet\sdk\6.0.400\Extensions'.
TpTrace Information: 0 : 26204, 1, 2022/08/12, 16:57:11.596, 1825052235859, vstest.console.dll, AssemblyResolver.OnResolve: Microsoft.Bcl.AsyncInterfaces: Assembly path does not exist: 'C:\Program Files\dotnet\sdk\6.0.400\Extensions\Microsoft.Bcl.AsyncInterfaces.dll', returning.
TpTrace Information: 0 : 26204, 1, 2022/08/12, 16:57:11.596, 1825052236963, vstest.console.dll, AssemblyResolver.OnResolve: Microsoft.Bcl.AsyncInterfaces: Assembly path does not exist: 'C:\Program Files\dotnet\sdk\6.0.400\Extensions\Microsoft.Bcl.AsyncInterfaces.exe', returning.
TpTrace Information: 0 : 26204, 1, 2022/08/12, 16:57:11.596, 1825052237770, vstest.console.dll, AssemblyResolver.OnResolve: Microsoft.Bcl.AsyncInterfaces: Searching in: 'C:\Program Files\dotnet\sdk\6.0.400'.
TpTrace Information: 0 : 26204, 1, 2022/08/12, 16:57:11.596, 1825052238394, vstest.console.dll, AssemblyResolver.OnResolve: Microsoft.Bcl.AsyncInterfaces: Assembly path does not exist: 'C:\Program Files\dotnet\sdk\6.0.400\Microsoft.Bcl.AsyncInterfaces.dll', returning.
TpTrace Information: 0 : 26204, 1, 2022/08/12, 16:57:11.596, 1825052238940, vstest.console.dll, AssemblyResolver.OnResolve: Microsoft.Bcl.AsyncInterfaces: Assembly path does not exist: 'C:\Program Files\dotnet\sdk\6.0.400\Microsoft.Bcl.AsyncInterfaces.exe', returning.
TpTrace Information: 0 : 26204, 1, 2022/08/12, 16:57:11.596, 1825052239259, vstest.console.dll, AssemblyResolver.OnResolve: Microsoft.Bcl.AsyncInterfaces: Failed to load assembly.
TpTrace Verbose: 0 : 26204, 1, 2022/08/12, 16:57:11.596, 1825052239682, vstest.console.dll, CurrentDomainAssemblyResolve: Resolving assembly 'Microsoft.Bcl.AsyncInterfaces'.
TpTrace Information: 0 : 26204, 1, 2022/08/12, 16:57:11.596, 1825052240705, vstest.console.dll, AssemblyResolver.OnResolve: Microsoft.Bcl.AsyncInterfaces: Resolving assembly.
TpTrace Information: 0 : 26204, 1, 2022/08/12, 16:57:11.596, 1825052241129, vstest.console.dll, AssemblyResolver.OnResolve: Microsoft.Bcl.AsyncInterfaces: Resolved from cache.
TpTrace Verbose: 0 : 26204, 1, 2022/08/12, 16:57:11.596, 1825052241459, vstest.console.dll, CurrentDomainAssemblyResolve: Resolving assembly 'Microsoft.Bcl.AsyncInterfaces'.
TpTrace Verbose: 0 : 26204, 1, 2022/08/12, 16:57:11.596, 1825052241815, vstest.console.dll, CurrentDomainAssemblyResolve: Failed to resolve assembly 'Microsoft.Bcl.AsyncInterfaces'.
TpTrace Verbose: 0 : 26204, 1, 2022/08/12, 16:57:11.597, 1825052246508, vstest.console.dll, CurrentDomainAssemblyResolve: Failed to resolve assembly 'Microsoft.Bcl.AsyncInterfaces'.
TpTrace Warning: 0 : 26204, 1, 2022/08/12, 16:57:11.607, 1825052347425, vstest.console.dll, TestPluginDiscoverer: Failed to get types from assembly 'Microsoft.Diagnostics.NETCore.Client, Version=0.2.5.801, Culture=neutral, PublicKeyToken=31bf3856ad364e35'. Error: System.Reflection.ReflectionTypeLoadException: Unable to load one or more of the requested types.
Could not load file or assembly 'Microsoft.Bcl.AsyncInterfaces, Version=1.0.0.0, Culture=neutral, PublicKeyToken=cc7b13ffcd2ddd51'. The system cannot find the file specified.
   at System.Reflection.RuntimeModule.GetTypes(RuntimeModule module)
   at System.Reflection.Assembly.GetTypes()
   at Microsoft.VisualStudio.TestPlatform.Common.ExtensionFramework.TestPluginDiscoverer.GetTestExtensionsFromAssembly[TPluginInfo,TExtension](Assembly assembly, Dictionary`2 pluginInfos, String filePath)
System.IO.FileNotFoundException: Could not load file or assembly 'Microsoft.Bcl.AsyncInterfaces, Version=1.0.0.0, Culture=neutral, PublicKeyToken=cc7b13ffcd2ddd51'. The system cannot find the file specified.
File name: 'Microsoft.Bcl.AsyncInterfaces, Version=1.0.0.0, Culture=neutral, PublicKeyToken=cc7b13ffcd2ddd51'
 ---> System.IO.FileNotFoundException: Could not load file or assembly 'Microsoft.Bcl.AsyncInterfaces, Culture=neutral, PublicKeyToken=null'. The system cannot find the file specified.
File name: 'Microsoft.Bcl.AsyncInterfaces, Culture=neutral, PublicKeyToken=null'
   at System.Reflection.RuntimeAssembly.InternalLoad(ObjectHandleOnStack assemblyName, ObjectHandleOnStack requestingAssembly, StackCrawlMarkHandle stackMark, Boolean throwOnFileNotFound, ObjectHandleOnStack assemblyLoadContext, ObjectHandleOnStack retAssembly)
   at System.Reflection.RuntimeAssembly.InternalLoad(AssemblyName assemblyName, RuntimeAssembly requestingAssembly, StackCrawlMark& stackMark, Boolean throwOnFileNotFound, AssemblyLoadContext assemblyLoadContext)
   at System.Reflection.Assembly.Load(AssemblyName assemblyRef)
   at Microsoft.VisualStudio.TestPlatform.Common.ExtensionFramework.TestPluginCache.CurrentDomainAssemblyResolve(Object sender, AssemblyResolveEventArgs args)
   at Microsoft.VisualStudio.TestPlatform.PlatformAbstractions.PlatformAssemblyResolver.AssemblyResolverEvent(Object sender, Object eventArgs)
   at System.Runtime.Loader.AssemblyLoadContext.GetFirstResolvedAssemblyFromResolvingEvent(AssemblyName assemblyName)
   at System.Runtime.Loader.AssemblyLoadContext.ResolveUsingEvent(AssemblyName assemblyName)
   at System.Runtime.Loader.AssemblyLoadContext.ResolveUsingResolvingEvent(IntPtr gchManagedAssemblyLoadContext, AssemblyName assemblyName)
TpTrace Warning: 0 : 26204, 1, 2022/08/12, 16:57:11.607, 1825052350772, vstest.console.dll, LoaderExceptions: System.IO.FileNotFoundException: Could not load file or assembly 'Microsoft.Bcl.AsyncInterfaces, Version=1.0.0.0, Culture=neutral, PublicKeyToken=cc7b13ffcd2ddd51'. The system cannot find the file specified.
File name: 'Microsoft.Bcl.AsyncInterfaces, Version=1.0.0.0, Culture=neutral, PublicKeyToken=cc7b13ffcd2ddd51'
 ---> System.IO.FileNotFoundException: Could not load file or assembly 'Microsoft.Bcl.AsyncInterfaces, Culture=neutral, PublicKeyToken=null'. The system cannot find the file specified.
File name: 'Microsoft.Bcl.AsyncInterfaces, Culture=neutral, PublicKeyToken=null'
   at System.Reflection.RuntimeAssembly.InternalLoad(ObjectHandleOnStack assemblyName, ObjectHandleOnStack requestingAssembly, StackCrawlMarkHandle stackMark, Boolean throwOnFileNotFound, ObjectHandleOnStack assemblyLoadContext, ObjectHandleOnStack retAssembly)
   at System.Reflection.RuntimeAssembly.InternalLoad(AssemblyName assemblyName, RuntimeAssembly requestingAssembly, StackCrawlMark& stackMark, Boolean throwOnFileNotFound, AssemblyLoadContext assemblyLoadContext)
   at System.Reflection.Assembly.Load(AssemblyName assemblyRef)
   at Microsoft.VisualStudio.TestPlatform.Common.ExtensionFramework.TestPluginCache.CurrentDomainAssemblyResolve(Object sender, AssemblyResolveEventArgs args)
   at Microsoft.VisualStudio.TestPlatform.PlatformAbstractions.PlatformAssemblyResolver.AssemblyResolverEvent(Object sender, Object eventArgs)
   at System.Runtime.Loader.AssemblyLoadContext.GetFirstResolvedAssemblyFromResolvingEvent(AssemblyName assemblyName)
   at System.Runtime.Loader.AssemblyLoadContext.ResolveUsingEvent(AssemblyName assemblyName)
   at System.Runtime.Loader.AssemblyLoadContext.ResolveUsingResolvingEvent(IntPtr gchManagedAssemblyLoadContext, AssemblyName assemblyName)
TpTrace Information: 0 : 26204, 1, 2022/08/12, 16:57:11.607, 1825052352103, vstest.console.dll, AssemblyResolver.OnResolve: Microsoft.TestPlatform.Extensions.BlameDataCollector: Resolving assembly.
TpTrace Information: 0 : 26204, 1, 2022/08/12, 16:57:11.607, 1825052352548, vstest.console.dll, AssemblyResolver.OnResolve: Microsoft.TestPlatform.Extensions.BlameDataCollector: Searching in: 'C:\Program Files\dotnet\sdk\6.0.400\Extensions'.
TpTrace Information: 0 : 26204, 1, 2022/08/12, 16:57:11.608, 1825052354868, vstest.console.dll, AssemblyResolver.OnResolve: Microsoft.TestPlatform.Extensions.BlameDataCollector: Loading assembly 'C:\Program Files\dotnet\sdk\6.0.400\Extensions\Microsoft.TestPlatform.Extensions.BlameDataCollector.dll'.
TpTrace Information: 0 : 26204, 1, 2022/08/12, 16:57:11.608, 1825052359823, vstest.console.dll, AssemblyResolver.OnResolve: Resolved assembly: Microsoft.TestPlatform.Extensions.BlameDataCollector, from path: C:\Program Files\dotnet\sdk\6.0.400\Extensions\Microsoft.TestPlatform.Extensions.BlameDataCollector.dll
TpTrace Verbose: 0 : 26204, 1, 2022/08/12, 16:57:11.608, 1825052360481, vstest.console.dll, MetadataReaderExtensionsHelper: Discovering extensions inside assembly 'Microsoft.TestPlatform.Extensions.BlameDataCollector, Version=15.0.0.0, Culture=neutral, PublicKeyToken=b03f5f7f11d50a3a' file path 'C:\Program Files\dotnet\sdk\6.0.400\Extensions\Microsoft.TestPlatform.Extensions.BlameDataCollector.dll'
TpTrace Information: 0 : 26204, 1, 2022/08/12, 16:57:11.609, 1825052369791, vstest.console.dll, AssemblyResolver.OnResolve: Microsoft.TestPlatform.Extensions.EventLogCollector: Resolving assembly.
TpTrace Information: 0 : 26204, 1, 2022/08/12, 16:57:11.609, 1825052370705, vstest.console.dll, AssemblyResolver.OnResolve: Microsoft.TestPlatform.Extensions.EventLogCollector: Searching in: 'C:\Program Files\dotnet\sdk\6.0.400\Extensions'.
TpTrace Information: 0 : 26204, 1, 2022/08/12, 16:57:11.609, 1825052372891, vstest.console.dll, AssemblyResolver.OnResolve: Microsoft.TestPlatform.Extensions.EventLogCollector: Loading assembly 'C:\Program Files\dotnet\sdk\6.0.400\Extensions\Microsoft.TestPlatform.Extensions.EventLogCollector.dll'.
TpTrace Information: 0 : 26204, 1, 2022/08/12, 16:57:11.610, 1825052376605, vstest.console.dll, AssemblyResolver.OnResolve: Resolved assembly: Microsoft.TestPlatform.Extensions.EventLogCollector, from path: C:\Program Files\dotnet\sdk\6.0.400\Extensions\Microsoft.TestPlatform.Extensions.EventLogCollector.dll
TpTrace Verbose: 0 : 26204, 1, 2022/08/12, 16:57:11.610, 1825052377226, vstest.console.dll, MetadataReaderExtensionsHelper: Discovering extensions inside assembly 'Microsoft.TestPlatform.Extensions.EventLogCollector, Version=15.0.0.0, Culture=neutral, PublicKeyToken=b03f5f7f11d50a3a' file path 'C:\Program Files\dotnet\sdk\6.0.400\Extensions\Microsoft.TestPlatform.Extensions.EventLogCollector.dll'
TpTrace Information: 0 : 26204, 1, 2022/08/12, 16:57:11.611, 1825052391750, vstest.console.dll, AssemblyResolver.OnResolve: Microsoft.TestPlatform.TestHostRuntimeProvider: Resolving assembly.
TpTrace Information: 0 : 26204, 1, 2022/08/12, 16:57:11.611, 1825052392271, vstest.console.dll, AssemblyResolver.OnResolve: Microsoft.TestPlatform.TestHostRuntimeProvider: Searching in: 'C:\Program Files\dotnet\sdk\6.0.400\Extensions'.
TpTrace Information: 0 : 26204, 1, 2022/08/12, 16:57:11.612, 1825052394344, vstest.console.dll, AssemblyResolver.OnResolve: Microsoft.TestPlatform.TestHostRuntimeProvider: Loading assembly 'C:\Program Files\dotnet\sdk\6.0.400\Extensions\Microsoft.TestPlatform.TestHostRuntimeProvider.dll'.
TpTrace Information: 0 : 26204, 1, 2022/08/12, 16:57:11.612, 1825052398518, vstest.console.dll, AssemblyResolver.OnResolve: Resolved assembly: Microsoft.TestPlatform.TestHostRuntimeProvider, from path: C:\Program Files\dotnet\sdk\6.0.400\Extensions\Microsoft.TestPlatform.TestHostRuntimeProvider.dll
TpTrace Verbose: 0 : 26204, 1, 2022/08/12, 16:57:11.612, 1825052399130, vstest.console.dll, MetadataReaderExtensionsHelper: Discovering extensions inside assembly 'Microsoft.TestPlatform.TestHostRuntimeProvider, Version=15.0.0.0, Culture=neutral, PublicKeyToken=b03f5f7f11d50a3a' file path 'C:\Program Files\dotnet\sdk\6.0.400\Extensions\Microsoft.TestPlatform.TestHostRuntimeProvider.dll'
TpTrace Information: 0 : 26204, 1, 2022/08/12, 16:57:11.614, 1825052414623, vstest.console.dll, GetTestExtensionFromType: Register extension with identifier data 'HostProvider://DefaultTestHost' and type 'Microsoft.VisualStudio.TestPlatform.CrossPlatEngine.Hosting.DefaultTestHostManager, Microsoft.TestPlatform.TestHostRuntimeProvider, Version=15.0.0.0, Culture=neutral, PublicKeyToken=b03f5f7f11d50a3a' inside file 'C:\Program Files\dotnet\sdk\6.0.400\Extensions\Microsoft.TestPlatform.TestHostRuntimeProvider.dll'
TpTrace Information: 0 : 26204, 1, 2022/08/12, 16:57:11.614, 1825052415629, vstest.console.dll, GetTestExtensionFromType: Register extension with identifier data 'HostProvider://DotnetTestHost' and type 'Microsoft.VisualStudio.TestPlatform.CrossPlatEngine.Hosting.DotnetTestHostManager, Microsoft.TestPlatform.TestHostRuntimeProvider, Version=15.0.0.0, Culture=neutral, PublicKeyToken=b03f5f7f11d50a3a' inside file 'C:\Program Files\dotnet\sdk\6.0.400\Extensions\Microsoft.TestPlatform.TestHostRuntimeProvider.dll'
TpTrace Information: 0 : 26204, 1, 2022/08/12, 16:57:11.614, 1825052416391, vstest.console.dll, AssemblyResolver.OnResolve: Microsoft.VisualStudio.TestPlatform.Extensions.Html.TestLogger: Resolving assembly.
TpTrace Information: 0 : 26204, 1, 2022/08/12, 16:57:11.614, 1825052416783, vstest.console.dll, AssemblyResolver.OnResolve: Microsoft.VisualStudio.TestPlatform.Extensions.Html.TestLogger: Searching in: 'C:\Program Files\dotnet\sdk\6.0.400\Extensions'.
TpTrace Information: 0 : 26204, 1, 2022/08/12, 16:57:11.614, 1825052419199, vstest.console.dll, AssemblyResolver.OnResolve: Microsoft.VisualStudio.TestPlatform.Extensions.Html.TestLogger: Loading assembly 'C:\Program Files\dotnet\sdk\6.0.400\Extensions\Microsoft.VisualStudio.TestPlatform.Extensions.Html.TestLogger.dll'.
TpTrace Information: 0 : 26204, 1, 2022/08/12, 16:57:11.615, 1825052424123, vstest.console.dll, AssemblyResolver.OnResolve: Resolved assembly: Microsoft.VisualStudio.TestPlatform.Extensions.Html.TestLogger, from path: C:\Program Files\dotnet\sdk\6.0.400\Extensions\Microsoft.VisualStudio.TestPlatform.Extensions.Html.TestLogger.dll
TpTrace Verbose: 0 : 26204, 1, 2022/08/12, 16:57:11.615, 1825052424765, vstest.console.dll, MetadataReaderExtensionsHelper: Discovering extensions inside assembly 'Microsoft.VisualStudio.TestPlatform.Extensions.Html.TestLogger, Version=15.0.0.0, Culture=neutral, PublicKeyToken=b03f5f7f11d50a3a' file path 'C:\Program Files\dotnet\sdk\6.0.400\Extensions\Microsoft.VisualStudio.TestPlatform.Extensions.Html.TestLogger.dll'
TpTrace Information: 0 : 26204, 1, 2022/08/12, 16:57:11.615, 1825052429845, vstest.console.dll, AssemblyResolver.OnResolve: Microsoft.VisualStudio.TestPlatform.Extensions.Trx.TestLogger: Resolving assembly.
TpTrace Information: 0 : 26204, 1, 2022/08/12, 16:57:11.615, 1825052430343, vstest.console.dll, AssemblyResolver.OnResolve: Microsoft.VisualStudio.TestPlatform.Extensions.Trx.TestLogger: Searching in: 'C:\Program Files\dotnet\sdk\6.0.400\Extensions'.
TpTrace Information: 0 : 26204, 1, 2022/08/12, 16:57:11.615, 1825052432551, vstest.console.dll, AssemblyResolver.OnResolve: Microsoft.VisualStudio.TestPlatform.Extensions.Trx.TestLogger: Loading assembly 'C:\Program Files\dotnet\sdk\6.0.400\Extensions\Microsoft.VisualStudio.TestPlatform.Extensions.Trx.TestLogger.dll'.
TpTrace Information: 0 : 26204, 1, 2022/08/12, 16:57:11.616, 1825052437187, vstest.console.dll, AssemblyResolver.OnResolve: Resolved assembly: Microsoft.VisualStudio.TestPlatform.Extensions.Trx.TestLogger, from path: C:\Program Files\dotnet\sdk\6.0.400\Extensions\Microsoft.VisualStudio.TestPlatform.Extensions.Trx.TestLogger.dll
TpTrace Verbose: 0 : 26204, 1, 2022/08/12, 16:57:11.616, 1825052437789, vstest.console.dll, MetadataReaderExtensionsHelper: Discovering extensions inside assembly 'Microsoft.VisualStudio.TestPlatform.Extensions.Trx.TestLogger, Version=15.0.0.0, Culture=neutral, PublicKeyToken=b03f5f7f11d50a3a' file path 'C:\Program Files\dotnet\sdk\6.0.400\Extensions\Microsoft.VisualStudio.TestPlatform.Extensions.Trx.TestLogger.dll'
TpTrace Verbose: 0 : 26204, 1, 2022/08/12, 16:57:11.617, 1825052444252, vstest.console.dll, TestPluginCache: Discovered the extensions using extension path ''.
TpTrace Verbose: 0 : 26204, 1, 2022/08/12, 16:57:11.617, 1825052444789, vstest.console.dll, TestPluginCache: Discoverers are ''.
TpTrace Verbose: 0 : 26204, 1, 2022/08/12, 16:57:11.617, 1825052445148, vstest.console.dll, TestPluginCache: Executors are ''.
TpTrace Verbose: 0 : 26204, 1, 2022/08/12, 16:57:11.617, 1825052445435, vstest.console.dll, TestPluginCache: Executors2 are ''.
TpTrace Verbose: 0 : 26204, 1, 2022/08/12, 16:57:11.617, 1825052445705, vstest.console.dll, TestPluginCache: Setting providers are ''.
TpTrace Verbose: 0 : 26204, 1, 2022/08/12, 16:57:11.617, 1825052445976, vstest.console.dll, TestPluginCache: Loggers are ''.
TpTrace Verbose: 0 : 26204, 1, 2022/08/12, 16:57:11.617, 1825052447218, vstest.console.dll, TestPluginCache: TestHosts are 'HostProvider://DefaultTestHost,HostProvider://DotnetTestHost'.
TpTrace Verbose: 0 : 26204, 1, 2022/08/12, 16:57:11.617, 1825052447596, vstest.console.dll, TestPluginCache: DataCollectors are ''.
TpTrace Information: 0 : 26204, 1, 2022/08/12, 16:57:11.625, 1825052533527, vstest.console.dll, RunTestsArgumentProcessor:Execute: Test run is starting.
TpTrace Verbose: 0 : 26204, 1, 2022/08/12, 16:57:11.626, 1825052534436, vstest.console.dll, RunTestsArgumentProcessor:Execute: Queuing Test run.
TpTrace Information: 0 : 26204, 1, 2022/08/12, 16:57:11.626, 1825052536379, vstest.console.dll, TestRequestManager.RunTests: run tests started.
TpTrace Information: 0 : 26204, 1, 2022/08/12, 16:57:11.634, 1825052620461, vstest.console.dll, AssemblyMetadataProvider.GetFrameworkName: Determined framework:'.NETCoreApp,Version=v3.1' for source: 'C:\Users\bojid\source\repos\CSharp-OOP\UnitTesting\FightingArena.Tests\bin\Debug\netcoreapp3.1\fine-code-coverage\build-output\FightingArena.Tests.dll'
TpTrace Information: 0 : 26204, 1, 2022/08/12, 16:57:11.634, 1825052622074, vstest.console.dll, Determined framework for all sources: .NETCoreApp,Version=v3.1
TpTrace Verbose: 0 : 26204, 1, 2022/08/12, 16:57:11.635, 1825052626578, vstest.console.dll, TestRequestManager.UpdateRunSettingsIfRequired: Default architecture: X64 IsDefaultTargetArchitecture: True, Current process architecture: X64 OperatingSystem: Windows.
TpTrace Information: 0 : 26204, 1, 2022/08/12, 16:57:11.637, 1825052647273, vstest.console.dll, AssemblyMetadataProvider.GetArchitecture: Determined architecture:AnyCPU info for assembly: C:\Users\bojid\source\repos\CSharp-OOP\UnitTesting\FightingArena.Tests\bin\Debug\netcoreapp3.1\fine-code-coverage\build-output\FightingArena.Tests.dll
TpTrace Information: 0 : 26204, 1, 2022/08/12, 16:57:11.637, 1825052647755, vstest.console.dll, Determined platform for source 'C:\Users\bojid\source\repos\CSharp-OOP\UnitTesting\FightingArena.Tests\bin\Debug\netcoreapp3.1\fine-code-coverage\build-output\FightingArena.Tests.dll' was AnyCPU and it will use the default plaform X64.
TpTrace Information: 0 : 26204, 1, 2022/08/12, 16:57:11.637, 1825052648140, vstest.console.dll, None of the sources provided any runnable platform, using the default platform: X64
TpTrace Information: 0 : 26204, 1, 2022/08/12, 16:57:11.637, 1825052648802, vstest.console.dll, Platform was updated to 'X64'.
TpTrace Information: 0 : 26204, 1, 2022/08/12, 16:57:11.640, 1825052677938, vstest.console.dll, InferRunSettingsHelper.IsTestSettingsEnabled: Unable to navigate to RunSettings/MSTest. Current node: RunSettings
TpTrace Information: 0 : 26204, 1, 2022/08/12, 16:57:11.640, 1825052682959, vstest.console.dll, AssemblyResolver.OnResolve: Microsoft.VisualStudio.TestPlatform.Fakes: Resolving assembly.
TpTrace Information: 0 : 26204, 1, 2022/08/12, 16:57:11.640, 1825052683526, vstest.console.dll, AssemblyResolver.OnResolve: Microsoft.VisualStudio.TestPlatform.Fakes: Searching in: 'C:\Program Files\dotnet\sdk\6.0.400\Extensions'.
TpTrace Information: 0 : 26204, 1, 2022/08/12, 16:57:11.641, 1825052684271, vstest.console.dll, AssemblyResolver.OnResolve: Microsoft.VisualStudio.TestPlatform.Fakes: Assembly path does not exist: 'C:\Program Files\dotnet\sdk\6.0.400\Extensions\Microsoft.VisualStudio.TestPlatform.Fakes.dll', returning.
TpTrace Information: 0 : 26204, 1, 2022/08/12, 16:57:11.641, 1825052684834, vstest.console.dll, AssemblyResolver.OnResolve: Microsoft.VisualStudio.TestPlatform.Fakes: Assembly path does not exist: 'C:\Program Files\dotnet\sdk\6.0.400\Extensions\Microsoft.VisualStudio.TestPlatform.Fakes.exe', returning.
TpTrace Information: 0 : 26204, 1, 2022/08/12, 16:57:11.641, 1825052685198, vstest.console.dll, AssemblyResolver.OnResolve: Microsoft.VisualStudio.TestPlatform.Fakes: Searching in: 'C:\Program Files\dotnet\sdk\6.0.400'.
TpTrace Information: 0 : 26204, 1, 2022/08/12, 16:57:11.641, 1825052685761, vstest.console.dll, AssemblyResolver.OnResolve: Microsoft.VisualStudio.TestPlatform.Fakes: Assembly path does not exist: 'C:\Program Files\dotnet\sdk\6.0.400\Microsoft.VisualStudio.TestPlatform.Fakes.dll', returning.
TpTrace Information: 0 : 26204, 1, 2022/08/12, 16:57:11.641, 1825052686310, vstest.console.dll, AssemblyResolver.OnResolve: Microsoft.VisualStudio.TestPlatform.Fakes: Assembly path does not exist: 'C:\Program Files\dotnet\sdk\6.0.400\Microsoft.VisualStudio.TestPlatform.Fakes.exe', returning.
TpTrace Information: 0 : 26204, 1, 2022/08/12, 16:57:11.641, 1825052686629, vstest.console.dll, AssemblyResolver.OnResolve: Microsoft.VisualStudio.TestPlatform.Fakes: Failed to load assembly.
TpTrace Information: 0 : 26204, 1, 2022/08/12, 16:57:11.641, 1825052688827, vstest.console.dll, Failed to load assembly Microsoft.VisualStudio.TestPlatform.Fakes, Version=17.0.0.0, Culture=neutral. Reason:System.IO.FileNotFoundException: Could not load file or assembly 'Microsoft.VisualStudio.TestPlatform.Fakes, Version=17.0.0.0, Culture=neutral, PublicKeyToken=null'. The system cannot find the file specified.
File name: 'Microsoft.VisualStudio.TestPlatform.Fakes, Version=17.0.0.0, Culture=neutral, PublicKeyToken=null'
   at System.Reflection.RuntimeAssembly.InternalLoad(ObjectHandleOnStack assemblyName, ObjectHandleOnStack requestingAssembly, StackCrawlMarkHandle stackMark, Boolean throwOnFileNotFound, ObjectHandleOnStack assemblyLoadContext, ObjectHandleOnStack retAssembly)
   at System.Reflection.RuntimeAssembly.InternalLoad(AssemblyName assemblyName, RuntimeAssembly requestingAssembly, StackCrawlMark& stackMark, Boolean throwOnFileNotFound, AssemblyLoadContext assemblyLoadContext)
   at System.Reflection.Assembly.Load(AssemblyName assemblyRef)
   at Microsoft.VisualStudio.TestPlatform.Common.Utilities.FakesUtilities.LoadTestPlatformAssembly()
TpTrace Verbose: 0 : 26204, 1, 2022/08/12, 16:57:11.644, 1825052717424, vstest.console.dll, TestPluginCache.DiscoverTestExtensions: finding test extensions in assemblies ends with: TestLogger.dll TPluginInfo: Microsoft.VisualStudio.TestPlatform.Common.ExtensionFramework.Utilities.TestLoggerPluginInformation TExtension: Microsoft.VisualStudio.TestPlatform.ObjectModel.Client.ITestLogger
TpTrace Verbose: 0 : 26204, 1, 2022/08/12, 16:57:11.644, 1825052718091, vstest.console.dll, TestPluginCache.GetExtensionPaths: Filtered extension paths: 
TpTrace Verbose: 0 : 26204, 1, 2022/08/12, 16:57:11.644, 1825052718452, vstest.console.dll, TestPluginCache.GetExtensionPaths: Added default extension paths: C:\Program Files\dotnet\sdk\6.0.400\Extensions\Microsoft.Diagnostics.NETCore.Client.dll
C:\Program Files\dotnet\sdk\6.0.400\Extensions\Microsoft.TestPlatform.Extensions.BlameDataCollector.dll
C:\Program Files\dotnet\sdk\6.0.400\Extensions\Microsoft.TestPlatform.Extensions.EventLogCollector.dll
C:\Program Files\dotnet\sdk\6.0.400\Extensions\Microsoft.TestPlatform.TestHostRuntimeProvider.dll
C:\Program Files\dotnet\sdk\6.0.400\Extensions\Microsoft.VisualStudio.TestPlatform.Extensions.Html.TestLogger.dll
C:\Program Files\dotnet\sdk\6.0.400\Extensions\Microsoft.VisualStudio.TestPlatform.Extensions.Trx.TestLogger.dll
TpTrace Verbose: 0 : 26204, 1, 2022/08/12, 16:57:11.644, 1825052718812, vstest.console.dll, TestPluginCache.GetExtensionPaths: Added unfilterableExtensionPaths: 
TpTrace Information: 0 : 26204, 1, 2022/08/12, 16:57:11.644, 1825052719726, vstest.console.dll, AssemblyResolver.AddSearchDirectories: Adding more searchDirectories C:\Program Files\dotnet\sdk\6.0.400\Extensions,C:\Program Files\dotnet\sdk\6.0.400
TpTrace Verbose: 0 : 26204, 1, 2022/08/12, 16:57:11.644, 1825052720160, vstest.console.dll, TestPluginCache.DiscoverTestExtensions: Discovering the extensions using extension path.
TpTrace Verbose: 0 : 26204, 1, 2022/08/12, 16:57:11.644, 1825052720590, vstest.console.dll, TestPluginCache.GetExtensionPaths: Filtered extension paths: 
TpTrace Verbose: 0 : 26204, 1, 2022/08/12, 16:57:11.644, 1825052720902, vstest.console.dll, TestPluginCache.GetExtensionPaths: Added default extension paths: C:\Program Files\dotnet\sdk\6.0.400\Extensions\Microsoft.Diagnostics.NETCore.Client.dll
C:\Program Files\dotnet\sdk\6.0.400\Extensions\Microsoft.TestPlatform.Extensions.BlameDataCollector.dll
C:\Program Files\dotnet\sdk\6.0.400\Extensions\Microsoft.TestPlatform.Extensions.EventLogCollector.dll
C:\Program Files\dotnet\sdk\6.0.400\Extensions\Microsoft.TestPlatform.TestHostRuntimeProvider.dll
C:\Program Files\dotnet\sdk\6.0.400\Extensions\Microsoft.VisualStudio.TestPlatform.Extensions.Html.TestLogger.dll
C:\Program Files\dotnet\sdk\6.0.400\Extensions\Microsoft.VisualStudio.TestPlatform.Extensions.Trx.TestLogger.dll
TpTrace Verbose: 0 : 26204, 1, 2022/08/12, 16:57:11.644, 1825052721670, vstest.console.dll, TestPluginCache.GetExtensionPaths: Added unfilterableExtensionPaths: 
TpTrace Verbose: 0 : 26204, 1, 2022/08/12, 16:57:11.644, 1825052722209, vstest.console.dll, TestPluginCache.DiscoverTestExtensions: Discovering the extensions using allExtensionPaths: C:\Program Files\dotnet\sdk\6.0.400\Extensions\Microsoft.Diagnostics.NETCore.Client.dll
C:\Program Files\dotnet\sdk\6.0.400\Extensions\Microsoft.TestPlatform.Extensions.BlameDataCollector.dll
C:\Program Files\dotnet\sdk\6.0.400\Extensions\Microsoft.TestPlatform.Extensions.EventLogCollector.dll
C:\Program Files\dotnet\sdk\6.0.400\Extensions\Microsoft.TestPlatform.TestHostRuntimeProvider.dll
C:\Program Files\dotnet\sdk\6.0.400\Extensions\Microsoft.VisualStudio.TestPlatform.Extensions.Html.TestLogger.dll
C:\Program Files\dotnet\sdk\6.0.400\Extensions\Microsoft.VisualStudio.TestPlatform.Extensions.Trx.TestLogger.dll
TpTrace Information: 0 : 26204, 1, 2022/08/12, 16:57:11.644, 1825052722728, vstest.console.dll, AssemblyResolver.AddSearchDirectories: Adding more searchDirectories C:\Program Files\dotnet\sdk\6.0.400\Extensions,C:\Program Files\dotnet\sdk\6.0.400
TpTrace Information: 0 : 26204, 1, 2022/08/12, 16:57:11.644, 1825052723086, vstest.console.dll, AssemblyResolver.AddSearchDirectories: Adding more searchDirectories C:\Program Files\dotnet\sdk\6.0.400\Extensions,C:\Program Files\dotnet\sdk\6.0.400
TpTrace Information: 0 : 26204, 1, 2022/08/12, 16:57:11.644, 1825052723404, vstest.console.dll, AssemblyResolver.AddSearchDirectories: Adding more searchDirectories C:\Program Files\dotnet\sdk\6.0.400\Extensions,C:\Program Files\dotnet\sdk\6.0.400
TpTrace Information: 0 : 26204, 1, 2022/08/12, 16:57:11.645, 1825052723768, vstest.console.dll, AssemblyResolver.AddSearchDirectories: Adding more searchDirectories C:\Program Files\dotnet\sdk\6.0.400\Extensions,C:\Program Files\dotnet\sdk\6.0.400
TpTrace Information: 0 : 26204, 1, 2022/08/12, 16:57:11.645, 1825052724108, vstest.console.dll, AssemblyResolver.AddSearchDirectories: Adding more searchDirectories C:\Program Files\dotnet\sdk\6.0.400\Extensions,C:\Program Files\dotnet\sdk\6.0.400
TpTrace Information: 0 : 26204, 1, 2022/08/12, 16:57:11.645, 1825052724419, vstest.console.dll, AssemblyResolver.AddSearchDirectories: Adding more searchDirectories C:\Program Files\dotnet\sdk\6.0.400\Extensions,C:\Program Files\dotnet\sdk\6.0.400
TpTrace Verbose: 0 : 26204, 1, 2022/08/12, 16:57:11.645, 1825052725397, vstest.console.dll, MetadataReaderExtensionsHelper: Discovering extensions inside assembly 'Microsoft.Diagnostics.NETCore.Client, Version=0.2.5.801, Culture=neutral, PublicKeyToken=31bf3856ad364e35' file path 'C:\Program Files\dotnet\sdk\6.0.400\Extensions\Microsoft.Diagnostics.NETCore.Client.dll'
TpTrace Information: 0 : 26204, 1, 2022/08/12, 16:57:11.645, 1825052728881, vstest.console.dll, AssemblyResolver.OnResolve: Microsoft.Bcl.AsyncInterfaces: Resolving assembly.
TpTrace Information: 0 : 26204, 1, 2022/08/12, 16:57:11.645, 1825052729377, vstest.console.dll, AssemblyResolver.OnResolve: Microsoft.Bcl.AsyncInterfaces: Resolved from cache.
TpTrace Verbose: 0 : 26204, 1, 2022/08/12, 16:57:11.645, 1825052729723, vstest.console.dll, CurrentDomainAssemblyResolve: Resolving assembly 'Microsoft.Bcl.AsyncInterfaces'.
TpTrace Information: 0 : 26204, 1, 2022/08/12, 16:57:11.645, 1825052730156, vstest.console.dll, AssemblyResolver.OnResolve: Microsoft.Bcl.AsyncInterfaces: Resolving assembly.
TpTrace Information: 0 : 26204, 1, 2022/08/12, 16:57:11.645, 1825052730466, vstest.console.dll, AssemblyResolver.OnResolve: Microsoft.Bcl.AsyncInterfaces: Resolved from cache.
TpTrace Verbose: 0 : 26204, 1, 2022/08/12, 16:57:11.645, 1825052730776, vstest.console.dll, CurrentDomainAssemblyResolve: Resolving assembly 'Microsoft.Bcl.AsyncInterfaces'.
TpTrace Verbose: 0 : 26204, 1, 2022/08/12, 16:57:11.645, 1825052731060, vstest.console.dll, CurrentDomainAssemblyResolve: Failed to resolve assembly 'Microsoft.Bcl.AsyncInterfaces'.
TpTrace Verbose: 0 : 26204, 1, 2022/08/12, 16:57:11.645, 1825052732314, vstest.console.dll, CurrentDomainAssemblyResolve: Failed to resolve assembly 'Microsoft.Bcl.AsyncInterfaces'.
TpTrace Warning: 0 : 26204, 1, 2022/08/12, 16:57:11.646, 1825052735759, vstest.console.dll, TestPluginDiscoverer: Failed to get types from assembly 'Microsoft.Diagnostics.NETCore.Client, Version=0.2.5.801, Culture=neutral, PublicKeyToken=31bf3856ad364e35'. Error: System.Reflection.ReflectionTypeLoadException: Unable to load one or more of the requested types.
Could not load file or assembly 'Microsoft.Bcl.AsyncInterfaces, Version=1.0.0.0, Culture=neutral, PublicKeyToken=cc7b13ffcd2ddd51'. The system cannot find the file specified.
   at System.Reflection.RuntimeModule.GetTypes(RuntimeModule module)
   at System.Reflection.Assembly.GetTypes()
   at Microsoft.VisualStudio.TestPlatform.Common.ExtensionFramework.TestPluginDiscoverer.GetTestExtensionsFromAssembly[TPluginInfo,TExtension](Assembly assembly, Dictionary`2 pluginInfos, String filePath)
System.IO.FileNotFoundException: Could not load file or assembly 'Microsoft.Bcl.AsyncInterfaces, Version=1.0.0.0, Culture=neutral, PublicKeyToken=cc7b13ffcd2ddd51'. The system cannot find the file specified.
File name: 'Microsoft.Bcl.AsyncInterfaces, Version=1.0.0.0, Culture=neutral, PublicKeyToken=cc7b13ffcd2ddd51'
 ---> System.IO.FileNotFoundException: Could not load file or assembly 'Microsoft.Bcl.AsyncInterfaces, Culture=neutral, PublicKeyToken=null'. The system cannot find the file specified.
File name: 'Microsoft.Bcl.AsyncInterfaces, Culture=neutral, PublicKeyToken=null'
   at System.Reflection.RuntimeAssembly.InternalLoad(ObjectHandleOnStack assemblyName, ObjectHandleOnStack requestingAssembly, StackCrawlMarkHandle stackMark, Boolean throwOnFileNotFound, ObjectHandleOnStack assemblyLoadContext, ObjectHandleOnStack retAssembly)
   at System.Reflection.RuntimeAssembly.InternalLoad(AssemblyName assemblyName, RuntimeAssembly requestingAssembly, StackCrawlMark& stackMark, Boolean throwOnFileNotFound, AssemblyLoadContext assemblyLoadContext)
   at System.Reflection.Assembly.Load(AssemblyName assemblyRef)
   at Microsoft.VisualStudio.TestPlatform.Common.ExtensionFramework.TestPluginCache.CurrentDomainAssemblyResolve(Object sender, AssemblyResolveEventArgs args)
   at Microsoft.VisualStudio.TestPlatform.PlatformAbstractions.PlatformAssemblyResolver.AssemblyResolverEvent(Object sender, Object eventArgs)
   at System.Runtime.Loader.AssemblyLoadContext.GetFirstResolvedAssemblyFromResolvingEvent(AssemblyName assemblyName)
   at System.Runtime.Loader.AssemblyLoadContext.ResolveUsingEvent(AssemblyName assemblyName)
   at System.Runtime.Loader.AssemblyLoadContext.ResolveUsingResolvingEvent(IntPtr gchManagedAssemblyLoadContext, AssemblyName assemblyName)
TpTrace Warning: 0 : 26204, 1, 2022/08/12, 16:57:11.646, 1825052737375, vstest.console.dll, LoaderExceptions: System.IO.FileNotFoundException: Could not load file or assembly 'Microsoft.Bcl.AsyncInterfaces, Version=1.0.0.0, Culture=neutral, PublicKeyToken=cc7b13ffcd2ddd51'. The system cannot find the file specified.
File name: 'Microsoft.Bcl.AsyncInterfaces, Version=1.0.0.0, Culture=neutral, PublicKeyToken=cc7b13ffcd2ddd51'
 ---> System.IO.FileNotFoundException: Could not load file or assembly 'Microsoft.Bcl.AsyncInterfaces, Culture=neutral, PublicKeyToken=null'. The system cannot find the file specified.
File name: 'Microsoft.Bcl.AsyncInterfaces, Culture=neutral, PublicKeyToken=null'
   at System.Reflection.RuntimeAssembly.InternalLoad(ObjectHandleOnStack assemblyName, ObjectHandleOnStack requestingAssembly, StackCrawlMarkHandle stackMark, Boolean throwOnFileNotFound, ObjectHandleOnStack assemblyLoadContext, ObjectHandleOnStack retAssembly)
   at System.Reflection.RuntimeAssembly.InternalLoad(AssemblyName assemblyName, RuntimeAssembly requestingAssembly, StackCrawlMark& stackMark, Boolean throwOnFileNotFound, AssemblyLoadContext assemblyLoadContext)
   at System.Reflection.Assembly.Load(AssemblyName assemblyRef)
   at Microsoft.VisualStudio.TestPlatform.Common.ExtensionFramework.TestPluginCache.CurrentDomainAssemblyResolve(Object sender, AssemblyResolveEventArgs args)
   at Microsoft.VisualStudio.TestPlatform.PlatformAbstractions.PlatformAssemblyResolver.AssemblyResolverEvent(Object sender, Object eventArgs)
   at System.Runtime.Loader.AssemblyLoadContext.GetFirstResolvedAssemblyFromResolvingEvent(AssemblyName assemblyName)
   at System.Runtime.Loader.AssemblyLoadContext.ResolveUsingEvent(AssemblyName assemblyName)
   at System.Runtime.Loader.AssemblyLoadContext.ResolveUsingResolvingEvent(IntPtr gchManagedAssemblyLoadContext, AssemblyName assemblyName)
TpTrace Verbose: 0 : 26204, 1, 2022/08/12, 16:57:11.646, 1825052738146, vstest.console.dll, MetadataReaderExtensionsHelper: Discovering extensions inside assembly 'Microsoft.TestPlatform.Extensions.BlameDataCollector, Version=15.0.0.0, Culture=neutral, PublicKeyToken=b03f5f7f11d50a3a' file path 'C:\Program Files\dotnet\sdk\6.0.400\Extensions\Microsoft.TestPlatform.Extensions.BlameDataCollector.dll'
TpTrace Information: 0 : 26204, 1, 2022/08/12, 16:57:11.646, 1825052741428, vstest.console.dll, GetTestExtensionFromType: Register extension with identifier data 'logger://Microsoft/TestPlatform/Extensions/Blame/v1' and type 'Microsoft.TestPlatform.Extensions.BlameDataCollector.BlameLogger, Microsoft.TestPlatform.Extensions.BlameDataCollector, Version=15.0.0.0, Culture=neutral, PublicKeyToken=b03f5f7f11d50a3a' inside file 'C:\Program Files\dotnet\sdk\6.0.400\Extensions\Microsoft.TestPlatform.Extensions.BlameDataCollector.dll'
TpTrace Verbose: 0 : 26204, 1, 2022/08/12, 16:57:11.646, 1825052742006, vstest.console.dll, MetadataReaderExtensionsHelper: Discovering extensions inside assembly 'Microsoft.TestPlatform.Extensions.EventLogCollector, Version=15.0.0.0, Culture=neutral, PublicKeyToken=b03f5f7f11d50a3a' file path 'C:\Program Files\dotnet\sdk\6.0.400\Extensions\Microsoft.TestPlatform.Extensions.EventLogCollector.dll'
TpTrace Verbose: 0 : 26204, 1, 2022/08/12, 16:57:11.647, 1825052744481, vstest.console.dll, MetadataReaderExtensionsHelper: Discovering extensions inside assembly 'Microsoft.TestPlatform.TestHostRuntimeProvider, Version=15.0.0.0, Culture=neutral, PublicKeyToken=b03f5f7f11d50a3a' file path 'C:\Program Files\dotnet\sdk\6.0.400\Extensions\Microsoft.TestPlatform.TestHostRuntimeProvider.dll'
TpTrace Verbose: 0 : 26204, 1, 2022/08/12, 16:57:11.647, 1825052746980, vstest.console.dll, MetadataReaderExtensionsHelper: Discovering extensions inside assembly 'Microsoft.VisualStudio.TestPlatform.Extensions.Html.TestLogger, Version=15.0.0.0, Culture=neutral, PublicKeyToken=b03f5f7f11d50a3a' file path 'C:\Program Files\dotnet\sdk\6.0.400\Extensions\Microsoft.VisualStudio.TestPlatform.Extensions.Html.TestLogger.dll'
TpTrace Information: 0 : 26204, 1, 2022/08/12, 16:57:11.647, 1825052749777, vstest.console.dll, GetTestExtensionFromType: Register extension with identifier data 'logger://Microsoft/TestPlatform/HtmlLogger/v1' and type 'Microsoft.VisualStudio.TestPlatform.Extensions.HtmlLogger.HtmlLogger, Microsoft.VisualStudio.TestPlatform.Extensions.Html.TestLogger, Version=15.0.0.0, Culture=neutral, PublicKeyToken=b03f5f7f11d50a3a' inside file 'C:\Program Files\dotnet\sdk\6.0.400\Extensions\Microsoft.VisualStudio.TestPlatform.Extensions.Html.TestLogger.dll'
TpTrace Verbose: 0 : 26204, 1, 2022/08/12, 16:57:11.647, 1825052750386, vstest.console.dll, MetadataReaderExtensionsHelper: Discovering extensions inside assembly 'Microsoft.VisualStudio.TestPlatform.Extensions.Trx.TestLogger, Version=15.0.0.0, Culture=neutral, PublicKeyToken=b03f5f7f11d50a3a' file path 'C:\Program Files\dotnet\sdk\6.0.400\Extensions\Microsoft.VisualStudio.TestPlatform.Extensions.Trx.TestLogger.dll'
TpTrace Information: 0 : 26204, 1, 2022/08/12, 16:57:11.647, 1825052753445, vstest.console.dll, GetTestExtensionFromType: Register extension with identifier data 'logger://Microsoft/TestPlatform/TrxLogger/v1' and type 'Microsoft.VisualStudio.TestPlatform.Extensions.TrxLogger.TrxLogger, Microsoft.VisualStudio.TestPlatform.Extensions.Trx.TestLogger, Version=15.0.0.0, Culture=neutral, PublicKeyToken=b03f5f7f11d50a3a' inside file 'C:\Program Files\dotnet\sdk\6.0.400\Extensions\Microsoft.VisualStudio.TestPlatform.Extensions.Trx.TestLogger.dll'
TpTrace Verbose: 0 : 26204, 1, 2022/08/12, 16:57:11.648, 1825052754068, vstest.console.dll, TestPluginCache: Discovered the extensions using extension path ''.
TpTrace Verbose: 0 : 26204, 1, 2022/08/12, 16:57:11.648, 1825052754419, vstest.console.dll, TestPluginCache: Discoverers are ''.
TpTrace Verbose: 0 : 26204, 1, 2022/08/12, 16:57:11.648, 1825052754703, vstest.console.dll, TestPluginCache: Executors are ''.
TpTrace Verbose: 0 : 26204, 1, 2022/08/12, 16:57:11.648, 1825052754975, vstest.console.dll, TestPluginCache: Executors2 are ''.
TpTrace Verbose: 0 : 26204, 1, 2022/08/12, 16:57:11.648, 1825052755244, vstest.console.dll, TestPluginCache: Setting providers are ''.
TpTrace Verbose: 0 : 26204, 1, 2022/08/12, 16:57:11.648, 1825052755842, vstest.console.dll, TestPluginCache: Loggers are 'logger://Microsoft/TestPlatform/Extensions/Blame/v1,logger://Microsoft/TestPlatform/HtmlLogger/v1,logger://Microsoft/TestPlatform/TrxLogger/v1'.
TpTrace Verbose: 0 : 26204, 1, 2022/08/12, 16:57:11.648, 1825052756291, vstest.console.dll, TestPluginCache: TestHosts are 'HostProvider://DefaultTestHost,HostProvider://DotnetTestHost'.
TpTrace Verbose: 0 : 26204, 1, 2022/08/12, 16:57:11.648, 1825052756598, vstest.console.dll, TestPluginCache: DataCollectors are ''.
TpTrace Information: 0 : 26204, 1, 2022/08/12, 16:57:11.648, 1825052761479, vstest.console.dll, TestPluginManager.CreateTestExtension: Attempting to load test extension: Microsoft.TestPlatform.Extensions.BlameDataCollector.BlameLogger
TpTrace Verbose: 0 : 26204, 1, 2022/08/12, 16:57:11.652, 1825052799870, vstest.console.dll, TestEngine: Initializing Parallel Execution as MaxCpuCount is set to: 1
TpTrace Information: 0 : 26204, 1, 2022/08/12, 16:57:11.653, 1825052811245, vstest.console.dll, TestPluginManager.CreateTestExtension: Attempting to load test extension: Microsoft.VisualStudio.TestPlatform.CrossPlatEngine.Hosting.DefaultTestHostManager
TpTrace Information: 0 : 26204, 1, 2022/08/12, 16:57:11.654, 1825052818771, vstest.console.dll, TestPluginManager.CreateTestExtension: Attempting to load test extension: Microsoft.VisualStudio.TestPlatform.CrossPlatEngine.Hosting.DotnetTestHostManager
TpTrace Information: 0 : 26204, 1, 2022/08/12, 16:57:11.654, 1825052823076, vstest.console.dll, InferRunSettingsHelper.IsTestSettingsEnabled: Unable to navigate to RunSettings/MSTest. Current node: RunSettings
TpTrace Verbose: 0 : 26204, 1, 2022/08/12, 16:57:11.658, 1825052863469, vstest.console.dll, TestEngine.GetExecutionManager: Chosen execution manager 'Microsoft.VisualStudio.TestPlatform.CrossPlatEngine.Client.Parallel.ParallelProxyExecutionManager, Microsoft.TestPlatform.CrossPlatEngine, Version=15.0.0.0, Culture=neutral, PublicKeyToken=b03f5f7f11d50a3a' ParallelLevel '1'.
TpTrace Verbose: 0 : 26204, 1, 2022/08/12, 16:57:11.659, 1825052865069, vstest.console.dll, TestRunRequest.ExecuteAsync: Creating test run request.
TpTrace Verbose: 0 : 26204, 1, 2022/08/12, 16:57:11.659, 1825052867035, vstest.console.dll, TestRunRequest.ExecuteAsync: Starting.
TpTrace Information: 0 : 26204, 1, 2022/08/12, 16:57:11.659, 1825052869709, vstest.console.dll, TestRunRequest.ExecuteAsync: Starting run with settings:TestRunCriteria:
   KeepAlive=False,FrequencyOfRunStatsChangeEvent=10,RunStatsChangeEventTimeout=00:00:01.5000000,TestCaseFilter=,TestExecutorLauncher=
   Settingsxml=<RunSettings>
  <RunConfiguration>
    <ResultsDirectory>C:\Users\bojid\source\repos\CSharp-OOP\UnitTesting\FightingArena.Tests\bin\Debug\netcoreapp3.1\fine-code-coverage\coverage-tool-output</ResultsDirectory>
    <TargetPlatform>X64</TargetPlatform>
    <TargetFrameworkVersion>.NETCoreApp,Version=v3.1</TargetFrameworkVersion>
    <DesignMode>False</DesignMode>
    <CollectSourceInformation>False</CollectSourceInformation>
  </RunConfiguration>
  <LoggerRunSettings>
    <Loggers>
      <Logger friendlyName="blame" enabled="True" />
      <Logger friendlyName="Console" uri="logger://microsoft/TestPlatform/ConsoleLogger/v1" assemblyQualifiedName="Microsoft.VisualStudio.TestPlatform.CommandLine.Internal.ConsoleLogger, vstest.console, Version=15.0.0.0, Culture=neutral, PublicKeyToken=b03f5f7f11d50a3a" codeBase="C:\Program Files\dotnet\sdk\6.0.400\vstest.console.dll" enabled="True" />
    </Loggers>
  </LoggerRunSettings>
  <DataCollectionRunSettings>
    <DataCollectors>
      <DataCollector friendlyName="blame" enabled="True">
        <Configuration>
          <ResultsDirectory>C:\Users\bojid\source\repos\CSharp-OOP\UnitTesting\FightingArena.Tests\bin\Debug\netcoreapp3.1\fine-code-coverage\coverage-tool-output</ResultsDirectory>
        </Configuration>
      </DataCollector>
    </DataCollectors>
  </DataCollectionRunSettings>
</RunSettings>

TpTrace Verbose: 0 : 26204, 1, 2022/08/12, 16:57:11.659, 1825052870285, vstest.console.dll, TestRunRequest.ExecuteAsync: Wait for the first run request is over.
TpTrace Verbose: 0 : 26204, 1, 2022/08/12, 16:57:11.659, 1825052872533, vstest.console.dll, MulticastDelegateUtilities.SafeInvoke: TestRun.TestRunStart: Invoking callbacks was skipped because there are no subscribers.
TpTrace Verbose: 0 : 26204, 4, 2022/08/12, 16:57:11.660, 1825052874672, vstest.console.dll, MulticastDelegateUtilities.SafeInvoke: InternalTestLoggerEvents.SendTestRunStart: Invoking callback 1/1 for Microsoft.VisualStudio.TestPlatform.CommandLine.Internal.ConsoleLogger.TestRunStartHandler, took 0 ms.
TpTrace Verbose: 0 : 26204, 1, 2022/08/12, 16:57:11.660, 1825052880192, vstest.console.dll, ParallelProxyExecutionManager: Start execution. Total sources: 1
TpTrace Verbose: 0 : 26204, 1, 2022/08/12, 16:57:11.661, 1825052892143, vstest.console.dll, TestRequestSender is acting as server.
TpTrace Verbose: 0 : 26204, 1, 2022/08/12, 16:57:11.662, 1825052902369, vstest.console.dll, DataCollectionRequestSender.InitializeCommunication : Initialize communication. 
TpTrace Information: 0 : 26204, 1, 2022/08/12, 16:57:11.667, 1825052953536, vstest.console.dll, Listening on Endpoint : 127.0.0.1:57275
TpTrace Verbose: 0 : 26204, 1, 2022/08/12, 16:57:11.674, 1825053014101, vstest.console.dll, DotnetDataCollectionLauncher: Adding  --runtimeconfig "C:\Program Files\dotnet\sdk\6.0.400\datacollector.runtimeconfig.json" in args
TpTrace Verbose: 0 : 26204, 1, 2022/08/12, 16:57:11.674, 1825053015263, vstest.console.dll, DotnetDataCollectionLauncher: Adding  --depsfile "C:\Program Files\dotnet\sdk\6.0.400\datacollector.deps.json" in args
TpTrace Verbose: 0 : 26204, 1, 2022/08/12, 16:57:11.674, 1825053017420, vstest.console.dll, DotnetDataCollectionLauncher: Full path of dotnet.exe is C:\Program Files\dotnet\dotnet.exe
TpTrace Information: 0 : 26204, 1, 2022/08/12, 16:57:11.685, 1825053124756, vstest.console.dll, ProxyDataCollectionManager.Initialize: Launched datacollector processId: 30384 port: 57275
TpTrace Information: 0 : 26204, 1, 2022/08/12, 16:57:11.685, 1825053126010, vstest.console.dll, ProxyDataCollectionManager.Initialize: waiting for connection with timeout: 90 seconds
TpTrace Verbose: 0 : 26204, 1, 2022/08/12, 16:57:11.685, 1825053126532, vstest.console.dll, DataCollectionRequestSender.WaitForRequestHandlerConnection : Waiting for connection with timeout: 90000
TpTrace Information: 0 : 26204, 5, 2022/08/12, 16:57:11.797, 1825054250169, vstest.console.dll, Using the buffer size of 16384 bytes
TpTrace Information: 0 : 26204, 5, 2022/08/12, 16:57:11.797, 1825054251049, vstest.console.dll, Accepted Client request and set the flag
TpTrace Verbose: 0 : 26204, 1, 2022/08/12, 16:57:11.797, 1825054250602, vstest.console.dll, SocketCommunicationManager.WaitForClientConnection took: 112 ms, with 90000 ms timeout, and finished with True.
TpTrace Verbose: 0 : 26204, 1, 2022/08/12, 16:57:11.797, 1825054252387, vstest.console.dll, ProxyDataCollectionManager.InvokeDataCollectionServiceAction: Starting.
TpTrace Information: 0 : 26204, 1, 2022/08/12, 16:57:11.797, 1825054253095, vstest.console.dll, ProxyDataCollectionManager.BeforeTestRunStart: Get environment variable and port for datacollector processId: 30384 port: 57275
TpTrace Verbose: 0 : 26204, 1, 2022/08/12, 16:57:11.798, 1825054253976, vstest.console.dll, DataCollectionRequestSender.SendBeforeTestRunStartAndGetResult: Send BeforeTestRunStart message with settingsXml <RunSettings><RunConfiguration><ResultsDirectory>C:\Users\bojid\source\repos\CSharp-OOP\UnitTesting\FightingArena.Tests\bin\Debug\netcoreapp3.1\fine-code-coverage\coverage-tool-output</ResultsDirectory><TargetPlatform>X64</TargetPlatform><TargetFrameworkVersion>.NETCoreApp,Version=v3.1</TargetFrameworkVersion><DesignMode>False</DesignMode><CollectSourceInformation>False</CollectSourceInformation><TestAdaptersPaths>C:\Program Files\dotnet\sdk\6.0.400\Extensions</TestAdaptersPaths></RunConfiguration><LoggerRunSettings><Loggers><Logger friendlyName="blame" enabled="True" /><Logger friendlyName="Console" uri="logger://microsoft/TestPlatform/ConsoleLogger/v1" assemblyQualifiedName="Microsoft.VisualStudio.TestPlatform.CommandLine.Internal.ConsoleLogger, vstest.console, Version=15.0.0.0, Culture=neutral, PublicKeyToken=b03f5f7f11d50a3a" codeBase="C:\Program Files\dotnet\sdk\6.0.400\vstest.console.dll" enabled="True" /></Loggers></LoggerRunSettings><DataCollectionRunSettings><DataCollectors><DataCollector friendlyName="blame" enabled="True"><Configuration><ResultsDirectory>C:\Users\bojid\source\repos\CSharp-OOP\UnitTesting\FightingArena.Tests\bin\Debug\netcoreapp3.1\fine-code-coverage\coverage-tool-output</ResultsDirectory></Configuration></DataCollector></DataCollectors></DataCollectionRunSettings></RunSettings> and sources System.Collections.Generic.List`1[System.String]: 
TpTrace Verbose: 0 : 26204, 1, 2022/08/12, 16:57:11.849, 1825054766732, vstest.console.dll, DataCollectionRequestSender.SendBeforeTestRunStartAndGetResult: Received message: (DataCollection.SendMessage) -> {"MessageType":"DataCollection.SendMessage","Payload":{"FriendlyName":null,"Uri":null,"TestCaseId":"00000000-0000-0000-0000-000000000000","Message":"Logging DataCollector Diagnostics in file: C:\\Users\\bojid\\source\\repos\\CSharp-OOP\\UnitTesting\\FightingArena.Tests\\bin\\Debug\\netcoreapp3.1\\fine-code-coverage\\coverage-tool-output\\diagnostics.datacollector.22-08-12_16-57-11_67382_1.log","Level":0}}
TpTrace Verbose: 0 : 26204, 1, 2022/08/12, 16:57:11.914, 1825055417539, vstest.console.dll, DataCollectionRequestSender.SendBeforeTestRunStartAndGetResult: Received message: (DataCollection.BeforeTestRunStartResult) -> {"MessageType":"DataCollection.BeforeTestRunStartResult","Payload":{"EnvironmentVariables":{},"DataCollectionEventsPort":57277}}
TpTrace Information: 0 : 26204, 1, 2022/08/12, 16:57:11.918, 1825055458989, vstest.console.dll, ProxyDataCollectionManager.BeforeTestRunStart: SendBeforeTestRunStartAndGetResult successful, env variable from datacollector:   and testhost port: 57277
TpTrace Information: 0 : 26204, 1, 2022/08/12, 16:57:11.918, 1825055459742, vstest.console.dll, ProxyDataCollectionManager.InvokeDataCollectionServiceAction: Completed.
TpTrace Verbose: 0 : 26204, 1, 2022/08/12, 16:57:11.918, 1825055460933, vstest.console.dll, ProxyParallelExecutionManager: No sources available for execution.
TpTrace Verbose: 0 : 26204, 7, 2022/08/12, 16:57:11.918, 1825055460986, vstest.console.dll, ParallelProxyExecutionManager: Execution started. Started clients: 1
TpTrace Information: 0 : 26204, 1, 2022/08/12, 16:57:11.918, 1825055461510, vstest.console.dll, TestRunRequest.ExecuteAsync: Started.
TpTrace Verbose: 0 : 26204, 1, 2022/08/12, 16:57:11.918, 1825055462767, vstest.console.dll, TestRunRequest.WaitForCompletion: Waiting with timeout -1.
TpTrace Verbose: 0 : 26204, 7, 2022/08/12, 16:57:11.918, 1825055463661, vstest.console.dll, TestRunRequest:SendTestRunMessage: Starting.
TpTrace Verbose: 0 : 26204, 7, 2022/08/12, 16:57:11.919, 1825055464968, vstest.console.dll, MulticastDelegateUtilities.SafeInvoke: TestRun.LogMessages: Invoking callback 1/1 for Microsoft.VisualStudio.TestPlatform.CommandLine.TestRunResultAggregator.TestRunMessageHandler, took 0 ms.
TpTrace Verbose: 0 : 26204, 4, 2022/08/12, 16:57:11.919, 1825055465339, vstest.console.dll, MulticastDelegateUtilities.SafeInvoke: InternalTestLoggerEvents.SendTestRunMessage: Invoking callback 1/1 for Microsoft.VisualStudio.TestPlatform.CommandLine.Internal.ConsoleLogger.TestMessageHandler, took 0 ms.
TpTrace Information: 0 : 26204, 7, 2022/08/12, 16:57:11.919, 1825055465436, vstest.console.dll, TestRunRequest:SendTestRunMessage: Completed.
TpTrace Verbose: 0 : 26204, 7, 2022/08/12, 16:57:11.919, 1825055467965, vstest.console.dll, ProxyExecutionManager: Test host is always Lazy initialize.
TpTrace Verbose: 0 : 26204, 7, 2022/08/12, 16:57:11.919, 1825055469782, vstest.console.dll, TestRequestSender.InitializeCommunication: initialize communication. 
TpTrace Information: 0 : 26204, 7, 2022/08/12, 16:57:11.920, 1825055474381, vstest.console.dll, SocketServer.Start: Listening on endpoint : 127.0.0.1:57278
TpTrace Verbose: 0 : 26204, 7, 2022/08/12, 16:57:11.920, 1825055479370, vstest.console.dll, DotnetTestHostmanager.GetTestHostProcessStartInfo: Platform environment 'X64' target architecture 'X64' framework '.NETCoreApp,Version=v3.1' OS 'Windows'
TpTrace Verbose: 0 : 26204, 7, 2022/08/12, 16:57:11.920, 1825055481200, vstest.console.dll, DotnetTestHostmanager: Adding  --runtimeconfig "C:\Users\bojid\source\repos\CSharp-OOP\UnitTesting\FightingArena.Tests\bin\Debug\netcoreapp3.1\fine-code-coverage\build-output\FightingArena.Tests.runtimeconfig.json" in args
TpTrace Verbose: 0 : 26204, 7, 2022/08/12, 16:57:11.920, 1825055482103, vstest.console.dll, DotnetTestHostmanager: Adding  --depsfile "C:\Users\bojid\source\repos\CSharp-OOP\UnitTesting\FightingArena.Tests\bin\Debug\netcoreapp3.1\fine-code-coverage\build-output\FightingArena.Tests.deps.json" in args
TpTrace Verbose: 0 : 26204, 7, 2022/08/12, 16:57:11.920, 1825055483400, vstest.console.dll, DotnetTestHostmanager.IsWinOnArm: Current PROCESSOR_ARCHITECTURE from environment variable 'AMD64'
TpTrace Verbose: 0 : 26204, 7, 2022/08/12, 16:57:11.921, 1825055483921, vstest.console.dll, DotnetTestHostmanager.IsWinOnArm: Is Windows on ARM 'False'
TpTrace Verbose: 0 : 26204, 7, 2022/08/12, 16:57:11.921, 1825055484737, vstest.console.dll, DotnetTestHostManager: testhost.exe found at path: C:\Users\bojid\source\repos\CSharp-OOP\UnitTesting\FightingArena.Tests\bin\Debug\netcoreapp3.1\fine-code-coverage\build-output\testhost.exe
TpTrace Verbose: 0 : 26204, 7, 2022/08/12, 16:57:11.921, 1825055485180, vstest.console.dll, DotnetTestHostmanager: Full path of host exe is C:\Users\bojid\source\repos\CSharp-OOP\UnitTesting\FightingArena.Tests\bin\Debug\netcoreapp3.1\fine-code-coverage\build-output\testhost.exe
TpTrace Verbose: 0 : 26204, 7, 2022/08/12, 16:57:11.921, 1825055486168, vstest.console.dll, DotnetTestHostmanager.LaunchTestHostAsync: Found 'VSTEST_WINAPPHOST_DOTNET_ROOT' in env variables, value 'C:\Program Files\dotnet', forwarding to 'DOTNET_ROOT'
TpTrace Verbose: 0 : 26204, 7, 2022/08/12, 16:57:11.921, 1825055487287, vstest.console.dll, DotnetTestHostManager: Starting process 'C:\Users\bojid\source\repos\CSharp-OOP\UnitTesting\FightingArena.Tests\bin\Debug\netcoreapp3.1\fine-code-coverage\build-output\testhost.exe' with command line ' --runtimeconfig "C:\Users\bojid\source\repos\CSharp-OOP\UnitTesting\FightingArena.Tests\bin\Debug\netcoreapp3.1\fine-code-coverage\build-output\FightingArena.Tests.runtimeconfig.json" --depsfile "C:\Users\bojid\source\repos\CSharp-OOP\UnitTesting\FightingArena.Tests\bin\Debug\netcoreapp3.1\fine-code-coverage\build-output\FightingArena.Tests.deps.json" --port 57278 --endpoint 127.0.0.1:057278 --role client --parentprocessid 26204 --diag "C:\Users\bojid\source\repos\CSharp-OOP\UnitTesting\FightingArena.Tests\bin\Debug\netcoreapp3.1\fine-code-coverage\coverage-tool-output\diagnostics.host.22-08-12_16-57-11_92033_7.log" --tracelevel 4 --datacollectionport 57277 --telemetryoptedin false'
TpTrace Verbose: 0 : 26204, 7, 2022/08/12, 16:57:11.930, 1825055580542, vstest.console.dll, MulticastDelegateUtilities.SafeInvoke: HostProviderEvents.OnHostLaunched: Invoking callback 1/2 for Microsoft.VisualStudio.TestPlatform.CrossPlatEngine.Client.ProxyExecutionManagerWithDataCollection.TestHostLaunchedHandler, took 0 ms.
TpTrace Verbose: 0 : 26204, 7, 2022/08/12, 16:57:11.930, 1825055581636, vstest.console.dll, Test Runtime launched
TpTrace Verbose: 0 : 26204, 7, 2022/08/12, 16:57:11.930, 1825055582105, vstest.console.dll, MulticastDelegateUtilities.SafeInvoke: HostProviderEvents.OnHostLaunched: Invoking callback 2/2 for Microsoft.VisualStudio.TestPlatform.CrossPlatEngine.Client.ProxyOperationManager.TestHostManagerHostLaunched, took 0 ms.
TpTrace Verbose: 0 : 26204, 7, 2022/08/12, 16:57:11.930, 1825055583202, vstest.console.dll, TestRequestSender.WaitForRequestHandlerConnection: waiting for connection with timeout: 90000.
TpTrace Verbose: 0 : 26204, 7, 2022/08/12, 16:57:12.082, 1825057103132, vstest.console.dll, TestRequestSender.WaitForRequestHandlerConnection: waiting took 151 ms, with timeout 90000 ms, and result 0, which is success.
TpTrace Verbose: 0 : 26204, 13, 2022/08/12, 16:57:12.082, 1825057103121, vstest.console.dll, MulticastDelegateUtilities.SafeInvoke: SocketServer: ClientConnected: Invoking callback 1/1 for Microsoft.VisualStudio.TestPlatform.CommunicationUtilities.TestRequestSender.<InitializeCommunication>b__24_0, took 0 ms.
TpTrace Verbose: 0 : 26204, 13, 2022/08/12, 16:57:12.083, 1825057105371, vstest.console.dll, SocketServer.OnClientConnected: Client connected for endPoint: 127.0.0.1:57278, starting MessageLoopAsync:
TpTrace Verbose: 0 : 26204, 13, 2022/08/12, 16:57:12.083, 1825057108865, vstest.console.dll, TcpClientExtensions.MessageLoopAsync: Polling on remoteEndPoint: 127.0.0.1:57279 localEndPoint: 127.0.0.1:57278
TpTrace Verbose: 0 : 26204, 7, 2022/08/12, 16:57:12.083, 1825057110704, vstest.console.dll, TestRequestSender.CheckVersionWithTestHost: Sending check version message: {"MessageType":"ProtocolVersion","Payload":7}
TpTrace Verbose: 0 : 26204, 13, 2022/08/12, 16:57:12.201, 1825058288726, vstest.console.dll, TcpClientExtensions.MessageLoopAsync: NotifyDataAvailable remoteEndPoint: 127.0.0.1:57279 localEndPoint: 127.0.0.1:57278
TpTrace Verbose: 0 : 26204, 13, 2022/08/12, 16:57:12.201, 1825058290622, vstest.console.dll, TestRequestSender.CheckVersionWithTestHost: onMessageReceived received message: (ProtocolVersion) -> {"MessageType":"ProtocolVersion","Payload":5}
TpTrace Verbose: 0 : 26204, 13, 2022/08/12, 16:57:12.202, 1825058295566, vstest.console.dll, MulticastDelegateUtilities.SafeInvoke: LengthPrefixCommunicationChannel: MessageReceived: Invoking callback 1/1 for Microsoft.VisualStudio.TestPlatform.CommunicationUtilities.TestRequestSender+<>c__DisplayClass26_0.<CheckVersionWithTestHost>b__0, took 0 ms.
TpTrace Verbose: 0 : 26204, 13, 2022/08/12, 16:57:12.202, 1825058296259, vstest.console.dll, TcpClientExtensions.MessageLoopAsync: Polling on remoteEndPoint: 127.0.0.1:57279 localEndPoint: 127.0.0.1:57278
TpTrace Verbose: 0 : 26204, 7, 2022/08/12, 16:57:12.202, 1825058296415, vstest.console.dll, TestPluginCache.GetExtensionPaths: Filtered extension paths: 
TpTrace Verbose: 0 : 26204, 7, 2022/08/12, 16:57:12.202, 1825058297092, vstest.console.dll, TestPluginCache.GetExtensionPaths: Added default extension paths: C:\Program Files\dotnet\sdk\6.0.400\Extensions\Microsoft.Diagnostics.NETCore.Client.dll
C:\Program Files\dotnet\sdk\6.0.400\Extensions\Microsoft.TestPlatform.Extensions.BlameDataCollector.dll
C:\Program Files\dotnet\sdk\6.0.400\Extensions\Microsoft.TestPlatform.Extensions.EventLogCollector.dll
C:\Program Files\dotnet\sdk\6.0.400\Extensions\Microsoft.TestPlatform.TestHostRuntimeProvider.dll
C:\Program Files\dotnet\sdk\6.0.400\Extensions\Microsoft.VisualStudio.TestPlatform.Extensions.Html.TestLogger.dll
C:\Program Files\dotnet\sdk\6.0.400\Extensions\Microsoft.VisualStudio.TestPlatform.Extensions.Trx.TestLogger.dll
TpTrace Verbose: 0 : 26204, 7, 2022/08/12, 16:57:12.202, 1825058297531, vstest.console.dll, TestPluginCache.GetExtensionPaths: Added unfilterableExtensionPaths: 
TpTrace Verbose: 0 : 26204, 7, 2022/08/12, 16:57:12.204, 1825058321521, vstest.console.dll, TestRequestSender.InitializeExecution: Sending initialize execution with message: {"Version":5,"MessageType":"TestExecution.Initialize","Payload":["C:\\Users\\bojid\\source\\repos\\CSharp-OOP\\UnitTesting\\FightingArena.Tests\\bin\\Debug\\netcoreapp3.1\\fine-code-coverage\\build-output\\NUnit3.TestAdapter.dll"]}
TpTrace Warning: 0 : 26204, 7, 2022/08/12, 16:57:12.205, 1825058324851, vstest.console.dll, InferRunSettingsHelper.MakeRunsettingsCompatible: Removing the following settings: TargetPlatform from RunSettings file. To use those settings please move to latest version of Microsoft.NET.Test.Sdk
TpTrace Verbose: 0 : 26204, 13, 2022/08/12, 16:57:12.210, 1825058375166, vstest.console.dll, TcpClientExtensions.MessageLoopAsync: NotifyDataAvailable remoteEndPoint: 127.0.0.1:57279 localEndPoint: 127.0.0.1:57278
TpTrace Verbose: 0 : 26204, 13, 2022/08/12, 16:57:12.210, 1825058376355, vstest.console.dll, TestRequestSender.OnExecutionMessageReceived: Received message: {"Version":5,"MessageType":"TestSession.Message","Payload":{"MessageLevel":0,"Message":"Logging TestHost Diagnostics in file: C:\\Users\\bojid\\source\\repos\\CSharp-OOP\\UnitTesting\\FightingArena.Tests\\bin\\Debug\\netcoreapp3.1\\fine-code-coverage\\coverage-tool-output\\diagnostics.host.22-08-12_16-57-11_92033_7.log"}}
TpTrace Verbose: 0 : 26204, 7, 2022/08/12, 16:57:12.211, 1825058383908, vstest.console.dll, TestRequestSender.StartTestRun: Sending test run with message: {"Version":5,"MessageType":"TestExecution.StartWithSources","Payload":{"AdapterSourceMap":{"_none_":["C:\\Users\\bojid\\source\\repos\\CSharp-OOP\\UnitTesting\\FightingArena.Tests\\bin\\Debug\\netcoreapp3.1\\fine-code-coverage\\build-output\\FightingArena.Tests.dll"]},"RunSettings":"<RunSettings>\r\n  <RunConfiguration>\r\n    <ResultsDirectory>C:\\Users\\bojid\\source\\repos\\CSharp-OOP\\UnitTesting\\FightingArena.Tests\\bin\\Debug\\netcoreapp3.1\\fine-code-coverage\\coverage-tool-output</ResultsDirectory>\r\n    <TargetFrameworkVersion>.NETCoreApp,Version=v3.1</TargetFrameworkVersion>\r\n    <DesignMode>False</DesignMode>\r\n    <CollectSourceInformation>False</CollectSourceInformation>\r\n  </RunConfiguration>\r\n  <LoggerRunSettings>\r\n    <Loggers>\r\n      <Logger friendlyName=\"blame\" enabled=\"True\" />\r\n      <Logger friendlyName=\"Console\" uri=\"logger://microsoft/TestPlatform/ConsoleLogger/v1\" assemblyQualifiedName=\"Microsoft.VisualStudio.TestPlatform.CommandLine.Internal.ConsoleLogger, vstest.console, Version=15.0.0.0, Culture=neutral, PublicKeyToken=b03f5f7f11d50a3a\" codeBase=\"C:\\Program Files\\dotnet\\sdk\\6.0.400\\vstest.console.dll\" enabled=\"True\" />\r\n    </Loggers>\r\n  </LoggerRunSettings>\r\n  <DataCollectionRunSettings>\r\n    <DataCollectors>\r\n      <DataCollector friendlyName=\"blame\" enabled=\"True\">\r\n        <Configuration>\r\n          <ResultsDirectory>C:\\Users\\bojid\\source\\repos\\CSharp-OOP\\UnitTesting\\FightingArena.Tests\\bin\\Debug\\netcoreapp3.1\\fine-code-coverage\\coverage-tool-output</ResultsDirectory>\r\n        </Configuration>\r\n      </DataCollector>\r\n    </DataCollectors>\r\n  </DataCollectionRunSettings>\r\n</RunSettings>","TestExecutionContext":{"FrequencyOfRunStatsChangeEvent":10,"RunStatsChangeEventTimeout":"00:00:01.5000000","InIsolation":false,"KeepAlive":false,"AreTestCaseLevelEventsRequired":false,"IsDebug":false,"TestCaseFilter":null,"FilterOptions":null},"Package":null}}
TpTrace Verbose: 0 : 26204, 13, 2022/08/12, 16:57:12.212, 1825058394996, vstest.console.dll, TestRunRequest:SendTestRunMessage: Starting.
TpTrace Verbose: 0 : 26204, 13, 2022/08/12, 16:57:12.212, 1825058395926, vstest.console.dll, MulticastDelegateUtilities.SafeInvoke: TestRun.LogMessages: Invoking callback 1/1 for Microsoft.VisualStudio.TestPlatform.CommandLine.TestRunResultAggregator.TestRunMessageHandler, took 0 ms.
TpTrace Information: 0 : 26204, 13, 2022/08/12, 16:57:12.212, 1825058396286, vstest.console.dll, TestRunRequest:SendTestRunMessage: Completed.
TpTrace Verbose: 0 : 26204, 13, 2022/08/12, 16:57:12.212, 1825058397132, vstest.console.dll, MulticastDelegateUtilities.SafeInvoke: LengthPrefixCommunicationChannel: MessageReceived: Invoking callback 1/1 for Microsoft.VisualStudio.TestPlatform.CommunicationUtilities.TestRequestSender+<>c__DisplayClass31_0.<StartTestRun>b__1, took 2 ms.
TpTrace Verbose: 0 : 26204, 4, 2022/08/12, 16:57:12.212, 1825058396387, vstest.console.dll, MulticastDelegateUtilities.SafeInvoke: InternalTestLoggerEvents.SendTestRunMessage: Invoking callback 1/1 for Microsoft.VisualStudio.TestPlatform.CommandLine.Internal.ConsoleLogger.TestMessageHandler, took 0 ms.
TpTrace Verbose: 0 : 26204, 13, 2022/08/12, 16:57:12.212, 1825058398136, vstest.console.dll, TcpClientExtensions.MessageLoopAsync: Polling on remoteEndPoint: 127.0.0.1:57279 localEndPoint: 127.0.0.1:57278
TpTrace Verbose: 0 : 26204, 13, 2022/08/12, 16:57:12.341, 1825059690023, vstest.console.dll, TcpClientExtensions.MessageLoopAsync: NotifyDataAvailable remoteEndPoint: 127.0.0.1:57279 localEndPoint: 127.0.0.1:57278
TpTrace Verbose: 0 : 26204, 13, 2022/08/12, 16:57:12.341, 1825059691217, vstest.console.dll, TestRequestSender.OnExecutionMessageReceived: Received message: {"Version":5,"MessageType":"TestSession.Message","Payload":{"MessageLevel":0,"Message":"NUnit Adapter 4.2.0.0: Test execution started"}}
TpTrace Verbose: 0 : 26204, 13, 2022/08/12, 16:57:12.341, 1825059692626, vstest.console.dll, TestRunRequest:SendTestRunMessage: Starting.
TpTrace Verbose: 0 : 26204, 13, 2022/08/12, 16:57:12.341, 1825059693217, vstest.console.dll, MulticastDelegateUtilities.SafeInvoke: TestRun.LogMessages: Invoking callback 1/1 for Microsoft.VisualStudio.TestPlatform.CommandLine.TestRunResultAggregator.TestRunMessageHandler, took 0 ms.
TpTrace Information: 0 : 26204, 13, 2022/08/12, 16:57:12.341, 1825059693552, vstest.console.dll, TestRunRequest:SendTestRunMessage: Completed.
TpTrace Verbose: 0 : 26204, 4, 2022/08/12, 16:57:12.342, 1825059693730, vstest.console.dll, MulticastDelegateUtilities.SafeInvoke: InternalTestLoggerEvents.SendTestRunMessage: Invoking callback 1/1 for Microsoft.VisualStudio.TestPlatform.CommandLine.Internal.ConsoleLogger.TestMessageHandler, took 0 ms.
TpTrace Verbose: 0 : 26204, 13, 2022/08/12, 16:57:12.342, 1825059693864, vstest.console.dll, MulticastDelegateUtilities.SafeInvoke: LengthPrefixCommunicationChannel: MessageReceived: Invoking callback 1/1 for Microsoft.VisualStudio.TestPlatform.CommunicationUtilities.TestRequestSender+<>c__DisplayClass31_0.<StartTestRun>b__1, took 0 ms.
TpTrace Verbose: 0 : 26204, 13, 2022/08/12, 16:57:12.342, 1825059695297, vstest.console.dll, TcpClientExtensions.MessageLoopAsync: Polling on remoteEndPoint: 127.0.0.1:57279 localEndPoint: 127.0.0.1:57278
TpTrace Verbose: 0 : 26204, 13, 2022/08/12, 16:57:12.367, 1825059951072, vstest.console.dll, TcpClientExtensions.MessageLoopAsync: NotifyDataAvailable remoteEndPoint: 127.0.0.1:57279 localEndPoint: 127.0.0.1:57278
TpTrace Verbose: 0 : 26204, 13, 2022/08/12, 16:57:12.367, 1825059952471, vstest.console.dll, TestRequestSender.OnExecutionMessageReceived: Received message: {"Version":5,"MessageType":"TestSession.Message","Payload":{"MessageLevel":0,"Message":"Running all tests in C:\\Users\\bojid\\source\\repos\\CSharp-OOP\\UnitTesting\\FightingArena.Tests\\bin\\Debug\\netcoreapp3.1\\fine-code-coverage\\build-output\\FightingArena.Tests.dll"}}
TpTrace Verbose: 0 : 26204, 13, 2022/08/12, 16:57:12.367, 1825059953604, vstest.console.dll, TestRunRequest:SendTestRunMessage: Starting.
TpTrace Verbose: 0 : 26204, 13, 2022/08/12, 16:57:12.368, 1825059954230, vstest.console.dll, MulticastDelegateUtilities.SafeInvoke: TestRun.LogMessages: Invoking callback 1/1 for Microsoft.VisualStudio.TestPlatform.CommandLine.TestRunResultAggregator.TestRunMessageHandler, took 0 ms.
TpTrace Information: 0 : 26204, 13, 2022/08/12, 16:57:12.368, 1825059954649, vstest.console.dll, TestRunRequest:SendTestRunMessage: Completed.
TpTrace Verbose: 0 : 26204, 4, 2022/08/12, 16:57:12.368, 1825059954497, vstest.console.dll, MulticastDelegateUtilities.SafeInvoke: InternalTestLoggerEvents.SendTestRunMessage: Invoking callback 1/1 for Microsoft.VisualStudio.TestPlatform.CommandLine.Internal.ConsoleLogger.TestMessageHandler, took 0 ms.
TpTrace Verbose: 0 : 26204, 13, 2022/08/12, 16:57:12.368, 1825059955021, vstest.console.dll, MulticastDelegateUtilities.SafeInvoke: LengthPrefixCommunicationChannel: MessageReceived: Invoking callback 1/1 for Microsoft.VisualStudio.TestPlatform.CommunicationUtilities.TestRequestSender+<>c__DisplayClass31_0.<StartTestRun>b__1, took 0 ms.
TpTrace Verbose: 0 : 26204, 13, 2022/08/12, 16:57:12.372, 1825059998040, vstest.console.dll, TcpClientExtensions.MessageLoopAsync: Polling on remoteEndPoint: 127.0.0.1:57279 localEndPoint: 127.0.0.1:57278
TpTrace Verbose: 0 : 26204, 13, 2022/08/12, 16:57:12.759, 1825063867186, vstest.console.dll, TcpClientExtensions.MessageLoopAsync: NotifyDataAvailable remoteEndPoint: 127.0.0.1:57279 localEndPoint: 127.0.0.1:57278
TpTrace Verbose: 0 : 26204, 13, 2022/08/12, 16:57:12.759, 1825063868914, vstest.console.dll, TestRequestSender.OnExecutionMessageReceived: Received message: {"Version":5,"MessageType":"TestSession.Message","Payload":{"MessageLevel":0,"Message":"   NUnit3TestExecutor discovered 22 of 22 NUnit test cases using Current Discovery mode, Non-Explicit run"}}
TpTrace Verbose: 0 : 26204, 13, 2022/08/12, 16:57:12.759, 1825063869968, vstest.console.dll, TestRunRequest:SendTestRunMessage: Starting.
TpTrace Verbose: 0 : 26204, 13, 2022/08/12, 16:57:12.759, 1825063870691, vstest.console.dll, MulticastDelegateUtilities.SafeInvoke: TestRun.LogMessages: Invoking callback 1/1 for Microsoft.VisualStudio.TestPlatform.CommandLine.TestRunResultAggregator.TestRunMessageHandler, took 0 ms.
TpTrace Verbose: 0 : 26204, 4, 2022/08/12, 16:57:12.759, 1825063870930, vstest.console.dll, MulticastDelegateUtilities.SafeInvoke: InternalTestLoggerEvents.SendTestRunMessage: Invoking callback 1/1 for Microsoft.VisualStudio.TestPlatform.CommandLine.Internal.ConsoleLogger.TestMessageHandler, took 0 ms.
TpTrace Information: 0 : 26204, 13, 2022/08/12, 16:57:12.759, 1825063871898, vstest.console.dll, TestRunRequest:SendTestRunMessage: Completed.
TpTrace Verbose: 0 : 26204, 13, 2022/08/12, 16:57:12.759, 1825063872794, vstest.console.dll, MulticastDelegateUtilities.SafeInvoke: LengthPrefixCommunicationChannel: MessageReceived: Invoking callback 1/1 for Microsoft.VisualStudio.TestPlatform.CommunicationUtilities.TestRequestSender+<>c__DisplayClass31_0.<StartTestRun>b__1, took 0 ms.
TpTrace Verbose: 0 : 26204, 13, 2022/08/12, 16:57:12.759, 1825063873532, vstest.console.dll, TcpClientExtensions.MessageLoopAsync: Polling on remoteEndPoint: 127.0.0.1:57279 localEndPoint: 127.0.0.1:57278
TpTrace Verbose: 0 : 26204, 13, 2022/08/12, 16:57:13.149, 1825067773482, vstest.console.dll, TcpClientExtensions.MessageLoopAsync: NotifyDataAvailable remoteEndPoint: 127.0.0.1:57279 localEndPoint: 127.0.0.1:57278
TpTrace Verbose: 0 : 26204, 13, 2022/08/12, 16:57:13.150, 1825067775908, vstest.console.dll, TestRequestSender.OnExecutionMessageReceived: Received message: {"Version":5,"MessageType":"TestExecution.StatsChange","Payload":{"NewTestResults":[{"TestCase":{"Id":"4ff71310-06ae-7dcd-9c55-d0e58c5d997c","FullyQualifiedName":"FightingArena.Tests.ArenaTests.Count_IsZero_WhenArenaIsEmpty","DisplayName":"Count_IsZero_WhenArenaIsEmpty","ExecutorUri":"executor://NUnit3TestExecutor","Source":"C:\\Users\\bojid\\source\\repos\\CSharp-OOP\\UnitTesting\\FightingArena.Tests\\bin\\Debug\\netcoreapp3.1\\fine-code-coverage\\build-output\\FightingArena.Tests.dll","CodeFilePath":null,"LineNumber":0,"Properties":[{"Key":{"Id":"NUnit.Seed","Label":"Seed","Category":"","Description":"","Attributes":0,"ValueType":"System.String"},"Value":"1414940413"}]},"Attachments":[],"Outcome":1,"ErrorMessage":null,"ErrorStackTrace":null,"DisplayName":"Count_IsZero_WhenArenaIsEmpty","Messages":[],"ComputerName":"MSI","Duration":"00:00:00.2819710","StartTime":"2022-08-12T13:57:12.7853326+00:00","EndTime":"2022-08-12T13:57:13.0671928+00:00","Properties":[{"Key":{"Id":"NUnit.Seed","Label":"Seed","Category":"","Description":"","Attributes":0,"ValueType":"System.String"},"Value":"1414940413"}]},{"TestCase":{"Id":"b2521e11-1414-a870-39c1-c76595bbbd06","FullyQualifiedName":"FightingArena.Tests.ArenaTests.Ctor_InitializeWarriors","DisplayName":"Ctor_InitializeWarriors","ExecutorUri":"executor://NUnit3TestExecutor","Source":"C:\\Users\\bojid\\source\\repos\\CSharp-OOP\\UnitTesting\\FightingArena.Tests\\bin\\Debug\\netcoreapp3.1\\fine-code-coverage\\build-output\\FightingArena.Tests.dll","CodeFilePath":null,"LineNumber":0,"Properties":[{"Key":{"Id":"NUnit.Seed","Label":"Seed","Category":"","Description":"","Attributes":0,"ValueType":"System.String"},"Value":"39148466"}]},"Attachments":[],"Outcome":1,"ErrorMessage":null,"ErrorStackTrace":null,"DisplayName":"Ctor_InitializeWarriors","Messages":[],"ComputerName":"MSI","Duration":"00:00:00.0029489","StartTime":"2022-08-12T13:57:13.069135+00:00","EndTime":"2022-08-12T13:57:13.0720811+00:00","Properties":[{"Key":{"Id":"NUnit.Seed","Label":"Seed","Category":"","Description":"","Attributes":0,"ValueType":"System.String"},"Value":"39148466"}]},{"TestCase":{"Id":"1766735a-c150-6e52-e5cc-72b9101210fa","FullyQualifiedName":"FightingArena.Tests.ArenaTests.Enroll_AddWarriorToWarriors","DisplayName":"Enroll_AddWarriorToWarriors","ExecutorUri":"executor://NUnit3TestExecutor","Source":"C:\\Users\\bojid\\source\\repos\\CSharp-OOP\\UnitTesting\\FightingArena.Tests\\bin\\Debug\\netcoreapp3.1\\fine-code-coverage\\build-output\\FightingArena.Tests.dll","CodeFilePath":null,"LineNumber":0,"Properties":[{"Key":{"Id":"NUnit.Seed","Label":"Seed","Category":"","Description":"","Attributes":0,"ValueType":"System.String"},"Value":"1635693853"}]},"Attachments":[],"Outcome":1,"ErrorMessage":null,"ErrorStackTrace":null,"DisplayName":"Enroll_AddWarriorToWarriors","Messages":[],"ComputerName":"MSI","Duration":"00:00:00.0013880","StartTime":"2022-08-12T13:57:13.0721215+00:00","EndTime":"2022-08-12T13:57:13.0735087+00:00","Properties":[{"Key":{"Id":"NUnit.Seed","Label":"Seed","Category":"","Description":"","Attributes":0,"ValueType":"System.String"},"Value":"1635693853"}]},{"TestCase":{"Id":"0a6678ee-dd9a-9418-6bcd-ae44a4da6634","FullyQualifiedName":"FightingArena.Tests.ArenaTests.Enroll_IncreaseArenaCount","DisplayName":"Enroll_IncreaseArenaCount","ExecutorUri":"executor://NUnit3TestExecutor","Source":"C:\\Users\\bojid\\source\\repos\\CSharp-OOP\\UnitTesting\\FightingArena.Tests\\bin\\Debug\\netcoreapp3.1\\fine-code-coverage\\build-output\\FightingArena.Tests.dll","CodeFilePath":null,"LineNumber":0,"Properties":[{"Key":{"Id":"NUnit.Seed","Label":"Seed","Category":"","Description":"","Attributes":0,"ValueType":"System.String"},"Value":"3466644"}]},"Attachments":[],"Outcome":1,"ErrorMessage":null,"ErrorStackTrace":null,"DisplayName":"Enroll_IncreaseArenaCount","Messages":[],"ComputerName":"MSI","Duration":"00:00:00.0002300","StartTime":"2022-08-12T13:57:13.0735197+00:00","EndTime":"2022-08-12T13:57:13.0737491+00:00","Properties":[{"Key":{"Id":"NUnit.Seed","Label":"Seed","Category":"","Description":"","Attributes":0,"ValueType":"System.String"},"Value":"3466644"}]},{"TestCase":{"Id":"d6bf836b-d79c-6d1c-c053-2f9efd2947de","FullyQualifiedName":"FightingArena.Tests.ArenaTests.Enroll_ThrowException_WhenWarriorAlreadyExist","DisplayName":"Enroll_ThrowException_WhenWarriorAlreadyExist","ExecutorUri":"executor://NUnit3TestExecutor","Source":"C:\\Users\\bojid\\source\\repos\\CSharp-OOP\\UnitTesting\\FightingArena.Tests\\bin\\Debug\\netcoreapp3.1\\fine-code-coverage\\build-output\\FightingArena.Tests.dll","CodeFilePath":null,"LineNumber":0,"Properties":[{"Key":{"Id":"NUnit.Seed","Label":"Seed","Category":"","Description":"","Attributes":0,"ValueType":"System.String"},"Value":"1097924930"}]},"Attachments":[],"Outcome":1,"ErrorMessage":null,"ErrorStackTrace":null,"DisplayName":"Enroll_ThrowException_WhenWarriorAlreadyExist","Messages":[],"ComputerName":"MSI","Duration":"00:00:00.0046910","StartTime":"2022-08-12T13:57:13.073759+00:00","EndTime":"2022-08-12T13:57:13.0784496+00:00","Properties":[{"Key":{"Id":"NUnit.Seed","Label":"Seed","Category":"","Description":"","Attributes":0,"ValueType":"System.String"},"Value":"1097924930"}]},{"TestCase":{"Id":"ca81e3b6-f843-73ec-272b-6aafc5f545bb","FullyQualifiedName":"FightingArena.Tests.ArenaTests.Fight_BothWarriorsLoseHp","DisplayName":"Fight_BothWarriorsLoseHp","ExecutorUri":"executor://NUnit3TestExecutor","Source":"C:\\Users\\bojid\\source\\repos\\CSharp-OOP\\UnitTesting\\FightingArena.Tests\\bin\\Debug\\netcoreapp3.1\\fine-code-coverage\\build-output\\FightingArena.Tests.dll","CodeFilePath":null,"LineNumber":0,"Properties":[{"Key":{"Id":"NUnit.Seed","Label":"Seed","Category":"","Description":"","Attributes":0,"ValueType":"System.String"},"Value":"1528156561"}]},"Attachments":[],"Outcome":1,"ErrorMessage":null,"ErrorStackTrace":null,"DisplayName":"Fight_BothWarriorsLoseHp","Messages":[],"ComputerName":"MSI","Duration":"00:00:00.0009260","StartTime":"2022-08-12T13:57:13.0784614+00:00","EndTime":"2022-08-12T13:57:13.0793862+00:00","Properties":[{"Key":{"Id":"NUnit.Seed","Label":"Seed","Category":"","Description":"","Attributes":0,"ValueType":"System.String"},"Value":"1528156561"}]},{"TestCase":{"Id":"2804d661-81fc-dac5-8fb1-ac29ea850f92","FullyQualifiedName":"FightingArena.Tests.ArenaTests.Fight_ThrowException_WhenWarriorNameIsNotValid(\"Attacker\",\"Attacker\",\"Defender\")","DisplayName":"Fight_ThrowException_WhenWarriorNameIsNotValid(\"Attacker\",\"Attacker\",\"Defender\")","ExecutorUri":"executor://NUnit3TestExecutor","Source":"C:\\Users\\bojid\\source\\repos\\CSharp-OOP\\UnitTesting\\FightingArena.Tests\\bin\\Debug\\netcoreapp3.1\\fine-code-coverage\\build-output\\FightingArena.Tests.dll","CodeFilePath":null,"LineNumber":0,"Properties":[{"Key":{"Id":"NUnit.Seed","Label":"Seed","Category":"","Description":"","Attributes":0,"ValueType":"System.String"},"Value":"1831590191"}]},"Attachments":[],"Outcome":1,"ErrorMessage":null,"ErrorStackTrace":null,"DisplayName":"Fight_ThrowException_WhenWarriorNameIsNotValid(\"Attacker\",\"Attacker\",\"Defender\")","Messages":[],"ComputerName":"MSI","Duration":"00:00:00.0003970","StartTime":"2022-08-12T13:57:13.0794318+00:00","EndTime":"2022-08-12T13:57:13.0798277+00:00","Properties":[{"Key":{"Id":"NUnit.Seed","Label":"Seed","Category":"","Description":"","Attributes":0,"ValueType":"System.String"},"Value":"1831590191"}]},{"TestCase":{"Id":"3f2888e5-935a-88cd-5c08-e699dde3665a","FullyQualifiedName":"FightingArena.Tests.ArenaTests.Fight_ThrowException_WhenWarriorNameIsNotValid(\"Defender\",\"Attacker\",\"Defender\")","DisplayName":"Fight_ThrowException_WhenWarriorNameIsNotValid(\"Defender\",\"Attacker\",\"Defender\")","ExecutorUri":"executor://NUnit3TestExecutor","Source":"C:\\Users\\bojid\\source\\repos\\CSharp-OOP\\UnitTesting\\FightingArena.Tests\\bin\\Debug\\netcoreapp3.1\\fine-code-coverage\\build-output\\FightingArena.Tests.dll","CodeFilePath":null,"LineNumber":0,"Properties":[{"Key":{"Id":"NUnit.Seed","Label":"Seed","Category":"","Description":"","Attributes":0,"ValueType":"System.String"},"Value":"287067564"}]},"Attachments":[],"Outcome":1,"ErrorMessage":null,"ErrorStackTrace":null,"DisplayName":"Fight_ThrowException_WhenWarriorNameIsNotValid(\"Defender\",\"Attacker\",\"Defender\")","Messages":[],"ComputerName":"MSI","Duration":"00:00:00.0000660","StartTime":"2022-08-12T13:57:13.0798396+00:00","EndTime":"2022-08-12T13:57:13.0799056+00:00","Properties":[{"Key":{"Id":"NUnit.Seed","Label":"Seed","Category":"","Description":"","Attributes":0,"ValueType":"System.String"},"Value":"287067564"}]},{"TestCase":{"Id":"12a47ac3-a34c-baa1-9638-b76588b5ce01","FullyQualifiedName":"FightingArena.Tests.ArenaTests.Fight_ThrowException_WhenWarriorNameIsNotValid(\"Warrior\",\"Attacker\",\"Defender\")","DisplayName":"Fight_ThrowException_WhenWarriorNameIsNotValid(\"Warrior\",\"Attacker\",\"Defender\")","ExecutorUri":"executor://NUnit3TestExecutor","Source":"C:\\Users\\bojid\\source\\repos\\CSharp-OOP\\UnitTesting\\FightingArena.Tests\\bin\\Debug\\netcoreapp3.1\\fine-code-coverage\\build-output\\FightingArena.Tests.dll","CodeFilePath":null,"LineNumber":0,"Properties":[{"Key":{"Id":"NUnit.Seed","Label":"Seed","Category":"","Description":"","Attributes":0,"ValueType":"System.String"},"Value":"1051954128"}]},"Attachments":[],"Outcome":1,"ErrorMessage":null,"ErrorStackTrace":null,"DisplayName":"Fight_ThrowException_WhenWarriorNameIsNotValid(\"Warrior\",\"Attacker\",\"Defender\")","Messages":[],"ComputerName":"MSI","Duration":"00:00:00.0000420","StartTime":"2022-08-12T13:57:13.0799135+00:00","EndTime":"2022-08-12T13:57:13.0799551+00:00","Properties":[{"Key":{"Id":"NUnit.Seed","Label":"Seed","Category":"","Description":"","Attributes":0,"ValueType":"System.String"},"Value":"1051954128"}]}],"TestRunStatistics":{"ExecutedTests":9,"Stats":{"Passed":9}},"ActiveTests":[{"Id":"b73780e5-14c6-ae0f-2908-f5f010bc98e5","FullyQualifiedName":"FightingArena.Tests.WarriorTests.Attack_DecreaseHpForBoth","DisplayName":"Attack_DecreaseHpForBoth","ExecutorUri":"executor://NUnit3TestExecutor","Source":"C:\\Users\\bojid\\source\\repos\\CSharp-OOP\\UnitTesting\\FightingArena.Tests\\bin\\Debug\\netcoreapp3.1\\fine-code-coverage\\build-output\\FightingArena.Tests.dll","CodeFilePath":null,"LineNumber":0,"Properties":[{"Key":{"Id":"NUnit.Seed","Label":"Seed","Category":"","Description":"","Attributes":0,"ValueType":"System.String"},"Value":"977390517"}]}]}}
TpTrace Verbose: 0 : 26204, 13, 2022/08/12, 16:57:13.173, 1825068006141, vstest.console.dll, TestRunRequest:SendTestRunStatsChange: Starting.
TpTrace Verbose: 0 : 26204, 13, 2022/08/12, 16:57:13.173, 1825068007255, vstest.console.dll, InProgress is Attack_DecreaseHpForBoth
TpTrace Verbose: 0 : 26204, 13, 2022/08/12, 16:57:13.173, 1825068010133, vstest.console.dll, MulticastDelegateUtilities.SafeInvoke: TestRun.RunStatsChanged: Invoking callbacks was skipped because there are no subscribers.
TpTrace Information: 0 : 26204, 13, 2022/08/12, 16:57:13.173, 1825068010743, vstest.console.dll, TestRunRequest:SendTestRunStatsChange: Completed.
TpTrace Verbose: 0 : 26204, 13, 2022/08/12, 16:57:13.173, 1825068011120, vstest.console.dll, MulticastDelegateUtilities.SafeInvoke: LengthPrefixCommunicationChannel: MessageReceived: Invoking callback 1/1 for Microsoft.VisualStudio.TestPlatform.CommunicationUtilities.TestRequestSender+<>c__DisplayClass31_0.<StartTestRun>b__1, took 23 ms.
TpTrace Verbose: 0 : 26204, 13, 2022/08/12, 16:57:13.173, 1825068011513, vstest.console.dll, TcpClientExtensions.MessageLoopAsync: Polling on remoteEndPoint: 127.0.0.1:57279 localEndPoint: 127.0.0.1:57278
TpTrace Verbose: 0 : 26204, 13, 2022/08/12, 16:57:13.173, 1825068012107, vstest.console.dll, TcpClientExtensions.MessageLoopAsync: NotifyDataAvailable remoteEndPoint: 127.0.0.1:57279 localEndPoint: 127.0.0.1:57278
TpTrace Verbose: 0 : 26204, 13, 2022/08/12, 16:57:13.173, 1825068013602, vstest.console.dll, TestRequestSender.OnExecutionMessageReceived: Received message: {"Version":5,"MessageType":"TestExecution.StatsChange","Payload":{"NewTestResults":[{"TestCase":{"Id":"b73780e5-14c6-ae0f-2908-f5f010bc98e5","FullyQualifiedName":"FightingArena.Tests.WarriorTests.Attack_DecreaseHpForBoth","DisplayName":"Attack_DecreaseHpForBoth","ExecutorUri":"executor://NUnit3TestExecutor","Source":"C:\\Users\\bojid\\source\\repos\\CSharp-OOP\\UnitTesting\\FightingArena.Tests\\bin\\Debug\\netcoreapp3.1\\fine-code-coverage\\build-output\\FightingArena.Tests.dll","CodeFilePath":null,"LineNumber":0,"Properties":[{"Key":{"Id":"NUnit.Seed","Label":"Seed","Category":"","Description":"","Attributes":0,"ValueType":"System.String"},"Value":"977390517"}]},"Attachments":[],"Outcome":1,"ErrorMessage":null,"ErrorStackTrace":null,"DisplayName":"Attack_DecreaseHpForBoth","Messages":[],"ComputerName":"MSI","Duration":"00:00:00.0001660","StartTime":"2022-08-12T13:57:13.0821475+00:00","EndTime":"2022-08-12T13:57:13.0823137+00:00","Properties":[{"Key":{"Id":"NUnit.Seed","Label":"Seed","Category":"","Description":"","Attributes":0,"ValueType":"System.String"},"Value":"977390517"}]},{"TestCase":{"Id":"74077efe-2009-3730-4f8f-e6dc0a60df71","FullyQualifiedName":"FightingArena.Tests.WarriorTests.Attack_SetEnemyHpToZero_WhenAttackerDamageIsGreaterThenEnemyHp","DisplayName":"Attack_SetEnemyHpToZero_WhenAttackerDamageIsGreaterThenEnemyHp","ExecutorUri":"executor://NUnit3TestExecutor","Source":"C:\\Users\\bojid\\source\\repos\\CSharp-OOP\\UnitTesting\\FightingArena.Tests\\bin\\Debug\\netcoreapp3.1\\fine-code-coverage\\build-output\\FightingArena.Tests.dll","CodeFilePath":null,"LineNumber":0,"Properties":[{"Key":{"Id":"NUnit.Seed","Label":"Seed","Category":"","Description":"","Attributes":0,"ValueType":"System.String"},"Value":"1903926646"}]},"Attachments":[],"Outcome":1,"ErrorMessage":null,"ErrorStackTrace":null,"DisplayName":"Attack_SetEnemyHpToZero_WhenAttackerDamageIsGreaterThenEnemyHp","Messages":[],"ComputerName":"MSI","Duration":"00:00:00.0001110","StartTime":"2022-08-12T13:57:13.0823224+00:00","EndTime":"2022-08-12T13:57:13.0824333+00:00","Properties":[{"Key":{"Id":"NUnit.Seed","Label":"Seed","Category":"","Description":"","Attributes":0,"ValueType":"System.String"},"Value":"1903926646"}]},{"TestCase":{"Id":"7a2a14da-ab17-ad81-7dc7-49f1e36864f0","FullyQualifiedName":"FightingArena.Tests.WarriorTests.Attack_ThrowException_WhenHpIsLessThenMinimum(30,50)","DisplayName":"Attack_ThrowException_WhenHpIsLessThenMinimum(30,50)","ExecutorUri":"executor://NUnit3TestExecutor","Source":"C:\\Users\\bojid\\source\\repos\\CSharp-OOP\\UnitTesting\\FightingArena.Tests\\bin\\Debug\\netcoreapp3.1\\fine-code-coverage\\build-output\\FightingArena.Tests.dll","CodeFilePath":null,"LineNumber":0,"Properties":[{"Key":{"Id":"NUnit.Seed","Label":"Seed","Category":"","Description":"","Attributes":0,"ValueType":"System.String"},"Value":"778961344"}]},"Attachments":[],"Outcome":1,"ErrorMessage":null,"ErrorStackTrace":null,"DisplayName":"Attack_ThrowException_WhenHpIsLessThenMinimum(30,50)","Messages":[],"ComputerName":"MSI","Duration":"00:00:00.0002340","StartTime":"2022-08-12T13:57:13.0824536+00:00","EndTime":"2022-08-12T13:57:13.0826875+00:00","Properties":[{"Key":{"Id":"NUnit.Seed","Label":"Seed","Category":"","Description":"","Attributes":0,"ValueType":"System.String"},"Value":"778961344"}]},{"TestCase":{"Id":"3d821bd0-57be-b66b-f899-3a47478b7066","FullyQualifiedName":"FightingArena.Tests.WarriorTests.Attack_ThrowException_WhenHpIsLessThenMinimum(15,50)","DisplayName":"Attack_ThrowException_WhenHpIsLessThenMinimum(15,50)","ExecutorUri":"executor://NUnit3TestExecutor","Source":"C:\\Users\\bojid\\source\\repos\\CSharp-OOP\\UnitTesting\\FightingArena.Tests\\bin\\Debug\\netcoreapp3.1\\fine-code-coverage\\build-output\\FightingArena.Tests.dll","CodeFilePath":null,"LineNumber":0,"Properties":[{"Key":{"Id":"NUnit.Seed","Label":"Seed","Category":"","Description":"","Attributes":0,"ValueType":"System.String"},"Value":"242848838"}]},"Attachments":[],"Outcome":1,"ErrorMessage":null,"ErrorStackTrace":null,"DisplayName":"Attack_ThrowException_WhenHpIsLessThenMinimum(15,50)","Messages":[],"ComputerName":"MSI","Duration":"00:00:00.0000460","StartTime":"2022-08-12T13:57:13.0826969+00:00","EndTime":"2022-08-12T13:57:13.0827428+00:00","Properties":[{"Key":{"Id":"NUnit.Seed","Label":"Seed","Category":"","Description":"","Attributes":0,"ValueType":"System.String"},"Value":"242848838"}]},{"TestCase":{"Id":"2c2156e7-6b81-d6d8-7599-c543854c5938","FullyQualifiedName":"FightingArena.Tests.WarriorTests.Attack_ThrowException_WhenHpIsLessThenMinimum(50,30)","DisplayName":"Attack_ThrowException_WhenHpIsLessThenMinimum(50,30)","ExecutorUri":"executor://NUnit3TestExecutor","Source":"C:\\Users\\bojid\\source\\repos\\CSharp-OOP\\UnitTesting\\FightingArena.Tests\\bin\\Debug\\netcoreapp3.1\\fine-code-coverage\\build-output\\FightingArena.Tests.dll","CodeFilePath":null,"LineNumber":0,"Properties":[{"Key":{"Id":"NUnit.Seed","Label":"Seed","Category":"","Description":"","Attributes":0,"ValueType":"System.String"},"Value":"484641454"}]},"Attachments":[],"Outcome":1,"ErrorMessage":null,"ErrorStackTrace":null,"DisplayName":"Attack_ThrowException_WhenHpIsLessThenMinimum(50,30)","Messages":[],"ComputerName":"MSI","Duration":"00:00:00.0000380","StartTime":"2022-08-12T13:57:13.0827501+00:00","EndTime":"2022-08-12T13:57:13.0827873+00:00","Properties":[{"Key":{"Id":"NUnit.Seed","Label":"Seed","Category":"","Description":"","Attributes":0,"ValueType":"System.String"},"Value":"484641454"}]},{"TestCase":{"Id":"a31fb287-b5b4-a5cb-2627-7c17b20e6774","FullyQualifiedName":"FightingArena.Tests.WarriorTests.Attack_ThrowException_WhenHpIsLessThenMinimum(50,15)","DisplayName":"Attack_ThrowException_WhenHpIsLessThenMinimum(50,15)","ExecutorUri":"executor://NUnit3TestExecutor","Source":"C:\\Users\\bojid\\source\\repos\\CSharp-OOP\\UnitTesting\\FightingArena.Tests\\bin\\Debug\\netcoreapp3.1\\fine-code-coverage\\build-output\\FightingArena.Tests.dll","CodeFilePath":null,"LineNumber":0,"Properties":[{"Key":{"Id":"NUnit.Seed","Label":"Seed","Category":"","Description":"","Attributes":0,"ValueType":"System.String"},"Value":"726791084"}]},"Attachments":[],"Outcome":1,"ErrorMessage":null,"ErrorStackTrace":null,"DisplayName":"Attack_ThrowException_WhenHpIsLessThenMinimum(50,15)","Messages":[],"ComputerName":"MSI","Duration":"00:00:00.0000380","StartTime":"2022-08-12T13:57:13.0828047+00:00","EndTime":"2022-08-12T13:57:13.0828421+00:00","Properties":[{"Key":{"Id":"NUnit.Seed","Label":"Seed","Category":"","Description":"","Attributes":0,"ValueType":"System.String"},"Value":"726791084"}]},{"TestCase":{"Id":"b04f7c8b-cc83-c01e-a7cf-d602dfff54a1","FullyQualifiedName":"FightingArena.Tests.WarriorTests.Attack_ThrowException_WhenWarriorKillAttacker","DisplayName":"Attack_ThrowException_WhenWarriorKillAttacker","ExecutorUri":"executor://NUnit3TestExecutor","Source":"C:\\Users\\bojid\\source\\repos\\CSharp-OOP\\UnitTesting\\FightingArena.Tests\\bin\\Debug\\netcoreapp3.1\\fine-code-coverage\\build-output\\FightingArena.Tests.dll","CodeFilePath":null,"LineNumber":0,"Properties":[{"Key":{"Id":"NUnit.Seed","Label":"Seed","Category":"","Description":"","Attributes":0,"ValueType":"System.String"},"Value":"185819091"}]},"Attachments":[],"Outcome":1,"ErrorMessage":null,"ErrorStackTrace":null,"DisplayName":"Attack_ThrowException_WhenWarriorKillAttacker","Messages":[],"ComputerName":"MSI","Duration":"00:00:00.0002190","StartTime":"2022-08-12T13:57:13.0828574+00:00","EndTime":"2022-08-12T13:57:13.0830756+00:00","Properties":[{"Key":{"Id":"NUnit.Seed","Label":"Seed","Category":"","Description":"","Attributes":0,"ValueType":"System.String"},"Value":"185819091"}]},{"TestCase":{"Id":"ead3d582-e7be-cff5-b5d1-bbc6fed63218","FullyQualifiedName":"FightingArena.Tests.WarriorTests.Ctor_ThrowException_WhenDataIsInvalid(\"\",50,100)","DisplayName":"Ctor_ThrowException_WhenDataIsInvalid(\"\",50,100)","ExecutorUri":"executor://NUnit3TestExecutor","Source":"C:\\Users\\bojid\\source\\repos\\CSharp-OOP\\UnitTesting\\FightingArena.Tests\\bin\\Debug\\netcoreapp3.1\\fine-code-coverage\\build-output\\FightingArena.Tests.dll","CodeFilePath":null,"LineNumber":0,"Properties":[{"Key":{"Id":"NUnit.Seed","Label":"Seed","Category":"","Description":"","Attributes":0,"ValueType":"System.String"},"Value":"243668914"}]},"Attachments":[],"Outcome":1,"ErrorMessage":null,"ErrorStackTrace":null,"DisplayName":"Ctor_ThrowException_WhenDataIsInvalid(\"\",50,100)","Messages":[],"ComputerName":"MSI","Duration":"00:00:00.0002260","StartTime":"2022-08-12T13:57:13.0830988+00:00","EndTime":"2022-08-12T13:57:13.0833247+00:00","Properties":[{"Key":{"Id":"NUnit.Seed","Label":"Seed","Category":"","Description":"","Attributes":0,"ValueType":"System.String"},"Value":"243668914"}]},{"TestCase":{"Id":"ee1e99e7-a27f-7f66-2def-895ab8b4e734","FullyQualifiedName":"FightingArena.Tests.WarriorTests.Ctor_ThrowException_WhenDataIsInvalid(\" \",50,100)","DisplayName":"Ctor_ThrowException_WhenDataIsInvalid(\" \",50,100)","ExecutorUri":"executor://NUnit3TestExecutor","Source":"C:\\Users\\bojid\\source\\repos\\CSharp-OOP\\UnitTesting\\FightingArena.Tests\\bin\\Debug\\netcoreapp3.1\\fine-code-coverage\\build-output\\FightingArena.Tests.dll","CodeFilePath":null,"LineNumber":0,"Properties":[{"Key":{"Id":"NUnit.Seed","Label":"Seed","Category":"","Description":"","Attributes":0,"ValueType":"System.String"},"Value":"989721140"}]},"Attachments":[],"Outcome":1,"ErrorMessage":null,"ErrorStackTrace":null,"DisplayName":"Ctor_ThrowException_WhenDataIsInvalid(\" \",50,100)","Messages":[],"ComputerName":"MSI","Duration":"00:00:00.0000920","StartTime":"2022-08-12T13:57:13.0863681+00:00","EndTime":"2022-08-12T13:57:13.0864619+00:00","Properties":[{"Key":{"Id":"NUnit.Seed","Label":"Seed","Category":"","Description":"","Attributes":0,"ValueType":"System.String"},"Value":"989721140"}]}],"TestRunStatistics":{"ExecutedTests":18,"Stats":{"Passed":18}},"ActiveTests":[{"Id":"bea80837-ae57-bb92-6876-d6597ccc0084","FullyQualifiedName":"FightingArena.Tests.WarriorTests.Ctor_ThrowException_WhenDataIsInvalid(null,50,100)","DisplayName":"Ctor_ThrowException_WhenDataIsInvalid(null,50,100)","ExecutorUri":"executor://NUnit3TestExecutor","Source":"C:\\Users\\bojid\\source\\repos\\CSharp-OOP\\UnitTesting\\FightingArena.Tests\\bin\\Debug\\netcoreapp3.1\\fine-code-coverage\\build-output\\FightingArena.Tests.dll","CodeFilePath":null,"LineNumber":0,"Properties":[{"Key":{"Id":"NUnit.Seed","Label":"Seed","Category":"","Description":"","Attributes":0,"ValueType":"System.String"},"Value":"414493207"}]}]}}
TpTrace Verbose: 0 : 26204, 13, 2022/08/12, 16:57:13.175, 1825068030945, vstest.console.dll, TestRunRequest:SendTestRunStatsChange: Starting.
TpTrace Verbose: 0 : 26204, 13, 2022/08/12, 16:57:13.175, 1825068031911, vstest.console.dll, InProgress is Ctor_ThrowException_WhenDataIsInvalid(null,50,100)
TpTrace Verbose: 0 : 26204, 13, 2022/08/12, 16:57:13.175, 1825068032460, vstest.console.dll, MulticastDelegateUtilities.SafeInvoke: TestRun.RunStatsChanged: Invoking callbacks was skipped because there are no subscribers.
TpTrace Information: 0 : 26204, 13, 2022/08/12, 16:57:13.175, 1825068032806, vstest.console.dll, TestRunRequest:SendTestRunStatsChange: Completed.
TpTrace Verbose: 0 : 26204, 13, 2022/08/12, 16:57:13.175, 1825068033271, vstest.console.dll, MulticastDelegateUtilities.SafeInvoke: LengthPrefixCommunicationChannel: MessageReceived: Invoking callback 1/1 for Microsoft.VisualStudio.TestPlatform.CommunicationUtilities.TestRequestSender+<>c__DisplayClass31_0.<StartTestRun>b__1, took 1 ms.
TpTrace Verbose: 0 : 26204, 13, 2022/08/12, 16:57:13.175, 1825068033602, vstest.console.dll, TcpClientExtensions.MessageLoopAsync: Polling on remoteEndPoint: 127.0.0.1:57279 localEndPoint: 127.0.0.1:57278
TpTrace Verbose: 0 : 26204, 4, 2022/08/12, 16:57:13.176, 1825068039497, vstest.console.dll, MulticastDelegateUtilities.SafeInvoke: InternalTestLoggerEvents.SendTestResult: Invoking callback 1/1 for Microsoft.VisualStudio.TestPlatform.CommandLine.Internal.ConsoleLogger.TestResultHandler, took 2 ms.
TpTrace Verbose: 0 : 26204, 4, 2022/08/12, 16:57:13.176, 1825068040396, vstest.console.dll, MulticastDelegateUtilities.SafeInvoke: InternalTestLoggerEvents.SendTestResult: Invoking callback 1/1 for Microsoft.VisualStudio.TestPlatform.CommandLine.Internal.ConsoleLogger.TestResultHandler, took 0 ms.
TpTrace Verbose: 0 : 26204, 4, 2022/08/12, 16:57:13.176, 1825068040916, vstest.console.dll, MulticastDelegateUtilities.SafeInvoke: InternalTestLoggerEvents.SendTestResult: Invoking callback 1/1 for Microsoft.VisualStudio.TestPlatform.CommandLine.Internal.ConsoleLogger.TestResultHandler, took 0 ms.
TpTrace Verbose: 0 : 26204, 4, 2022/08/12, 16:57:13.176, 1825068041351, vstest.console.dll, MulticastDelegateUtilities.SafeInvoke: InternalTestLoggerEvents.SendTestResult: Invoking callback 1/1 for Microsoft.VisualStudio.TestPlatform.CommandLine.Internal.ConsoleLogger.TestResultHandler, took 0 ms.
TpTrace Verbose: 0 : 26204, 4, 2022/08/12, 16:57:13.176, 1825068041781, vstest.console.dll, MulticastDelegateUtilities.SafeInvoke: InternalTestLoggerEvents.SendTestResult: Invoking callback 1/1 for Microsoft.VisualStudio.TestPlatform.CommandLine.Internal.ConsoleLogger.TestResultHandler, took 0 ms.
TpTrace Verbose: 0 : 26204, 4, 2022/08/12, 16:57:13.176, 1825068042261, vstest.console.dll, MulticastDelegateUtilities.SafeInvoke: InternalTestLoggerEvents.SendTestResult: Invoking callback 1/1 for Microsoft.VisualStudio.TestPlatform.CommandLine.Internal.ConsoleLogger.TestResultHandler, took 0 ms.
TpTrace Verbose: 0 : 26204, 4, 2022/08/12, 16:57:13.176, 1825068042712, vstest.console.dll, MulticastDelegateUtilities.SafeInvoke: InternalTestLoggerEvents.SendTestResult: Invoking callback 1/1 for Microsoft.VisualStudio.TestPlatform.CommandLine.Internal.ConsoleLogger.TestResultHandler, took 0 ms.
TpTrace Verbose: 0 : 26204, 4, 2022/08/12, 16:57:13.176, 1825068043166, vstest.console.dll, MulticastDelegateUtilities.SafeInvoke: InternalTestLoggerEvents.SendTestResult: Invoking callback 1/1 for Microsoft.VisualStudio.TestPlatform.CommandLine.Internal.ConsoleLogger.TestResultHandler, took 0 ms.
TpTrace Verbose: 0 : 26204, 4, 2022/08/12, 16:57:13.176, 1825068043593, vstest.console.dll, MulticastDelegateUtilities.SafeInvoke: InternalTestLoggerEvents.SendTestResult: Invoking callback 1/1 for Microsoft.VisualStudio.TestPlatform.CommandLine.Internal.ConsoleLogger.TestResultHandler, took 0 ms.
TpTrace Verbose: 0 : 26204, 4, 2022/08/12, 16:57:13.177, 1825068043998, vstest.console.dll, MulticastDelegateUtilities.SafeInvoke: InternalTestLoggerEvents.SendTestResult: Invoking callback 1/1 for Microsoft.VisualStudio.TestPlatform.CommandLine.Internal.ConsoleLogger.TestResultHandler, took 0 ms.
TpTrace Verbose: 0 : 26204, 4, 2022/08/12, 16:57:13.177, 1825068044409, vstest.console.dll, MulticastDelegateUtilities.SafeInvoke: InternalTestLoggerEvents.SendTestResult: Invoking callback 1/1 for Microsoft.VisualStudio.TestPlatform.CommandLine.Internal.ConsoleLogger.TestResultHandler, took 0 ms.
TpTrace Verbose: 0 : 26204, 4, 2022/08/12, 16:57:13.178, 1825068060219, vstest.console.dll, MulticastDelegateUtilities.SafeInvoke: InternalTestLoggerEvents.SendTestResult: Invoking callback 1/1 for Microsoft.VisualStudio.TestPlatform.CommandLine.Internal.ConsoleLogger.TestResultHandler, took 1 ms.
TpTrace Verbose: 0 : 26204, 4, 2022/08/12, 16:57:13.178, 1825068061002, vstest.console.dll, MulticastDelegateUtilities.SafeInvoke: InternalTestLoggerEvents.SendTestResult: Invoking callback 1/1 for Microsoft.VisualStudio.TestPlatform.CommandLine.Internal.ConsoleLogger.TestResultHandler, took 0 ms.
TpTrace Verbose: 0 : 26204, 4, 2022/08/12, 16:57:13.178, 1825068061768, vstest.console.dll, MulticastDelegateUtilities.SafeInvoke: InternalTestLoggerEvents.SendTestResult: Invoking callback 1/1 for Microsoft.VisualStudio.TestPlatform.CommandLine.Internal.ConsoleLogger.TestResultHandler, took 0 ms.
TpTrace Verbose: 0 : 26204, 4, 2022/08/12, 16:57:13.178, 1825068062312, vstest.console.dll, MulticastDelegateUtilities.SafeInvoke: InternalTestLoggerEvents.SendTestResult: Invoking callback 1/1 for Microsoft.VisualStudio.TestPlatform.CommandLine.Internal.ConsoleLogger.TestResultHandler, took 0 ms.
TpTrace Verbose: 0 : 26204, 4, 2022/08/12, 16:57:13.178, 1825068062781, vstest.console.dll, MulticastDelegateUtilities.SafeInvoke: InternalTestLoggerEvents.SendTestResult: Invoking callback 1/1 for Microsoft.VisualStudio.TestPlatform.CommandLine.Internal.ConsoleLogger.TestResultHandler, took 0 ms.
TpTrace Verbose: 0 : 26204, 4, 2022/08/12, 16:57:13.178, 1825068063225, vstest.console.dll, MulticastDelegateUtilities.SafeInvoke: InternalTestLoggerEvents.SendTestResult: Invoking callback 1/1 for Microsoft.VisualStudio.TestPlatform.CommandLine.Internal.ConsoleLogger.TestResultHandler, took 0 ms.
TpTrace Verbose: 0 : 26204, 4, 2022/08/12, 16:57:13.179, 1825068063666, vstest.console.dll, MulticastDelegateUtilities.SafeInvoke: InternalTestLoggerEvents.SendTestResult: Invoking callback 1/1 for Microsoft.VisualStudio.TestPlatform.CommandLine.Internal.ConsoleLogger.TestResultHandler, took 0 ms.
TpTrace Verbose: 0 : 26204, 13, 2022/08/12, 16:57:13.187, 1825068149420, vstest.console.dll, TcpClientExtensions.MessageLoopAsync: NotifyDataAvailable remoteEndPoint: 127.0.0.1:57279 localEndPoint: 127.0.0.1:57278
TpTrace Verbose: 0 : 26204, 13, 2022/08/12, 16:57:13.187, 1825068150679, vstest.console.dll, TestRequestSender.OnExecutionMessageReceived: Received message: {"Version":5,"MessageType":"TestSession.Message","Payload":{"MessageLevel":0,"Message":"NUnit Adapter 4.2.0.0: Test execution complete"}}
TpTrace Verbose: 0 : 26204, 13, 2022/08/12, 16:57:13.187, 1825068151702, vstest.console.dll, TestRunRequest:SendTestRunMessage: Starting.
TpTrace Verbose: 0 : 26204, 13, 2022/08/12, 16:57:13.187, 1825068152303, vstest.console.dll, MulticastDelegateUtilities.SafeInvoke: TestRun.LogMessages: Invoking callback 1/1 for Microsoft.VisualStudio.TestPlatform.CommandLine.TestRunResultAggregator.TestRunMessageHandler, took 0 ms.
TpTrace Verbose: 0 : 26204, 4, 2022/08/12, 16:57:13.187, 1825068152504, vstest.console.dll, MulticastDelegateUtilities.SafeInvoke: InternalTestLoggerEvents.SendTestRunMessage: Invoking callback 1/1 for Microsoft.VisualStudio.TestPlatform.CommandLine.Internal.ConsoleLogger.TestMessageHandler, took 0 ms.
TpTrace Information: 0 : 26204, 13, 2022/08/12, 16:57:13.187, 1825068152652, vstest.console.dll, TestRunRequest:SendTestRunMessage: Completed.
TpTrace Verbose: 0 : 26204, 13, 2022/08/12, 16:57:13.187, 1825068153647, vstest.console.dll, MulticastDelegateUtilities.SafeInvoke: LengthPrefixCommunicationChannel: MessageReceived: Invoking callback 1/1 for Microsoft.VisualStudio.TestPlatform.CommunicationUtilities.TestRequestSender+<>c__DisplayClass31_0.<StartTestRun>b__1, took 0 ms.
TpTrace Verbose: 0 : 26204, 13, 2022/08/12, 16:57:13.188, 1825068153998, vstest.console.dll, TcpClientExtensions.MessageLoopAsync: Polling on remoteEndPoint: 127.0.0.1:57279 localEndPoint: 127.0.0.1:57278
TpTrace Verbose: 0 : 26204, 13, 2022/08/12, 16:57:13.202, 1825068293774, vstest.console.dll, TcpClientExtensions.MessageLoopAsync: NotifyDataAvailable remoteEndPoint: 127.0.0.1:57279 localEndPoint: 127.0.0.1:57278
TpTrace Verbose: 0 : 26204, 13, 2022/08/12, 16:57:13.202, 1825068295485, vstest.console.dll, TestRequestSender.OnExecutionMessageReceived: Received message: {"Version":5,"MessageType":"TestExecution.Completed","Payload":{"TestRunCompleteArgs":{"TestRunStatistics":{"ExecutedTests":22,"Stats":{"Passed":22}},"IsCanceled":false,"IsAborted":false,"Error":null,"AttachmentSets":[],"ElapsedTimeInRunningTests":"00:00:00.8671219","Metrics":{}},"LastRunTests":{"NewTestResults":[{"TestCase":{"Id":"bea80837-ae57-bb92-6876-d6597ccc0084","FullyQualifiedName":"FightingArena.Tests.WarriorTests.Ctor_ThrowException_WhenDataIsInvalid(null,50,100)","DisplayName":"Ctor_ThrowException_WhenDataIsInvalid(null,50,100)","ExecutorUri":"executor://NUnit3TestExecutor","Source":"C:\\Users\\bojid\\source\\repos\\CSharp-OOP\\UnitTesting\\FightingArena.Tests\\bin\\Debug\\netcoreapp3.1\\fine-code-coverage\\build-output\\FightingArena.Tests.dll","CodeFilePath":null,"LineNumber":0,"Properties":[{"Key":{"Id":"NUnit.Seed","Label":"Seed","Category":"","Description":"","Attributes":0,"ValueType":"System.String"},"Value":"414493207"}]},"Attachments":[],"Outcome":1,"ErrorMessage":null,"ErrorStackTrace":null,"DisplayName":"Ctor_ThrowException_WhenDataIsInvalid(null,50,100)","Messages":[],"ComputerName":"MSI","Duration":"00:00:00.0000349","StartTime":"2022-08-12T13:57:13.0864732+00:00","EndTime":"2022-08-12T13:57:13.0865079+00:00","Properties":[{"Key":{"Id":"NUnit.Seed","Label":"Seed","Category":"","Description":"","Attributes":0,"ValueType":"System.String"},"Value":"414493207"}]},{"TestCase":{"Id":"31c3f4cf-4720-3f0b-bccd-e1119b799ee2","FullyQualifiedName":"FightingArena.Tests.WarriorTests.Ctor_ThrowException_WhenDataIsInvalid(\"Name\",0,100)","DisplayName":"Ctor_ThrowException_WhenDataIsInvalid(\"Name\",0,100)","ExecutorUri":"executor://NUnit3TestExecutor","Source":"C:\\Users\\bojid\\source\\repos\\CSharp-OOP\\UnitTesting\\FightingArena.Tests\\bin\\Debug\\netcoreapp3.1\\fine-code-coverage\\build-output\\FightingArena.Tests.dll","CodeFilePath":null,"LineNumber":0,"Properties":[{"Key":{"Id":"NUnit.Seed","Label":"Seed","Category":"","Description":"","Attributes":0,"ValueType":"System.String"},"Value":"1442182049"}]},"Attachments":[],"Outcome":1,"ErrorMessage":null,"ErrorStackTrace":null,"DisplayName":"Ctor_ThrowException_WhenDataIsInvalid(\"Name\",0,100)","Messages":[],"ComputerName":"MSI","Duration":"00:00:00.0000320","StartTime":"2022-08-12T13:57:13.0865153+00:00","EndTime":"2022-08-12T13:57:13.0865466+00:00","Properties":[{"Key":{"Id":"NUnit.Seed","Label":"Seed","Category":"","Description":"","Attributes":0,"ValueType":"System.String"},"Value":"1442182049"}]},{"TestCase":{"Id":"4aeeba2f-038e-6e90-b733-48d7efed139c","FullyQualifiedName":"FightingArena.Tests.WarriorTests.Ctor_ThrowException_WhenDataIsInvalid(\"Name\",-10,100)","DisplayName":"Ctor_ThrowException_WhenDataIsInvalid(\"Name\",-10,100)","ExecutorUri":"executor://NUnit3TestExecutor","Source":"C:\\Users\\bojid\\source\\repos\\CSharp-OOP\\UnitTesting\\FightingArena.Tests\\bin\\Debug\\netcoreapp3.1\\fine-code-coverage\\build-output\\FightingArena.Tests.dll","CodeFilePath":null,"LineNumber":0,"Properties":[{"Key":{"Id":"NUnit.Seed","Label":"Seed","Category":"","Description":"","Attributes":0,"ValueType":"System.String"},"Value":"470270680"}]},"Attachments":[],"Outcome":1,"ErrorMessage":null,"ErrorStackTrace":null,"DisplayName":"Ctor_ThrowException_WhenDataIsInvalid(\"Name\",-10,100)","Messages":[],"ComputerName":"MSI","Duration":"00:00:00.0000360","StartTime":"2022-08-12T13:57:13.0865538+00:00","EndTime":"2022-08-12T13:57:13.0865893+00:00","Properties":[{"Key":{"Id":"NUnit.Seed","Label":"Seed","Category":"","Description":"","Attributes":0,"ValueType":"System.String"},"Value":"470270680"}]},{"TestCase":{"Id":"63bbca38-b706-deef-d6ba-2c1a9a5a332f","FullyQualifiedName":"FightingArena.Tests.WarriorTests.Ctor_ThrowException_WhenDataIsInvalid(\"Name\",50,-10)","DisplayName":"Ctor_ThrowException_WhenDataIsInvalid(\"Name\",50,-10)","ExecutorUri":"executor://NUnit3TestExecutor","Source":"C:\\Users\\bojid\\source\\repos\\CSharp-OOP\\UnitTesting\\FightingArena.Tests\\bin\\Debug\\netcoreapp3.1\\fine-code-coverage\\build-output\\FightingArena.Tests.dll","CodeFilePath":null,"LineNumber":0,"Properties":[{"Key":{"Id":"NUnit.Seed","Label":"Seed","Category":"","Description":"","Attributes":0,"ValueType":"System.String"},"Value":"1994209422"}]},"Attachments":[],"Outcome":1,"ErrorMessage":null,"ErrorStackTrace":null,"DisplayName":"Ctor_ThrowException_WhenDataIsInvalid(\"Name\",50,-10)","Messages":[],"ComputerName":"MSI","Duration":"00:00:00.0000320","StartTime":"2022-08-12T13:57:13.0865963+00:00","EndTime":"2022-08-12T13:57:13.0866278+00:00","Properties":[{"Key":{"Id":"NUnit.Seed","Label":"Seed","Category":"","Description":"","Attributes":0,"ValueType":"System.String"},"Value":"1994209422"}]}],"TestRunStatistics":{"ExecutedTests":22,"Stats":{"Passed":22}},"ActiveTests":[]},"RunAttachments":[],"ExecutorUris":["executor://nunit3testexecutor/"]}}
TpTrace Verbose: 0 : 26204, 13, 2022/08/12, 16:57:13.202, 1825068296576, vstest.console.dll, TestRequestSender.EndSession: Sending end session.
TpTrace Verbose: 0 : 26204, 13, 2022/08/12, 16:57:13.202, 1825068297980, vstest.console.dll, ProxyOperationManager.Close: waiting for test host to exit for 100 ms
TpTrace Warning: 0 : 26204, 12, 2022/08/12, 16:57:13.227, 1825068551339, vstest.console.dll, TestHostManagerCallbacks.ErrorReceivedCallback Test host standard error line: 
TpTrace Verbose: 0 : 26204, 12, 2022/08/12, 16:57:13.238, 1825068661821, vstest.console.dll, TestHostProvider.ExitCallBack: Host exited starting callback.
TpTrace Information: 0 : 26204, 12, 2022/08/12, 16:57:13.239, 1825068665421, vstest.console.dll, TestHostManagerCallbacks.ExitCallBack: Testhost processId: 28220 exited with exitcode: 0 error: ''
TpTrace Verbose: 0 : 26204, 12, 2022/08/12, 16:57:13.239, 1825068665935, vstest.console.dll, DotnetTestHostManager.OnHostExited: invoking OnHostExited callback
TpTrace Verbose: 0 : 26204, 12, 2022/08/12, 16:57:13.239, 1825068666479, vstest.console.dll, CrossPlatEngine.TestHostManagerHostExited: calling on client process exit callback.
TpTrace Information: 0 : 26204, 12, 2022/08/12, 16:57:13.239, 1825068666973, vstest.console.dll, TestRequestSender.OnClientProcessExit: Test host process exited. Standard error: 
TpTrace Information: 0 : 26204, 12, 2022/08/12, 16:57:13.239, 1825068667404, vstest.console.dll, SocketServer.Stop: Stop server endPoint: 127.0.0.1:57278
TpTrace Information: 0 : 26204, 12, 2022/08/12, 16:57:13.239, 1825068667728, vstest.console.dll, SocketServer.Stop: Cancellation requested. Stopping message loop.
TpTrace Information: 0 : 26204, 13, 2022/08/12, 16:57:13.239, 1825068667513, vstest.console.dll, SocketServer.Stop: Stop server endPoint: 127.0.0.1:57278
TpTrace Information: 0 : 26204, 13, 2022/08/12, 16:57:13.239, 1825068668508, vstest.console.dll, SocketServer.Stop: Cancellation requested. Stopping message loop.
TpTrace Verbose: 0 : 26204, 12, 2022/08/12, 16:57:13.239, 1825068668554, vstest.console.dll, MulticastDelegateUtilities.SafeInvoke: HostProviderEvents.OnHostExited: Invoking callback 1/1 for Microsoft.VisualStudio.TestPlatform.CrossPlatEngine.Client.ProxyOperationManager.TestHostManagerHostExited, took 0 ms.
TpTrace Information: 0 : 26204, 13, 2022/08/12, 16:57:13.239, 1825068668998, vstest.console.dll, Closing the connection
TpTrace Verbose: 0 : 26204, 13, 2022/08/12, 16:57:13.239, 1825068671120, vstest.console.dll, ProxyDataCollectionManager.InvokeDataCollectionServiceAction: Starting.
TpTrace Information: 0 : 26204, 13, 2022/08/12, 16:57:13.239, 1825068671568, vstest.console.dll, ProxyDataCollectionManager.AfterTestRunEnd: Get attachment set and invoked data collectors processId: 30384 port: 57275
TpTrace Verbose: 0 : 26204, 13, 2022/08/12, 16:57:13.239, 1825068672032, vstest.console.dll, DataCollectionRequestSender.SendAfterTestRunStartAndGetResult: Send AfterTestRunEnd message with isCancelled: False
TpTrace Verbose: 0 : 26204, 13, 2022/08/12, 16:57:13.245, 1825068726224, vstest.console.dll, DataCollectionRequestSender.SendAfterTestRunStartAndGetResult: Received message: (DataCollection.AfterTestRunEndResult) -> {"MessageType":"DataCollection.AfterTestRunEndResult","Payload":{"AttachmentSets":[],"InvokedDataCollectors":[{"Uri":"datacollector://Microsoft/TestPlatform/Extensions/Blame/v1","FriendlyName":"Blame","AssemblyQualifiedName":"Microsoft.TestPlatform.Extensions.BlameDataCollector.BlameCollector, Microsoft.TestPlatform.Extensions.BlameDataCollector, Version=15.0.0.0, Culture=neutral, PublicKeyToken=b03f5f7f11d50a3a","FilePath":"C:\\Program Files\\dotnet\\sdk\\6.0.400\\Extensions\\Microsoft.TestPlatform.Extensions.BlameDataCollector.dll","HasAttachmentProcessor":false}],"Metrics":{}}}
TpTrace Information: 0 : 26204, 13, 2022/08/12, 16:57:13.249, 1825068766465, vstest.console.dll, ProxyDataCollectionManager.InvokeDataCollectionServiceAction: Completed.
TpTrace Warning: 0 : 26204, 9, 2022/08/12, 16:57:13.250, 1825068776381, vstest.console.dll, DataCollectionLauncher.ErrorReceivedCallback datacollector standard error line: 
TpTrace Information: 0 : 26204, 9, 2022/08/12, 16:57:13.254, 1825068815935, vstest.console.dll, DataCollectionLauncher.ExitCallBack: Data collector exited with exitcode: 0 error: ''
TpTrace Verbose: 0 : 26204, 13, 2022/08/12, 16:57:13.277, 1825069052941, vstest.console.dll, TestRunRequest:SendTestRunStatsChange: Starting.
TpTrace Verbose: 0 : 26204, 13, 2022/08/12, 16:57:13.278, 1825069054024, vstest.console.dll, MulticastDelegateUtilities.SafeInvoke: TestRun.RunStatsChanged: Invoking callbacks was skipped because there are no subscribers.
TpTrace Information: 0 : 26204, 13, 2022/08/12, 16:57:13.278, 1825069054360, vstest.console.dll, TestRunRequest:SendTestRunStatsChange: Completed.
TpTrace Verbose: 0 : 26204, 4, 2022/08/12, 16:57:13.278, 1825069054772, vstest.console.dll, MulticastDelegateUtilities.SafeInvoke: InternalTestLoggerEvents.SendTestResult: Invoking callback 1/1 for Microsoft.VisualStudio.TestPlatform.CommandLine.Internal.ConsoleLogger.TestResultHandler, took 0 ms.
TpTrace Verbose: 0 : 26204, 4, 2022/08/12, 16:57:13.278, 1825069055468, vstest.console.dll, MulticastDelegateUtilities.SafeInvoke: InternalTestLoggerEvents.SendTestResult: Invoking callback 1/1 for Microsoft.VisualStudio.TestPlatform.CommandLine.Internal.ConsoleLogger.TestResultHandler, took 0 ms.
TpTrace Verbose: 0 : 26204, 4, 2022/08/12, 16:57:13.278, 1825069056059, vstest.console.dll, MulticastDelegateUtilities.SafeInvoke: InternalTestLoggerEvents.SendTestResult: Invoking callback 1/1 for Microsoft.VisualStudio.TestPlatform.CommandLine.Internal.ConsoleLogger.TestResultHandler, took 0 ms.
TpTrace Verbose: 0 : 26204, 13, 2022/08/12, 16:57:13.278, 1825069056488, vstest.console.dll, ParallelProxyExecutionManager: HandlePartialRunComplete: Total completed clients = 1, Run complete = True, Run canceled: False.
TpTrace Verbose: 0 : 26204, 4, 2022/08/12, 16:57:13.278, 1825069056558, vstest.console.dll, MulticastDelegateUtilities.SafeInvoke: InternalTestLoggerEvents.SendTestResult: Invoking callback 1/1 for Microsoft.VisualStudio.TestPlatform.CommandLine.Internal.ConsoleLogger.TestResultHandler, took 0 ms.
TpTrace Verbose: 0 : 26204, 4, 2022/08/12, 16:57:13.286, 1825069139336, vstest.console.dll, MulticastDelegateUtilities.SafeInvoke: InternalTestLoggerEvents.SendTestRunComplete: Invoking callback 1/2 for Microsoft.TestPlatform.Extensions.BlameDataCollector.BlameLogger.TestRunCompleteHandler, took 0 ms.
TpTrace Verbose: 0 : 26204, 4, 2022/08/12, 16:57:13.290, 1825069180022, vstest.console.dll, MulticastDelegateUtilities.SafeInvoke: InternalTestLoggerEvents.SendTestRunComplete: Invoking callback 2/2 for Microsoft.VisualStudio.TestPlatform.CommandLine.Internal.ConsoleLogger.TestRunCompleteHandler, took 3 ms.
TpTrace Verbose: 0 : 26204, 13, 2022/08/12, 16:57:13.290, 1825069183147, vstest.console.dll, TestRunRequest:TestRunComplete: Starting. IsAborted:False IsCanceled:False.
TpTrace Verbose: 0 : 26204, 13, 2022/08/12, 16:57:13.291, 1825069191670, vstest.console.dll, TestLoggerManager.HandleTestRunComplete: Ignoring as the object is disposed.
TpTrace Verbose: 0 : 26204, 13, 2022/08/12, 16:57:13.291, 1825069193232, vstest.console.dll, MulticastDelegateUtilities.SafeInvoke: TestRun.TestRunComplete: Invoking callback 1/2 for Microsoft.VisualStudio.TestPlatform.CommandLine.TestRunResultAggregator.TestRunCompletionHandler, took 0 ms.
TpTrace Verbose: 0 : 26204, 13, 2022/08/12, 16:57:13.292, 1825069193912, vstest.console.dll, MulticastDelegateUtilities.SafeInvoke: TestRun.TestRunComplete: Invoking callback 2/2 for Microsoft.VisualStudio.TestPlatform.CommandLine.Processors.RunTestsArgumentExecutor+TestRunRequestEventsRegistrar.TestRunRequest_OnRunCompletion, took 0 ms.
TpTrace Information: 0 : 26204, 13, 2022/08/12, 16:57:13.292, 1825069194730, vstest.console.dll, TestRunRequest:TestRunComplete: Completed.
TpTrace Verbose: 0 : 26204, 13, 2022/08/12, 16:57:13.292, 1825069195137, vstest.console.dll, TestRequestSender.SetOperationComplete: Setting operation complete.
TpTrace Verbose: 0 : 26204, 1, 2022/08/12, 16:57:13.292, 1825069195179, vstest.console.dll, TestRunRequest.Dispose: Starting.
TpTrace Information: 0 : 26204, 1, 2022/08/12, 16:57:13.292, 1825069196077, vstest.console.dll, TestRunRequest.Dispose: Completed.
TpTrace Information: 0 : 26204, 1, 2022/08/12, 16:57:13.292, 1825069196548, vstest.console.dll, TestRequestManager.RunTests: run tests completed.
TpTrace Information: 0 : 26204, 13, 2022/08/12, 16:57:13.292, 1825069195514, vstest.console.dll, SocketServer.Stop: Stop server endPoint: 127.0.0.1:57278
TpTrace Information: 0 : 26204, 1, 2022/08/12, 16:57:13.292, 1825069197197, vstest.console.dll, RunTestsArgumentProcessor:Execute: Test run is completed.
TpTrace Information: 0 : 26204, 13, 2022/08/12, 16:57:13.292, 1825069197412, vstest.console.dll, SocketServer.Stop: Cancellation requested. Stopping message loop.
TpTrace Verbose: 0 : 26204, 13, 2022/08/12, 16:57:13.292, 1825069198692, vstest.console.dll, MulticastDelegateUtilities.SafeInvoke: LengthPrefixCommunicationChannel: MessageReceived: Invoking callback 1/1 for Microsoft.VisualStudio.TestPlatform.CommunicationUtilities.TestRequestSender+<>c__DisplayClass31_0.<StartTestRun>b__1, took 90 ms.
TpTrace Verbose: 0 : 26204, 1, 2022/08/12, 16:57:13.292, 1825069198920, vstest.console.dll, Executor.Execute: Exiting with exit code of 0
TpTrace Information: 0 : 26204, 13, 2022/08/12, 16:57:13.292, 1825069199154, vstest.console.dll, SocketServer.PrivateStop: Stopping server endPoint: 127.0.0.1:57278 error: 
TpTrace Verbose: 0 : 26204, 13, 2022/08/12, 16:57:13.292, 1825069203018, vstest.console.dll, LengthPrefixCommunicationChannel.Dispose: Dispose reader and writer.
